<html>
<body>
<table>
<tr>
<td>
Date
</td>
<td>
Timestamp
</td>
<td>
SequenceNumber
</td>
<td>
Logger
</td>
<td>
Level
</td>
<td>
SourceMethodName
</td>
<td>
ThreadId
</td>
<td>
buildTag
</td>
<td>
testId
</td>
<td>
sessionId
</td>
<td>
os
</td>
<td>
version
</td>
<td>
browser
</td>
<td>
deviceName
</td>
<td>
methodName
</td>
<td>
startTime
</td>
<td>
pageLoadTime
</td>
<td>
testTime
</td>
<td>
stopTime
</td>
<td>
totalTime
</td>
<td>
errorType
</td>
<td>
exception
</td>
<td>
errorMessage
</td>
<td>
octaneScore
</td>
<td>
individualScores
</td>
</tr>
<tr>
<td>
Fri Jul 07 12:24:06 IST 2017
</td>
<td>
1499410446548
</td>
<td>
1
</td>
<td>
com.browserstack.benchmark.saucelabs.SauceLabsParallelTestBase
</td>
<td>
SEVERE
</td>
<td>
failed
</td>
<td>
23
</td>
<td>
B-1.2
</td>
<td>
-1504597476
</td>
<td>
ba4618394a7c4a079077cc47f3d7ab20
</td>
<td>
Mac 10.12
</td>
<td>
10.0.
</td>
<td>
safari
</td>
<td>
null
</td>
<td>
verifyContextClickElementTest[0]
</td>
<td>
16008
</td>
<td>
7204
</td>
<td>
0
</td>
<td>
384
</td>
<td>
24596
</td>
<td>
SeleniumException
</td>
<td>
WebDriverException
</td>
<td>
Unknown command: {"id":"eskz72chtkge","name":"mouseMoveTo","parameters":{"element":":wdc:1499410435730"}} (WARNING: The server did not provide any stacktrace information)
Command duration or timeout: 15 milliseconds
Build info: version: '2.48.0', revision: 'b7b081a', time: '2015-10-07 15:48:56'
System info: host: 'itako48134.prod.miso', ip: '172.20.48.134', os.name: 'Mac OS X', os.arch: 'x86_64', os.version: '10.12.1', java.version: '1.8.0_112'
Driver info: org.openqa.selenium.safari.SafariDriver
Capabilities [{browserName=safari, takesScreenshot=true, javascriptEnabled=true, version=10.0.1, cssSelectorsEnabled=true, platform=MAC, secureSsl=true}]
Session ID: null
Command duration or timeout: 324 milliseconds
</td>
<td>
null
</td>
<td>
null
</td>

</tr><tr>
<td>
Fri Jul 07 12:24:16 IST 2017
</td>
<td>
1499410456595
</td>
<td>
4
</td>
<td>
com.browserstack.benchmark.saucelabs.SauceLabsParallelTestBase
</td>
<td>
INFO
</td>
<td>
succeeded
</td>
<td>
16
</td>
<td>
B-1.2
</td>
<td>
-1864442701
</td>
<td>
71cd506932704319bf80abd37ab65975
</td>
<td>
Mac 10.12
</td>
<td>
10.0.
</td>
<td>
safari
</td>
<td>
null
</td>
<td>
verifyGetElementByNameTest[0]
</td>
<td>
32171
</td>
<td>
2212
</td>
<td>
687
</td>
<td>
479
</td>
<td>
35549
</td>
<td>

</td>
<td>

</td>
<td>

</td>
<td>
null
</td>
<td>
null
</td>

</tr><tr>
<td>
Fri Jul 07 12:24:20 IST 2017
</td>
<td>
1499410460317
</td>
<td>
5
</td>
<td>
com.browserstack.benchmark.saucelabs.SauceLabsParallelTestBase
</td>
<td>
INFO
</td>
<td>
succeeded
</td>
<td>
13
</td>
<td>
B-1.2
</td>
<td>
-2058035376
</td>
<td>
3ae065b5a67749f0b90a768164da0475
</td>
<td>
Mac 10.12
</td>
<td>
10.0.
</td>
<td>
safari
</td>
<td>
null
</td>
<td>
verifyGetImgSrcTest[0]
</td>
<td>
35905
</td>
<td>
3226
</td>
<td>
1075
</td>
<td>
462
</td>
<td>
40669
</td>
<td>

</td>
<td>

</td>
<td>

</td>
<td>
null
</td>
<td>
null
</td>

</tr><tr>
<td>
Fri Jul 07 12:24:31 IST 2017
</td>
<td>
1499410471992
</td>
<td>
7
</td>
<td>
com.browserstack.benchmark.saucelabs.SauceLabsParallelTestBase
</td>
<td>
INFO
</td>
<td>
succeeded
</td>
<td>
20
</td>
<td>
B-1.2
</td>
<td>
-1608979261
</td>
<td>
808a70257e104ed8849840ed53731163
</td>
<td>
Mac 10.12
</td>
<td>
10.0.
</td>
<td>
safari
</td>
<td>
null
</td>
<td>
verifyGetElementByIdTest[0]
</td>
<td>
47978
</td>
<td>
1164
</td>
<td>
882
</td>
<td>
509
</td>
<td>
50603
</td>
<td>

</td>
<td>

</td>
<td>

</td>
<td>
null
</td>
<td>
null
</td>

</tr><tr>
<td>
Fri Jul 07 12:24:39 IST 2017
</td>
<td>
1499410479819
</td>
<td>
10
</td>
<td>
com.browserstack.benchmark.saucelabs.SauceLabsParallelTestBase
</td>
<td>
SEVERE
</td>
<td>
failed
</td>
<td>
18
</td>
<td>
B-1.2
</td>
<td>
-1713526852
</td>
<td>
1d49d7df0dd1477496936918d54496b2
</td>
<td>
Mac 10.12
</td>
<td>
10.0.
</td>
<td>
safari
</td>
<td>
null
</td>
<td>
verifyCloseCurrentWindowTest[0]
</td>
<td>
55733
</td>
<td>
1113
</td>
<td>
544
</td>
<td>
489
</td>
<td>
58387
</td>
<td>
AssertionError
</td>
<td>
AssertionError
</td>
<td>
null
</td>
<td>
null
</td>
<td>
null
</td>

</tr><tr>
<td>
Fri Jul 07 12:24:49 IST 2017
</td>
<td>
1499410489810
</td>
<td>
12
</td>
<td>
com.browserstack.benchmark.saucelabs.SauceLabsParallelTestBase
</td>
<td>
INFO
</td>
<td>
succeeded
</td>
<td>
26
</td>
<td>
B-1.2
</td>
<td>
-1359163369
</td>
<td>
3d45a164084543748408bff7159e7d84
</td>
<td>
Mac 10.12
</td>
<td>
10.0.
</td>
<td>
safari
</td>
<td>
null
</td>
<td>
verifySwitchToFrameTest[0]
</td>
<td>
64140
</td>
<td>
1110
</td>
<td>
820
</td>
<td>
409
</td>
<td>
68831
</td>
<td>

</td>
<td>

</td>
<td>

</td>
<td>
null
</td>
<td>
null
</td>

</tr><tr>
<td>
Fri Jul 07 12:24:58 IST 2017
</td>
<td>
1499410498205
</td>
<td>
14
</td>
<td>
com.browserstack.benchmark.saucelabs.SauceLabsParallelTestBase
</td>
<td>
INFO
</td>
<td>
succeeded
</td>
<td>
19
</td>
<td>
B-1.2
</td>
<td>
-1636157329
</td>
<td>
1fe9762fdc2043589901f6280eda5abb
</td>
<td>
Mac 10.12
</td>
<td>
10.0.
</td>
<td>
safari
</td>
<td>
null
</td>
<td>
verifyGetTagTest[0]
</td>
<td>
73048
</td>
<td>
1849
</td>
<td>
1918
</td>
<td>
343
</td>
<td>
77159
</td>
<td>

</td>
<td>

</td>
<td>

</td>
<td>
null
</td>
<td>
null
</td>

</tr><tr>
<td>
Fri Jul 07 12:25:06 IST 2017
</td>
<td>
1499410506203
</td>
<td>
16
</td>
<td>
com.browserstack.benchmark.saucelabs.SauceLabsParallelTestBase
</td>
<td>
SEVERE
</td>
<td>
failed
</td>
<td>
25
</td>
<td>
B-1.2
</td>
<td>
-1370951797
</td>
<td>
ef42da79a9cd473da2c5a428c06c3a80
</td>
<td>
Mac 10.12
</td>
<td>
10.0.
</td>
<td>
safari
</td>
<td>
null
</td>
<td>
verifyDragAndDropTest[0]
</td>
<td>
81535
</td>
<td>
941
</td>
<td>
0
</td>
<td>
499
</td>
<td>
84906
</td>
<td>
SeleniumException
</td>
<td>
WebDriverException
</td>
<td>
Unknown command: {"id":"1p6pftf77h57","name":"mouseMoveTo","parameters":{"element":":wdc:1499410507190"}} (WARNING: The server did not provide any stacktrace information)
Command duration or timeout: 7 milliseconds
Build info: version: '2.48.0', revision: 'b7b081a', time: '2015-10-07 15:48:56'
System info: host: 'itako54074.prod.miso', ip: '172.20.54.74', os.name: 'Mac OS X', os.arch: 'x86_64', os.version: '10.12.1', java.version: '1.8.0_112'
Driver info: org.openqa.selenium.safari.SafariDriver
Capabilities [{browserName=safari, takesScreenshot=true, javascriptEnabled=true, version=10.0.1, cssSelectorsEnabled=true, platform=MAC, secureSsl=true}]
Session ID: null
Command duration or timeout: 420 milliseconds
</td>
<td>
null
</td>
<td>
null
</td>

</tr><tr>
<td>
Fri Jul 07 12:25:19 IST 2017
</td>
<td>
1499410519302
</td>
<td>
19
</td>
<td>
com.browserstack.benchmark.saucelabs.SauceLabsParallelTestBase
</td>
<td>
SEVERE
</td>
<td>
failed
</td>
<td>
27
</td>
<td>
B-1.2
</td>
<td>
-1253119383
</td>
<td>
0407a9a2bed14a55807957e6452496d2
</td>
<td>
Mac 10.12
</td>
<td>
10.0.
</td>
<td>
safari
</td>
<td>
null
</td>
<td>
verifyClickAndHoldAndReleaseTest[0]
</td>
<td>
94341
</td>
<td>
1066
</td>
<td>
0
</td>
<td>
406
</td>
<td>
97618
</td>
<td>
SeleniumException
</td>
<td>
WebDriverException
</td>
<td>
Unknown command: {"id":"yvsf4ul3mq0p","name":"mouseMoveTo","parameters":{"element":":wdc:1499410496687"}} (WARNING: The server did not provide any stacktrace information)
Command duration or timeout: 12 milliseconds
Build info: version: '2.48.0', revision: 'b7b081a', time: '2015-10-07 15:48:56'
System info: host: 'itako48005.prod.miso', ip: '172.20.48.5', os.name: 'Mac OS X', os.arch: 'x86_64', os.version: '10.12.1', java.version: '1.8.0_112'
Driver info: org.openqa.selenium.safari.SafariDriver
Capabilities [{browserName=safari, takesScreenshot=true, javascriptEnabled=true, version=10.0.1, cssSelectorsEnabled=true, platform=MAC, secureSsl=true}]
Session ID: null
Command duration or timeout: 501 milliseconds
</td>
<td>
null
</td>
<td>
null
</td>

</tr><tr>
<td>
Fri Jul 07 12:25:20 IST 2017
</td>
<td>
1499410520141
</td>
<td>
20
</td>
<td>
com.browserstack.benchmark.saucelabs.SauceLabsParallelTestBase
</td>
<td>
SEVERE
</td>
<td>
failed
</td>
<td>
22
</td>
<td>
B-1.2
</td>
<td>
-1509923614
</td>
<td>
3455951041f1460cb2d0caa1af2cf7b3
</td>
<td>
Mac 10.12
</td>
<td>
10.0.
</td>
<td>
safari
</td>
<td>
null
</td>
<td>
verifyAlertTextTest[0]
</td>
<td>
98640
</td>
<td>
1114
</td>
<td>
0
</td>
<td>
414
</td>
<td>
100676
</td>
<td>
SeleniumException
</td>
<td>
UnhandledAlertException
</td>
<td>
A modal dialog was opened. The SafariDriver does not support interacting with modal dialogs. To avoid hanging your test, the alert has been dismissed. For more information, see http://code.google.com/p/selenium/issues/detail?id=3862: Welcome to selenium playground
Build info: version: '2.48.0', revision: 'b7b081a', time: '2015-10-07 15:48:56'
System info: host: 'itako56253.prod.miso', ip: '172.20.56.253', os.name: 'Mac OS X', os.arch: 'x86_64', os.version: '10.12.1', java.version: '1.8.0_112'
Driver info: org.openqa.selenium.safari.SafariDriver
Capabilities [{browserName=safari, takesScreenshot=true, javascriptEnabled=true, version=10.0.1, cssSelectorsEnabled=true, platform=MAC, secureSsl=true}]
Session ID: null: Welcome to selenium playground
Build info: version: '3.4.0', revision: 'unknown', time: 'unknown'
System info: host: 'JYOTHIN-MBP.local', ip: 'fe80:0:0:0:c6b3:1ff:fec2:cb65%en0', os.name: 'Mac OS X', os.arch: 'x86_64', os.version: '10.11.6', java.version: '1.8.0_131'
Driver info: org.openqa.selenium.remote.RemoteWebDriver
Capabilities [{webdriver.remote.sessionid=3455951041f1460cb2d0caa1af2cf7b3, takesScreenshot=true, browserName=safari, javascriptEnabled=true, hasMetadata=true, version=10.0.1, cssSelectorsEnabled=true, platform=MAC, secureSsl=true}]
Session ID: 3455951041f1460cb2d0caa1af2cf7b3
</td>
<td>
null
</td>
<td>
null
</td>

</tr><tr>
<td>
Fri Jul 07 12:25:37 IST 2017
</td>
<td>
1499410537863
</td>
<td>
23
</td>
<td>
com.browserstack.benchmark.saucelabs.SauceLabsParallelTestBase
</td>
<td>
INFO
</td>
<td>
succeeded
</td>
<td>
24
</td>
<td>
B-1.2
</td>
<td>
-1479278959
</td>
<td>
46e745d429114ec286b9245e9717e6a8
</td>
<td>
Mac 10.12
</td>
<td>
10.0.
</td>
<td>
safari
</td>
<td>
null
</td>
<td>
verifyTitleTest[0]
</td>
<td>
115117
</td>
<td>
928
</td>
<td>
303
</td>
<td>
385
</td>
<td>
116733
</td>
<td>

</td>
<td>

</td>
<td>

</td>
<td>
null
</td>
<td>
null
</td>

</tr><tr>
<td>
Fri Jul 07 12:25:38 IST 2017
</td>
<td>
1499410538657
</td>
<td>
24
</td>
<td>
com.browserstack.benchmark.saucelabs.SauceLabsParallelTestBase
</td>
<td>
INFO
</td>
<td>
succeeded
</td>
<td>
15
</td>
<td>
B-1.2
</td>
<td>
-1872056364
</td>
<td>
046540a9ee3c4076b07ea4afddb9a861
</td>
<td>
Mac 10.12
</td>
<td>
10.0.
</td>
<td>
safari
</td>
<td>
null
</td>
<td>
verifyRefreshTest[0]
</td>
<td>
114518
</td>
<td>
1110
</td>
<td>
1121
</td>
<td>
406
</td>
<td>
118805
</td>
<td>

</td>
<td>

</td>
<td>

</td>
<td>
null
</td>
<td>
null
</td>

</tr><tr>
<td>
Fri Jul 07 12:25:53 IST 2017
</td>
<td>
1499410553911
</td>
<td>
27
</td>
<td>
com.browserstack.benchmark.saucelabs.SauceLabsParallelTestBase
</td>
<td>
SEVERE
</td>
<td>
failed
</td>
<td>
17
</td>
<td>
B-1.2
</td>
<td>
-1791421468
</td>
<td>
219c95914b544c4b980ea623f3fbfe34
</td>
<td>
Mac 10.12
</td>
<td>
10.0.
</td>
<td>
safari
</td>
<td>
null
</td>
<td>
verifyContextClickTest[0]
</td>
<td>
130492
</td>
<td>
1233
</td>
<td>
0
</td>
<td>
423
</td>
<td>
132728
</td>
<td>
SeleniumException
</td>
<td>
WebDriverException
</td>
<td>
Unknown command: {"id":"n46ryr7ucepx","name":"mouseClick","parameters":{"button":2}} (WARNING: The server did not provide any stacktrace information)
Command duration or timeout: 14 milliseconds
Build info: version: '2.48.0', revision: 'b7b081a', time: '2015-10-07 15:48:56'
System info: host: 'itako55183.prod.miso', ip: '172.20.55.183', os.name: 'Mac OS X', os.arch: 'x86_64', os.version: '10.12.1', java.version: '1.8.0_112'
Driver info: org.openqa.selenium.safari.SafariDriver
Capabilities [{browserName=safari, takesScreenshot=true, javascriptEnabled=true, version=10.0.1, cssSelectorsEnabled=true, platform=MAC, secureSsl=true}]
Session ID: null
Command duration or timeout: 569 milliseconds
</td>
<td>
null
</td>
<td>
null
</td>

</tr><tr>
<td>
Fri Jul 07 12:25:55 IST 2017
</td>
<td>
1499410555090
</td>
<td>
28
</td>
<td>
com.browserstack.benchmark.saucelabs.SauceLabsParallelTestBase
</td>
<td>
INFO
</td>
<td>
succeeded
</td>
<td>
14
</td>
<td>
B-1.2
</td>
<td>
-2051896871
</td>
<td>
807ae39ded974dfe85474cb23a8c225d
</td>
<td>
Mac 10.12
</td>
<td>
10.0.
</td>
<td>
safari
</td>
<td>
null
</td>
<td>
verifyExecuteScriptTest[0]
</td>
<td>
132196
</td>
<td>
1139
</td>
<td>
403
</td>
<td>
402
</td>
<td>
134143
</td>
<td>

</td>
<td>

</td>
<td>

</td>
<td>
null
</td>
<td>
null
</td>

</tr><tr>
<td>
Fri Jul 07 12:26:13 IST 2017
</td>
<td>
1499410573368
</td>
<td>
32
</td>
<td>
com.browserstack.benchmark.saucelabs.SauceLabsParallelTestBase
</td>
<td>
SEVERE
</td>
<td>
failed
</td>
<td>
21
</td>
<td>
B-1.2
</td>
<td>
-1600365956
</td>
<td>
6b3a3a6d4e2448ff9c426fb64002e7a1
</td>
<td>
Mac 10.12
</td>
<td>
10.0.
</td>
<td>
safari
</td>
<td>
null
</td>
<td>
verifyKeyDownAndUpTest[0]
</td>
<td>
150035
</td>
<td>
1226
</td>
<td>
0
</td>
<td>
400
</td>
<td>
152184
</td>
<td>
SeleniumException
</td>
<td>
WebDriverException
</td>
<td>
Unknown command: {"id":"j6fz97p1hbey","name":"sendKeysToActiveElement","parameters":{"value":[""]}} (WARNING: The server did not provide any stacktrace information)
Command duration or timeout: 24 milliseconds
Build info: version: '2.48.0', revision: 'b7b081a', time: '2015-10-07 15:48:56'
System info: host: 'itako53227.prod.miso', ip: '172.20.53.227', os.name: 'Mac OS X', os.arch: 'x86_64', os.version: '10.12.1', java.version: '1.8.0_112'
Driver info: org.openqa.selenium.safari.SafariDriver
Capabilities [{browserName=safari, takesScreenshot=true, javascriptEnabled=true, version=10.0.1, cssSelectorsEnabled=true, platform=MAC, secureSsl=true}]
Session ID: null
Command duration or timeout: 454 milliseconds
</td>
<td>
null
</td>
<td>
null
</td>

</tr><tr>
<td>
Fri Jul 07 12:26:14 IST 2017
</td>
<td>
1499410574729
</td>
<td>
33
</td>
<td>
com.browserstack.benchmark.saucelabs.SauceLabsParallelTestBase
</td>
<td>
SEVERE
</td>
<td>
failed
</td>
<td>
12
</td>
<td>
B-1.2
</td>
<td>
-2060015631
</td>
<td>
120e78ab485347e0be4e011d357c76a4
</td>
<td>
Mac 10.12
</td>
<td>
10.0.
</td>
<td>
safari
</td>
<td>
null
</td>
<td>
verifyScreenshotTest[0]
</td>
<td>
149666
</td>
<td>
1231
</td>
<td>
1484
</td>
<td>
449
</td>
<td>
153726
</td>
<td>
AssertionError
</td>
<td>
AssertionError
</td>
<td>
null
</td>
<td>
null
</td>
<td>
null
</td>

</tr><tr>
<td>
Fri Jul 07 12:26:28 IST 2017
</td>
<td>
1499410588661
</td>
<td>
36
</td>
<td>
com.browserstack.benchmark.saucelabs.SauceLabsParallelTestBase
</td>
<td>
SEVERE
</td>
<td>
failed
</td>
<td>
16
</td>
<td>
B-1.2
</td>
<td>
-1143113377
</td>
<td>
56d861ac74f941948cfa0f495b001e82
</td>
<td>
Mac 10.12
</td>
<td>
10.0.
</td>
<td>
safari
</td>
<td>
null
</td>
<td>
verifyActionMoveToClickTest[0]
</td>
<td>
127234
</td>
<td>
832
</td>
<td>
0
</td>
<td>
357
</td>
<td>
130057
</td>
<td>
SeleniumException
</td>
<td>
WebDriverException
</td>
<td>
Unknown command: {"id":"l2r8lhtac0qw","name":"mouseMoveTo","parameters":{"element":":wdc:1499410588336"}} (WARNING: The server did not provide any stacktrace information)
Command duration or timeout: 7 milliseconds
Build info: version: '2.48.0', revision: 'b7b081a', time: '2015-10-07 15:48:56'
System info: host: 'itako52237.prod.miso', ip: '172.20.52.237', os.name: 'Mac OS X', os.arch: 'x86_64', os.version: '10.12.1', java.version: '1.8.0_112'
Driver info: org.openqa.selenium.safari.SafariDriver
Capabilities [{browserName=safari, takesScreenshot=true, javascriptEnabled=true, version=10.0.1, cssSelectorsEnabled=true, platform=MAC, secureSsl=true}]
Session ID: null
Command duration or timeout: 329 milliseconds
</td>
<td>
null
</td>
<td>
null
</td>

</tr><tr>
<td>
Fri Jul 07 12:26:32 IST 2017
</td>
<td>
1499410592825
</td>
<td>
37
</td>
<td>
com.browserstack.benchmark.saucelabs.SauceLabsParallelTestBase
</td>
<td>
INFO
</td>
<td>
succeeded
</td>
<td>
23
</td>
<td>
B-1.2
</td>
<td>
-1201412249
</td>
<td>
d3f5ddd7d6794da2b2b2e4dcf5474e9e
</td>
<td>
Mac 10.12
</td>
<td>
10.0.
</td>
<td>
safari
</td>
<td>
null
</td>
<td>
verifySendKeysTest[0]
</td>
<td>
141962
</td>
<td>
1375
</td>
<td>
1810
</td>
<td>
399
</td>
<td>
145546
</td>
<td>

</td>
<td>

</td>
<td>

</td>
<td>
null
</td>
<td>
null
</td>

</tr><tr>
<td>
Fri Jul 07 12:26:43 IST 2017
</td>
<td>
1499410603474
</td>
<td>
39
</td>
<td>
com.browserstack.benchmark.saucelabs.SauceLabsParallelTestBase
</td>
<td>
SEVERE
</td>
<td>
failed
</td>
<td>
13
</td>
<td>
B-1.2
</td>
<td>
-1136157041
</td>
<td>
5f517b2d27e2457b9d2865618554aa1e
</td>
<td>
Mac 10.12
</td>
<td>
10.0.
</td>
<td>
safari
</td>
<td>
null
</td>
<td>
verifyControlKeyDownTest[0]
</td>
<td>
139381
</td>
<td>
1104
</td>
<td>
0
</td>
<td>
398
</td>
<td>
141412
</td>
<td>
SeleniumException
</td>
<td>
WebDriverException
</td>
<td>
Unknown command: {"id":"o6aaf6ebcqh3","name":"sendKeysToActiveElement","parameters":{"value":[""]}} (WARNING: The server did not provide any stacktrace information)
Command duration or timeout: 12 milliseconds
Build info: version: '2.48.0', revision: 'b7b081a', time: '2015-10-07 15:48:56'
System info: host: 'itako48045.prod.miso', ip: '172.20.48.45', os.name: 'Mac OS X', os.arch: 'x86_64', os.version: '10.12.1', java.version: '1.8.0_112'
Driver info: org.openqa.selenium.safari.SafariDriver
Capabilities [{browserName=safari, takesScreenshot=true, javascriptEnabled=true, version=10.0.1, cssSelectorsEnabled=true, platform=MAC, secureSsl=true}]
Session ID: null
Command duration or timeout: 520 milliseconds
</td>
<td>
null
</td>
<td>
null
</td>

</tr>