<!DOCTYPE html PUBLIC "-//W3C//DTD XHTML 1.0 Transitional//EN" "http://www.w3.org/TR/xhtml1/DTD/xhtml1-transitional.dtd">
<!-- Generated by Apache Maven Doxia Site Renderer 1.4 at 2017-07-19 -->
<html xmlns="http://www.w3.org/1999/xhtml" xml:lang="en" lang="en">
  <head>
    <meta http-equiv="Content-Type" content="text/html; charset=UTF-8" />
    <title>Benchmarking - Surefire Report</title>
    <style type="text/css" media="all">
      @import url("./css/maven-base.css");
      @import url("./css/maven-theme.css");
      @import url("./css/site.css");
    </style>
    <link rel="stylesheet" href="./css/print.css" type="text/css" media="print" />
    <meta name="Date-Revision-yyyymmdd" content="20170719" />
    <meta http-equiv="Content-Language" content="en" />
        
        </head>
  <body class="composite">
    <div id="banner">
                    <div id="bannerLeft">
                Benchmarking
                </div>
                    <div class="clear">
        <hr/>
      </div>
    </div>
    <div id="breadcrumbs">
            
                    
                <div class="xleft">
        <span id="publishDate">Last Published: 2017-07-19</span>
                  &nbsp;| <span id="projectVersion">Version: 1.0</span>
                      </div>
            <div class="xright">                    <a href="./" title="Benchmarking">Benchmarking</a>
              
                    
      </div>
      <div class="clear">
        <hr/>
      </div>
    </div>
    <div id="leftColumn">
      <div id="navcolumn">
             
                    
                                          <h5>Project Documentation</h5>
                  <ul>
                                                                                                                                                                                <li class="collapsed">
                          <a href="project-info.html" title="Project Information">Project Information</a>
                  </li>
                                                                              <li class="expanded">
                          <a href="project-reports.html" title="Project Reports">Project Reports</a>
                    <ul>
                      <li class="none">
            <strong>Surefire Report</strong>
          </li>
              </ul>
        </li>
          </ul>
                             <a href="http://maven.apache.org/" title="Built by Maven" class="poweredBy">
        <img class="poweredBy" alt="Built by Maven" src="./images/logos/maven-feather.png" />
      </a>
                   
                    
            </div>
    </div>
    <div id="bodyColumn">
      <div id="contentBox">
        <script type="text/javascript">
//<![CDATA[
function toggleDisplay(elementId) {
 var elm = document.getElementById(elementId + 'error');
 if (elm && typeof elm.style != "undefined") {
 if (elm.style.display == "none") {
 elm.style.display = "";
 document.getElementById(elementId + 'off').style.display = "none";
 document.getElementById(elementId + 'on').style.display = "inline";
 } else if (elm.style.display == "") { elm.style.display = "none";
 document.getElementById(elementId + 'off').style.display = "inline";
 document.getElementById(elementId + 'on').style.display = "none";
 } 
 } 
 }
//]]>
</script>
<div class="section">
<h2>Surefire Report<a name="Surefire_Report"></a></h2></div>
<div class="section">
<h2>Summary<a name="Summary"></a></h2><a name="Summary"></a>
<p>[<a href="#Summary">Summary</a>] [<a href="#Package_List">Package List</a>] [<a href="#Test_Cases">Test Cases</a>]</p><br />
<table border="1" class="bodyTable">
<tr class="a">
<th>Tests</th>
<th>Errors </th>
<th>Failures</th>
<th>Skipped</th>
<th>Success Rate</th>
<th>Time</th></tr>
<tr class="b">
<td>71</td>
<td>40</td>
<td>3</td>
<td>5</td>
<td>32.394%</td>
<td>56,369.742</td></tr></table><br />
<p>Note: failures are anticipated and checked for with assertions while errors are unanticipated.</p><br /></div>
<div class="section">
<h2>Package List<a name="Package_List"></a></h2><a name="Package_List"></a>
<p>[<a href="#Summary">Summary</a>] [<a href="#Package_List">Package List</a>] [<a href="#Test_Cases">Test Cases</a>]</p><br />
<table border="1" class="bodyTable">
<tr class="a">
<th>Package</th>
<th>Tests</th>
<th>Errors </th>
<th>Failures</th>
<th>Skipped</th>
<th>Success Rate</th>
<th>Time</th></tr>
<tr class="b">
<td><a href="#Saucelabs">Saucelabs</a></td>
<td>68</td>
<td>40</td>
<td>3</td>
<td>2</td>
<td>33.824%</td>
<td>56,369.742</td></tr>
<tr class="a">
<td><a href="#Browserstack">Browserstack</a></td>
<td>2</td>
<td>0</td>
<td>0</td>
<td>2</td>
<td>0%</td>
<td>0</td></tr>
<tr class="b">
<td><a href="#Aws">Aws</a></td>
<td>1</td>
<td>0</td>
<td>0</td>
<td>1</td>
<td>0%</td>
<td>0</td></tr></table><br />
<p>Note: package statistics are not computed recursively, they only sum up all of its testsuites numbers.</p>
<div class="section">
<h3>Saucelabs<a name="Saucelabs"></a></h3><a name="Saucelabs"></a>
<table border="1" class="bodyTable">
<tr class="a">
<th></th>
<th>Class</th>
<th>Tests</th>
<th>Errors </th>
<th>Failures</th>
<th>Skipped</th>
<th>Success Rate</th>
<th>Time</th></tr>
<tr class="b">
<td><a href="#SaucelabsTestSuite2"><img src="images/icon_error_sml.gif" alt="" /></a></td>
<td><a href="#SaucelabsTestSuite2">TestSuite2</a></td>
<td>66</td>
<td>39</td>
<td>3</td>
<td>1</td>
<td>34.848%</td>
<td>56,269.723</td></tr>
<tr class="a">
<td><a href="#SaucelabsTestSuite3"><img src="images/icon_error_sml.gif" alt="" /></a></td>
<td><a href="#SaucelabsTestSuite3">TestSuite3</a></td>
<td>1</td>
<td>1</td>
<td>0</td>
<td>0</td>
<td>0%</td>
<td>100.018</td></tr>
<tr class="b">
<td><a href="#SaucelabsTestSuite1"><img src="images/icon_warning_sml.gif" alt="" /></a></td>
<td><a href="#SaucelabsTestSuite1">TestSuite1</a></td>
<td>1</td>
<td>0</td>
<td>0</td>
<td>1</td>
<td>0%</td>
<td>0</td></tr></table></div>
<div class="section">
<h3>Browserstack<a name="Browserstack"></a></h3><a name="Browserstack"></a>
<table border="1" class="bodyTable">
<tr class="a">
<th></th>
<th>Class</th>
<th>Tests</th>
<th>Errors </th>
<th>Failures</th>
<th>Skipped</th>
<th>Success Rate</th>
<th>Time</th></tr>
<tr class="b">
<td><a href="#BrowserstackTestSuite2"><img src="images/icon_warning_sml.gif" alt="" /></a></td>
<td><a href="#BrowserstackTestSuite2">TestSuite2</a></td>
<td>1</td>
<td>0</td>
<td>0</td>
<td>1</td>
<td>0%</td>
<td>0</td></tr>
<tr class="a">
<td><a href="#BrowserstackTestSuite3"><img src="images/icon_warning_sml.gif" alt="" /></a></td>
<td><a href="#BrowserstackTestSuite3">TestSuite3</a></td>
<td>1</td>
<td>0</td>
<td>0</td>
<td>1</td>
<td>0%</td>
<td>0</td></tr></table></div>
<div class="section">
<h3>Aws<a name="Aws"></a></h3><a name="Aws"></a>
<table border="1" class="bodyTable">
<tr class="a">
<th></th>
<th>Class</th>
<th>Tests</th>
<th>Errors </th>
<th>Failures</th>
<th>Skipped</th>
<th>Success Rate</th>
<th>Time</th></tr>
<tr class="b">
<td><a href="#AwsScreenshotTest"><img src="images/icon_warning_sml.gif" alt="" /></a></td>
<td><a href="#AwsScreenshotTest">ScreenshotTest</a></td>
<td>1</td>
<td>0</td>
<td>0</td>
<td>1</td>
<td>0%</td>
<td>0</td></tr></table></div><br /></div>
<div class="section">
<h2>Test Cases<a name="Test_Cases"></a></h2><a name="Test_Cases"></a>
<p>[<a href="#Summary">Summary</a>] [<a href="#Package_List">Package List</a>] [<a href="#Test_Cases">Test Cases</a>]</p>
<div class="section">
<h3>TestSuite2<a name="TestSuite2"></a></h3><a name="SaucelabsTestSuite2"></a>
<table border="1" class="bodyTable">
<tr class="a">
<td><a href="#Saucelabs.TestSuite2.verifyScreenshotTest0"><img src="images/icon_error_sml.gif" alt="" /></a></td>
<td><a name="TC_Saucelabs.TestSuite2.verifyScreenshotTest0"></a><a href="#Saucelabs.TestSuite2.verifyScreenshotTest0">verifyScreenshotTest[0]</a>
<div class="detailToggle" style="display:inline"><a href="javascript:toggleDisplay(&apos;Saucelabs.TestSuite2.verifyScreenshotTest0&apos;);"><span style="display:inline;" id="Saucelabs.TestSuite2.verifyScreenshotTest0off"> + </span><span style="display:none;" id="Saucelabs.TestSuite2.verifyScreenshotTest0on"> - </span>[ Detail ]</a></div></td>
<td>955.005</td></tr>
<tr class="b">
<td></td>
<td>errorId: bbebcaac-cae4-4148-8cab-387ce373ca85 - Unable to allocate device iPhone_7_32GB_10_real within 900000ms or 3 tries. This can happen if there were no available devices within the time or your plan's max concurrent test run is not corresponding to your usage
Build info: version: 'unknown', revision: 'unknown', time: 'unknown'
System info: host: '5dde51a8fbfa', ip: '172.17.0.5', os.name: 'Linux', os.arch: 'amd64', os.version: '4.8.0-45-generic', java.version: '1.8.0_131'
Driver info: driver.version: unknown
Command duration or timeout: 954.96 seconds</td>
<td></td></tr>
<tr class="a">
<td></td>
<td>
<div id="Saucelabs.TestSuite2.verifyScreenshotTest0error" style="display:none;">
<div>
<pre>org.openqa.selenium.SessionNotCreatedException: 
errorId: bbebcaac-cae4-4148-8cab-387ce373ca85 - Unable to allocate device iPhone_7_32GB_10_real within 900000ms or 3 tries. This can happen if there were no available devices within the time or your plan's max concurrent test run is not corresponding to your usage
Build info: version: 'unknown', revision: 'unknown', time: 'unknown'
System info: host: '5dde51a8fbfa', ip: '172.17.0.5', os.name: 'Linux', os.arch: 'amd64', os.version: '4.8.0-45-generic', java.version: '1.8.0_131'
Driver info: driver.version: unknown
Command duration or timeout: 954.96 seconds
Caused by: org.openqa.selenium.SessionNotCreatedException: 
errorId: bbebcaac-cae4-4148-8cab-387ce373ca85 - Unable to allocate device iPhone_7_32GB_10_real within 900000ms or 3 tries. This can happen if there were no available devices within the time or your plan's max concurrent test run is not corresponding to your usage
Build info: version: 'unknown', revision: 'unknown', time: 'unknown'
System info: host: '5dde51a8fbfa', ip: '172.17.0.5', os.name: 'Linux', os.arch: 'amd64', os.version: '4.8.0-45-generic', java.version: '1.8.0_131'
Driver info: driver.version: unknown
Build info: version: '3.4.0', revision: 'unknown', time: 'unknown'
System info: host: 'JYOTHIN-MBP.local', ip: 'fe80:0:0:0:c6b3:1ff:fec2:cb65%en0', os.name: 'Mac OS X', os.arch: 'x86_64', os.version: '10.11.6', java.version: '1.8.0_131'
Driver info: driver.version: unknown</pre></div></div></td>
<td></td></tr>
<tr class="b">
<td><a href="#Saucelabs.TestSuite2.verifyRefreshTest0"><img src="images/icon_error_sml.gif" alt="" /></a></td>
<td><a name="TC_Saucelabs.TestSuite2.verifyRefreshTest0"></a><a href="#Saucelabs.TestSuite2.verifyRefreshTest0">verifyRefreshTest[0]</a>
<div class="detailToggle" style="display:inline"><a href="javascript:toggleDisplay(&apos;Saucelabs.TestSuite2.verifyRefreshTest0&apos;);"><span style="display:inline;" id="Saucelabs.TestSuite2.verifyRefreshTest0off"> + </span><span style="display:none;" id="Saucelabs.TestSuite2.verifyRefreshTest0on"> - </span>[ Detail ]</a></div></td>
<td>908.571</td></tr>
<tr class="a">
<td></td>
<td>errorId: 7ffd2cc0-8009-49a3-95ef-389770f103cb - Unable to allocate device  within 900000ms or 3 tries. This can happen if there were no available devices within the time or your plan's max concurrent test run is not corresponding to your usage
Build info: version: 'unknown', revision: 'unknown', time: 'unknown'
System info: host: '5dde51a8fbfa', ip: '172.17.0.5', os.name: 'Linux', os.arch: 'amd64', os.version: '4.8.0-45-generic', java.version: '1.8.0_131'
Driver info: driver.version: unknown
Command duration or timeout: 908.54 seconds</td>
<td></td></tr>
<tr class="b">
<td></td>
<td>
<div id="Saucelabs.TestSuite2.verifyRefreshTest0error" style="display:none;">
<div>
<pre>org.openqa.selenium.SessionNotCreatedException: 
errorId: 7ffd2cc0-8009-49a3-95ef-389770f103cb - Unable to allocate device  within 900000ms or 3 tries. This can happen if there were no available devices within the time or your plan's max concurrent test run is not corresponding to your usage
Build info: version: 'unknown', revision: 'unknown', time: 'unknown'
System info: host: '5dde51a8fbfa', ip: '172.17.0.5', os.name: 'Linux', os.arch: 'amd64', os.version: '4.8.0-45-generic', java.version: '1.8.0_131'
Driver info: driver.version: unknown
Command duration or timeout: 908.54 seconds
Caused by: org.openqa.selenium.SessionNotCreatedException: 
errorId: 7ffd2cc0-8009-49a3-95ef-389770f103cb - Unable to allocate device  within 900000ms or 3 tries. This can happen if there were no available devices within the time or your plan's max concurrent test run is not corresponding to your usage
Build info: version: 'unknown', revision: 'unknown', time: 'unknown'
System info: host: '5dde51a8fbfa', ip: '172.17.0.5', os.name: 'Linux', os.arch: 'amd64', os.version: '4.8.0-45-generic', java.version: '1.8.0_131'
Driver info: driver.version: unknown
Build info: version: '3.4.0', revision: 'unknown', time: 'unknown'
System info: host: 'JYOTHIN-MBP.local', ip: 'fe80:0:0:0:c6b3:1ff:fec2:cb65%en0', os.name: 'Mac OS X', os.arch: 'x86_64', os.version: '10.11.6', java.version: '1.8.0_131'
Driver info: driver.version: unknown</pre></div></div></td>
<td></td></tr>
<tr class="a">
<td><img src="images/icon_success_sml.gif" alt="" /></td>
<td><a name="TC_Saucelabs.TestSuite2.verifyGetImgSrcTest0"></a>verifyGetImgSrcTest[0]</td>
<td>75.142</td></tr>
<tr class="b">
<td><a href="#Saucelabs.TestSuite2.verifyExecuteScriptTest0"><img src="images/icon_error_sml.gif" alt="" /></a></td>
<td><a name="TC_Saucelabs.TestSuite2.verifyExecuteScriptTest0"></a><a href="#Saucelabs.TestSuite2.verifyExecuteScriptTest0">verifyExecuteScriptTest[0]</a>
<div class="detailToggle" style="display:inline"><a href="javascript:toggleDisplay(&apos;Saucelabs.TestSuite2.verifyExecuteScriptTest0&apos;);"><span style="display:inline;" id="Saucelabs.TestSuite2.verifyExecuteScriptTest0off"> + </span><span style="display:none;" id="Saucelabs.TestSuite2.verifyExecuteScriptTest0on"> - </span>[ Detail ]</a></div></td>
<td>1,296.988</td></tr>
<tr class="a">
<td></td>
<td>errorId: 98edde3b-d93f-477c-a569-b87500b59699 - Unable to allocate device iPhone_7_32GB_10_real within 900000ms or 3 tries. This can happen if there were no available devices within the time or your plan's max concurrent test run is not corresponding to your usage
Build info: version: 'unknown', revision: 'unknown', time: 'unknown'
System info: host: '5dde51a8fbfa', ip: '172.17.0.5', os.name: 'Linux', os.arch: 'amd64', os.version: '4.8.0-45-generic', java.version: '1.8.0_131'
Driver info: driver.version: unknown
Command duration or timeout: 1296.95 seconds</td>
<td></td></tr>
<tr class="b">
<td></td>
<td>
<div id="Saucelabs.TestSuite2.verifyExecuteScriptTest0error" style="display:none;">
<div>
<pre>org.openqa.selenium.SessionNotCreatedException: 
errorId: 98edde3b-d93f-477c-a569-b87500b59699 - Unable to allocate device iPhone_7_32GB_10_real within 900000ms or 3 tries. This can happen if there were no available devices within the time or your plan's max concurrent test run is not corresponding to your usage
Build info: version: 'unknown', revision: 'unknown', time: 'unknown'
System info: host: '5dde51a8fbfa', ip: '172.17.0.5', os.name: 'Linux', os.arch: 'amd64', os.version: '4.8.0-45-generic', java.version: '1.8.0_131'
Driver info: driver.version: unknown
Command duration or timeout: 1296.95 seconds
Caused by: org.openqa.selenium.SessionNotCreatedException: 
errorId: 98edde3b-d93f-477c-a569-b87500b59699 - Unable to allocate device iPhone_7_32GB_10_real within 900000ms or 3 tries. This can happen if there were no available devices within the time or your plan's max concurrent test run is not corresponding to your usage
Build info: version: 'unknown', revision: 'unknown', time: 'unknown'
System info: host: '5dde51a8fbfa', ip: '172.17.0.5', os.name: 'Linux', os.arch: 'amd64', os.version: '4.8.0-45-generic', java.version: '1.8.0_131'
Driver info: driver.version: unknown
Build info: version: '3.4.0', revision: 'unknown', time: 'unknown'
System info: host: 'JYOTHIN-MBP.local', ip: 'fe80:0:0:0:c6b3:1ff:fec2:cb65%en0', os.name: 'Mac OS X', os.arch: 'x86_64', os.version: '10.11.6', java.version: '1.8.0_131'
Driver info: driver.version: unknown</pre></div></div></td>
<td></td></tr>
<tr class="a">
<td><a href="#Saucelabs.TestSuite2.verifyGetElementByNameTest0"><img src="images/icon_error_sml.gif" alt="" /></a></td>
<td><a name="TC_Saucelabs.TestSuite2.verifyGetElementByNameTest0"></a><a href="#Saucelabs.TestSuite2.verifyGetElementByNameTest0">verifyGetElementByNameTest[0]</a>
<div class="detailToggle" style="display:inline"><a href="javascript:toggleDisplay(&apos;Saucelabs.TestSuite2.verifyGetElementByNameTest0&apos;);"><span style="display:inline;" id="Saucelabs.TestSuite2.verifyGetElementByNameTest0off"> + </span><span style="display:none;" id="Saucelabs.TestSuite2.verifyGetElementByNameTest0on"> - </span>[ Detail ]</a></div></td>
<td>1,246.892</td></tr>
<tr class="b">
<td></td>
<td>errorId: 69c543de-3c19-46f9-84c5-4d579d426335 - Unable to allocate device iPhone_7_32GB_10_real within 900000ms or 3 tries. This can happen if there were no available devices within the time or your plan's max concurrent test run is not corresponding to your usage
Build info: version: 'unknown', revision: 'unknown', time: 'unknown'
System info: host: '5dde51a8fbfa', ip: '172.17.0.5', os.name: 'Linux', os.arch: 'amd64', os.version: '4.8.0-45-generic', java.version: '1.8.0_131'
Driver info: driver.version: unknown
Command duration or timeout: 1246.86 seconds</td>
<td></td></tr>
<tr class="a">
<td></td>
<td>
<div id="Saucelabs.TestSuite2.verifyGetElementByNameTest0error" style="display:none;">
<div>
<pre>org.openqa.selenium.SessionNotCreatedException: 
errorId: 69c543de-3c19-46f9-84c5-4d579d426335 - Unable to allocate device iPhone_7_32GB_10_real within 900000ms or 3 tries. This can happen if there were no available devices within the time or your plan's max concurrent test run is not corresponding to your usage
Build info: version: 'unknown', revision: 'unknown', time: 'unknown'
System info: host: '5dde51a8fbfa', ip: '172.17.0.5', os.name: 'Linux', os.arch: 'amd64', os.version: '4.8.0-45-generic', java.version: '1.8.0_131'
Driver info: driver.version: unknown
Command duration or timeout: 1246.86 seconds
Caused by: org.openqa.selenium.SessionNotCreatedException: 
errorId: 69c543de-3c19-46f9-84c5-4d579d426335 - Unable to allocate device iPhone_7_32GB_10_real within 900000ms or 3 tries. This can happen if there were no available devices within the time or your plan's max concurrent test run is not corresponding to your usage
Build info: version: 'unknown', revision: 'unknown', time: 'unknown'
System info: host: '5dde51a8fbfa', ip: '172.17.0.5', os.name: 'Linux', os.arch: 'amd64', os.version: '4.8.0-45-generic', java.version: '1.8.0_131'
Driver info: driver.version: unknown
Build info: version: '3.4.0', revision: 'unknown', time: 'unknown'
System info: host: 'JYOTHIN-MBP.local', ip: 'fe80:0:0:0:c6b3:1ff:fec2:cb65%en0', os.name: 'Mac OS X', os.arch: 'x86_64', os.version: '10.11.6', java.version: '1.8.0_131'
Driver info: driver.version: unknown</pre></div></div></td>
<td></td></tr>
<tr class="b">
<td><a href="#Saucelabs.TestSuite2.verifyContextClickTest0"><img src="images/icon_error_sml.gif" alt="" /></a></td>
<td><a name="TC_Saucelabs.TestSuite2.verifyContextClickTest0"></a><a href="#Saucelabs.TestSuite2.verifyContextClickTest0">verifyContextClickTest[0]</a>
<div class="detailToggle" style="display:inline"><a href="javascript:toggleDisplay(&apos;Saucelabs.TestSuite2.verifyContextClickTest0&apos;);"><span style="display:inline;" id="Saucelabs.TestSuite2.verifyContextClickTest0off"> + </span><span style="display:none;" id="Saucelabs.TestSuite2.verifyContextClickTest0on"> - </span>[ Detail ]</a></div></td>
<td>632.346</td></tr>
<tr class="a">
<td></td>
<td>Method has not yet been implemented (WARNING: The server did not provide any stacktrace information)
Command duration or timeout: 265 milliseconds
Build info: version: '3.4.0', revision: 'unknown', time: 'unknown'
System info: host: 'JYOTHIN-MBP.local', ip: 'fe80:0:0:0:c6b3:1ff:fec2:cb65%en0', os.name: 'Mac OS X', os.arch: 'x86_64', os.version: '10.11.6', java.version: '1.8.0_131'
Driver info: org.openqa.selenium.remote.RemoteWebDriver
Capabilities [{testobject_user_id=utsavraja, testobject_platform_name=iOS, testobject_test_report_url=https://app.testobject.com/#/utsavraja/testendpoint/appium/executions/635, testobjectApiKey=C118D66142464D22BADE2E618CB527DF, loggingPrefs={browser=ALL}, testobject_suite_name=B-1.8, xcodeConfigFile=$HOME/work/testobject.xcconfig, testobject_device_session_id=dc997b7f-389e-463a-8702-cc3a2571664b, deviceName=94e8af9b8abd844e5297e98ab00024ea84db2144, platform=UNIX, webDriverAgentUrl=http://127.0.0.1:5725, testobject_test_report_id=635.0, webStorageEnabled=false, testobject_platform_version=10.0, automationName=XCUITest, browserName=safari, takesScreenshot=true, javascriptEnabled=true, platformName=iOS, recordScreenshots=false, udid=94e8af9b8abd844e5297e98ab00024ea84db2144, networkConnectionEnabled=false, testobject_test_name=verifyContextClickTest[0], testobject_device=iPhone 7 32GB, databaseEnabled=false, testobject_project_id=testendpoint, version=, build=B-1.8, locationContextEnabled=false, name=verifyContextClickTest[0], keychainPath=$HOME/work/testobject.keychain, testobject_api_key=C118D66142464D22BADE2E618CB527DF, keychainPassword=password, testobject_test_live_view_url=https://app.testobject.com/#/utsavraja/testendpoint/appium/view/635?dc=EU}]
Session ID: 1d60b1e5-118d-420a-b4de-cabaf513a3d6</td>
<td></td></tr>
<tr class="b">
<td></td>
<td>
<div id="Saucelabs.TestSuite2.verifyContextClickTest0error" style="display:none;">
<div>
<pre>org.openqa.selenium.WebDriverException: 
Method has not yet been implemented (WARNING: The server did not provide any stacktrace information)
Command duration or timeout: 265 milliseconds
Build info: version: '3.4.0', revision: 'unknown', time: 'unknown'
System info: host: 'JYOTHIN-MBP.local', ip: 'fe80:0:0:0:c6b3:1ff:fec2:cb65%en0', os.name: 'Mac OS X', os.arch: 'x86_64', os.version: '10.11.6', java.version: '1.8.0_131'
Driver info: org.openqa.selenium.remote.RemoteWebDriver
Capabilities [{testobject_user_id=utsavraja, testobject_platform_name=iOS, testobject_test_report_url=https://app.testobject.com/#/utsavraja/testendpoint/appium/executions/635, testobjectApiKey=C118D66142464D22BADE2E618CB527DF, loggingPrefs={browser=ALL}, testobject_suite_name=B-1.8, xcodeConfigFile=$HOME/work/testobject.xcconfig, testobject_device_session_id=dc997b7f-389e-463a-8702-cc3a2571664b, deviceName=94e8af9b8abd844e5297e98ab00024ea84db2144, platform=UNIX, webDriverAgentUrl=http://127.0.0.1:5725, testobject_test_report_id=635.0, webStorageEnabled=false, testobject_platform_version=10.0, automationName=XCUITest, browserName=safari, takesScreenshot=true, javascriptEnabled=true, platformName=iOS, recordScreenshots=false, udid=94e8af9b8abd844e5297e98ab00024ea84db2144, networkConnectionEnabled=false, testobject_test_name=verifyContextClickTest[0], testobject_device=iPhone 7 32GB, databaseEnabled=false, testobject_project_id=testendpoint, version=, build=B-1.8, locationContextEnabled=false, name=verifyContextClickTest[0], keychainPath=$HOME/work/testobject.keychain, testobject_api_key=C118D66142464D22BADE2E618CB527DF, keychainPassword=password, testobject_test_live_view_url=https://app.testobject.com/#/utsavraja/testendpoint/appium/view/635?dc=EU}]
Session ID: 1d60b1e5-118d-420a-b4de-cabaf513a3d6
	at Saucelabs.TestSuite2.verifyContextClickTest(TestSuite2.java:668)</pre></div></div></td>
<td></td></tr>
<tr class="a">
<td><a href="#Saucelabs.TestSuite2.verifyCloseCurrentWindowTest0"><img src="images/icon_error_sml.gif" alt="" /></a></td>
<td><a name="TC_Saucelabs.TestSuite2.verifyCloseCurrentWindowTest0"></a><a href="#Saucelabs.TestSuite2.verifyCloseCurrentWindowTest0">verifyCloseCurrentWindowTest[0]</a>
<div class="detailToggle" style="display:inline"><a href="javascript:toggleDisplay(&apos;Saucelabs.TestSuite2.verifyCloseCurrentWindowTest0&apos;);"><span style="display:inline;" id="Saucelabs.TestSuite2.verifyCloseCurrentWindowTest0off"> + </span><span style="display:none;" id="Saucelabs.TestSuite2.verifyCloseCurrentWindowTest0on"> - </span>[ Detail ]</a></div></td>
<td>708.311</td></tr>
<tr class="b">
<td></td>
<td></td>
<td></td></tr>
<tr class="a">
<td></td>
<td>
<div id="Saucelabs.TestSuite2.verifyCloseCurrentWindowTest0error" style="display:none;">
<div>
<pre>java.lang.AssertionError
	at Saucelabs.TestSuite2.verifyCloseCurrentWindowTest(TestSuite2.java:945)</pre></div></div></td>
<td></td></tr>
<tr class="b">
<td><a href="#Saucelabs.TestSuite2.verifyGetTagTest0"><img src="images/icon_error_sml.gif" alt="" /></a></td>
<td><a name="TC_Saucelabs.TestSuite2.verifyGetTagTest0"></a><a href="#Saucelabs.TestSuite2.verifyGetTagTest0">verifyGetTagTest[0]</a>
<div class="detailToggle" style="display:inline"><a href="javascript:toggleDisplay(&apos;Saucelabs.TestSuite2.verifyGetTagTest0&apos;);"><span style="display:inline;" id="Saucelabs.TestSuite2.verifyGetTagTest0off"> + </span><span style="display:none;" id="Saucelabs.TestSuite2.verifyGetTagTest0on"> - </span>[ Detail ]</a></div></td>
<td>1,725.261</td></tr>
<tr class="a">
<td></td>
<td>errorId: 5475733a-819e-47b6-a969-92e12a932c20 - Unable to allocate device iPhone_7_32GB_10_real within 900000ms or 3 tries. This can happen if there were no available devices within the time or your plan's max concurrent test run is not corresponding to your usage
Build info: version: 'unknown', revision: 'unknown', time: 'unknown'
System info: host: '5dde51a8fbfa', ip: '172.17.0.5', os.name: 'Linux', os.arch: 'amd64', os.version: '4.8.0-45-generic', java.version: '1.8.0_131'
Driver info: driver.version: unknown
Command duration or timeout: 1725.22 seconds</td>
<td></td></tr>
<tr class="b">
<td></td>
<td>
<div id="Saucelabs.TestSuite2.verifyGetTagTest0error" style="display:none;">
<div>
<pre>org.openqa.selenium.SessionNotCreatedException: 
errorId: 5475733a-819e-47b6-a969-92e12a932c20 - Unable to allocate device iPhone_7_32GB_10_real within 900000ms or 3 tries. This can happen if there were no available devices within the time or your plan's max concurrent test run is not corresponding to your usage
Build info: version: 'unknown', revision: 'unknown', time: 'unknown'
System info: host: '5dde51a8fbfa', ip: '172.17.0.5', os.name: 'Linux', os.arch: 'amd64', os.version: '4.8.0-45-generic', java.version: '1.8.0_131'
Driver info: driver.version: unknown
Command duration or timeout: 1725.22 seconds
Caused by: org.openqa.selenium.SessionNotCreatedException: 
errorId: 5475733a-819e-47b6-a969-92e12a932c20 - Unable to allocate device iPhone_7_32GB_10_real within 900000ms or 3 tries. This can happen if there were no available devices within the time or your plan's max concurrent test run is not corresponding to your usage
Build info: version: 'unknown', revision: 'unknown', time: 'unknown'
System info: host: '5dde51a8fbfa', ip: '172.17.0.5', os.name: 'Linux', os.arch: 'amd64', os.version: '4.8.0-45-generic', java.version: '1.8.0_131'
Driver info: driver.version: unknown
Build info: version: '3.4.0', revision: 'unknown', time: 'unknown'
System info: host: 'JYOTHIN-MBP.local', ip: 'fe80:0:0:0:c6b3:1ff:fec2:cb65%en0', os.name: 'Mac OS X', os.arch: 'x86_64', os.version: '10.11.6', java.version: '1.8.0_131'
Driver info: driver.version: unknown</pre></div></div></td>
<td></td></tr>
<tr class="a">
<td><a href="#Saucelabs.TestSuite2.verifyGetElementByIdTest0"><img src="images/icon_error_sml.gif" alt="" /></a></td>
<td><a name="TC_Saucelabs.TestSuite2.verifyGetElementByIdTest0"></a><a href="#Saucelabs.TestSuite2.verifyGetElementByIdTest0">verifyGetElementByIdTest[0]</a>
<div class="detailToggle" style="display:inline"><a href="javascript:toggleDisplay(&apos;Saucelabs.TestSuite2.verifyGetElementByIdTest0&apos;);"><span style="display:inline;" id="Saucelabs.TestSuite2.verifyGetElementByIdTest0off"> + </span><span style="display:none;" id="Saucelabs.TestSuite2.verifyGetElementByIdTest0on"> - </span>[ Detail ]</a></div></td>
<td>908.577</td></tr>
<tr class="b">
<td></td>
<td>errorId: 9eafe43d-1960-4b9b-9f4e-f94fa6b99153 - Unable to allocate device  within 900000ms or 3 tries. This can happen if there were no available devices within the time or your plan's max concurrent test run is not corresponding to your usage
Build info: version: 'unknown', revision: 'unknown', time: 'unknown'
System info: host: '5dde51a8fbfa', ip: '172.17.0.5', os.name: 'Linux', os.arch: 'amd64', os.version: '4.8.0-45-generic', java.version: '1.8.0_131'
Driver info: driver.version: unknown
Command duration or timeout: 908.54 seconds</td>
<td></td></tr>
<tr class="a">
<td></td>
<td>
<div id="Saucelabs.TestSuite2.verifyGetElementByIdTest0error" style="display:none;">
<div>
<pre>org.openqa.selenium.SessionNotCreatedException: 
errorId: 9eafe43d-1960-4b9b-9f4e-f94fa6b99153 - Unable to allocate device  within 900000ms or 3 tries. This can happen if there were no available devices within the time or your plan's max concurrent test run is not corresponding to your usage
Build info: version: 'unknown', revision: 'unknown', time: 'unknown'
System info: host: '5dde51a8fbfa', ip: '172.17.0.5', os.name: 'Linux', os.arch: 'amd64', os.version: '4.8.0-45-generic', java.version: '1.8.0_131'
Driver info: driver.version: unknown
Command duration or timeout: 908.54 seconds
Caused by: org.openqa.selenium.SessionNotCreatedException: 
errorId: 9eafe43d-1960-4b9b-9f4e-f94fa6b99153 - Unable to allocate device  within 900000ms or 3 tries. This can happen if there were no available devices within the time or your plan's max concurrent test run is not corresponding to your usage
Build info: version: 'unknown', revision: 'unknown', time: 'unknown'
System info: host: '5dde51a8fbfa', ip: '172.17.0.5', os.name: 'Linux', os.arch: 'amd64', os.version: '4.8.0-45-generic', java.version: '1.8.0_131'
Driver info: driver.version: unknown
Build info: version: '3.4.0', revision: 'unknown', time: 'unknown'
System info: host: 'JYOTHIN-MBP.local', ip: 'fe80:0:0:0:c6b3:1ff:fec2:cb65%en0', os.name: 'Mac OS X', os.arch: 'x86_64', os.version: '10.11.6', java.version: '1.8.0_131'
Driver info: driver.version: unknown</pre></div></div></td>
<td></td></tr>
<tr class="b">
<td><a href="#Saucelabs.TestSuite2.verifyKeyDownAndUpTest0"><img src="images/icon_error_sml.gif" alt="" /></a></td>
<td><a name="TC_Saucelabs.TestSuite2.verifyKeyDownAndUpTest0"></a><a href="#Saucelabs.TestSuite2.verifyKeyDownAndUpTest0">verifyKeyDownAndUpTest[0]</a>
<div class="detailToggle" style="display:inline"><a href="javascript:toggleDisplay(&apos;Saucelabs.TestSuite2.verifyKeyDownAndUpTest0&apos;);"><span style="display:inline;" id="Saucelabs.TestSuite2.verifyKeyDownAndUpTest0off"> + </span><span style="display:none;" id="Saucelabs.TestSuite2.verifyKeyDownAndUpTest0on"> - </span>[ Detail ]</a></div></td>
<td>685.076</td></tr>
<tr class="a">
<td></td>
<td>An unknown server-side error occurred while processing the command. Original error: Error Domain=com.facebook.WebDriverAgent Code=1 &quot;Keyboard is not present&quot; UserInfo={NSLocalizedDescription=Keyboard is not present} (WARNING: The server did not provide any stacktrace information)
Command duration or timeout: 5.61 seconds
Build info: version: '3.4.0', revision: 'unknown', time: 'unknown'
System info: host: 'JYOTHIN-MBP.local', ip: 'fe80:0:0:0:c6b3:1ff:fec2:cb65%en0', os.name: 'Mac OS X', os.arch: 'x86_64', os.version: '10.11.6', java.version: '1.8.0_131'
Driver info: org.openqa.selenium.remote.RemoteWebDriver
Capabilities [{testobject_user_id=utsavraja, testobject_platform_name=iOS, testobject_test_report_url=https://app.testobject.com/#/utsavraja/testendpoint/appium/executions/639, testobjectApiKey=C118D66142464D22BADE2E618CB527DF, loggingPrefs={browser=ALL}, testobject_suite_name=B-1.8, xcodeConfigFile=$HOME/work/testobject.xcconfig, testobject_device_session_id=8f80e988-ef53-4964-a488-b7120bfa8c35, deviceName=94e8af9b8abd844e5297e98ab00024ea84db2144, platform=UNIX, webDriverAgentUrl=http://127.0.0.1:5725, testobject_test_report_id=639.0, webStorageEnabled=false, testobject_platform_version=10.0, automationName=XCUITest, browserName=safari, takesScreenshot=true, javascriptEnabled=true, platformName=iOS, recordScreenshots=false, udid=94e8af9b8abd844e5297e98ab00024ea84db2144, networkConnectionEnabled=false, testobject_test_name=verifyKeyDownAndUpTest[0], testobject_device=iPhone 7 32GB, databaseEnabled=false, testobject_project_id=testendpoint, version=, build=B-1.8, locationContextEnabled=false, name=verifyKeyDownAndUpTest[0], keychainPath=$HOME/work/testobject.keychain, testobject_api_key=C118D66142464D22BADE2E618CB527DF, keychainPassword=password, testobject_test_live_view_url=https://app.testobject.com/#/utsavraja/testendpoint/appium/view/639?dc=EU}]
Session ID: a3b642e4-291d-4c58-baa2-949f191adecb</td>
<td></td></tr>
<tr class="b">
<td></td>
<td>
<div id="Saucelabs.TestSuite2.verifyKeyDownAndUpTest0error" style="display:none;">
<div>
<pre>org.openqa.selenium.WebDriverException: 
An unknown server-side error occurred while processing the command. Original error: Error Domain=com.facebook.WebDriverAgent Code=1 &quot;Keyboard is not present&quot; UserInfo={NSLocalizedDescription=Keyboard is not present} (WARNING: The server did not provide any stacktrace information)
Command duration or timeout: 5.61 seconds
Build info: version: '3.4.0', revision: 'unknown', time: 'unknown'
System info: host: 'JYOTHIN-MBP.local', ip: 'fe80:0:0:0:c6b3:1ff:fec2:cb65%en0', os.name: 'Mac OS X', os.arch: 'x86_64', os.version: '10.11.6', java.version: '1.8.0_131'
Driver info: org.openqa.selenium.remote.RemoteWebDriver
Capabilities [{testobject_user_id=utsavraja, testobject_platform_name=iOS, testobject_test_report_url=https://app.testobject.com/#/utsavraja/testendpoint/appium/executions/639, testobjectApiKey=C118D66142464D22BADE2E618CB527DF, loggingPrefs={browser=ALL}, testobject_suite_name=B-1.8, xcodeConfigFile=$HOME/work/testobject.xcconfig, testobject_device_session_id=8f80e988-ef53-4964-a488-b7120bfa8c35, deviceName=94e8af9b8abd844e5297e98ab00024ea84db2144, platform=UNIX, webDriverAgentUrl=http://127.0.0.1:5725, testobject_test_report_id=639.0, webStorageEnabled=false, testobject_platform_version=10.0, automationName=XCUITest, browserName=safari, takesScreenshot=true, javascriptEnabled=true, platformName=iOS, recordScreenshots=false, udid=94e8af9b8abd844e5297e98ab00024ea84db2144, networkConnectionEnabled=false, testobject_test_name=verifyKeyDownAndUpTest[0], testobject_device=iPhone 7 32GB, databaseEnabled=false, testobject_project_id=testendpoint, version=, build=B-1.8, locationContextEnabled=false, name=verifyKeyDownAndUpTest[0], keychainPath=$HOME/work/testobject.keychain, testobject_api_key=C118D66142464D22BADE2E618CB527DF, keychainPassword=password, testobject_test_live_view_url=https://app.testobject.com/#/utsavraja/testendpoint/appium/view/639?dc=EU}]
Session ID: a3b642e4-291d-4c58-baa2-949f191adecb
	at Saucelabs.TestSuite2.verifyKeyDownAndUpTest(TestSuite2.java:693)</pre></div></div></td>
<td></td></tr>
<tr class="a">
<td><a href="#Saucelabs.TestSuite2.verifyAlertTextTest0"><img src="images/icon_error_sml.gif" alt="" /></a></td>
<td><a name="TC_Saucelabs.TestSuite2.verifyAlertTextTest0"></a><a href="#Saucelabs.TestSuite2.verifyAlertTextTest0">verifyAlertTextTest[0]</a>
<div class="detailToggle" style="display:inline"><a href="javascript:toggleDisplay(&apos;Saucelabs.TestSuite2.verifyAlertTextTest0&apos;);"><span style="display:inline;" id="Saucelabs.TestSuite2.verifyAlertTextTest0off"> + </span><span style="display:none;" id="Saucelabs.TestSuite2.verifyAlertTextTest0on"> - </span>[ Detail ]</a></div></td>
<td>908.507</td></tr>
<tr class="b">
<td></td>
<td>errorId: a0844c6f-bb69-4429-b286-9138fe605704 - Unable to allocate device  within 900000ms or 3 tries. This can happen if there were no available devices within the time or your plan's max concurrent test run is not corresponding to your usage
Build info: version: 'unknown', revision: 'unknown', time: 'unknown'
System info: host: '5dde51a8fbfa', ip: '172.17.0.5', os.name: 'Linux', os.arch: 'amd64', os.version: '4.8.0-45-generic', java.version: '1.8.0_131'
Driver info: driver.version: unknown
Command duration or timeout: 908.46 seconds</td>
<td></td></tr>
<tr class="a">
<td></td>
<td>
<div id="Saucelabs.TestSuite2.verifyAlertTextTest0error" style="display:none;">
<div>
<pre>org.openqa.selenium.SessionNotCreatedException: 
errorId: a0844c6f-bb69-4429-b286-9138fe605704 - Unable to allocate device  within 900000ms or 3 tries. This can happen if there were no available devices within the time or your plan's max concurrent test run is not corresponding to your usage
Build info: version: 'unknown', revision: 'unknown', time: 'unknown'
System info: host: '5dde51a8fbfa', ip: '172.17.0.5', os.name: 'Linux', os.arch: 'amd64', os.version: '4.8.0-45-generic', java.version: '1.8.0_131'
Driver info: driver.version: unknown
Command duration or timeout: 908.46 seconds
Caused by: org.openqa.selenium.SessionNotCreatedException: 
errorId: a0844c6f-bb69-4429-b286-9138fe605704 - Unable to allocate device  within 900000ms or 3 tries. This can happen if there were no available devices within the time or your plan's max concurrent test run is not corresponding to your usage
Build info: version: 'unknown', revision: 'unknown', time: 'unknown'
System info: host: '5dde51a8fbfa', ip: '172.17.0.5', os.name: 'Linux', os.arch: 'amd64', os.version: '4.8.0-45-generic', java.version: '1.8.0_131'
Driver info: driver.version: unknown
Build info: version: '3.4.0', revision: 'unknown', time: 'unknown'
System info: host: 'JYOTHIN-MBP.local', ip: 'fe80:0:0:0:c6b3:1ff:fec2:cb65%en0', os.name: 'Mac OS X', os.arch: 'x86_64', os.version: '10.11.6', java.version: '1.8.0_131'
Driver info: driver.version: unknown</pre></div></div></td>
<td></td></tr>
<tr class="b">
<td><a href="#Saucelabs.TestSuite2.verifyContextClickElementTest0"><img src="images/icon_error_sml.gif" alt="" /></a></td>
<td><a name="TC_Saucelabs.TestSuite2.verifyContextClickElementTest0"></a><a href="#Saucelabs.TestSuite2.verifyContextClickElementTest0">verifyContextClickElementTest[0]</a>
<div class="detailToggle" style="display:inline"><a href="javascript:toggleDisplay(&apos;Saucelabs.TestSuite2.verifyContextClickElementTest0&apos;);"><span style="display:inline;" id="Saucelabs.TestSuite2.verifyContextClickElementTest0off"> + </span><span style="display:none;" id="Saucelabs.TestSuite2.verifyContextClickElementTest0on"> - </span>[ Detail ]</a></div></td>
<td>729.428</td></tr>
<tr class="a">
<td></td>
<td>Method has not yet been implemented (WARNING: The server did not provide any stacktrace information)
Command duration or timeout: 268 milliseconds
Build info: version: '3.4.0', revision: 'unknown', time: 'unknown'
System info: host: 'JYOTHIN-MBP.local', ip: 'fe80:0:0:0:c6b3:1ff:fec2:cb65%en0', os.name: 'Mac OS X', os.arch: 'x86_64', os.version: '10.11.6', java.version: '1.8.0_131'
Driver info: org.openqa.selenium.remote.RemoteWebDriver
Capabilities [{testobject_user_id=utsavraja, testobject_platform_name=iOS, testobject_test_report_url=https://app.testobject.com/#/utsavraja/testendpoint/appium/executions/628, testobjectApiKey=C118D66142464D22BADE2E618CB527DF, loggingPrefs={browser=ALL}, testobject_suite_name=B-1.8, xcodeConfigFile=$HOME/work/testobject.xcconfig, testobject_device_session_id=38b685be-a662-4e6f-8c82-5e63086eaf22, deviceName=94e8af9b8abd844e5297e98ab00024ea84db2144, platform=UNIX, webDriverAgentUrl=http://127.0.0.1:5725, testobject_test_report_id=628.0, webStorageEnabled=false, testobject_platform_version=10.0, automationName=XCUITest, browserName=safari, takesScreenshot=true, javascriptEnabled=true, platformName=iOS, recordScreenshots=false, udid=94e8af9b8abd844e5297e98ab00024ea84db2144, networkConnectionEnabled=false, testobject_test_name=verifyContextClickElementTest[0], testobject_device=iPhone 7 32GB, databaseEnabled=false, testobject_project_id=testendpoint, version=, build=B-1.8, locationContextEnabled=false, name=verifyContextClickElementTest[0], keychainPath=$HOME/work/testobject.keychain, testobject_api_key=C118D66142464D22BADE2E618CB527DF, keychainPassword=password, testobject_test_live_view_url=https://app.testobject.com/#/utsavraja/testendpoint/appium/view/628?dc=EU}]
Session ID: 89962da4-43aa-4b4e-ac56-0355ad034b8e</td>
<td></td></tr>
<tr class="b">
<td></td>
<td>
<div id="Saucelabs.TestSuite2.verifyContextClickElementTest0error" style="display:none;">
<div>
<pre>org.openqa.selenium.WebDriverException: 
Method has not yet been implemented (WARNING: The server did not provide any stacktrace information)
Command duration or timeout: 268 milliseconds
Build info: version: '3.4.0', revision: 'unknown', time: 'unknown'
System info: host: 'JYOTHIN-MBP.local', ip: 'fe80:0:0:0:c6b3:1ff:fec2:cb65%en0', os.name: 'Mac OS X', os.arch: 'x86_64', os.version: '10.11.6', java.version: '1.8.0_131'
Driver info: org.openqa.selenium.remote.RemoteWebDriver
Capabilities [{testobject_user_id=utsavraja, testobject_platform_name=iOS, testobject_test_report_url=https://app.testobject.com/#/utsavraja/testendpoint/appium/executions/628, testobjectApiKey=C118D66142464D22BADE2E618CB527DF, loggingPrefs={browser=ALL}, testobject_suite_name=B-1.8, xcodeConfigFile=$HOME/work/testobject.xcconfig, testobject_device_session_id=38b685be-a662-4e6f-8c82-5e63086eaf22, deviceName=94e8af9b8abd844e5297e98ab00024ea84db2144, platform=UNIX, webDriverAgentUrl=http://127.0.0.1:5725, testobject_test_report_id=628.0, webStorageEnabled=false, testobject_platform_version=10.0, automationName=XCUITest, browserName=safari, takesScreenshot=true, javascriptEnabled=true, platformName=iOS, recordScreenshots=false, udid=94e8af9b8abd844e5297e98ab00024ea84db2144, networkConnectionEnabled=false, testobject_test_name=verifyContextClickElementTest[0], testobject_device=iPhone 7 32GB, databaseEnabled=false, testobject_project_id=testendpoint, version=, build=B-1.8, locationContextEnabled=false, name=verifyContextClickElementTest[0], keychainPath=$HOME/work/testobject.keychain, testobject_api_key=C118D66142464D22BADE2E618CB527DF, keychainPassword=password, testobject_test_live_view_url=https://app.testobject.com/#/utsavraja/testendpoint/appium/view/628?dc=EU}]
Session ID: 89962da4-43aa-4b4e-ac56-0355ad034b8e
	at Saucelabs.TestSuite2.verifyContextClickElementTest(TestSuite2.java:680)</pre></div></div></td>
<td></td></tr>
<tr class="a">
<td><a href="#Saucelabs.TestSuite2.verifyTitleTest0"><img src="images/icon_error_sml.gif" alt="" /></a></td>
<td><a name="TC_Saucelabs.TestSuite2.verifyTitleTest0"></a><a href="#Saucelabs.TestSuite2.verifyTitleTest0">verifyTitleTest[0]</a>
<div class="detailToggle" style="display:inline"><a href="javascript:toggleDisplay(&apos;Saucelabs.TestSuite2.verifyTitleTest0&apos;);"><span style="display:inline;" id="Saucelabs.TestSuite2.verifyTitleTest0off"> + </span><span style="display:none;" id="Saucelabs.TestSuite2.verifyTitleTest0on"> - </span>[ Detail ]</a></div></td>
<td>1,367.199</td></tr>
<tr class="b">
<td></td>
<td>errorId: b8fd863c-359e-48b2-826f-2bd02ec0aeab - Unable to allocate device iPhone_7_32GB_10_real within 900000ms or 3 tries. This can happen if there were no available devices within the time or your plan's max concurrent test run is not corresponding to your usage
Build info: version: 'unknown', revision: 'unknown', time: 'unknown'
System info: host: '5dde51a8fbfa', ip: '172.17.0.5', os.name: 'Linux', os.arch: 'amd64', os.version: '4.8.0-45-generic', java.version: '1.8.0_131'
Driver info: driver.version: unknown
Command duration or timeout: 1367.16 seconds</td>
<td></td></tr>
<tr class="a">
<td></td>
<td>
<div id="Saucelabs.TestSuite2.verifyTitleTest0error" style="display:none;">
<div>
<pre>org.openqa.selenium.SessionNotCreatedException: 
errorId: b8fd863c-359e-48b2-826f-2bd02ec0aeab - Unable to allocate device iPhone_7_32GB_10_real within 900000ms or 3 tries. This can happen if there were no available devices within the time or your plan's max concurrent test run is not corresponding to your usage
Build info: version: 'unknown', revision: 'unknown', time: 'unknown'
System info: host: '5dde51a8fbfa', ip: '172.17.0.5', os.name: 'Linux', os.arch: 'amd64', os.version: '4.8.0-45-generic', java.version: '1.8.0_131'
Driver info: driver.version: unknown
Command duration or timeout: 1367.16 seconds
Caused by: org.openqa.selenium.SessionNotCreatedException: 
errorId: b8fd863c-359e-48b2-826f-2bd02ec0aeab - Unable to allocate device iPhone_7_32GB_10_real within 900000ms or 3 tries. This can happen if there were no available devices within the time or your plan's max concurrent test run is not corresponding to your usage
Build info: version: 'unknown', revision: 'unknown', time: 'unknown'
System info: host: '5dde51a8fbfa', ip: '172.17.0.5', os.name: 'Linux', os.arch: 'amd64', os.version: '4.8.0-45-generic', java.version: '1.8.0_131'
Driver info: driver.version: unknown
Build info: version: '3.4.0', revision: 'unknown', time: 'unknown'
System info: host: 'JYOTHIN-MBP.local', ip: 'fe80:0:0:0:c6b3:1ff:fec2:cb65%en0', os.name: 'Mac OS X', os.arch: 'x86_64', os.version: '10.11.6', java.version: '1.8.0_131'
Driver info: driver.version: unknown</pre></div></div></td>
<td></td></tr>
<tr class="b">
<td><a href="#Saucelabs.TestSuite2.verifyDragAndDropTest0"><img src="images/icon_error_sml.gif" alt="" /></a></td>
<td><a name="TC_Saucelabs.TestSuite2.verifyDragAndDropTest0"></a><a href="#Saucelabs.TestSuite2.verifyDragAndDropTest0">verifyDragAndDropTest[0]</a>
<div class="detailToggle" style="display:inline"><a href="javascript:toggleDisplay(&apos;Saucelabs.TestSuite2.verifyDragAndDropTest0&apos;);"><span style="display:inline;" id="Saucelabs.TestSuite2.verifyDragAndDropTest0off"> + </span><span style="display:none;" id="Saucelabs.TestSuite2.verifyDragAndDropTest0on"> - </span>[ Detail ]</a></div></td>
<td>612.958</td></tr>
<tr class="a">
<td></td>
<td>Unhandled endpoint: /session/8816AE1F-423A-4B56-9032-16FD5911749D/buttondown -- http://127.0.0.1:5726/ with parameters {
    wildcards =     (
        &quot;session/8816AE1F-423A-4B56-9032-16FD5911749D/buttondown&quot;
    );
}
Command duration or timeout: 270 milliseconds
Build info: version: '3.4.0', revision: 'unknown', time: 'unknown'
System info: host: 'JYOTHIN-MBP.local', ip: 'fe80:0:0:0:c6b3:1ff:fec2:cb65%en0', os.name: 'Mac OS X', os.arch: 'x86_64', os.version: '10.11.6', java.version: '1.8.0_131'
Driver info: org.openqa.selenium.remote.RemoteWebDriver
Capabilities [{testobject_user_id=utsavraja, testobject_platform_name=iOS, testobject_test_report_url=https://app.testobject.com/#/utsavraja/testendpoint/appium/executions/632, testobjectApiKey=C118D66142464D22BADE2E618CB527DF, loggingPrefs={browser=ALL}, testobject_suite_name=B-1.8, xcodeConfigFile=$HOME/work/testobject.xcconfig, testobject_device_session_id=9f9cadcd-0357-49ec-9d66-c7845186b399, deviceName=a540db4273454207842a0a336b2e30e31d16d15c, platform=UNIX, webDriverAgentUrl=http://127.0.0.1:5726, testobject_test_report_id=632.0, webStorageEnabled=false, testobject_platform_version=10.0, automationName=XCUITest, browserName=safari, takesScreenshot=true, javascriptEnabled=true, platformName=iOS, recordScreenshots=false, udid=a540db4273454207842a0a336b2e30e31d16d15c, networkConnectionEnabled=false, testobject_test_name=verifyDragAndDropTest[0], testobject_device=iPhone 7 32GB, databaseEnabled=false, testobject_project_id=testendpoint, version=, build=B-1.8, locationContextEnabled=false, name=verifyDragAndDropTest[0], keychainPath=$HOME/work/testobject.keychain, testobject_api_key=C118D66142464D22BADE2E618CB527DF, keychainPassword=password, testobject_test_live_view_url=https://app.testobject.com/#/utsavraja/testendpoint/appium/view/632?dc=EU}]
Session ID: 5cf11f05-e44e-4871-81c0-ca847b71c653</td>
<td></td></tr>
<tr class="b">
<td></td>
<td>
<div id="Saucelabs.TestSuite2.verifyDragAndDropTest0error" style="display:none;">
<div>
<pre>org.openqa.selenium.WebDriverException: 
Unhandled endpoint: /session/8816AE1F-423A-4B56-9032-16FD5911749D/buttondown -- http://127.0.0.1:5726/ with parameters {
    wildcards =     (
        &quot;session/8816AE1F-423A-4B56-9032-16FD5911749D/buttondown&quot;
    );
}
Command duration or timeout: 270 milliseconds
Build info: version: '3.4.0', revision: 'unknown', time: 'unknown'
System info: host: 'JYOTHIN-MBP.local', ip: 'fe80:0:0:0:c6b3:1ff:fec2:cb65%en0', os.name: 'Mac OS X', os.arch: 'x86_64', os.version: '10.11.6', java.version: '1.8.0_131'
Driver info: org.openqa.selenium.remote.RemoteWebDriver
Capabilities [{testobject_user_id=utsavraja, testobject_platform_name=iOS, testobject_test_report_url=https://app.testobject.com/#/utsavraja/testendpoint/appium/executions/632, testobjectApiKey=C118D66142464D22BADE2E618CB527DF, loggingPrefs={browser=ALL}, testobject_suite_name=B-1.8, xcodeConfigFile=$HOME/work/testobject.xcconfig, testobject_device_session_id=9f9cadcd-0357-49ec-9d66-c7845186b399, deviceName=a540db4273454207842a0a336b2e30e31d16d15c, platform=UNIX, webDriverAgentUrl=http://127.0.0.1:5726, testobject_test_report_id=632.0, webStorageEnabled=false, testobject_platform_version=10.0, automationName=XCUITest, browserName=safari, takesScreenshot=true, javascriptEnabled=true, platformName=iOS, recordScreenshots=false, udid=a540db4273454207842a0a336b2e30e31d16d15c, networkConnectionEnabled=false, testobject_test_name=verifyDragAndDropTest[0], testobject_device=iPhone 7 32GB, databaseEnabled=false, testobject_project_id=testendpoint, version=, build=B-1.8, locationContextEnabled=false, name=verifyDragAndDropTest[0], keychainPath=$HOME/work/testobject.keychain, testobject_api_key=C118D66142464D22BADE2E618CB527DF, keychainPassword=password, testobject_test_live_view_url=https://app.testobject.com/#/utsavraja/testendpoint/appium/view/632?dc=EU}]
Session ID: 5cf11f05-e44e-4871-81c0-ca847b71c653
	at Saucelabs.TestSuite2.verifyDragAndDropTest(TestSuite2.java:650)</pre></div></div></td>
<td></td></tr>
<tr class="a">
<td><img src="images/icon_success_sml.gif" alt="" /></td>
<td><a name="TC_Saucelabs.TestSuite2.verifySwitchToFrameTest0"></a>verifySwitchToFrameTest[0]</td>
<td>389.167</td></tr>
<tr class="b">
<td><a href="#Saucelabs.TestSuite2.verifyClickAndHoldAndReleaseTest0"><img src="images/icon_error_sml.gif" alt="" /></a></td>
<td><a name="TC_Saucelabs.TestSuite2.verifyClickAndHoldAndReleaseTest0"></a><a href="#Saucelabs.TestSuite2.verifyClickAndHoldAndReleaseTest0">verifyClickAndHoldAndReleaseTest[0]</a>
<div class="detailToggle" style="display:inline"><a href="javascript:toggleDisplay(&apos;Saucelabs.TestSuite2.verifyClickAndHoldAndReleaseTest0&apos;);"><span style="display:inline;" id="Saucelabs.TestSuite2.verifyClickAndHoldAndReleaseTest0off"> + </span><span style="display:none;" id="Saucelabs.TestSuite2.verifyClickAndHoldAndReleaseTest0on"> - </span>[ Detail ]</a></div></td>
<td>908.686</td></tr>
<tr class="a">
<td></td>
<td>errorId: b2d65fa8-0fd4-4044-99a5-518d9fcd2141 - Unable to allocate device  within 900000ms or 3 tries. This can happen if there were no available devices within the time or your plan's max concurrent test run is not corresponding to your usage
Build info: version: 'unknown', revision: 'unknown', time: 'unknown'
System info: host: '5dde51a8fbfa', ip: '172.17.0.5', os.name: 'Linux', os.arch: 'amd64', os.version: '4.8.0-45-generic', java.version: '1.8.0_131'
Driver info: driver.version: unknown
Command duration or timeout: 908.66 seconds</td>
<td></td></tr>
<tr class="b">
<td></td>
<td>
<div id="Saucelabs.TestSuite2.verifyClickAndHoldAndReleaseTest0error" style="display:none;">
<div>
<pre>org.openqa.selenium.SessionNotCreatedException: 
errorId: b2d65fa8-0fd4-4044-99a5-518d9fcd2141 - Unable to allocate device  within 900000ms or 3 tries. This can happen if there were no available devices within the time or your plan's max concurrent test run is not corresponding to your usage
Build info: version: 'unknown', revision: 'unknown', time: 'unknown'
System info: host: '5dde51a8fbfa', ip: '172.17.0.5', os.name: 'Linux', os.arch: 'amd64', os.version: '4.8.0-45-generic', java.version: '1.8.0_131'
Driver info: driver.version: unknown
Command duration or timeout: 908.66 seconds
Caused by: org.openqa.selenium.SessionNotCreatedException: 
errorId: b2d65fa8-0fd4-4044-99a5-518d9fcd2141 - Unable to allocate device  within 900000ms or 3 tries. This can happen if there were no available devices within the time or your plan's max concurrent test run is not corresponding to your usage
Build info: version: 'unknown', revision: 'unknown', time: 'unknown'
System info: host: '5dde51a8fbfa', ip: '172.17.0.5', os.name: 'Linux', os.arch: 'amd64', os.version: '4.8.0-45-generic', java.version: '1.8.0_131'
Driver info: driver.version: unknown
Build info: version: '3.4.0', revision: 'unknown', time: 'unknown'
System info: host: 'JYOTHIN-MBP.local', ip: 'fe80:0:0:0:c6b3:1ff:fec2:cb65%en0', os.name: 'Mac OS X', os.arch: 'x86_64', os.version: '10.11.6', java.version: '1.8.0_131'
Driver info: driver.version: unknown</pre></div></div></td>
<td></td></tr>
<tr class="a">
<td><a href="#Saucelabs.TestSuite2.verifySendKeysTest0"><img src="images/icon_error_sml.gif" alt="" /></a></td>
<td><a name="TC_Saucelabs.TestSuite2.verifySendKeysTest0"></a><a href="#Saucelabs.TestSuite2.verifySendKeysTest0">verifySendKeysTest[0]</a>
<div class="detailToggle" style="display:inline"><a href="javascript:toggleDisplay(&apos;Saucelabs.TestSuite2.verifySendKeysTest0&apos;);"><span style="display:inline;" id="Saucelabs.TestSuite2.verifySendKeysTest0off"> + </span><span style="display:none;" id="Saucelabs.TestSuite2.verifySendKeysTest0on"> - </span>[ Detail ]</a></div></td>
<td>1,309.925</td></tr>
<tr class="b">
<td></td>
<td>errorId: abcb8890-987b-4432-ba37-aeb00ac5dec8 - Unable to allocate device iPhone_7_32GB_10_real within 900000ms or 3 tries. This can happen if there were no available devices within the time or your plan's max concurrent test run is not corresponding to your usage
Build info: version: 'unknown', revision: 'unknown', time: 'unknown'
System info: host: '5dde51a8fbfa', ip: '172.17.0.5', os.name: 'Linux', os.arch: 'amd64', os.version: '4.8.0-45-generic', java.version: '1.8.0_131'
Driver info: driver.version: unknown
Command duration or timeout: 1309.92 seconds</td>
<td></td></tr>
<tr class="a">
<td></td>
<td>
<div id="Saucelabs.TestSuite2.verifySendKeysTest0error" style="display:none;">
<div>
<pre>org.openqa.selenium.SessionNotCreatedException: 
errorId: abcb8890-987b-4432-ba37-aeb00ac5dec8 - Unable to allocate device iPhone_7_32GB_10_real within 900000ms or 3 tries. This can happen if there were no available devices within the time or your plan's max concurrent test run is not corresponding to your usage
Build info: version: 'unknown', revision: 'unknown', time: 'unknown'
System info: host: '5dde51a8fbfa', ip: '172.17.0.5', os.name: 'Linux', os.arch: 'amd64', os.version: '4.8.0-45-generic', java.version: '1.8.0_131'
Driver info: driver.version: unknown
Command duration or timeout: 1309.92 seconds
Caused by: org.openqa.selenium.SessionNotCreatedException: 
errorId: abcb8890-987b-4432-ba37-aeb00ac5dec8 - Unable to allocate device iPhone_7_32GB_10_real within 900000ms or 3 tries. This can happen if there were no available devices within the time or your plan's max concurrent test run is not corresponding to your usage
Build info: version: 'unknown', revision: 'unknown', time: 'unknown'
System info: host: '5dde51a8fbfa', ip: '172.17.0.5', os.name: 'Linux', os.arch: 'amd64', os.version: '4.8.0-45-generic', java.version: '1.8.0_131'
Driver info: driver.version: unknown
Build info: version: '3.4.0', revision: 'unknown', time: 'unknown'
System info: host: 'JYOTHIN-MBP.local', ip: 'fe80:0:0:0:c6b3:1ff:fec2:cb65%en0', os.name: 'Mac OS X', os.arch: 'x86_64', os.version: '10.11.6', java.version: '1.8.0_131'
Driver info: driver.version: unknown</pre></div></div></td>
<td></td></tr>
<tr class="b">
<td><a href="#Saucelabs.TestSuite2.verifyActionMoveToClickTest0"><img src="images/icon_error_sml.gif" alt="" /></a></td>
<td><a name="TC_Saucelabs.TestSuite2.verifyActionMoveToClickTest0"></a><a href="#Saucelabs.TestSuite2.verifyActionMoveToClickTest0">verifyActionMoveToClickTest[0]</a>
<div class="detailToggle" style="display:inline"><a href="javascript:toggleDisplay(&apos;Saucelabs.TestSuite2.verifyActionMoveToClickTest0&apos;);"><span style="display:inline;" id="Saucelabs.TestSuite2.verifyActionMoveToClickTest0off"> + </span><span style="display:none;" id="Saucelabs.TestSuite2.verifyActionMoveToClickTest0on"> - </span>[ Detail ]</a></div></td>
<td>907.698</td></tr>
<tr class="a">
<td></td>
<td>errorId: 1ca09759-99d0-45f3-8e22-d190522f5f9a - Unable to allocate device  within 900000ms or 3 tries. This can happen if there were no available devices within the time or your plan's max concurrent test run is not corresponding to your usage
Build info: version: 'unknown', revision: 'unknown', time: 'unknown'
System info: host: '5dde51a8fbfa', ip: '172.17.0.5', os.name: 'Linux', os.arch: 'amd64', os.version: '4.8.0-45-generic', java.version: '1.8.0_131'
Driver info: driver.version: unknown
Command duration or timeout: 907.69 seconds</td>
<td></td></tr>
<tr class="b">
<td></td>
<td>
<div id="Saucelabs.TestSuite2.verifyActionMoveToClickTest0error" style="display:none;">
<div>
<pre>org.openqa.selenium.SessionNotCreatedException: 
errorId: 1ca09759-99d0-45f3-8e22-d190522f5f9a - Unable to allocate device  within 900000ms or 3 tries. This can happen if there were no available devices within the time or your plan's max concurrent test run is not corresponding to your usage
Build info: version: 'unknown', revision: 'unknown', time: 'unknown'
System info: host: '5dde51a8fbfa', ip: '172.17.0.5', os.name: 'Linux', os.arch: 'amd64', os.version: '4.8.0-45-generic', java.version: '1.8.0_131'
Driver info: driver.version: unknown
Command duration or timeout: 907.69 seconds
Caused by: org.openqa.selenium.SessionNotCreatedException: 
errorId: 1ca09759-99d0-45f3-8e22-d190522f5f9a - Unable to allocate device  within 900000ms or 3 tries. This can happen if there were no available devices within the time or your plan's max concurrent test run is not corresponding to your usage
Build info: version: 'unknown', revision: 'unknown', time: 'unknown'
System info: host: '5dde51a8fbfa', ip: '172.17.0.5', os.name: 'Linux', os.arch: 'amd64', os.version: '4.8.0-45-generic', java.version: '1.8.0_131'
Driver info: driver.version: unknown
Build info: version: '3.4.0', revision: 'unknown', time: 'unknown'
System info: host: 'JYOTHIN-MBP.local', ip: 'fe80:0:0:0:c6b3:1ff:fec2:cb65%en0', os.name: 'Mac OS X', os.arch: 'x86_64', os.version: '10.11.6', java.version: '1.8.0_131'
Driver info: driver.version: unknown</pre></div></div></td>
<td></td></tr>
<tr class="a">
<td><a href="#Saucelabs.TestSuite2.verifyControlKeyDownTest0"><img src="images/icon_error_sml.gif" alt="" /></a></td>
<td><a name="TC_Saucelabs.TestSuite2.verifyControlKeyDownTest0"></a><a href="#Saucelabs.TestSuite2.verifyControlKeyDownTest0">verifyControlKeyDownTest[0]</a>
<div class="detailToggle" style="display:inline"><a href="javascript:toggleDisplay(&apos;Saucelabs.TestSuite2.verifyControlKeyDownTest0&apos;);"><span style="display:inline;" id="Saucelabs.TestSuite2.verifyControlKeyDownTest0off"> + </span><span style="display:none;" id="Saucelabs.TestSuite2.verifyControlKeyDownTest0on"> - </span>[ Detail ]</a></div></td>
<td>1,023.739</td></tr>
<tr class="b">
<td></td>
<td>An unknown server-side error occurred while processing the command. Original error: Error Domain=com.facebook.WebDriverAgent Code=1 &quot;Keyboard is not present&quot; UserInfo={NSLocalizedDescription=Keyboard is not present} (WARNING: The server did not provide any stacktrace information)
Command duration or timeout: 5.37 seconds
Build info: version: '3.4.0', revision: 'unknown', time: 'unknown'
System info: host: 'JYOTHIN-MBP.local', ip: 'fe80:0:0:0:c6b3:1ff:fec2:cb65%en0', os.name: 'Mac OS X', os.arch: 'x86_64', os.version: '10.11.6', java.version: '1.8.0_131'
Driver info: org.openqa.selenium.remote.RemoteWebDriver
Capabilities [{testobject_user_id=utsavraja, testobject_platform_name=iOS, testobject_test_report_url=https://app.testobject.com/#/utsavraja/testendpoint/appium/executions/644, testobjectApiKey=C118D66142464D22BADE2E618CB527DF, loggingPrefs={browser=ALL}, testobject_suite_name=B-1.8, xcodeConfigFile=$HOME/work/testobject.xcconfig, testobject_device_session_id=6c07b880-601d-486d-b9fe-ff90aea22e71, deviceName=94e8af9b8abd844e5297e98ab00024ea84db2144, platform=UNIX, webDriverAgentUrl=http://127.0.0.1:5725, testobject_test_report_id=644.0, webStorageEnabled=false, testobject_platform_version=10.0, automationName=XCUITest, browserName=safari, takesScreenshot=true, javascriptEnabled=true, platformName=iOS, recordScreenshots=false, udid=94e8af9b8abd844e5297e98ab00024ea84db2144, networkConnectionEnabled=false, testobject_test_name=verifyControlKeyDownTest[0], testobject_device=iPhone 7 32GB, databaseEnabled=false, testobject_project_id=testendpoint, version=, build=B-1.8, locationContextEnabled=false, name=verifyControlKeyDownTest[0], keychainPath=$HOME/work/testobject.keychain, testobject_api_key=C118D66142464D22BADE2E618CB527DF, keychainPassword=password, testobject_test_live_view_url=https://app.testobject.com/#/utsavraja/testendpoint/appium/view/644?dc=EU}]
Session ID: dad996ba-85b7-4bad-8da9-98d664f6f912</td>
<td></td></tr>
<tr class="a">
<td></td>
<td>
<div id="Saucelabs.TestSuite2.verifyControlKeyDownTest0error" style="display:none;">
<div>
<pre>org.openqa.selenium.WebDriverException: 
An unknown server-side error occurred while processing the command. Original error: Error Domain=com.facebook.WebDriverAgent Code=1 &quot;Keyboard is not present&quot; UserInfo={NSLocalizedDescription=Keyboard is not present} (WARNING: The server did not provide any stacktrace information)
Command duration or timeout: 5.37 seconds
Build info: version: '3.4.0', revision: 'unknown', time: 'unknown'
System info: host: 'JYOTHIN-MBP.local', ip: 'fe80:0:0:0:c6b3:1ff:fec2:cb65%en0', os.name: 'Mac OS X', os.arch: 'x86_64', os.version: '10.11.6', java.version: '1.8.0_131'
Driver info: org.openqa.selenium.remote.RemoteWebDriver
Capabilities [{testobject_user_id=utsavraja, testobject_platform_name=iOS, testobject_test_report_url=https://app.testobject.com/#/utsavraja/testendpoint/appium/executions/644, testobjectApiKey=C118D66142464D22BADE2E618CB527DF, loggingPrefs={browser=ALL}, testobject_suite_name=B-1.8, xcodeConfigFile=$HOME/work/testobject.xcconfig, testobject_device_session_id=6c07b880-601d-486d-b9fe-ff90aea22e71, deviceName=94e8af9b8abd844e5297e98ab00024ea84db2144, platform=UNIX, webDriverAgentUrl=http://127.0.0.1:5725, testobject_test_report_id=644.0, webStorageEnabled=false, testobject_platform_version=10.0, automationName=XCUITest, browserName=safari, takesScreenshot=true, javascriptEnabled=true, platformName=iOS, recordScreenshots=false, udid=94e8af9b8abd844e5297e98ab00024ea84db2144, networkConnectionEnabled=false, testobject_test_name=verifyControlKeyDownTest[0], testobject_device=iPhone 7 32GB, databaseEnabled=false, testobject_project_id=testendpoint, version=, build=B-1.8, locationContextEnabled=false, name=verifyControlKeyDownTest[0], keychainPath=$HOME/work/testobject.keychain, testobject_api_key=C118D66142464D22BADE2E618CB527DF, keychainPassword=password, testobject_test_live_view_url=https://app.testobject.com/#/utsavraja/testendpoint/appium/view/644?dc=EU}]
Session ID: dad996ba-85b7-4bad-8da9-98d664f6f912
	at Saucelabs.TestSuite2.verifyControlKeyDownTest(TestSuite2.java:1036)</pre></div></div></td>
<td></td></tr>
<tr class="b">
<td><a href="#Saucelabs.TestSuite2.verifyWindowPositionTest0"><img src="images/icon_error_sml.gif" alt="" /></a></td>
<td><a name="TC_Saucelabs.TestSuite2.verifyWindowPositionTest0"></a><a href="#Saucelabs.TestSuite2.verifyWindowPositionTest0">verifyWindowPositionTest[0]</a>
<div class="detailToggle" style="display:inline"><a href="javascript:toggleDisplay(&apos;Saucelabs.TestSuite2.verifyWindowPositionTest0&apos;);"><span style="display:inline;" id="Saucelabs.TestSuite2.verifyWindowPositionTest0off"> + </span><span style="display:none;" id="Saucelabs.TestSuite2.verifyWindowPositionTest0on"> - </span>[ Detail ]</a></div></td>
<td>1,208.501</td></tr>
<tr class="a">
<td></td>
<td>Method is not implemented (WARNING: The server did not provide any stacktrace information)
Command duration or timeout: 195 milliseconds
Build info: version: '3.4.0', revision: 'unknown', time: 'unknown'
System info: host: 'JYOTHIN-MBP.local', ip: 'fe80:0:0:0:c6b3:1ff:fec2:cb65%en0', os.name: 'Mac OS X', os.arch: 'x86_64', os.version: '10.11.6', java.version: '1.8.0_131'
Driver info: org.openqa.selenium.remote.RemoteWebDriver
Capabilities [{testobject_user_id=utsavraja, testobject_platform_name=iOS, testobject_test_report_url=https://app.testobject.com/#/utsavraja/testendpoint/appium/executions/645, testobjectApiKey=C118D66142464D22BADE2E618CB527DF, loggingPrefs={browser=ALL}, testobject_suite_name=B-1.8, xcodeConfigFile=$HOME/work/testobject.xcconfig, testobject_device_session_id=e586c023-8334-4efd-acb7-d9dadc1a9e32, deviceName=a540db4273454207842a0a336b2e30e31d16d15c, platform=UNIX, webDriverAgentUrl=http://127.0.0.1:5726, testobject_test_report_id=645.0, webStorageEnabled=false, testobject_platform_version=10.0, automationName=XCUITest, browserName=safari, takesScreenshot=true, javascriptEnabled=true, platformName=iOS, recordScreenshots=false, udid=a540db4273454207842a0a336b2e30e31d16d15c, networkConnectionEnabled=false, testobject_test_name=verifyWindowPositionTest[0], testobject_device=iPhone 7 32GB, databaseEnabled=false, testobject_project_id=testendpoint, version=, build=B-1.8, locationContextEnabled=false, name=verifyWindowPositionTest[0], keychainPath=$HOME/work/testobject.keychain, testobject_api_key=C118D66142464D22BADE2E618CB527DF, keychainPassword=password, testobject_test_live_view_url=https://app.testobject.com/#/utsavraja/testendpoint/appium/view/645?dc=EU}]
Session ID: dd392298-d3fe-4c80-8ad2-59d85c000f91</td>
<td></td></tr>
<tr class="b">
<td></td>
<td>
<div id="Saucelabs.TestSuite2.verifyWindowPositionTest0error" style="display:none;">
<div>
<pre>org.openqa.selenium.WebDriverException: 
Method is not implemented (WARNING: The server did not provide any stacktrace information)
Command duration or timeout: 195 milliseconds
Build info: version: '3.4.0', revision: 'unknown', time: 'unknown'
System info: host: 'JYOTHIN-MBP.local', ip: 'fe80:0:0:0:c6b3:1ff:fec2:cb65%en0', os.name: 'Mac OS X', os.arch: 'x86_64', os.version: '10.11.6', java.version: '1.8.0_131'
Driver info: org.openqa.selenium.remote.RemoteWebDriver
Capabilities [{testobject_user_id=utsavraja, testobject_platform_name=iOS, testobject_test_report_url=https://app.testobject.com/#/utsavraja/testendpoint/appium/executions/645, testobjectApiKey=C118D66142464D22BADE2E618CB527DF, loggingPrefs={browser=ALL}, testobject_suite_name=B-1.8, xcodeConfigFile=$HOME/work/testobject.xcconfig, testobject_device_session_id=e586c023-8334-4efd-acb7-d9dadc1a9e32, deviceName=a540db4273454207842a0a336b2e30e31d16d15c, platform=UNIX, webDriverAgentUrl=http://127.0.0.1:5726, testobject_test_report_id=645.0, webStorageEnabled=false, testobject_platform_version=10.0, automationName=XCUITest, browserName=safari, takesScreenshot=true, javascriptEnabled=true, platformName=iOS, recordScreenshots=false, udid=a540db4273454207842a0a336b2e30e31d16d15c, networkConnectionEnabled=false, testobject_test_name=verifyWindowPositionTest[0], testobject_device=iPhone 7 32GB, databaseEnabled=false, testobject_project_id=testendpoint, version=, build=B-1.8, locationContextEnabled=false, name=verifyWindowPositionTest[0], keychainPath=$HOME/work/testobject.keychain, testobject_api_key=C118D66142464D22BADE2E618CB527DF, keychainPassword=password, testobject_test_live_view_url=https://app.testobject.com/#/utsavraja/testendpoint/appium/view/645?dc=EU}]
Session ID: dd392298-d3fe-4c80-8ad2-59d85c000f91
	at Saucelabs.TestSuite2.verifyWindowPositionTest(TestSuite2.java:500)</pre></div></div></td>
<td></td></tr>
<tr class="a">
<td><a href="#Saucelabs.TestSuite2.verifyHoldAndReleaseTest0"><img src="images/icon_error_sml.gif" alt="" /></a></td>
<td><a name="TC_Saucelabs.TestSuite2.verifyHoldAndReleaseTest0"></a><a href="#Saucelabs.TestSuite2.verifyHoldAndReleaseTest0">verifyHoldAndReleaseTest[0]</a>
<div class="detailToggle" style="display:inline"><a href="javascript:toggleDisplay(&apos;Saucelabs.TestSuite2.verifyHoldAndReleaseTest0&apos;);"><span style="display:inline;" id="Saucelabs.TestSuite2.verifyHoldAndReleaseTest0off"> + </span><span style="display:none;" id="Saucelabs.TestSuite2.verifyHoldAndReleaseTest0on"> - </span>[ Detail ]</a></div></td>
<td>1,599.908</td></tr>
<tr class="b">
<td></td>
<td>errorId: 98d46005-0312-472b-8410-69390d5a04ca - Unable to allocate device iPhone_7_32GB_10_real within 900000ms or 3 tries. This can happen if there were no available devices within the time or your plan's max concurrent test run is not corresponding to your usage
Build info: version: 'unknown', revision: 'unknown', time: 'unknown'
System info: host: '5dde51a8fbfa', ip: '172.17.0.5', os.name: 'Linux', os.arch: 'amd64', os.version: '4.8.0-45-generic', java.version: '1.8.0_131'
Driver info: driver.version: unknown
Command duration or timeout: 1599.90 seconds</td>
<td></td></tr>
<tr class="a">
<td></td>
<td>
<div id="Saucelabs.TestSuite2.verifyHoldAndReleaseTest0error" style="display:none;">
<div>
<pre>org.openqa.selenium.SessionNotCreatedException: 
errorId: 98d46005-0312-472b-8410-69390d5a04ca - Unable to allocate device iPhone_7_32GB_10_real within 900000ms or 3 tries. This can happen if there were no available devices within the time or your plan's max concurrent test run is not corresponding to your usage
Build info: version: 'unknown', revision: 'unknown', time: 'unknown'
System info: host: '5dde51a8fbfa', ip: '172.17.0.5', os.name: 'Linux', os.arch: 'amd64', os.version: '4.8.0-45-generic', java.version: '1.8.0_131'
Driver info: driver.version: unknown
Command duration or timeout: 1599.90 seconds
Caused by: org.openqa.selenium.SessionNotCreatedException: 
errorId: 98d46005-0312-472b-8410-69390d5a04ca - Unable to allocate device iPhone_7_32GB_10_real within 900000ms or 3 tries. This can happen if there were no available devices within the time or your plan's max concurrent test run is not corresponding to your usage
Build info: version: 'unknown', revision: 'unknown', time: 'unknown'
System info: host: '5dde51a8fbfa', ip: '172.17.0.5', os.name: 'Linux', os.arch: 'amd64', os.version: '4.8.0-45-generic', java.version: '1.8.0_131'
Driver info: driver.version: unknown
Build info: version: '3.4.0', revision: 'unknown', time: 'unknown'
System info: host: 'JYOTHIN-MBP.local', ip: 'fe80:0:0:0:c6b3:1ff:fec2:cb65%en0', os.name: 'Mac OS X', os.arch: 'x86_64', os.version: '10.11.6', java.version: '1.8.0_131'
Driver info: driver.version: unknown</pre></div></div></td>
<td></td></tr>
<tr class="b">
<td><a href="#Saucelabs.TestSuite2.verifyActionSendKeysTest0"><img src="images/icon_error_sml.gif" alt="" /></a></td>
<td><a name="TC_Saucelabs.TestSuite2.verifyActionSendKeysTest0"></a><a href="#Saucelabs.TestSuite2.verifyActionSendKeysTest0">verifyActionSendKeysTest[0]</a>
<div class="detailToggle" style="display:inline"><a href="javascript:toggleDisplay(&apos;Saucelabs.TestSuite2.verifyActionSendKeysTest0&apos;);"><span style="display:inline;" id="Saucelabs.TestSuite2.verifyActionSendKeysTest0off"> + </span><span style="display:none;" id="Saucelabs.TestSuite2.verifyActionSendKeysTest0on"> - </span>[ Detail ]</a></div></td>
<td>393.025</td></tr>
<tr class="a">
<td></td>
<td>Method has not yet been implemented (WARNING: The server did not provide any stacktrace information)
Command duration or timeout: 260 milliseconds
Build info: version: '3.4.0', revision: 'unknown', time: 'unknown'
System info: host: 'JYOTHIN-MBP.local', ip: 'fe80:0:0:0:c6b3:1ff:fec2:cb65%en0', os.name: 'Mac OS X', os.arch: 'x86_64', os.version: '10.11.6', java.version: '1.8.0_131'
Driver info: org.openqa.selenium.remote.RemoteWebDriver
Capabilities [{testobject_user_id=utsavraja, testobject_platform_name=iOS, testobject_test_report_url=https://app.testobject.com/#/utsavraja/testendpoint/appium/executions/647, testobjectApiKey=C118D66142464D22BADE2E618CB527DF, loggingPrefs={browser=ALL}, testobject_suite_name=B-1.8, xcodeConfigFile=$HOME/work/testobject.xcconfig, testobject_device_session_id=30fb34a7-6fb7-46b3-83cc-3b5a1f098e8f, deviceName=94e8af9b8abd844e5297e98ab00024ea84db2144, platform=UNIX, webDriverAgentUrl=http://127.0.0.1:5725, testobject_test_report_id=647.0, webStorageEnabled=false, testobject_platform_version=10.0, automationName=XCUITest, browserName=safari, takesScreenshot=true, javascriptEnabled=true, platformName=iOS, recordScreenshots=false, udid=94e8af9b8abd844e5297e98ab00024ea84db2144, networkConnectionEnabled=false, testobject_test_name=verifyActionSendKeysTest[0], testobject_device=iPhone 7 32GB, databaseEnabled=false, testobject_project_id=testendpoint, version=, build=B-1.8, locationContextEnabled=false, name=verifyActionSendKeysTest[0], keychainPath=$HOME/work/testobject.keychain, testobject_api_key=C118D66142464D22BADE2E618CB527DF, keychainPassword=password, testobject_test_live_view_url=https://app.testobject.com/#/utsavraja/testendpoint/appium/view/647?dc=EU}]
Session ID: 9fc55d94-c8c5-44e9-8670-52dc8a5756c2</td>
<td></td></tr>
<tr class="b">
<td></td>
<td>
<div id="Saucelabs.TestSuite2.verifyActionSendKeysTest0error" style="display:none;">
<div>
<pre>org.openqa.selenium.WebDriverException: 
Method has not yet been implemented (WARNING: The server did not provide any stacktrace information)
Command duration or timeout: 260 milliseconds
Build info: version: '3.4.0', revision: 'unknown', time: 'unknown'
System info: host: 'JYOTHIN-MBP.local', ip: 'fe80:0:0:0:c6b3:1ff:fec2:cb65%en0', os.name: 'Mac OS X', os.arch: 'x86_64', os.version: '10.11.6', java.version: '1.8.0_131'
Driver info: org.openqa.selenium.remote.RemoteWebDriver
Capabilities [{testobject_user_id=utsavraja, testobject_platform_name=iOS, testobject_test_report_url=https://app.testobject.com/#/utsavraja/testendpoint/appium/executions/647, testobjectApiKey=C118D66142464D22BADE2E618CB527DF, loggingPrefs={browser=ALL}, testobject_suite_name=B-1.8, xcodeConfigFile=$HOME/work/testobject.xcconfig, testobject_device_session_id=30fb34a7-6fb7-46b3-83cc-3b5a1f098e8f, deviceName=94e8af9b8abd844e5297e98ab00024ea84db2144, platform=UNIX, webDriverAgentUrl=http://127.0.0.1:5725, testobject_test_report_id=647.0, webStorageEnabled=false, testobject_platform_version=10.0, automationName=XCUITest, browserName=safari, takesScreenshot=true, javascriptEnabled=true, platformName=iOS, recordScreenshots=false, udid=94e8af9b8abd844e5297e98ab00024ea84db2144, networkConnectionEnabled=false, testobject_test_name=verifyActionSendKeysTest[0], testobject_device=iPhone 7 32GB, databaseEnabled=false, testobject_project_id=testendpoint, version=, build=B-1.8, locationContextEnabled=false, name=verifyActionSendKeysTest[0], keychainPath=$HOME/work/testobject.keychain, testobject_api_key=C118D66142464D22BADE2E618CB527DF, keychainPassword=password, testobject_test_live_view_url=https://app.testobject.com/#/utsavraja/testendpoint/appium/view/647?dc=EU}]
Session ID: 9fc55d94-c8c5-44e9-8670-52dc8a5756c2
	at Saucelabs.TestSuite2.verifyActionSendKeysTest(TestSuite2.java:718)</pre></div></div></td>
<td></td></tr>
<tr class="a">
<td><a href="#Saucelabs.TestSuite2.verifyFileUploadTest0"><img src="images/icon_error_sml.gif" alt="" /></a></td>
<td><a name="TC_Saucelabs.TestSuite2.verifyFileUploadTest0"></a><a href="#Saucelabs.TestSuite2.verifyFileUploadTest0">verifyFileUploadTest[0]</a>
<div class="detailToggle" style="display:inline"><a href="javascript:toggleDisplay(&apos;Saucelabs.TestSuite2.verifyFileUploadTest0&apos;);"><span style="display:inline;" id="Saucelabs.TestSuite2.verifyFileUploadTest0off"> + </span><span style="display:none;" id="Saucelabs.TestSuite2.verifyFileUploadTest0on"> - </span>[ Detail ]</a></div></td>
<td>1,181.334</td></tr>
<tr class="b">
<td></td>
<td>errorId: 18dde65d-cf22-4e06-a5d6-da974c23200b - Unable to allocate device iPhone_7_32GB_10_real within 900000ms or 3 tries. This can happen if there were no available devices within the time or your plan's max concurrent test run is not corresponding to your usage
Build info: version: 'unknown', revision: 'unknown', time: 'unknown'
System info: host: '5dde51a8fbfa', ip: '172.17.0.5', os.name: 'Linux', os.arch: 'amd64', os.version: '4.8.0-45-generic', java.version: '1.8.0_131'
Driver info: driver.version: unknown
Command duration or timeout: 1181.33 seconds</td>
<td></td></tr>
<tr class="a">
<td></td>
<td>
<div id="Saucelabs.TestSuite2.verifyFileUploadTest0error" style="display:none;">
<div>
<pre>org.openqa.selenium.SessionNotCreatedException: 
errorId: 18dde65d-cf22-4e06-a5d6-da974c23200b - Unable to allocate device iPhone_7_32GB_10_real within 900000ms or 3 tries. This can happen if there were no available devices within the time or your plan's max concurrent test run is not corresponding to your usage
Build info: version: 'unknown', revision: 'unknown', time: 'unknown'
System info: host: '5dde51a8fbfa', ip: '172.17.0.5', os.name: 'Linux', os.arch: 'amd64', os.version: '4.8.0-45-generic', java.version: '1.8.0_131'
Driver info: driver.version: unknown
Command duration or timeout: 1181.33 seconds
Caused by: org.openqa.selenium.SessionNotCreatedException: 
errorId: 18dde65d-cf22-4e06-a5d6-da974c23200b - Unable to allocate device iPhone_7_32GB_10_real within 900000ms or 3 tries. This can happen if there were no available devices within the time or your plan's max concurrent test run is not corresponding to your usage
Build info: version: 'unknown', revision: 'unknown', time: 'unknown'
System info: host: '5dde51a8fbfa', ip: '172.17.0.5', os.name: 'Linux', os.arch: 'amd64', os.version: '4.8.0-45-generic', java.version: '1.8.0_131'
Driver info: driver.version: unknown
Build info: version: '3.4.0', revision: 'unknown', time: 'unknown'
System info: host: 'JYOTHIN-MBP.local', ip: 'fe80:0:0:0:c6b3:1ff:fec2:cb65%en0', os.name: 'Mac OS X', os.arch: 'x86_64', os.version: '10.11.6', java.version: '1.8.0_131'
Driver info: driver.version: unknown</pre></div></div></td>
<td></td></tr>
<tr class="b">
<td><img src="images/icon_success_sml.gif" alt="" /></td>
<td><a name="TC_Saucelabs.TestSuite2.verifyGetElementByPartialLinkTest0"></a>verifyGetElementByPartialLinkTest[0]</td>
<td>1,129.048</td></tr>
<tr class="a">
<td><img src="images/icon_success_sml.gif" alt="" /></td>
<td><a name="TC_Saucelabs.TestSuite2.verifyIsEnabledTest0"></a>verifyIsEnabledTest[0]</td>
<td>1,009.475</td></tr>
<tr class="b">
<td><a href="#Saucelabs.TestSuite2.verifyPageSourceTest0"><img src="images/icon_error_sml.gif" alt="" /></a></td>
<td><a name="TC_Saucelabs.TestSuite2.verifyPageSourceTest0"></a><a href="#Saucelabs.TestSuite2.verifyPageSourceTest0">verifyPageSourceTest[0]</a>
<div class="detailToggle" style="display:inline"><a href="javascript:toggleDisplay(&apos;Saucelabs.TestSuite2.verifyPageSourceTest0&apos;);"><span style="display:inline;" id="Saucelabs.TestSuite2.verifyPageSourceTest0off"> + </span><span style="display:none;" id="Saucelabs.TestSuite2.verifyPageSourceTest0on"> - </span>[ Detail ]</a></div></td>
<td>1,698.243</td></tr>
<tr class="a">
<td></td>
<td>errorId: 4e1aaac6-dedf-4ef1-9485-52fd93a77fe8 - Unable to allocate device iPhone_7_32GB_10_real within 900000ms or 3 tries. This can happen if there were no available devices within the time or your plan's max concurrent test run is not corresponding to your usage
Build info: version: 'unknown', revision: 'unknown', time: 'unknown'
System info: host: '5dde51a8fbfa', ip: '172.17.0.5', os.name: 'Linux', os.arch: 'amd64', os.version: '4.8.0-45-generic', java.version: '1.8.0_131'
Driver info: driver.version: unknown
Command duration or timeout: 1698.24 seconds</td>
<td></td></tr>
<tr class="b">
<td></td>
<td>
<div id="Saucelabs.TestSuite2.verifyPageSourceTest0error" style="display:none;">
<div>
<pre>org.openqa.selenium.SessionNotCreatedException: 
errorId: 4e1aaac6-dedf-4ef1-9485-52fd93a77fe8 - Unable to allocate device iPhone_7_32GB_10_real within 900000ms or 3 tries. This can happen if there were no available devices within the time or your plan's max concurrent test run is not corresponding to your usage
Build info: version: 'unknown', revision: 'unknown', time: 'unknown'
System info: host: '5dde51a8fbfa', ip: '172.17.0.5', os.name: 'Linux', os.arch: 'amd64', os.version: '4.8.0-45-generic', java.version: '1.8.0_131'
Driver info: driver.version: unknown
Command duration or timeout: 1698.24 seconds
Caused by: org.openqa.selenium.SessionNotCreatedException: 
errorId: 4e1aaac6-dedf-4ef1-9485-52fd93a77fe8 - Unable to allocate device iPhone_7_32GB_10_real within 900000ms or 3 tries. This can happen if there were no available devices within the time or your plan's max concurrent test run is not corresponding to your usage
Build info: version: 'unknown', revision: 'unknown', time: 'unknown'
System info: host: '5dde51a8fbfa', ip: '172.17.0.5', os.name: 'Linux', os.arch: 'amd64', os.version: '4.8.0-45-generic', java.version: '1.8.0_131'
Driver info: driver.version: unknown
Build info: version: '3.4.0', revision: 'unknown', time: 'unknown'
System info: host: 'JYOTHIN-MBP.local', ip: 'fe80:0:0:0:c6b3:1ff:fec2:cb65%en0', os.name: 'Mac OS X', os.arch: 'x86_64', os.version: '10.11.6', java.version: '1.8.0_131'
Driver info: driver.version: unknown</pre></div></div></td>
<td></td></tr>
<tr class="a">
<td><a href="#Saucelabs.TestSuite2.verifyGetLocalStorageSizeTest0"><img src="images/icon_error_sml.gif" alt="" /></a></td>
<td><a name="TC_Saucelabs.TestSuite2.verifyGetLocalStorageSizeTest0"></a><a href="#Saucelabs.TestSuite2.verifyGetLocalStorageSizeTest0">verifyGetLocalStorageSizeTest[0]</a>
<div class="detailToggle" style="display:inline"><a href="javascript:toggleDisplay(&apos;Saucelabs.TestSuite2.verifyGetLocalStorageSizeTest0&apos;);"><span style="display:inline;" id="Saucelabs.TestSuite2.verifyGetLocalStorageSizeTest0off"> + </span><span style="display:none;" id="Saucelabs.TestSuite2.verifyGetLocalStorageSizeTest0on"> - </span>[ Detail ]</a></div></td>
<td>917.731</td></tr>
<tr class="b">
<td></td>
<td></td>
<td></td></tr>
<tr class="a">
<td></td>
<td>
<div id="Saucelabs.TestSuite2.verifyGetLocalStorageSizeTest0error" style="display:none;">
<div>
<pre>java.lang.NullPointerException
	at Saucelabs.TestSuite2.verifyGetLocalStorageSizeTest(TestSuite2.java:995)</pre></div></div></td>
<td></td></tr>
<tr class="b">
<td><a href="#Saucelabs.TestSuite2.verifyElementLocationTest0"><img src="images/icon_error_sml.gif" alt="" /></a></td>
<td><a name="TC_Saucelabs.TestSuite2.verifyElementLocationTest0"></a><a href="#Saucelabs.TestSuite2.verifyElementLocationTest0">verifyElementLocationTest[0]</a>
<div class="detailToggle" style="display:inline"><a href="javascript:toggleDisplay(&apos;Saucelabs.TestSuite2.verifyElementLocationTest0&apos;);"><span style="display:inline;" id="Saucelabs.TestSuite2.verifyElementLocationTest0off"> + </span><span style="display:none;" id="Saucelabs.TestSuite2.verifyElementLocationTest0on"> - </span>[ Detail ]</a></div></td>
<td>973.883</td></tr>
<tr class="a">
<td></td>
<td>errorId: 257694f4-ab05-4083-9220-1d2d759d164d - Unable to allocate device iPhone_7_32GB_10_real within 900000ms or 3 tries. This can happen if there were no available devices within the time or your plan's max concurrent test run is not corresponding to your usage
Build info: version: 'unknown', revision: 'unknown', time: 'unknown'
System info: host: '5dde51a8fbfa', ip: '172.17.0.5', os.name: 'Linux', os.arch: 'amd64', os.version: '4.8.0-45-generic', java.version: '1.8.0_131'
Driver info: driver.version: unknown
Command duration or timeout: 973.88 seconds</td>
<td></td></tr>
<tr class="b">
<td></td>
<td>
<div id="Saucelabs.TestSuite2.verifyElementLocationTest0error" style="display:none;">
<div>
<pre>org.openqa.selenium.SessionNotCreatedException: 
errorId: 257694f4-ab05-4083-9220-1d2d759d164d - Unable to allocate device iPhone_7_32GB_10_real within 900000ms or 3 tries. This can happen if there were no available devices within the time or your plan's max concurrent test run is not corresponding to your usage
Build info: version: 'unknown', revision: 'unknown', time: 'unknown'
System info: host: '5dde51a8fbfa', ip: '172.17.0.5', os.name: 'Linux', os.arch: 'amd64', os.version: '4.8.0-45-generic', java.version: '1.8.0_131'
Driver info: driver.version: unknown
Command duration or timeout: 973.88 seconds
Caused by: org.openqa.selenium.SessionNotCreatedException: 
errorId: 257694f4-ab05-4083-9220-1d2d759d164d - Unable to allocate device iPhone_7_32GB_10_real within 900000ms or 3 tries. This can happen if there were no available devices within the time or your plan's max concurrent test run is not corresponding to your usage
Build info: version: 'unknown', revision: 'unknown', time: 'unknown'
System info: host: '5dde51a8fbfa', ip: '172.17.0.5', os.name: 'Linux', os.arch: 'amd64', os.version: '4.8.0-45-generic', java.version: '1.8.0_131'
Driver info: driver.version: unknown
Build info: version: '3.4.0', revision: 'unknown', time: 'unknown'
System info: host: 'JYOTHIN-MBP.local', ip: 'fe80:0:0:0:c6b3:1ff:fec2:cb65%en0', os.name: 'Mac OS X', os.arch: 'x86_64', os.version: '10.11.6', java.version: '1.8.0_131'
Driver info: driver.version: unknown</pre></div></div></td>
<td></td></tr>
<tr class="a">
<td><a href="#Saucelabs.TestSuite2.verifySendKeysClearTest0"><img src="images/icon_error_sml.gif" alt="" /></a></td>
<td><a name="TC_Saucelabs.TestSuite2.verifySendKeysClearTest0"></a><a href="#Saucelabs.TestSuite2.verifySendKeysClearTest0">verifySendKeysClearTest[0]</a>
<div class="detailToggle" style="display:inline"><a href="javascript:toggleDisplay(&apos;Saucelabs.TestSuite2.verifySendKeysClearTest0&apos;);"><span style="display:inline;" id="Saucelabs.TestSuite2.verifySendKeysClearTest0off"> + </span><span style="display:none;" id="Saucelabs.TestSuite2.verifySendKeysClearTest0on"> - </span>[ Detail ]</a></div></td>
<td>1,769.257</td></tr>
<tr class="b">
<td></td>
<td>errorId: 0c608e75-9d84-45dd-9fbe-5ec98989ece4 - Unable to allocate device iPhone_7_32GB_10_real within 900000ms or 3 tries. This can happen if there were no available devices within the time or your plan's max concurrent test run is not corresponding to your usage
Build info: version: 'unknown', revision: 'unknown', time: 'unknown'
System info: host: '5dde51a8fbfa', ip: '172.17.0.5', os.name: 'Linux', os.arch: 'amd64', os.version: '4.8.0-45-generic', java.version: '1.8.0_131'
Driver info: driver.version: unknown
Command duration or timeout: 1769.25 seconds</td>
<td></td></tr>
<tr class="a">
<td></td>
<td>
<div id="Saucelabs.TestSuite2.verifySendKeysClearTest0error" style="display:none;">
<div>
<pre>org.openqa.selenium.SessionNotCreatedException: 
errorId: 0c608e75-9d84-45dd-9fbe-5ec98989ece4 - Unable to allocate device iPhone_7_32GB_10_real within 900000ms or 3 tries. This can happen if there were no available devices within the time or your plan's max concurrent test run is not corresponding to your usage
Build info: version: 'unknown', revision: 'unknown', time: 'unknown'
System info: host: '5dde51a8fbfa', ip: '172.17.0.5', os.name: 'Linux', os.arch: 'amd64', os.version: '4.8.0-45-generic', java.version: '1.8.0_131'
Driver info: driver.version: unknown
Command duration or timeout: 1769.25 seconds
Caused by: org.openqa.selenium.SessionNotCreatedException: 
errorId: 0c608e75-9d84-45dd-9fbe-5ec98989ece4 - Unable to allocate device iPhone_7_32GB_10_real within 900000ms or 3 tries. This can happen if there were no available devices within the time or your plan's max concurrent test run is not corresponding to your usage
Build info: version: 'unknown', revision: 'unknown', time: 'unknown'
System info: host: '5dde51a8fbfa', ip: '172.17.0.5', os.name: 'Linux', os.arch: 'amd64', os.version: '4.8.0-45-generic', java.version: '1.8.0_131'
Driver info: driver.version: unknown
Build info: version: '3.4.0', revision: 'unknown', time: 'unknown'
System info: host: 'JYOTHIN-MBP.local', ip: 'fe80:0:0:0:c6b3:1ff:fec2:cb65%en0', os.name: 'Mac OS X', os.arch: 'x86_64', os.version: '10.11.6', java.version: '1.8.0_131'
Driver info: driver.version: unknown</pre></div></div></td>
<td></td></tr>
<tr class="b">
<td><img src="images/icon_success_sml.gif" alt="" /></td>
<td><a name="TC_Saucelabs.TestSuite2.verifyElementMoveTest0"></a>verifyElementMoveTest[0]</td>
<td>409.31</td></tr>
<tr class="a">
<td><a href="#Saucelabs.TestSuite2.verifyAlertDismissTest0"><img src="images/icon_error_sml.gif" alt="" /></a></td>
<td><a name="TC_Saucelabs.TestSuite2.verifyAlertDismissTest0"></a><a href="#Saucelabs.TestSuite2.verifyAlertDismissTest0">verifyAlertDismissTest[0]</a>
<div class="detailToggle" style="display:inline"><a href="javascript:toggleDisplay(&apos;Saucelabs.TestSuite2.verifyAlertDismissTest0&apos;);"><span style="display:inline;" id="Saucelabs.TestSuite2.verifyAlertDismissTest0off"> + </span><span style="display:none;" id="Saucelabs.TestSuite2.verifyAlertDismissTest0on"> - </span>[ Detail ]</a></div></td>
<td>390.391</td></tr>
<tr class="b">
<td></td>
<td>An unknown server-side error occurred while processing the command. Original error: Error while executing atom: operation timed out (WARNING: The server did not provide any stacktrace information)
Command duration or timeout: 5.27 seconds
Build info: version: '3.4.0', revision: 'unknown', time: 'unknown'
System info: host: 'JYOTHIN-MBP.local', ip: 'fe80:0:0:0:c6b3:1ff:fec2:cb65%en0', os.name: 'Mac OS X', os.arch: 'x86_64', os.version: '10.11.6', java.version: '1.8.0_131'
Driver info: org.openqa.selenium.remote.RemoteWebDriver
Capabilities [{testobject_user_id=utsavraja, testobject_platform_name=iOS, testobject_test_report_url=https://app.testobject.com/#/utsavraja/testendpoint/appium/executions/656, testobjectApiKey=C118D66142464D22BADE2E618CB527DF, loggingPrefs={browser=ALL}, testobject_suite_name=B-1.8, xcodeConfigFile=$HOME/work/testobject.xcconfig, testobject_device_session_id=52771ebc-90b1-4dc6-82fc-e244be0a0dd7, deviceName=94e8af9b8abd844e5297e98ab00024ea84db2144, platform=UNIX, webDriverAgentUrl=http://127.0.0.1:5725, testobject_test_report_id=656.0, webStorageEnabled=false, testobject_platform_version=10.0, automationName=XCUITest, browserName=safari, takesScreenshot=true, javascriptEnabled=true, platformName=iOS, recordScreenshots=false, udid=94e8af9b8abd844e5297e98ab00024ea84db2144, networkConnectionEnabled=false, testobject_test_name=verifyAlertDismissTest[0], testobject_device=iPhone 7 32GB, databaseEnabled=false, testobject_project_id=testendpoint, version=, build=B-1.8, locationContextEnabled=false, name=verifyAlertDismissTest[0], keychainPath=$HOME/work/testobject.keychain, testobject_api_key=C118D66142464D22BADE2E618CB527DF, keychainPassword=password, testobject_test_live_view_url=https://app.testobject.com/#/utsavraja/testendpoint/appium/view/656?dc=EU}]
Session ID: 03fa05df-40b4-4067-9d7b-7abba7c2eea2</td>
<td></td></tr>
<tr class="a">
<td></td>
<td>
<div id="Saucelabs.TestSuite2.verifyAlertDismissTest0error" style="display:none;">
<div>
<pre>org.openqa.selenium.WebDriverException: 
An unknown server-side error occurred while processing the command. Original error: Error while executing atom: operation timed out (WARNING: The server did not provide any stacktrace information)
Command duration or timeout: 5.27 seconds
Build info: version: '3.4.0', revision: 'unknown', time: 'unknown'
System info: host: 'JYOTHIN-MBP.local', ip: 'fe80:0:0:0:c6b3:1ff:fec2:cb65%en0', os.name: 'Mac OS X', os.arch: 'x86_64', os.version: '10.11.6', java.version: '1.8.0_131'
Driver info: org.openqa.selenium.remote.RemoteWebDriver
Capabilities [{testobject_user_id=utsavraja, testobject_platform_name=iOS, testobject_test_report_url=https://app.testobject.com/#/utsavraja/testendpoint/appium/executions/656, testobjectApiKey=C118D66142464D22BADE2E618CB527DF, loggingPrefs={browser=ALL}, testobject_suite_name=B-1.8, xcodeConfigFile=$HOME/work/testobject.xcconfig, testobject_device_session_id=52771ebc-90b1-4dc6-82fc-e244be0a0dd7, deviceName=94e8af9b8abd844e5297e98ab00024ea84db2144, platform=UNIX, webDriverAgentUrl=http://127.0.0.1:5725, testobject_test_report_id=656.0, webStorageEnabled=false, testobject_platform_version=10.0, automationName=XCUITest, browserName=safari, takesScreenshot=true, javascriptEnabled=true, platformName=iOS, recordScreenshots=false, udid=94e8af9b8abd844e5297e98ab00024ea84db2144, networkConnectionEnabled=false, testobject_test_name=verifyAlertDismissTest[0], testobject_device=iPhone 7 32GB, databaseEnabled=false, testobject_project_id=testendpoint, version=, build=B-1.8, locationContextEnabled=false, name=verifyAlertDismissTest[0], keychainPath=$HOME/work/testobject.keychain, testobject_api_key=C118D66142464D22BADE2E618CB527DF, keychainPassword=password, testobject_test_live_view_url=https://app.testobject.com/#/utsavraja/testendpoint/appium/view/656?dc=EU}]
Session ID: 03fa05df-40b4-4067-9d7b-7abba7c2eea2
	at Saucelabs.TestSuite2.verifyAlertDismissTest(TestSuite2.java:403)</pre></div></div></td>
<td></td></tr>
<tr class="b">
<td><img src="images/icon_success_sml.gif" alt="" /></td>
<td><a name="TC_Saucelabs.TestSuite2.verifyDeleteCookieTest0"></a>verifyDeleteCookieTest[0]</td>
<td>577.232</td></tr>
<tr class="a">
<td><img src="images/icon_success_sml.gif" alt="" /></td>
<td><a name="TC_Saucelabs.TestSuite2.verifyGetElementByXpathTest0"></a>verifyGetElementByXpathTest[0]</td>
<td>670.036</td></tr>
<tr class="b">
<td><a href="#Saucelabs.TestSuite2.verifyIsSelectedTest0"><img src="images/icon_error_sml.gif" alt="" /></a></td>
<td><a name="TC_Saucelabs.TestSuite2.verifyIsSelectedTest0"></a><a href="#Saucelabs.TestSuite2.verifyIsSelectedTest0">verifyIsSelectedTest[0]</a>
<div class="detailToggle" style="display:inline"><a href="javascript:toggleDisplay(&apos;Saucelabs.TestSuite2.verifyIsSelectedTest0&apos;);"><span style="display:inline;" id="Saucelabs.TestSuite2.verifyIsSelectedTest0off"> + </span><span style="display:none;" id="Saucelabs.TestSuite2.verifyIsSelectedTest0on"> - </span>[ Detail ]</a></div></td>
<td>907.659</td></tr>
<tr class="a">
<td></td>
<td>errorId: f4027c28-7927-4aab-806d-8bafff7ead2b - Unable to allocate device  within 900000ms or 3 tries. This can happen if there were no available devices within the time or your plan's max concurrent test run is not corresponding to your usage
Build info: version: 'unknown', revision: 'unknown', time: 'unknown'
System info: host: '5dde51a8fbfa', ip: '172.17.0.5', os.name: 'Linux', os.arch: 'amd64', os.version: '4.8.0-45-generic', java.version: '1.8.0_131'
Driver info: driver.version: unknown
Command duration or timeout: 907.65 seconds</td>
<td></td></tr>
<tr class="b">
<td></td>
<td>
<div id="Saucelabs.TestSuite2.verifyIsSelectedTest0error" style="display:none;">
<div>
<pre>org.openqa.selenium.SessionNotCreatedException: 
errorId: f4027c28-7927-4aab-806d-8bafff7ead2b - Unable to allocate device  within 900000ms or 3 tries. This can happen if there were no available devices within the time or your plan's max concurrent test run is not corresponding to your usage
Build info: version: 'unknown', revision: 'unknown', time: 'unknown'
System info: host: '5dde51a8fbfa', ip: '172.17.0.5', os.name: 'Linux', os.arch: 'amd64', os.version: '4.8.0-45-generic', java.version: '1.8.0_131'
Driver info: driver.version: unknown
Command duration or timeout: 907.65 seconds
Caused by: org.openqa.selenium.SessionNotCreatedException: 
errorId: f4027c28-7927-4aab-806d-8bafff7ead2b - Unable to allocate device  within 900000ms or 3 tries. This can happen if there were no available devices within the time or your plan's max concurrent test run is not corresponding to your usage
Build info: version: 'unknown', revision: 'unknown', time: 'unknown'
System info: host: '5dde51a8fbfa', ip: '172.17.0.5', os.name: 'Linux', os.arch: 'amd64', os.version: '4.8.0-45-generic', java.version: '1.8.0_131'
Driver info: driver.version: unknown
Build info: version: '3.4.0', revision: 'unknown', time: 'unknown'
System info: host: 'JYOTHIN-MBP.local', ip: 'fe80:0:0:0:c6b3:1ff:fec2:cb65%en0', os.name: 'Mac OS X', os.arch: 'x86_64', os.version: '10.11.6', java.version: '1.8.0_131'
Driver info: driver.version: unknown</pre></div></div></td>
<td></td></tr>
<tr class="a">
<td><a href="#Saucelabs.TestSuite2.verifyGetElementElementsTest0"><img src="images/icon_error_sml.gif" alt="" /></a></td>
<td><a name="TC_Saucelabs.TestSuite2.verifyGetElementElementsTest0"></a><a href="#Saucelabs.TestSuite2.verifyGetElementElementsTest0">verifyGetElementElementsTest[0]</a>
<div class="detailToggle" style="display:inline"><a href="javascript:toggleDisplay(&apos;Saucelabs.TestSuite2.verifyGetElementElementsTest0&apos;);"><span style="display:inline;" id="Saucelabs.TestSuite2.verifyGetElementElementsTest0off"> + </span><span style="display:none;" id="Saucelabs.TestSuite2.verifyGetElementElementsTest0on"> - </span>[ Detail ]</a></div></td>
<td>907.555</td></tr>
<tr class="b">
<td></td>
<td>errorId: 26d7b978-eb03-42cf-808f-dd8eea5650be - Unable to allocate device  within 900000ms or 3 tries. This can happen if there were no available devices within the time or your plan's max concurrent test run is not corresponding to your usage
Build info: version: 'unknown', revision: 'unknown', time: 'unknown'
System info: host: '5dde51a8fbfa', ip: '172.17.0.5', os.name: 'Linux', os.arch: 'amd64', os.version: '4.8.0-45-generic', java.version: '1.8.0_131'
Driver info: driver.version: unknown
Command duration or timeout: 907.55 seconds</td>
<td></td></tr>
<tr class="a">
<td></td>
<td>
<div id="Saucelabs.TestSuite2.verifyGetElementElementsTest0error" style="display:none;">
<div>
<pre>org.openqa.selenium.SessionNotCreatedException: 
errorId: 26d7b978-eb03-42cf-808f-dd8eea5650be - Unable to allocate device  within 900000ms or 3 tries. This can happen if there were no available devices within the time or your plan's max concurrent test run is not corresponding to your usage
Build info: version: 'unknown', revision: 'unknown', time: 'unknown'
System info: host: '5dde51a8fbfa', ip: '172.17.0.5', os.name: 'Linux', os.arch: 'amd64', os.version: '4.8.0-45-generic', java.version: '1.8.0_131'
Driver info: driver.version: unknown
Command duration or timeout: 907.55 seconds
Caused by: org.openqa.selenium.SessionNotCreatedException: 
errorId: 26d7b978-eb03-42cf-808f-dd8eea5650be - Unable to allocate device  within 900000ms or 3 tries. This can happen if there were no available devices within the time or your plan's max concurrent test run is not corresponding to your usage
Build info: version: 'unknown', revision: 'unknown', time: 'unknown'
System info: host: '5dde51a8fbfa', ip: '172.17.0.5', os.name: 'Linux', os.arch: 'amd64', os.version: '4.8.0-45-generic', java.version: '1.8.0_131'
Driver info: driver.version: unknown
Build info: version: '3.4.0', revision: 'unknown', time: 'unknown'
System info: host: 'JYOTHIN-MBP.local', ip: 'fe80:0:0:0:c6b3:1ff:fec2:cb65%en0', os.name: 'Mac OS X', os.arch: 'x86_64', os.version: '10.11.6', java.version: '1.8.0_131'
Driver info: driver.version: unknown</pre></div></div></td>
<td></td></tr>
<tr class="b">
<td><a href="#Saucelabs.TestSuite2.verifyActionClickTest0"><img src="images/icon_error_sml.gif" alt="" /></a></td>
<td><a name="TC_Saucelabs.TestSuite2.verifyActionClickTest0"></a><a href="#Saucelabs.TestSuite2.verifyActionClickTest0">verifyActionClickTest[0]</a>
<div class="detailToggle" style="display:inline"><a href="javascript:toggleDisplay(&apos;Saucelabs.TestSuite2.verifyActionClickTest0&apos;);"><span style="display:inline;" id="Saucelabs.TestSuite2.verifyActionClickTest0off"> + </span><span style="display:none;" id="Saucelabs.TestSuite2.verifyActionClickTest0on"> - </span>[ Detail ]</a></div></td>
<td>907.99</td></tr>
<tr class="a">
<td></td>
<td>errorId: b9ebf620-b8e7-455d-b05f-099520128f47 - Unable to allocate device  within 900000ms or 3 tries. This can happen if there were no available devices within the time or your plan's max concurrent test run is not corresponding to your usage
Build info: version: 'unknown', revision: 'unknown', time: 'unknown'
System info: host: '5dde51a8fbfa', ip: '172.17.0.5', os.name: 'Linux', os.arch: 'amd64', os.version: '4.8.0-45-generic', java.version: '1.8.0_131'
Driver info: driver.version: unknown
Command duration or timeout: 907.99 seconds</td>
<td></td></tr>
<tr class="b">
<td></td>
<td>
<div id="Saucelabs.TestSuite2.verifyActionClickTest0error" style="display:none;">
<div>
<pre>org.openqa.selenium.SessionNotCreatedException: 
errorId: b9ebf620-b8e7-455d-b05f-099520128f47 - Unable to allocate device  within 900000ms or 3 tries. This can happen if there were no available devices within the time or your plan's max concurrent test run is not corresponding to your usage
Build info: version: 'unknown', revision: 'unknown', time: 'unknown'
System info: host: '5dde51a8fbfa', ip: '172.17.0.5', os.name: 'Linux', os.arch: 'amd64', os.version: '4.8.0-45-generic', java.version: '1.8.0_131'
Driver info: driver.version: unknown
Command duration or timeout: 907.99 seconds
Caused by: org.openqa.selenium.SessionNotCreatedException: 
errorId: b9ebf620-b8e7-455d-b05f-099520128f47 - Unable to allocate device  within 900000ms or 3 tries. This can happen if there were no available devices within the time or your plan's max concurrent test run is not corresponding to your usage
Build info: version: 'unknown', revision: 'unknown', time: 'unknown'
System info: host: '5dde51a8fbfa', ip: '172.17.0.5', os.name: 'Linux', os.arch: 'amd64', os.version: '4.8.0-45-generic', java.version: '1.8.0_131'
Driver info: driver.version: unknown
Build info: version: '3.4.0', revision: 'unknown', time: 'unknown'
System info: host: 'JYOTHIN-MBP.local', ip: 'fe80:0:0:0:c6b3:1ff:fec2:cb65%en0', os.name: 'Mac OS X', os.arch: 'x86_64', os.version: '10.11.6', java.version: '1.8.0_131'
Driver info: driver.version: unknown</pre></div></div></td>
<td></td></tr>
<tr class="a">
<td><a href="#Saucelabs.TestSuite2.verifyGetCookiesTest0"><img src="images/icon_error_sml.gif" alt="" /></a></td>
<td><a name="TC_Saucelabs.TestSuite2.verifyGetCookiesTest0"></a><a href="#Saucelabs.TestSuite2.verifyGetCookiesTest0">verifyGetCookiesTest[0]</a>
<div class="detailToggle" style="display:inline"><a href="javascript:toggleDisplay(&apos;Saucelabs.TestSuite2.verifyGetCookiesTest0&apos;);"><span style="display:inline;" id="Saucelabs.TestSuite2.verifyGetCookiesTest0off"> + </span><span style="display:none;" id="Saucelabs.TestSuite2.verifyGetCookiesTest0on"> - </span>[ Detail ]</a></div></td>
<td>906.929</td></tr>
<tr class="b">
<td></td>
<td>errorId: bb80f28b-f77f-42e3-b547-155b97e305ef - Unable to allocate device  within 900000ms or 3 tries. This can happen if there were no available devices within the time or your plan's max concurrent test run is not corresponding to your usage
Build info: version: 'unknown', revision: 'unknown', time: 'unknown'
System info: host: '5dde51a8fbfa', ip: '172.17.0.5', os.name: 'Linux', os.arch: 'amd64', os.version: '4.8.0-45-generic', java.version: '1.8.0_131'
Driver info: driver.version: unknown
Command duration or timeout: 906.91 seconds</td>
<td></td></tr>
<tr class="a">
<td></td>
<td>
<div id="Saucelabs.TestSuite2.verifyGetCookiesTest0error" style="display:none;">
<div>
<pre>org.openqa.selenium.SessionNotCreatedException: 
errorId: bb80f28b-f77f-42e3-b547-155b97e305ef - Unable to allocate device  within 900000ms or 3 tries. This can happen if there were no available devices within the time or your plan's max concurrent test run is not corresponding to your usage
Build info: version: 'unknown', revision: 'unknown', time: 'unknown'
System info: host: '5dde51a8fbfa', ip: '172.17.0.5', os.name: 'Linux', os.arch: 'amd64', os.version: '4.8.0-45-generic', java.version: '1.8.0_131'
Driver info: driver.version: unknown
Command duration or timeout: 906.91 seconds
Caused by: org.openqa.selenium.SessionNotCreatedException: 
errorId: bb80f28b-f77f-42e3-b547-155b97e305ef - Unable to allocate device  within 900000ms or 3 tries. This can happen if there were no available devices within the time or your plan's max concurrent test run is not corresponding to your usage
Build info: version: 'unknown', revision: 'unknown', time: 'unknown'
System info: host: '5dde51a8fbfa', ip: '172.17.0.5', os.name: 'Linux', os.arch: 'amd64', os.version: '4.8.0-45-generic', java.version: '1.8.0_131'
Driver info: driver.version: unknown
Build info: version: '3.4.0', revision: 'unknown', time: 'unknown'
System info: host: 'JYOTHIN-MBP.local', ip: 'fe80:0:0:0:c6b3:1ff:fec2:cb65%en0', os.name: 'Mac OS X', os.arch: 'x86_64', os.version: '10.11.6', java.version: '1.8.0_131'
Driver info: driver.version: unknown</pre></div></div></td>
<td></td></tr>
<tr class="b">
<td><a href="#Saucelabs.TestSuite2.verifyDoubleClickTest0"><img src="images/icon_error_sml.gif" alt="" /></a></td>
<td><a name="TC_Saucelabs.TestSuite2.verifyDoubleClickTest0"></a><a href="#Saucelabs.TestSuite2.verifyDoubleClickTest0">verifyDoubleClickTest[0]</a>
<div class="detailToggle" style="display:inline"><a href="javascript:toggleDisplay(&apos;Saucelabs.TestSuite2.verifyDoubleClickTest0&apos;);"><span style="display:inline;" id="Saucelabs.TestSuite2.verifyDoubleClickTest0off"> + </span><span style="display:none;" id="Saucelabs.TestSuite2.verifyDoubleClickTest0on"> - </span>[ Detail ]</a></div></td>
<td>1,173.652</td></tr>
<tr class="a">
<td></td>
<td>errorId: c734d98e-b954-43e9-b9ea-75c434ecc021 - Unable to allocate device iPhone_7_32GB_10_real within 900000ms or 3 tries. This can happen if there were no available devices within the time or your plan's max concurrent test run is not corresponding to your usage
Build info: version: 'unknown', revision: 'unknown', time: 'unknown'
System info: host: '5dde51a8fbfa', ip: '172.17.0.5', os.name: 'Linux', os.arch: 'amd64', os.version: '4.8.0-45-generic', java.version: '1.8.0_131'
Driver info: driver.version: unknown
Command duration or timeout: 1173.65 seconds</td>
<td></td></tr>
<tr class="b">
<td></td>
<td>
<div id="Saucelabs.TestSuite2.verifyDoubleClickTest0error" style="display:none;">
<div>
<pre>org.openqa.selenium.SessionNotCreatedException: 
errorId: c734d98e-b954-43e9-b9ea-75c434ecc021 - Unable to allocate device iPhone_7_32GB_10_real within 900000ms or 3 tries. This can happen if there were no available devices within the time or your plan's max concurrent test run is not corresponding to your usage
Build info: version: 'unknown', revision: 'unknown', time: 'unknown'
System info: host: '5dde51a8fbfa', ip: '172.17.0.5', os.name: 'Linux', os.arch: 'amd64', os.version: '4.8.0-45-generic', java.version: '1.8.0_131'
Driver info: driver.version: unknown
Command duration or timeout: 1173.65 seconds
Caused by: org.openqa.selenium.SessionNotCreatedException: 
errorId: c734d98e-b954-43e9-b9ea-75c434ecc021 - Unable to allocate device iPhone_7_32GB_10_real within 900000ms or 3 tries. This can happen if there were no available devices within the time or your plan's max concurrent test run is not corresponding to your usage
Build info: version: 'unknown', revision: 'unknown', time: 'unknown'
System info: host: '5dde51a8fbfa', ip: '172.17.0.5', os.name: 'Linux', os.arch: 'amd64', os.version: '4.8.0-45-generic', java.version: '1.8.0_131'
Driver info: driver.version: unknown
Build info: version: '3.4.0', revision: 'unknown', time: 'unknown'
System info: host: 'JYOTHIN-MBP.local', ip: 'fe80:0:0:0:c6b3:1ff:fec2:cb65%en0', os.name: 'Mac OS X', os.arch: 'x86_64', os.version: '10.11.6', java.version: '1.8.0_131'
Driver info: driver.version: unknown</pre></div></div></td>
<td></td></tr>
<tr class="a">
<td><a href="#Saucelabs.TestSuite2.verifyBackForwardTest0"><img src="images/icon_warning_sml.gif" alt="" /></a></td>
<td><a name="TC_Saucelabs.TestSuite2.verifyBackForwardTest0"></a><a href="#Saucelabs.TestSuite2.verifyBackForwardTest0">verifyBackForwardTest[0]</a>
<div class="detailToggle" style="display:inline"><a href="javascript:toggleDisplay(&apos;Saucelabs.TestSuite2.verifyBackForwardTest0&apos;);"><span style="display:inline;" id="Saucelabs.TestSuite2.verifyBackForwardTest0off"> + </span><span style="display:none;" id="Saucelabs.TestSuite2.verifyBackForwardTest0on"> - </span>[ Detail ]</a></div></td>
<td>0</td></tr>
<tr class="b">
<td></td>
<td>Error in test</td>
<td></td></tr>
<tr class="a">
<td><img src="images/icon_success_sml.gif" alt="" /></td>
<td><a name="TC_Saucelabs.TestSuite2.verifyPrintLocalStorageTest0"></a>verifyPrintLocalStorageTest[0]</td>
<td>661.95</td></tr>
<tr class="b">
<td><a href="#Saucelabs.TestSuite2.verifyImplicitWaitTest0"><img src="images/icon_error_sml.gif" alt="" /></a></td>
<td><a name="TC_Saucelabs.TestSuite2.verifyImplicitWaitTest0"></a><a href="#Saucelabs.TestSuite2.verifyImplicitWaitTest0">verifyImplicitWaitTest[0]</a>
<div class="detailToggle" style="display:inline"><a href="javascript:toggleDisplay(&apos;Saucelabs.TestSuite2.verifyImplicitWaitTest0&apos;);"><span style="display:inline;" id="Saucelabs.TestSuite2.verifyImplicitWaitTest0off"> + </span><span style="display:none;" id="Saucelabs.TestSuite2.verifyImplicitWaitTest0on"> - </span>[ Detail ]</a></div></td>
<td>906.763</td></tr>
<tr class="a">
<td></td>
<td>errorId: 66820236-2d0b-4e72-bfd0-33f6e8af6d5c - Unable to allocate device  within 900000ms or 3 tries. This can happen if there were no available devices within the time or your plan's max concurrent test run is not corresponding to your usage
Build info: version: 'unknown', revision: 'unknown', time: 'unknown'
System info: host: '5dde51a8fbfa', ip: '172.17.0.5', os.name: 'Linux', os.arch: 'amd64', os.version: '4.8.0-45-generic', java.version: '1.8.0_131'
Driver info: driver.version: unknown
Command duration or timeout: 906.76 seconds</td>
<td></td></tr>
<tr class="b">
<td></td>
<td>
<div id="Saucelabs.TestSuite2.verifyImplicitWaitTest0error" style="display:none;">
<div>
<pre>org.openqa.selenium.SessionNotCreatedException: 
errorId: 66820236-2d0b-4e72-bfd0-33f6e8af6d5c - Unable to allocate device  within 900000ms or 3 tries. This can happen if there were no available devices within the time or your plan's max concurrent test run is not corresponding to your usage
Build info: version: 'unknown', revision: 'unknown', time: 'unknown'
System info: host: '5dde51a8fbfa', ip: '172.17.0.5', os.name: 'Linux', os.arch: 'amd64', os.version: '4.8.0-45-generic', java.version: '1.8.0_131'
Driver info: driver.version: unknown
Command duration or timeout: 906.76 seconds
Caused by: org.openqa.selenium.SessionNotCreatedException: 
errorId: 66820236-2d0b-4e72-bfd0-33f6e8af6d5c - Unable to allocate device  within 900000ms or 3 tries. This can happen if there were no available devices within the time or your plan's max concurrent test run is not corresponding to your usage
Build info: version: 'unknown', revision: 'unknown', time: 'unknown'
System info: host: '5dde51a8fbfa', ip: '172.17.0.5', os.name: 'Linux', os.arch: 'amd64', os.version: '4.8.0-45-generic', java.version: '1.8.0_131'
Driver info: driver.version: unknown
Build info: version: '3.4.0', revision: 'unknown', time: 'unknown'
System info: host: 'JYOTHIN-MBP.local', ip: 'fe80:0:0:0:c6b3:1ff:fec2:cb65%en0', os.name: 'Mac OS X', os.arch: 'x86_64', os.version: '10.11.6', java.version: '1.8.0_131'
Driver info: driver.version: unknown</pre></div></div></td>
<td></td></tr>
<tr class="a">
<td><img src="images/icon_success_sml.gif" alt="" /></td>
<td><a name="TC_Saucelabs.TestSuite2.verifyWindowHandleTest0"></a>verifyWindowHandleTest[0]</td>
<td>778.08</td></tr>
<tr class="b">
<td><img src="images/icon_success_sml.gif" alt="" /></td>
<td><a name="TC_Saucelabs.TestSuite2.verifyAddCookieAndGetCookieTest0"></a>verifyAddCookieAndGetCookieTest[0]</td>
<td>740.519</td></tr>
<tr class="a">
<td><a href="#Saucelabs.TestSuite2.verifyElementSizeTest0"><img src="images/icon_error_sml.gif" alt="" /></a></td>
<td><a name="TC_Saucelabs.TestSuite2.verifyElementSizeTest0"></a><a href="#Saucelabs.TestSuite2.verifyElementSizeTest0">verifyElementSizeTest[0]</a>
<div class="detailToggle" style="display:inline"><a href="javascript:toggleDisplay(&apos;Saucelabs.TestSuite2.verifyElementSizeTest0&apos;);"><span style="display:inline;" id="Saucelabs.TestSuite2.verifyElementSizeTest0off"> + </span><span style="display:none;" id="Saucelabs.TestSuite2.verifyElementSizeTest0on"> - </span>[ Detail ]</a></div></td>
<td>907.793</td></tr>
<tr class="b">
<td></td>
<td>errorId: cbbe614c-133f-471f-9e82-70a7c10562e8 - Unable to allocate device  within 900000ms or 3 tries. This can happen if there were no available devices within the time or your plan's max concurrent test run is not corresponding to your usage
Build info: version: 'unknown', revision: 'unknown', time: 'unknown'
System info: host: '5dde51a8fbfa', ip: '172.17.0.5', os.name: 'Linux', os.arch: 'amd64', os.version: '4.8.0-45-generic', java.version: '1.8.0_131'
Driver info: driver.version: unknown
Command duration or timeout: 907.79 seconds</td>
<td></td></tr>
<tr class="a">
<td></td>
<td>
<div id="Saucelabs.TestSuite2.verifyElementSizeTest0error" style="display:none;">
<div>
<pre>org.openqa.selenium.SessionNotCreatedException: 
errorId: cbbe614c-133f-471f-9e82-70a7c10562e8 - Unable to allocate device  within 900000ms or 3 tries. This can happen if there were no available devices within the time or your plan's max concurrent test run is not corresponding to your usage
Build info: version: 'unknown', revision: 'unknown', time: 'unknown'
System info: host: '5dde51a8fbfa', ip: '172.17.0.5', os.name: 'Linux', os.arch: 'amd64', os.version: '4.8.0-45-generic', java.version: '1.8.0_131'
Driver info: driver.version: unknown
Command duration or timeout: 907.79 seconds
Caused by: org.openqa.selenium.SessionNotCreatedException: 
errorId: cbbe614c-133f-471f-9e82-70a7c10562e8 - Unable to allocate device  within 900000ms or 3 tries. This can happen if there were no available devices within the time or your plan's max concurrent test run is not corresponding to your usage
Build info: version: 'unknown', revision: 'unknown', time: 'unknown'
System info: host: '5dde51a8fbfa', ip: '172.17.0.5', os.name: 'Linux', os.arch: 'amd64', os.version: '4.8.0-45-generic', java.version: '1.8.0_131'
Driver info: driver.version: unknown
Build info: version: '3.4.0', revision: 'unknown', time: 'unknown'
System info: host: 'JYOTHIN-MBP.local', ip: 'fe80:0:0:0:c6b3:1ff:fec2:cb65%en0', os.name: 'Mac OS X', os.arch: 'x86_64', os.version: '10.11.6', java.version: '1.8.0_131'
Driver info: driver.version: unknown</pre></div></div></td>
<td></td></tr>
<tr class="b">
<td><img src="images/icon_success_sml.gif" alt="" /></td>
<td><a name="TC_Saucelabs.TestSuite2.verifyGetElementByTagNameTest0"></a>verifyGetElementByTagNameTest[0]</td>
<td>468.133</td></tr>
<tr class="a">
<td><a href="#Saucelabs.TestSuite2.verifyElementMoveInTest0"><img src="images/icon_error_sml.gif" alt="" /></a></td>
<td><a name="TC_Saucelabs.TestSuite2.verifyElementMoveInTest0"></a><a href="#Saucelabs.TestSuite2.verifyElementMoveInTest0">verifyElementMoveInTest[0]</a>
<div class="detailToggle" style="display:inline"><a href="javascript:toggleDisplay(&apos;Saucelabs.TestSuite2.verifyElementMoveInTest0&apos;);"><span style="display:inline;" id="Saucelabs.TestSuite2.verifyElementMoveInTest0off"> + </span><span style="display:none;" id="Saucelabs.TestSuite2.verifyElementMoveInTest0on"> - </span>[ Detail ]</a></div></td>
<td>209.964</td></tr>
<tr class="b">
<td></td>
<td>expected:&lt;Hover [out]&gt; but was:&lt;Hover [in]&gt;</td>
<td></td></tr>
<tr class="a">
<td></td>
<td>
<div id="Saucelabs.TestSuite2.verifyElementMoveInTest0error" style="display:none;">
<div>
<pre>org.junit.ComparisonFailure: expected:&lt;Hover [out]&gt; but was:&lt;Hover [in]&gt;
	at Saucelabs.TestSuite2.verifyElementMoveInTest(TestSuite2.java:598)</pre></div></div></td>
<td></td></tr>
<tr class="b">
<td><img src="images/icon_success_sml.gif" alt="" /></td>
<td><a name="TC_Saucelabs.TestSuite2.verifyGetElementsTest0"></a>verifyGetElementsTest[0]</td>
<td>1,325.314</td></tr>
<tr class="a">
<td><img src="images/icon_success_sml.gif" alt="" /></td>
<td><a name="TC_Saucelabs.TestSuite2.verifyGetCssValueTest0"></a>verifyGetCssValueTest[0]</td>
<td>587.798</td></tr>
<tr class="b">
<td><a href="#Saucelabs.TestSuite2.verifyWindowSizeAndMaximizeTest0"><img src="images/icon_error_sml.gif" alt="" /></a></td>
<td><a name="TC_Saucelabs.TestSuite2.verifyWindowSizeAndMaximizeTest0"></a><a href="#Saucelabs.TestSuite2.verifyWindowSizeAndMaximizeTest0">verifyWindowSizeAndMaximizeTest[0]</a>
<div class="detailToggle" style="display:inline"><a href="javascript:toggleDisplay(&apos;Saucelabs.TestSuite2.verifyWindowSizeAndMaximizeTest0&apos;);"><span style="display:inline;" id="Saucelabs.TestSuite2.verifyWindowSizeAndMaximizeTest0off"> + </span><span style="display:none;" id="Saucelabs.TestSuite2.verifyWindowSizeAndMaximizeTest0on"> - </span>[ Detail ]</a></div></td>
<td>857.131</td></tr>
<tr class="a">
<td></td>
<td>Method is not implemented (WARNING: The server did not provide any stacktrace information)
Command duration or timeout: 196 milliseconds
Build info: version: '3.4.0', revision: 'unknown', time: 'unknown'
System info: host: 'JYOTHIN-MBP.local', ip: 'fe80:0:0:0:c6b3:1ff:fec2:cb65%en0', os.name: 'Mac OS X', os.arch: 'x86_64', os.version: '10.11.6', java.version: '1.8.0_131'
Driver info: org.openqa.selenium.remote.RemoteWebDriver
Capabilities [{testobject_user_id=utsavraja, testobject_platform_name=iOS, testobject_test_report_url=https://app.testobject.com/#/utsavraja/testendpoint/appium/executions/673, testobjectApiKey=C118D66142464D22BADE2E618CB527DF, loggingPrefs={browser=ALL}, testobject_suite_name=B-1.8, xcodeConfigFile=$HOME/work/testobject.xcconfig, testobject_device_session_id=96722dd4-1cd4-4270-949d-4f83b040d1fd, deviceName=a540db4273454207842a0a336b2e30e31d16d15c, platform=UNIX, webDriverAgentUrl=http://127.0.0.1:5726, testobject_test_report_id=673.0, webStorageEnabled=false, testobject_platform_version=10.0, automationName=XCUITest, browserName=safari, takesScreenshot=true, javascriptEnabled=true, platformName=iOS, recordScreenshots=false, udid=a540db4273454207842a0a336b2e30e31d16d15c, networkConnectionEnabled=false, testobject_test_name=verifyWindowSizeAndMaximizeTest[0], testobject_device=iPhone 7 32GB, databaseEnabled=false, testobject_project_id=testendpoint, version=, build=B-1.8, locationContextEnabled=false, name=verifyWindowSizeAndMaximizeTest[0], keychainPath=$HOME/work/testobject.keychain, testobject_api_key=C118D66142464D22BADE2E618CB527DF, keychainPassword=password, testobject_test_live_view_url=https://app.testobject.com/#/utsavraja/testendpoint/appium/view/673?dc=EU}]
Session ID: 151cbeda-e39b-4346-8c6d-89306933e491</td>
<td></td></tr>
<tr class="b">
<td></td>
<td>
<div id="Saucelabs.TestSuite2.verifyWindowSizeAndMaximizeTest0error" style="display:none;">
<div>
<pre>org.openqa.selenium.WebDriverException: 
Method is not implemented (WARNING: The server did not provide any stacktrace information)
Command duration or timeout: 196 milliseconds
Build info: version: '3.4.0', revision: 'unknown', time: 'unknown'
System info: host: 'JYOTHIN-MBP.local', ip: 'fe80:0:0:0:c6b3:1ff:fec2:cb65%en0', os.name: 'Mac OS X', os.arch: 'x86_64', os.version: '10.11.6', java.version: '1.8.0_131'
Driver info: org.openqa.selenium.remote.RemoteWebDriver
Capabilities [{testobject_user_id=utsavraja, testobject_platform_name=iOS, testobject_test_report_url=https://app.testobject.com/#/utsavraja/testendpoint/appium/executions/673, testobjectApiKey=C118D66142464D22BADE2E618CB527DF, loggingPrefs={browser=ALL}, testobject_suite_name=B-1.8, xcodeConfigFile=$HOME/work/testobject.xcconfig, testobject_device_session_id=96722dd4-1cd4-4270-949d-4f83b040d1fd, deviceName=a540db4273454207842a0a336b2e30e31d16d15c, platform=UNIX, webDriverAgentUrl=http://127.0.0.1:5726, testobject_test_report_id=673.0, webStorageEnabled=false, testobject_platform_version=10.0, automationName=XCUITest, browserName=safari, takesScreenshot=true, javascriptEnabled=true, platformName=iOS, recordScreenshots=false, udid=a540db4273454207842a0a336b2e30e31d16d15c, networkConnectionEnabled=false, testobject_test_name=verifyWindowSizeAndMaximizeTest[0], testobject_device=iPhone 7 32GB, databaseEnabled=false, testobject_project_id=testendpoint, version=, build=B-1.8, locationContextEnabled=false, name=verifyWindowSizeAndMaximizeTest[0], keychainPath=$HOME/work/testobject.keychain, testobject_api_key=C118D66142464D22BADE2E618CB527DF, keychainPassword=password, testobject_test_live_view_url=https://app.testobject.com/#/utsavraja/testendpoint/appium/view/673?dc=EU}]
Session ID: 151cbeda-e39b-4346-8c6d-89306933e491
	at Saucelabs.TestSuite2.verifyWindowSizeAndMaximizeTest(TestSuite2.java:486)</pre></div></div></td>
<td></td></tr>
<tr class="a">
<td><a href="#Saucelabs.TestSuite2.verifyCurrentUrlTest0"><img src="images/icon_error_sml.gif" alt="" /></a></td>
<td><a name="TC_Saucelabs.TestSuite2.verifyCurrentUrlTest0"></a><a href="#Saucelabs.TestSuite2.verifyCurrentUrlTest0">verifyCurrentUrlTest[0]</a>
<div class="detailToggle" style="display:inline"><a href="javascript:toggleDisplay(&apos;Saucelabs.TestSuite2.verifyCurrentUrlTest0&apos;);"><span style="display:inline;" id="Saucelabs.TestSuite2.verifyCurrentUrlTest0off"> + </span><span style="display:none;" id="Saucelabs.TestSuite2.verifyCurrentUrlTest0on"> - </span>[ Detail ]</a></div></td>
<td>907.793</td></tr>
<tr class="b">
<td></td>
<td>errorId: 07eb3310-83a8-4f4d-91da-1bb2195400c6 - Unable to allocate device  within 900000ms or 3 tries. This can happen if there were no available devices within the time or your plan's max concurrent test run is not corresponding to your usage
Build info: version: 'unknown', revision: 'unknown', time: 'unknown'
System info: host: '5dde51a8fbfa', ip: '172.17.0.5', os.name: 'Linux', os.arch: 'amd64', os.version: '4.8.0-45-generic', java.version: '1.8.0_131'
Driver info: driver.version: unknown
Command duration or timeout: 907.79 seconds</td>
<td></td></tr>
<tr class="a">
<td></td>
<td>
<div id="Saucelabs.TestSuite2.verifyCurrentUrlTest0error" style="display:none;">
<div>
<pre>org.openqa.selenium.SessionNotCreatedException: 
errorId: 07eb3310-83a8-4f4d-91da-1bb2195400c6 - Unable to allocate device  within 900000ms or 3 tries. This can happen if there were no available devices within the time or your plan's max concurrent test run is not corresponding to your usage
Build info: version: 'unknown', revision: 'unknown', time: 'unknown'
System info: host: '5dde51a8fbfa', ip: '172.17.0.5', os.name: 'Linux', os.arch: 'amd64', os.version: '4.8.0-45-generic', java.version: '1.8.0_131'
Driver info: driver.version: unknown
Command duration or timeout: 907.79 seconds
Caused by: org.openqa.selenium.SessionNotCreatedException: 
errorId: 07eb3310-83a8-4f4d-91da-1bb2195400c6 - Unable to allocate device  within 900000ms or 3 tries. This can happen if there were no available devices within the time or your plan's max concurrent test run is not corresponding to your usage
Build info: version: 'unknown', revision: 'unknown', time: 'unknown'
System info: host: '5dde51a8fbfa', ip: '172.17.0.5', os.name: 'Linux', os.arch: 'amd64', os.version: '4.8.0-45-generic', java.version: '1.8.0_131'
Driver info: driver.version: unknown
Build info: version: '3.4.0', revision: 'unknown', time: 'unknown'
System info: host: 'JYOTHIN-MBP.local', ip: 'fe80:0:0:0:c6b3:1ff:fec2:cb65%en0', os.name: 'Mac OS X', os.arch: 'x86_64', os.version: '10.11.6', java.version: '1.8.0_131'
Driver info: driver.version: unknown</pre></div></div></td>
<td></td></tr>
<tr class="b">
<td><img src="images/icon_success_sml.gif" alt="" /></td>
<td><a name="TC_Saucelabs.TestSuite2.verifyGetElementByClassNameTest0"></a>verifyGetElementByClassNameTest[0]</td>
<td>1,186.582</td></tr>
<tr class="a">
<td><a href="#Saucelabs.TestSuite2.verifyClearLocalStorageTest0"><img src="images/icon_error_sml.gif" alt="" /></a></td>
<td><a name="TC_Saucelabs.TestSuite2.verifyClearLocalStorageTest0"></a><a href="#Saucelabs.TestSuite2.verifyClearLocalStorageTest0">verifyClearLocalStorageTest[0]</a>
<div class="detailToggle" style="display:inline"><a href="javascript:toggleDisplay(&apos;Saucelabs.TestSuite2.verifyClearLocalStorageTest0&apos;);"><span style="display:inline;" id="Saucelabs.TestSuite2.verifyClearLocalStorageTest0off"> + </span><span style="display:none;" id="Saucelabs.TestSuite2.verifyClearLocalStorageTest0on"> - </span>[ Detail ]</a></div></td>
<td>1,144.478</td></tr>
<tr class="b">
<td></td>
<td></td>
<td></td></tr>
<tr class="a">
<td></td>
<td>
<div id="Saucelabs.TestSuite2.verifyClearLocalStorageTest0error" style="display:none;">
<div>
<pre>java.lang.NullPointerException
	at Saucelabs.TestSuite2.verifyClearLocalStorageTest(TestSuite2.java:982)</pre></div></div></td>
<td></td></tr>
<tr class="b">
<td><img src="images/icon_success_sml.gif" alt="" /></td>
<td><a name="TC_Saucelabs.TestSuite2.verifyWindowHandlesTest0"></a>verifyWindowHandlesTest[0]</td>
<td>511.622</td></tr>
<tr class="a">
<td><img src="images/icon_success_sml.gif" alt="" /></td>
<td><a name="TC_Saucelabs.TestSuite2.verifySwitchToDefaultContentTest0"></a>verifySwitchToDefaultContentTest[0]</td>
<td>400.148</td></tr>
<tr class="b">
<td><a href="#Saucelabs.TestSuite2.verifyGetElementByCssTest0"><img src="images/icon_error_sml.gif" alt="" /></a></td>
<td><a name="TC_Saucelabs.TestSuite2.verifyGetElementByCssTest0"></a><a href="#Saucelabs.TestSuite2.verifyGetElementByCssTest0">verifyGetElementByCssTest[0]</a>
<div class="detailToggle" style="display:inline"><a href="javascript:toggleDisplay(&apos;Saucelabs.TestSuite2.verifyGetElementByCssTest0&apos;);"><span style="display:inline;" id="Saucelabs.TestSuite2.verifyGetElementByCssTest0off"> + </span><span style="display:none;" id="Saucelabs.TestSuite2.verifyGetElementByCssTest0on"> - </span>[ Detail ]</a></div></td>
<td>908.713</td></tr>
<tr class="a">
<td></td>
<td>errorId: c9747186-3d04-4c66-b3af-1f376f7c623e - Unable to allocate device  within 900000ms or 3 tries. This can happen if there were no available devices within the time or your plan's max concurrent test run is not corresponding to your usage
Build info: version: 'unknown', revision: 'unknown', time: 'unknown'
System info: host: '5dde51a8fbfa', ip: '172.17.0.5', os.name: 'Linux', os.arch: 'amd64', os.version: '4.8.0-45-generic', java.version: '1.8.0_131'
Driver info: driver.version: unknown
Command duration or timeout: 908.71 seconds</td>
<td></td></tr>
<tr class="b">
<td></td>
<td>
<div id="Saucelabs.TestSuite2.verifyGetElementByCssTest0error" style="display:none;">
<div>
<pre>org.openqa.selenium.SessionNotCreatedException: 
errorId: c9747186-3d04-4c66-b3af-1f376f7c623e - Unable to allocate device  within 900000ms or 3 tries. This can happen if there were no available devices within the time or your plan's max concurrent test run is not corresponding to your usage
Build info: version: 'unknown', revision: 'unknown', time: 'unknown'
System info: host: '5dde51a8fbfa', ip: '172.17.0.5', os.name: 'Linux', os.arch: 'amd64', os.version: '4.8.0-45-generic', java.version: '1.8.0_131'
Driver info: driver.version: unknown
Command duration or timeout: 908.71 seconds
Caused by: org.openqa.selenium.SessionNotCreatedException: 
errorId: c9747186-3d04-4c66-b3af-1f376f7c623e - Unable to allocate device  within 900000ms or 3 tries. This can happen if there were no available devices within the time or your plan's max concurrent test run is not corresponding to your usage
Build info: version: 'unknown', revision: 'unknown', time: 'unknown'
System info: host: '5dde51a8fbfa', ip: '172.17.0.5', os.name: 'Linux', os.arch: 'amd64', os.version: '4.8.0-45-generic', java.version: '1.8.0_131'
Driver info: driver.version: unknown
Build info: version: '3.4.0', revision: 'unknown', time: 'unknown'
System info: host: 'JYOTHIN-MBP.local', ip: 'fe80:0:0:0:c6b3:1ff:fec2:cb65%en0', os.name: 'Mac OS X', os.arch: 'x86_64', os.version: '10.11.6', java.version: '1.8.0_131'
Driver info: driver.version: unknown</pre></div></div></td>
<td></td></tr>
<tr class="a">
<td><a href="#Saucelabs.TestSuite2.verifyLocalStorageKeyTest0"><img src="images/icon_error_sml.gif" alt="" /></a></td>
<td><a name="TC_Saucelabs.TestSuite2.verifyLocalStorageKeyTest0"></a><a href="#Saucelabs.TestSuite2.verifyLocalStorageKeyTest0">verifyLocalStorageKeyTest[0]</a>
<div class="detailToggle" style="display:inline"><a href="javascript:toggleDisplay(&apos;Saucelabs.TestSuite2.verifyLocalStorageKeyTest0&apos;);"><span style="display:inline;" id="Saucelabs.TestSuite2.verifyLocalStorageKeyTest0off"> + </span><span style="display:none;" id="Saucelabs.TestSuite2.verifyLocalStorageKeyTest0on"> - </span>[ Detail ]</a></div></td>
<td>1,375.252</td></tr>
<tr class="b">
<td></td>
<td></td>
<td></td></tr>
<tr class="a">
<td></td>
<td>
<div id="Saucelabs.TestSuite2.verifyLocalStorageKeyTest0error" style="display:none;">
<div>
<pre>java.lang.NullPointerException
	at Saucelabs.TestSuite2.verifyLocalStorageKeyTest(TestSuite2.java:967)</pre></div></div></td>
<td></td></tr>
<tr class="b">
<td><img src="images/icon_success_sml.gif" alt="" /></td>
<td><a name="TC_Saucelabs.TestSuite2.verifyDeleteCookiesTest0"></a>verifyDeleteCookiesTest[0]</td>
<td>362.376</td></tr>
<tr class="a">
<td><img src="images/icon_success_sml.gif" alt="" /></td>
<td><a name="TC_Saucelabs.TestSuite2.verifyDisplayTest0"></a>verifyDisplayTest[0]</td>
<td>136.629</td></tr>
<tr class="b">
<td><img src="images/icon_success_sml.gif" alt="" /></td>
<td><a name="TC_Saucelabs.TestSuite2.verifyActiveElementTest0"></a>verifyActiveElementTest[0]</td>
<td>690.776</td></tr>
<tr class="a">
<td><img src="images/icon_success_sml.gif" alt="" /></td>
<td><a name="TC_Saucelabs.TestSuite2.verifyWaitForElementVisibilityTest0"></a>verifyWaitForElementVisibilityTest[0]</td>
<td>852.414</td></tr>
<tr class="b">
<td><img src="images/icon_success_sml.gif" alt="" /></td>
<td><a name="TC_Saucelabs.TestSuite2.verifyChangeTitleTest0"></a>verifyChangeTitleTest[0]</td>
<td>415.252</td></tr>
<tr class="a">
<td><a href="#Saucelabs.TestSuite2.verifyDeleteCookieNamedTest0"><img src="images/icon_error_sml.gif" alt="" /></a></td>
<td><a name="TC_Saucelabs.TestSuite2.verifyDeleteCookieNamedTest0"></a><a href="#Saucelabs.TestSuite2.verifyDeleteCookieNamedTest0">verifyDeleteCookieNamedTest[0]</a>
<div class="detailToggle" style="display:inline"><a href="javascript:toggleDisplay(&apos;Saucelabs.TestSuite2.verifyDeleteCookieNamedTest0&apos;);"><span style="display:inline;" id="Saucelabs.TestSuite2.verifyDeleteCookieNamedTest0off"> + </span><span style="display:none;" id="Saucelabs.TestSuite2.verifyDeleteCookieNamedTest0on"> - </span>[ Detail ]</a></div></td>
<td>907.442</td></tr>
<tr class="b">
<td></td>
<td>errorId: 28417753-477e-42b0-92ef-8de5cd1ce9d1 - Unable to allocate device  within 900000ms or 3 tries. This can happen if there were no available devices within the time or your plan's max concurrent test run is not corresponding to your usage
Build info: version: 'unknown', revision: 'unknown', time: 'unknown'
System info: host: '5dde51a8fbfa', ip: '172.17.0.5', os.name: 'Linux', os.arch: 'amd64', os.version: '4.8.0-45-generic', java.version: '1.8.0_131'
Driver info: driver.version: unknown
Command duration or timeout: 907.44 seconds</td>
<td></td></tr>
<tr class="a">
<td></td>
<td>
<div id="Saucelabs.TestSuite2.verifyDeleteCookieNamedTest0error" style="display:none;">
<div>
<pre>org.openqa.selenium.SessionNotCreatedException: 
errorId: 28417753-477e-42b0-92ef-8de5cd1ce9d1 - Unable to allocate device  within 900000ms or 3 tries. This can happen if there were no available devices within the time or your plan's max concurrent test run is not corresponding to your usage
Build info: version: 'unknown', revision: 'unknown', time: 'unknown'
System info: host: '5dde51a8fbfa', ip: '172.17.0.5', os.name: 'Linux', os.arch: 'amd64', os.version: '4.8.0-45-generic', java.version: '1.8.0_131'
Driver info: driver.version: unknown
Command duration or timeout: 907.44 seconds
Caused by: org.openqa.selenium.SessionNotCreatedException: 
errorId: 28417753-477e-42b0-92ef-8de5cd1ce9d1 - Unable to allocate device  within 900000ms or 3 tries. This can happen if there were no available devices within the time or your plan's max concurrent test run is not corresponding to your usage
Build info: version: 'unknown', revision: 'unknown', time: 'unknown'
System info: host: '5dde51a8fbfa', ip: '172.17.0.5', os.name: 'Linux', os.arch: 'amd64', os.version: '4.8.0-45-generic', java.version: '1.8.0_131'
Driver info: driver.version: unknown
Build info: version: '3.4.0', revision: 'unknown', time: 'unknown'
System info: host: 'JYOTHIN-MBP.local', ip: 'fe80:0:0:0:c6b3:1ff:fec2:cb65%en0', os.name: 'Mac OS X', os.arch: 'x86_64', os.version: '10.11.6', java.version: '1.8.0_131'
Driver info: driver.version: unknown</pre></div></div></td>
<td></td></tr>
<tr class="b">
<td><img src="images/icon_success_sml.gif" alt="" /></td>
<td><a name="TC_Saucelabs.TestSuite2.verifyGetElementByLinkTest0"></a>verifyGetElementByLinkTest[0]</td>
<td>952.824</td></tr>
<tr class="a">
<td><a href="#Saucelabs.TestSuite2.verifyAlertAcceptTest0"><img src="images/icon_error_sml.gif" alt="" /></a></td>
<td><a name="TC_Saucelabs.TestSuite2.verifyAlertAcceptTest0"></a><a href="#Saucelabs.TestSuite2.verifyAlertAcceptTest0">verifyAlertAcceptTest[0]</a>
<div class="detailToggle" style="display:inline"><a href="javascript:toggleDisplay(&apos;Saucelabs.TestSuite2.verifyAlertAcceptTest0&apos;);"><span style="display:inline;" id="Saucelabs.TestSuite2.verifyAlertAcceptTest0off"> + </span><span style="display:none;" id="Saucelabs.TestSuite2.verifyAlertAcceptTest0on"> - </span>[ Detail ]</a></div></td>
<td>490.967</td></tr>
<tr class="b">
<td></td>
<td>An unknown server-side error occurred while processing the command. Original error: Error while executing atom: operation timed out (WARNING: The server did not provide any stacktrace information)
Command duration or timeout: 5.20 seconds
Build info: version: '3.4.0', revision: 'unknown', time: 'unknown'
System info: host: 'JYOTHIN-MBP.local', ip: 'fe80:0:0:0:c6b3:1ff:fec2:cb65%en0', os.name: 'Mac OS X', os.arch: 'x86_64', os.version: '10.11.6', java.version: '1.8.0_131'
Driver info: org.openqa.selenium.remote.RemoteWebDriver
Capabilities [{testobject_user_id=utsavraja, testobject_platform_name=iOS, testobject_test_report_url=https://app.testobject.com/#/utsavraja/testendpoint/appium/executions/688, testobjectApiKey=C118D66142464D22BADE2E618CB527DF, loggingPrefs={browser=ALL}, testobject_suite_name=B-1.8, xcodeConfigFile=$HOME/work/testobject.xcconfig, testobject_device_session_id=89f0bb8a-664a-4a66-9096-d83182d6db4d, deviceName=94e8af9b8abd844e5297e98ab00024ea84db2144, platform=UNIX, webDriverAgentUrl=http://127.0.0.1:5725, testobject_test_report_id=688.0, webStorageEnabled=false, testobject_platform_version=10.0, automationName=XCUITest, browserName=safari, takesScreenshot=true, javascriptEnabled=true, platformName=iOS, recordScreenshots=false, udid=94e8af9b8abd844e5297e98ab00024ea84db2144, networkConnectionEnabled=false, testobject_test_name=verifyAlertAcceptTest[0], testobject_device=iPhone 7 32GB, databaseEnabled=false, testobject_project_id=testendpoint, version=, build=B-1.8, locationContextEnabled=false, name=verifyAlertAcceptTest[0], keychainPath=$HOME/work/testobject.keychain, testobject_api_key=C118D66142464D22BADE2E618CB527DF, keychainPassword=password, testobject_test_live_view_url=https://app.testobject.com/#/utsavraja/testendpoint/appium/view/688?dc=EU}]
Session ID: e5f040f5-71eb-4743-9ea5-a6e57bfe9d11</td>
<td></td></tr>
<tr class="a">
<td></td>
<td>
<div id="Saucelabs.TestSuite2.verifyAlertAcceptTest0error" style="display:none;">
<div>
<pre>org.openqa.selenium.WebDriverException: 
An unknown server-side error occurred while processing the command. Original error: Error while executing atom: operation timed out (WARNING: The server did not provide any stacktrace information)
Command duration or timeout: 5.20 seconds
Build info: version: '3.4.0', revision: 'unknown', time: 'unknown'
System info: host: 'JYOTHIN-MBP.local', ip: 'fe80:0:0:0:c6b3:1ff:fec2:cb65%en0', os.name: 'Mac OS X', os.arch: 'x86_64', os.version: '10.11.6', java.version: '1.8.0_131'
Driver info: org.openqa.selenium.remote.RemoteWebDriver
Capabilities [{testobject_user_id=utsavraja, testobject_platform_name=iOS, testobject_test_report_url=https://app.testobject.com/#/utsavraja/testendpoint/appium/executions/688, testobjectApiKey=C118D66142464D22BADE2E618CB527DF, loggingPrefs={browser=ALL}, testobject_suite_name=B-1.8, xcodeConfigFile=$HOME/work/testobject.xcconfig, testobject_device_session_id=89f0bb8a-664a-4a66-9096-d83182d6db4d, deviceName=94e8af9b8abd844e5297e98ab00024ea84db2144, platform=UNIX, webDriverAgentUrl=http://127.0.0.1:5725, testobject_test_report_id=688.0, webStorageEnabled=false, testobject_platform_version=10.0, automationName=XCUITest, browserName=safari, takesScreenshot=true, javascriptEnabled=true, platformName=iOS, recordScreenshots=false, udid=94e8af9b8abd844e5297e98ab00024ea84db2144, networkConnectionEnabled=false, testobject_test_name=verifyAlertAcceptTest[0], testobject_device=iPhone 7 32GB, databaseEnabled=false, testobject_project_id=testendpoint, version=, build=B-1.8, locationContextEnabled=false, name=verifyAlertAcceptTest[0], keychainPath=$HOME/work/testobject.keychain, testobject_api_key=C118D66142464D22BADE2E618CB527DF, keychainPassword=password, testobject_test_live_view_url=https://app.testobject.com/#/utsavraja/testendpoint/appium/view/688?dc=EU}]
Session ID: e5f040f5-71eb-4743-9ea5-a6e57bfe9d11
	at Saucelabs.TestSuite2.verifyAlertAcceptTest(TestSuite2.java:391)</pre></div></div></td>
<td></td></tr>
<tr class="b">
<td><a href="#Saucelabs.TestSuite2.verifyExplicitWaitTest0"><img src="images/icon_error_sml.gif" alt="" /></a></td>
<td><a name="TC_Saucelabs.TestSuite2.verifyExplicitWaitTest0"></a><a href="#Saucelabs.TestSuite2.verifyExplicitWaitTest0">verifyExplicitWaitTest[0]</a>
<div class="detailToggle" style="display:inline"><a href="javascript:toggleDisplay(&apos;Saucelabs.TestSuite2.verifyExplicitWaitTest0&apos;);"><span style="display:inline;" id="Saucelabs.TestSuite2.verifyExplicitWaitTest0off"> + </span><span style="display:none;" id="Saucelabs.TestSuite2.verifyExplicitWaitTest0on"> - </span>[ Detail ]</a></div></td>
<td>833.208</td></tr>
<tr class="a">
<td></td>
<td></td>
<td></td></tr>
<tr class="b">
<td></td>
<td>
<div id="Saucelabs.TestSuite2.verifyExplicitWaitTest0error" style="display:none;">
<div>
<pre>java.lang.AssertionError
	at Saucelabs.TestSuite2.verifyExplicitWaitTest(TestSuite2.java:811)</pre></div></div></td>
<td></td></tr>
<tr class="a">
<td><img src="images/icon_success_sml.gif" alt="" /></td>
<td><a name="TC_Saucelabs.TestSuite2.verifyGetElementElementTest0"></a>verifyGetElementElementTest[0]</td>
<td>719.169</td></tr></table></div>
<div class="section">
<h3>TestSuite3<a name="TestSuite3"></a></h3><a name="SaucelabsTestSuite3"></a>
<table border="1" class="bodyTable">
<tr class="a">
<td><a href="#Saucelabs.TestSuite3.octaneTests0"><img src="images/icon_error_sml.gif" alt="" /></a></td>
<td><a name="TC_Saucelabs.TestSuite3.octaneTests0"></a><a href="#Saucelabs.TestSuite3.octaneTests0">octaneTests[0]</a>
<div class="detailToggle" style="display:inline"><a href="javascript:toggleDisplay(&apos;Saucelabs.TestSuite3.octaneTests0&apos;);"><span style="display:inline;" id="Saucelabs.TestSuite3.octaneTests0off"> + </span><span style="display:none;" id="Saucelabs.TestSuite3.octaneTests0on"> - </span>[ Detail ]</a></div></td>
<td>100.018</td></tr>
<tr class="b">
<td></td>
<td>An unknown server-side error occurred while processing the command. Original error: Unsupported log type 'browser' for this device. Supported types : {&quot;syslog&quot;:&quot;System Logs - Device logs for iOS applications on real devices and simulators&quot;,&quot;crashlog&quot;:&quot;Crash Logs - Crash reports for iOS applications on real devices and simulators&quot;,&quot;performance&quot;:&quot;Performance Logs - Debug Timelines on real devices and simulators&quot;} (WARNING: The server did not provide any stacktrace information)
Command duration or timeout: 315 milliseconds
Build info: version: '3.4.0', revision: 'unknown', time: 'unknown'
System info: host: 'JYOTHIN-MBP.local', ip: 'fe80:0:0:0:c6b3:1ff:fec2:cb65%en0', os.name: 'Mac OS X', os.arch: 'x86_64', os.version: '10.11.6', java.version: '1.8.0_131'
Driver info: org.openqa.selenium.remote.RemoteWebDriver
Capabilities [{testobject_user_id=utsavraja, testobject_platform_name=iOS, testobject_test_report_url=https://app.testobject.com/#/utsavraja/testendpoint/appium/executions/625, testobjectApiKey=C118D66142464D22BADE2E618CB527DF, loggingPrefs={browser=ALL}, testobject_suite_name=B-1.8, xcodeConfigFile=$HOME/work/testobject.xcconfig, testobject_device_session_id=c70ac4d8-571b-421c-9ebf-9240aa45cf24, deviceName=94e8af9b8abd844e5297e98ab00024ea84db2144, platform=UNIX, webDriverAgentUrl=http://127.0.0.1:5725, testobject_test_report_id=625.0, webStorageEnabled=false, testobject_platform_version=10.0, automationName=XCUITest, browserName=safari, takesScreenshot=true, javascriptEnabled=true, platformName=iOS, recordScreenshots=false, udid=94e8af9b8abd844e5297e98ab00024ea84db2144, networkConnectionEnabled=false, testobject_test_name=octaneTests[0], testobject_device=iPhone 7 32GB, databaseEnabled=false, testobject_project_id=testendpoint, version=, build=B-1.8, locationContextEnabled=false, name=octaneTests[0], keychainPath=$HOME/work/testobject.keychain, testobject_api_key=C118D66142464D22BADE2E618CB527DF, keychainPassword=password, testobject_test_live_view_url=https://app.testobject.com/#/utsavraja/testendpoint/appium/view/625?dc=EU}]
Session ID: 3cfcc57e-61a9-43d6-86f2-c6896dd04f33</td>
<td></td></tr>
<tr class="a">
<td></td>
<td>
<div id="Saucelabs.TestSuite3.octaneTests0error" style="display:none;">
<div>
<pre>org.openqa.selenium.WebDriverException: 
An unknown server-side error occurred while processing the command. Original error: Unsupported log type 'browser' for this device. Supported types : {&quot;syslog&quot;:&quot;System Logs - Device logs for iOS applications on real devices and simulators&quot;,&quot;crashlog&quot;:&quot;Crash Logs - Crash reports for iOS applications on real devices and simulators&quot;,&quot;performance&quot;:&quot;Performance Logs - Debug Timelines on real devices and simulators&quot;} (WARNING: The server did not provide any stacktrace information)
Command duration or timeout: 315 milliseconds
Build info: version: '3.4.0', revision: 'unknown', time: 'unknown'
System info: host: 'JYOTHIN-MBP.local', ip: 'fe80:0:0:0:c6b3:1ff:fec2:cb65%en0', os.name: 'Mac OS X', os.arch: 'x86_64', os.version: '10.11.6', java.version: '1.8.0_131'
Driver info: org.openqa.selenium.remote.RemoteWebDriver
Capabilities [{testobject_user_id=utsavraja, testobject_platform_name=iOS, testobject_test_report_url=https://app.testobject.com/#/utsavraja/testendpoint/appium/executions/625, testobjectApiKey=C118D66142464D22BADE2E618CB527DF, loggingPrefs={browser=ALL}, testobject_suite_name=B-1.8, xcodeConfigFile=$HOME/work/testobject.xcconfig, testobject_device_session_id=c70ac4d8-571b-421c-9ebf-9240aa45cf24, deviceName=94e8af9b8abd844e5297e98ab00024ea84db2144, platform=UNIX, webDriverAgentUrl=http://127.0.0.1:5725, testobject_test_report_id=625.0, webStorageEnabled=false, testobject_platform_version=10.0, automationName=XCUITest, browserName=safari, takesScreenshot=true, javascriptEnabled=true, platformName=iOS, recordScreenshots=false, udid=94e8af9b8abd844e5297e98ab00024ea84db2144, networkConnectionEnabled=false, testobject_test_name=octaneTests[0], testobject_device=iPhone 7 32GB, databaseEnabled=false, testobject_project_id=testendpoint, version=, build=B-1.8, locationContextEnabled=false, name=octaneTests[0], keychainPath=$HOME/work/testobject.keychain, testobject_api_key=C118D66142464D22BADE2E618CB527DF, keychainPassword=password, testobject_test_live_view_url=https://app.testobject.com/#/utsavraja/testendpoint/appium/view/625?dc=EU}]
Session ID: 3cfcc57e-61a9-43d6-86f2-c6896dd04f33
	at Saucelabs.TestSuite3.octaneTests(TestSuite3.java:35)</pre></div></div></td>
<td></td></tr></table></div>
<div class="section">
<h3>ScreenshotTest<a name="ScreenshotTest"></a></h3><a name="AwsScreenshotTest"></a>
<table border="1" class="bodyTable">
<tr class="a">
<td><a href="#Aws.ScreenshotTest.Aws.ScreenshotTest"><img src="images/icon_warning_sml.gif" alt="" /></a></td>
<td><a name="TC_Aws.ScreenshotTest.Aws.ScreenshotTest"></a><a href="#Aws.ScreenshotTest.Aws.ScreenshotTest">Aws.ScreenshotTest</a>
<div class="detailToggle" style="display:inline"><a href="javascript:toggleDisplay(&apos;Aws.ScreenshotTest.Aws.ScreenshotTest&apos;);"><span style="display:inline;" id="Aws.ScreenshotTest.Aws.ScreenshotTestoff"> + </span><span style="display:none;" id="Aws.ScreenshotTest.Aws.ScreenshotTeston"> - </span>[ Detail ]</a></div></td>
<td>0</td></tr>
<tr class="b">
<td></td>
<td>skipped</td>
<td></td></tr></table></div>
<div class="section">
<h3>TestSuite2<a name="TestSuite2"></a></h3><a name="BrowserstackTestSuite2"></a>
<table border="1" class="bodyTable">
<tr class="a">
<td><a href="#Browserstack.TestSuite2.Browserstack.TestSuite2"><img src="images/icon_warning_sml.gif" alt="" /></a></td>
<td><a name="TC_Browserstack.TestSuite2.Browserstack.TestSuite2"></a><a href="#Browserstack.TestSuite2.Browserstack.TestSuite2">Browserstack.TestSuite2</a>
<div class="detailToggle" style="display:inline"><a href="javascript:toggleDisplay(&apos;Browserstack.TestSuite2.Browserstack.TestSuite2&apos;);"><span style="display:inline;" id="Browserstack.TestSuite2.Browserstack.TestSuite2off"> + </span><span style="display:none;" id="Browserstack.TestSuite2.Browserstack.TestSuite2on"> - </span>[ Detail ]</a></div></td>
<td>0</td></tr>
<tr class="b">
<td></td>
<td>skipped</td>
<td></td></tr></table></div>
<div class="section">
<h3>TestSuite3<a name="TestSuite3"></a></h3><a name="BrowserstackTestSuite3"></a>
<table border="1" class="bodyTable">
<tr class="a">
<td><a href="#Browserstack.TestSuite3.Browserstack.TestSuite3"><img src="images/icon_warning_sml.gif" alt="" /></a></td>
<td><a name="TC_Browserstack.TestSuite3.Browserstack.TestSuite3"></a><a href="#Browserstack.TestSuite3.Browserstack.TestSuite3">Browserstack.TestSuite3</a>
<div class="detailToggle" style="display:inline"><a href="javascript:toggleDisplay(&apos;Browserstack.TestSuite3.Browserstack.TestSuite3&apos;);"><span style="display:inline;" id="Browserstack.TestSuite3.Browserstack.TestSuite3off"> + </span><span style="display:none;" id="Browserstack.TestSuite3.Browserstack.TestSuite3on"> - </span>[ Detail ]</a></div></td>
<td>0</td></tr>
<tr class="b">
<td></td>
<td>skipped</td>
<td></td></tr></table></div>
<div class="section">
<h3>TestSuite1<a name="TestSuite1"></a></h3><a name="SaucelabsTestSuite1"></a>
<table border="1" class="bodyTable">
<tr class="a">
<td><a href="#Saucelabs.TestSuite1.Saucelabs.TestSuite1"><img src="images/icon_warning_sml.gif" alt="" /></a></td>
<td><a name="TC_Saucelabs.TestSuite1.Saucelabs.TestSuite1"></a><a href="#Saucelabs.TestSuite1.Saucelabs.TestSuite1">Saucelabs.TestSuite1</a>
<div class="detailToggle" style="display:inline"><a href="javascript:toggleDisplay(&apos;Saucelabs.TestSuite1.Saucelabs.TestSuite1&apos;);"><span style="display:inline;" id="Saucelabs.TestSuite1.Saucelabs.TestSuite1off"> + </span><span style="display:none;" id="Saucelabs.TestSuite1.Saucelabs.TestSuite1on"> - </span>[ Detail ]</a></div></td>
<td>0</td></tr>
<tr class="b">
<td></td>
<td>skipped</td>
<td></td></tr></table></div><br /></div>
<div class="section">
<h2>Failure Details<a name="Failure_Details"></a></h2><a name="Failure_Details"></a>
<p>[<a href="#Summary">Summary</a>] [<a href="#Package_List">Package List</a>] [<a href="#Test_Cases">Test Cases</a>]</p><br />
<table border="1" class="bodyTable">
<tr class="a">
<td><img src="images/icon_error_sml.gif" alt="" /></td>
<td><a name="Saucelabs.TestSuite2.verifyScreenshotTest0"></a>verifyScreenshotTest[0]</td></tr>
<tr class="b">
<td></td>
<td>org.openqa.selenium.SessionNotCreatedException: errorId: bbebcaac-cae4-4148-8cab-387ce373ca85 - Unable to allocate device iPhone_7_32GB_10_real within 900000ms or 3 tries. This can happen if there were no available devices within the time or your plan's max concurrent test run is not corresponding to your usage
Build info: version: 'unknown', revision: 'unknown', time: 'unknown'
System info: host: '5dde51a8fbfa', ip: '172.17.0.5', os.name: 'Linux', os.arch: 'amd64', os.version: '4.8.0-45-generic', java.version: '1.8.0_131'
Driver info: driver.version: unknown
Command duration or timeout: 954.96 seconds</td></tr>
<tr class="a">
<td></td>
<td>
<div id="verifyScreenshotTest[0]error">Saucelabs.TestSuite2:</div></td></tr>
<tr class="b">
<td><img src="images/icon_error_sml.gif" alt="" /></td>
<td><a name="Saucelabs.TestSuite2.verifyRefreshTest0"></a>verifyRefreshTest[0]</td></tr>
<tr class="a">
<td></td>
<td>org.openqa.selenium.SessionNotCreatedException: errorId: 7ffd2cc0-8009-49a3-95ef-389770f103cb - Unable to allocate device  within 900000ms or 3 tries. This can happen if there were no available devices within the time or your plan's max concurrent test run is not corresponding to your usage
Build info: version: 'unknown', revision: 'unknown', time: 'unknown'
System info: host: '5dde51a8fbfa', ip: '172.17.0.5', os.name: 'Linux', os.arch: 'amd64', os.version: '4.8.0-45-generic', java.version: '1.8.0_131'
Driver info: driver.version: unknown
Command duration or timeout: 908.54 seconds</td></tr>
<tr class="b">
<td></td>
<td>
<div id="verifyRefreshTest[0]error">Saucelabs.TestSuite2:</div></td></tr>
<tr class="a">
<td><img src="images/icon_error_sml.gif" alt="" /></td>
<td><a name="Saucelabs.TestSuite2.verifyExecuteScriptTest0"></a>verifyExecuteScriptTest[0]</td></tr>
<tr class="b">
<td></td>
<td>org.openqa.selenium.SessionNotCreatedException: errorId: 98edde3b-d93f-477c-a569-b87500b59699 - Unable to allocate device iPhone_7_32GB_10_real within 900000ms or 3 tries. This can happen if there were no available devices within the time or your plan's max concurrent test run is not corresponding to your usage
Build info: version: 'unknown', revision: 'unknown', time: 'unknown'
System info: host: '5dde51a8fbfa', ip: '172.17.0.5', os.name: 'Linux', os.arch: 'amd64', os.version: '4.8.0-45-generic', java.version: '1.8.0_131'
Driver info: driver.version: unknown
Command duration or timeout: 1296.95 seconds</td></tr>
<tr class="a">
<td></td>
<td>
<div id="verifyExecuteScriptTest[0]error">Saucelabs.TestSuite2:</div></td></tr>
<tr class="b">
<td><img src="images/icon_error_sml.gif" alt="" /></td>
<td><a name="Saucelabs.TestSuite2.verifyGetElementByNameTest0"></a>verifyGetElementByNameTest[0]</td></tr>
<tr class="a">
<td></td>
<td>org.openqa.selenium.SessionNotCreatedException: errorId: 69c543de-3c19-46f9-84c5-4d579d426335 - Unable to allocate device iPhone_7_32GB_10_real within 900000ms or 3 tries. This can happen if there were no available devices within the time or your plan's max concurrent test run is not corresponding to your usage
Build info: version: 'unknown', revision: 'unknown', time: 'unknown'
System info: host: '5dde51a8fbfa', ip: '172.17.0.5', os.name: 'Linux', os.arch: 'amd64', os.version: '4.8.0-45-generic', java.version: '1.8.0_131'
Driver info: driver.version: unknown
Command duration or timeout: 1246.86 seconds</td></tr>
<tr class="b">
<td></td>
<td>
<div id="verifyGetElementByNameTest[0]error">Saucelabs.TestSuite2:</div></td></tr>
<tr class="a">
<td><img src="images/icon_error_sml.gif" alt="" /></td>
<td><a name="Saucelabs.TestSuite2.verifyContextClickTest0"></a>verifyContextClickTest[0]</td></tr>
<tr class="b">
<td></td>
<td>org.openqa.selenium.WebDriverException: Method has not yet been implemented (WARNING: The server did not provide any stacktrace information)
Command duration or timeout: 265 milliseconds
Build info: version: '3.4.0', revision: 'unknown', time: 'unknown'
System info: host: 'JYOTHIN-MBP.local', ip: 'fe80:0:0:0:c6b3:1ff:fec2:cb65%en0', os.name: 'Mac OS X', os.arch: 'x86_64', os.version: '10.11.6', java.version: '1.8.0_131'
Driver info: org.openqa.selenium.remote.RemoteWebDriver
Capabilities [{testobject_user_id=utsavraja, testobject_platform_name=iOS, testobject_test_report_url=https://app.testobject.com/#/utsavraja/testendpoint/appium/executions/635, testobjectApiKey=C118D66142464D22BADE2E618CB527DF, loggingPrefs={browser=ALL}, testobject_suite_name=B-1.8, xcodeConfigFile=$HOME/work/testobject.xcconfig, testobject_device_session_id=dc997b7f-389e-463a-8702-cc3a2571664b, deviceName=94e8af9b8abd844e5297e98ab00024ea84db2144, platform=UNIX, webDriverAgentUrl=http://127.0.0.1:5725, testobject_test_report_id=635.0, webStorageEnabled=false, testobject_platform_version=10.0, automationName=XCUITest, browserName=safari, takesScreenshot=true, javascriptEnabled=true, platformName=iOS, recordScreenshots=false, udid=94e8af9b8abd844e5297e98ab00024ea84db2144, networkConnectionEnabled=false, testobject_test_name=verifyContextClickTest[0], testobject_device=iPhone 7 32GB, databaseEnabled=false, testobject_project_id=testendpoint, version=, build=B-1.8, locationContextEnabled=false, name=verifyContextClickTest[0], keychainPath=$HOME/work/testobject.keychain, testobject_api_key=C118D66142464D22BADE2E618CB527DF, keychainPassword=password, testobject_test_live_view_url=https://app.testobject.com/#/utsavraja/testendpoint/appium/view/635?dc=EU}]
Session ID: 1d60b1e5-118d-420a-b4de-cabaf513a3d6</td></tr>
<tr class="a">
<td></td>
<td>
<div id="verifyContextClickTest[0]error">Saucelabs.TestSuite2:668</div></td></tr>
<tr class="b">
<td><img src="images/icon_error_sml.gif" alt="" /></td>
<td><a name="Saucelabs.TestSuite2.verifyCloseCurrentWindowTest0"></a>verifyCloseCurrentWindowTest[0]</td></tr>
<tr class="a">
<td></td>
<td>java.lang.AssertionError</td></tr>
<tr class="b">
<td></td>
<td>
<div id="verifyCloseCurrentWindowTest[0]error">Saucelabs.TestSuite2:945</div></td></tr>
<tr class="a">
<td><img src="images/icon_error_sml.gif" alt="" /></td>
<td><a name="Saucelabs.TestSuite2.verifyGetTagTest0"></a>verifyGetTagTest[0]</td></tr>
<tr class="b">
<td></td>
<td>org.openqa.selenium.SessionNotCreatedException: errorId: 5475733a-819e-47b6-a969-92e12a932c20 - Unable to allocate device iPhone_7_32GB_10_real within 900000ms or 3 tries. This can happen if there were no available devices within the time or your plan's max concurrent test run is not corresponding to your usage
Build info: version: 'unknown', revision: 'unknown', time: 'unknown'
System info: host: '5dde51a8fbfa', ip: '172.17.0.5', os.name: 'Linux', os.arch: 'amd64', os.version: '4.8.0-45-generic', java.version: '1.8.0_131'
Driver info: driver.version: unknown
Command duration or timeout: 1725.22 seconds</td></tr>
<tr class="a">
<td></td>
<td>
<div id="verifyGetTagTest[0]error">Saucelabs.TestSuite2:</div></td></tr>
<tr class="b">
<td><img src="images/icon_error_sml.gif" alt="" /></td>
<td><a name="Saucelabs.TestSuite2.verifyGetElementByIdTest0"></a>verifyGetElementByIdTest[0]</td></tr>
<tr class="a">
<td></td>
<td>org.openqa.selenium.SessionNotCreatedException: errorId: 9eafe43d-1960-4b9b-9f4e-f94fa6b99153 - Unable to allocate device  within 900000ms or 3 tries. This can happen if there were no available devices within the time or your plan's max concurrent test run is not corresponding to your usage
Build info: version: 'unknown', revision: 'unknown', time: 'unknown'
System info: host: '5dde51a8fbfa', ip: '172.17.0.5', os.name: 'Linux', os.arch: 'amd64', os.version: '4.8.0-45-generic', java.version: '1.8.0_131'
Driver info: driver.version: unknown
Command duration or timeout: 908.54 seconds</td></tr>
<tr class="b">
<td></td>
<td>
<div id="verifyGetElementByIdTest[0]error">Saucelabs.TestSuite2:</div></td></tr>
<tr class="a">
<td><img src="images/icon_error_sml.gif" alt="" /></td>
<td><a name="Saucelabs.TestSuite2.verifyKeyDownAndUpTest0"></a>verifyKeyDownAndUpTest[0]</td></tr>
<tr class="b">
<td></td>
<td>org.openqa.selenium.WebDriverException: An unknown server-side error occurred while processing the command. Original error: Error Domain=com.facebook.WebDriverAgent Code=1 &quot;Keyboard is not present&quot; UserInfo={NSLocalizedDescription=Keyboard is not present} (WARNING: The server did not provide any stacktrace information)
Command duration or timeout: 5.61 seconds
Build info: version: '3.4.0', revision: 'unknown', time: 'unknown'
System info: host: 'JYOTHIN-MBP.local', ip: 'fe80:0:0:0:c6b3:1ff:fec2:cb65%en0', os.name: 'Mac OS X', os.arch: 'x86_64', os.version: '10.11.6', java.version: '1.8.0_131'
Driver info: org.openqa.selenium.remote.RemoteWebDriver
Capabilities [{testobject_user_id=utsavraja, testobject_platform_name=iOS, testobject_test_report_url=https://app.testobject.com/#/utsavraja/testendpoint/appium/executions/639, testobjectApiKey=C118D66142464D22BADE2E618CB527DF, loggingPrefs={browser=ALL}, testobject_suite_name=B-1.8, xcodeConfigFile=$HOME/work/testobject.xcconfig, testobject_device_session_id=8f80e988-ef53-4964-a488-b7120bfa8c35, deviceName=94e8af9b8abd844e5297e98ab00024ea84db2144, platform=UNIX, webDriverAgentUrl=http://127.0.0.1:5725, testobject_test_report_id=639.0, webStorageEnabled=false, testobject_platform_version=10.0, automationName=XCUITest, browserName=safari, takesScreenshot=true, javascriptEnabled=true, platformName=iOS, recordScreenshots=false, udid=94e8af9b8abd844e5297e98ab00024ea84db2144, networkConnectionEnabled=false, testobject_test_name=verifyKeyDownAndUpTest[0], testobject_device=iPhone 7 32GB, databaseEnabled=false, testobject_project_id=testendpoint, version=, build=B-1.8, locationContextEnabled=false, name=verifyKeyDownAndUpTest[0], keychainPath=$HOME/work/testobject.keychain, testobject_api_key=C118D66142464D22BADE2E618CB527DF, keychainPassword=password, testobject_test_live_view_url=https://app.testobject.com/#/utsavraja/testendpoint/appium/view/639?dc=EU}]
Session ID: a3b642e4-291d-4c58-baa2-949f191adecb</td></tr>
<tr class="a">
<td></td>
<td>
<div id="verifyKeyDownAndUpTest[0]error">Saucelabs.TestSuite2:693</div></td></tr>
<tr class="b">
<td><img src="images/icon_error_sml.gif" alt="" /></td>
<td><a name="Saucelabs.TestSuite2.verifyAlertTextTest0"></a>verifyAlertTextTest[0]</td></tr>
<tr class="a">
<td></td>
<td>org.openqa.selenium.SessionNotCreatedException: errorId: a0844c6f-bb69-4429-b286-9138fe605704 - Unable to allocate device  within 900000ms or 3 tries. This can happen if there were no available devices within the time or your plan's max concurrent test run is not corresponding to your usage
Build info: version: 'unknown', revision: 'unknown', time: 'unknown'
System info: host: '5dde51a8fbfa', ip: '172.17.0.5', os.name: 'Linux', os.arch: 'amd64', os.version: '4.8.0-45-generic', java.version: '1.8.0_131'
Driver info: driver.version: unknown
Command duration or timeout: 908.46 seconds</td></tr>
<tr class="b">
<td></td>
<td>
<div id="verifyAlertTextTest[0]error">Saucelabs.TestSuite2:</div></td></tr>
<tr class="a">
<td><img src="images/icon_error_sml.gif" alt="" /></td>
<td><a name="Saucelabs.TestSuite2.verifyContextClickElementTest0"></a>verifyContextClickElementTest[0]</td></tr>
<tr class="b">
<td></td>
<td>org.openqa.selenium.WebDriverException: Method has not yet been implemented (WARNING: The server did not provide any stacktrace information)
Command duration or timeout: 268 milliseconds
Build info: version: '3.4.0', revision: 'unknown', time: 'unknown'
System info: host: 'JYOTHIN-MBP.local', ip: 'fe80:0:0:0:c6b3:1ff:fec2:cb65%en0', os.name: 'Mac OS X', os.arch: 'x86_64', os.version: '10.11.6', java.version: '1.8.0_131'
Driver info: org.openqa.selenium.remote.RemoteWebDriver
Capabilities [{testobject_user_id=utsavraja, testobject_platform_name=iOS, testobject_test_report_url=https://app.testobject.com/#/utsavraja/testendpoint/appium/executions/628, testobjectApiKey=C118D66142464D22BADE2E618CB527DF, loggingPrefs={browser=ALL}, testobject_suite_name=B-1.8, xcodeConfigFile=$HOME/work/testobject.xcconfig, testobject_device_session_id=38b685be-a662-4e6f-8c82-5e63086eaf22, deviceName=94e8af9b8abd844e5297e98ab00024ea84db2144, platform=UNIX, webDriverAgentUrl=http://127.0.0.1:5725, testobject_test_report_id=628.0, webStorageEnabled=false, testobject_platform_version=10.0, automationName=XCUITest, browserName=safari, takesScreenshot=true, javascriptEnabled=true, platformName=iOS, recordScreenshots=false, udid=94e8af9b8abd844e5297e98ab00024ea84db2144, networkConnectionEnabled=false, testobject_test_name=verifyContextClickElementTest[0], testobject_device=iPhone 7 32GB, databaseEnabled=false, testobject_project_id=testendpoint, version=, build=B-1.8, locationContextEnabled=false, name=verifyContextClickElementTest[0], keychainPath=$HOME/work/testobject.keychain, testobject_api_key=C118D66142464D22BADE2E618CB527DF, keychainPassword=password, testobject_test_live_view_url=https://app.testobject.com/#/utsavraja/testendpoint/appium/view/628?dc=EU}]
Session ID: 89962da4-43aa-4b4e-ac56-0355ad034b8e</td></tr>
<tr class="a">
<td></td>
<td>
<div id="verifyContextClickElementTest[0]error">Saucelabs.TestSuite2:680</div></td></tr>
<tr class="b">
<td><img src="images/icon_error_sml.gif" alt="" /></td>
<td><a name="Saucelabs.TestSuite2.verifyTitleTest0"></a>verifyTitleTest[0]</td></tr>
<tr class="a">
<td></td>
<td>org.openqa.selenium.SessionNotCreatedException: errorId: b8fd863c-359e-48b2-826f-2bd02ec0aeab - Unable to allocate device iPhone_7_32GB_10_real within 900000ms or 3 tries. This can happen if there were no available devices within the time or your plan's max concurrent test run is not corresponding to your usage
Build info: version: 'unknown', revision: 'unknown', time: 'unknown'
System info: host: '5dde51a8fbfa', ip: '172.17.0.5', os.name: 'Linux', os.arch: 'amd64', os.version: '4.8.0-45-generic', java.version: '1.8.0_131'
Driver info: driver.version: unknown
Command duration or timeout: 1367.16 seconds</td></tr>
<tr class="b">
<td></td>
<td>
<div id="verifyTitleTest[0]error">Saucelabs.TestSuite2:</div></td></tr>
<tr class="a">
<td><img src="images/icon_error_sml.gif" alt="" /></td>
<td><a name="Saucelabs.TestSuite2.verifyDragAndDropTest0"></a>verifyDragAndDropTest[0]</td></tr>
<tr class="b">
<td></td>
<td>org.openqa.selenium.WebDriverException: Unhandled endpoint: /session/8816AE1F-423A-4B56-9032-16FD5911749D/buttondown -- http://127.0.0.1:5726/ with parameters {
    wildcards =     (
        &quot;session/8816AE1F-423A-4B56-9032-16FD5911749D/buttondown&quot;
    );
}
Command duration or timeout: 270 milliseconds
Build info: version: '3.4.0', revision: 'unknown', time: 'unknown'
System info: host: 'JYOTHIN-MBP.local', ip: 'fe80:0:0:0:c6b3:1ff:fec2:cb65%en0', os.name: 'Mac OS X', os.arch: 'x86_64', os.version: '10.11.6', java.version: '1.8.0_131'
Driver info: org.openqa.selenium.remote.RemoteWebDriver
Capabilities [{testobject_user_id=utsavraja, testobject_platform_name=iOS, testobject_test_report_url=https://app.testobject.com/#/utsavraja/testendpoint/appium/executions/632, testobjectApiKey=C118D66142464D22BADE2E618CB527DF, loggingPrefs={browser=ALL}, testobject_suite_name=B-1.8, xcodeConfigFile=$HOME/work/testobject.xcconfig, testobject_device_session_id=9f9cadcd-0357-49ec-9d66-c7845186b399, deviceName=a540db4273454207842a0a336b2e30e31d16d15c, platform=UNIX, webDriverAgentUrl=http://127.0.0.1:5726, testobject_test_report_id=632.0, webStorageEnabled=false, testobject_platform_version=10.0, automationName=XCUITest, browserName=safari, takesScreenshot=true, javascriptEnabled=true, platformName=iOS, recordScreenshots=false, udid=a540db4273454207842a0a336b2e30e31d16d15c, networkConnectionEnabled=false, testobject_test_name=verifyDragAndDropTest[0], testobject_device=iPhone 7 32GB, databaseEnabled=false, testobject_project_id=testendpoint, version=, build=B-1.8, locationContextEnabled=false, name=verifyDragAndDropTest[0], keychainPath=$HOME/work/testobject.keychain, testobject_api_key=C118D66142464D22BADE2E618CB527DF, keychainPassword=password, testobject_test_live_view_url=https://app.testobject.com/#/utsavraja/testendpoint/appium/view/632?dc=EU}]
Session ID: 5cf11f05-e44e-4871-81c0-ca847b71c653</td></tr>
<tr class="a">
<td></td>
<td>
<div id="verifyDragAndDropTest[0]error">Saucelabs.TestSuite2:650</div></td></tr>
<tr class="b">
<td><img src="images/icon_error_sml.gif" alt="" /></td>
<td><a name="Saucelabs.TestSuite2.verifyClickAndHoldAndReleaseTest0"></a>verifyClickAndHoldAndReleaseTest[0]</td></tr>
<tr class="a">
<td></td>
<td>org.openqa.selenium.SessionNotCreatedException: errorId: b2d65fa8-0fd4-4044-99a5-518d9fcd2141 - Unable to allocate device  within 900000ms or 3 tries. This can happen if there were no available devices within the time or your plan's max concurrent test run is not corresponding to your usage
Build info: version: 'unknown', revision: 'unknown', time: 'unknown'
System info: host: '5dde51a8fbfa', ip: '172.17.0.5', os.name: 'Linux', os.arch: 'amd64', os.version: '4.8.0-45-generic', java.version: '1.8.0_131'
Driver info: driver.version: unknown
Command duration or timeout: 908.66 seconds</td></tr>
<tr class="b">
<td></td>
<td>
<div id="verifyClickAndHoldAndReleaseTest[0]error">Saucelabs.TestSuite2:</div></td></tr>
<tr class="a">
<td><img src="images/icon_error_sml.gif" alt="" /></td>
<td><a name="Saucelabs.TestSuite2.verifySendKeysTest0"></a>verifySendKeysTest[0]</td></tr>
<tr class="b">
<td></td>
<td>org.openqa.selenium.SessionNotCreatedException: errorId: abcb8890-987b-4432-ba37-aeb00ac5dec8 - Unable to allocate device iPhone_7_32GB_10_real within 900000ms or 3 tries. This can happen if there were no available devices within the time or your plan's max concurrent test run is not corresponding to your usage
Build info: version: 'unknown', revision: 'unknown', time: 'unknown'
System info: host: '5dde51a8fbfa', ip: '172.17.0.5', os.name: 'Linux', os.arch: 'amd64', os.version: '4.8.0-45-generic', java.version: '1.8.0_131'
Driver info: driver.version: unknown
Command duration or timeout: 1309.92 seconds</td></tr>
<tr class="a">
<td></td>
<td>
<div id="verifySendKeysTest[0]error">Saucelabs.TestSuite2:</div></td></tr>
<tr class="b">
<td><img src="images/icon_error_sml.gif" alt="" /></td>
<td><a name="Saucelabs.TestSuite2.verifyActionMoveToClickTest0"></a>verifyActionMoveToClickTest[0]</td></tr>
<tr class="a">
<td></td>
<td>org.openqa.selenium.SessionNotCreatedException: errorId: 1ca09759-99d0-45f3-8e22-d190522f5f9a - Unable to allocate device  within 900000ms or 3 tries. This can happen if there were no available devices within the time or your plan's max concurrent test run is not corresponding to your usage
Build info: version: 'unknown', revision: 'unknown', time: 'unknown'
System info: host: '5dde51a8fbfa', ip: '172.17.0.5', os.name: 'Linux', os.arch: 'amd64', os.version: '4.8.0-45-generic', java.version: '1.8.0_131'
Driver info: driver.version: unknown
Command duration or timeout: 907.69 seconds</td></tr>
<tr class="b">
<td></td>
<td>
<div id="verifyActionMoveToClickTest[0]error">Saucelabs.TestSuite2:</div></td></tr>
<tr class="a">
<td><img src="images/icon_error_sml.gif" alt="" /></td>
<td><a name="Saucelabs.TestSuite2.verifyControlKeyDownTest0"></a>verifyControlKeyDownTest[0]</td></tr>
<tr class="b">
<td></td>
<td>org.openqa.selenium.WebDriverException: An unknown server-side error occurred while processing the command. Original error: Error Domain=com.facebook.WebDriverAgent Code=1 &quot;Keyboard is not present&quot; UserInfo={NSLocalizedDescription=Keyboard is not present} (WARNING: The server did not provide any stacktrace information)
Command duration or timeout: 5.37 seconds
Build info: version: '3.4.0', revision: 'unknown', time: 'unknown'
System info: host: 'JYOTHIN-MBP.local', ip: 'fe80:0:0:0:c6b3:1ff:fec2:cb65%en0', os.name: 'Mac OS X', os.arch: 'x86_64', os.version: '10.11.6', java.version: '1.8.0_131'
Driver info: org.openqa.selenium.remote.RemoteWebDriver
Capabilities [{testobject_user_id=utsavraja, testobject_platform_name=iOS, testobject_test_report_url=https://app.testobject.com/#/utsavraja/testendpoint/appium/executions/644, testobjectApiKey=C118D66142464D22BADE2E618CB527DF, loggingPrefs={browser=ALL}, testobject_suite_name=B-1.8, xcodeConfigFile=$HOME/work/testobject.xcconfig, testobject_device_session_id=6c07b880-601d-486d-b9fe-ff90aea22e71, deviceName=94e8af9b8abd844e5297e98ab00024ea84db2144, platform=UNIX, webDriverAgentUrl=http://127.0.0.1:5725, testobject_test_report_id=644.0, webStorageEnabled=false, testobject_platform_version=10.0, automationName=XCUITest, browserName=safari, takesScreenshot=true, javascriptEnabled=true, platformName=iOS, recordScreenshots=false, udid=94e8af9b8abd844e5297e98ab00024ea84db2144, networkConnectionEnabled=false, testobject_test_name=verifyControlKeyDownTest[0], testobject_device=iPhone 7 32GB, databaseEnabled=false, testobject_project_id=testendpoint, version=, build=B-1.8, locationContextEnabled=false, name=verifyControlKeyDownTest[0], keychainPath=$HOME/work/testobject.keychain, testobject_api_key=C118D66142464D22BADE2E618CB527DF, keychainPassword=password, testobject_test_live_view_url=https://app.testobject.com/#/utsavraja/testendpoint/appium/view/644?dc=EU}]
Session ID: dad996ba-85b7-4bad-8da9-98d664f6f912</td></tr>
<tr class="a">
<td></td>
<td>
<div id="verifyControlKeyDownTest[0]error">Saucelabs.TestSuite2:1036</div></td></tr>
<tr class="b">
<td><img src="images/icon_error_sml.gif" alt="" /></td>
<td><a name="Saucelabs.TestSuite2.verifyWindowPositionTest0"></a>verifyWindowPositionTest[0]</td></tr>
<tr class="a">
<td></td>
<td>org.openqa.selenium.WebDriverException: Method is not implemented (WARNING: The server did not provide any stacktrace information)
Command duration or timeout: 195 milliseconds
Build info: version: '3.4.0', revision: 'unknown', time: 'unknown'
System info: host: 'JYOTHIN-MBP.local', ip: 'fe80:0:0:0:c6b3:1ff:fec2:cb65%en0', os.name: 'Mac OS X', os.arch: 'x86_64', os.version: '10.11.6', java.version: '1.8.0_131'
Driver info: org.openqa.selenium.remote.RemoteWebDriver
Capabilities [{testobject_user_id=utsavraja, testobject_platform_name=iOS, testobject_test_report_url=https://app.testobject.com/#/utsavraja/testendpoint/appium/executions/645, testobjectApiKey=C118D66142464D22BADE2E618CB527DF, loggingPrefs={browser=ALL}, testobject_suite_name=B-1.8, xcodeConfigFile=$HOME/work/testobject.xcconfig, testobject_device_session_id=e586c023-8334-4efd-acb7-d9dadc1a9e32, deviceName=a540db4273454207842a0a336b2e30e31d16d15c, platform=UNIX, webDriverAgentUrl=http://127.0.0.1:5726, testobject_test_report_id=645.0, webStorageEnabled=false, testobject_platform_version=10.0, automationName=XCUITest, browserName=safari, takesScreenshot=true, javascriptEnabled=true, platformName=iOS, recordScreenshots=false, udid=a540db4273454207842a0a336b2e30e31d16d15c, networkConnectionEnabled=false, testobject_test_name=verifyWindowPositionTest[0], testobject_device=iPhone 7 32GB, databaseEnabled=false, testobject_project_id=testendpoint, version=, build=B-1.8, locationContextEnabled=false, name=verifyWindowPositionTest[0], keychainPath=$HOME/work/testobject.keychain, testobject_api_key=C118D66142464D22BADE2E618CB527DF, keychainPassword=password, testobject_test_live_view_url=https://app.testobject.com/#/utsavraja/testendpoint/appium/view/645?dc=EU}]
Session ID: dd392298-d3fe-4c80-8ad2-59d85c000f91</td></tr>
<tr class="b">
<td></td>
<td>
<div id="verifyWindowPositionTest[0]error">Saucelabs.TestSuite2:500</div></td></tr>
<tr class="a">
<td><img src="images/icon_error_sml.gif" alt="" /></td>
<td><a name="Saucelabs.TestSuite2.verifyHoldAndReleaseTest0"></a>verifyHoldAndReleaseTest[0]</td></tr>
<tr class="b">
<td></td>
<td>org.openqa.selenium.SessionNotCreatedException: errorId: 98d46005-0312-472b-8410-69390d5a04ca - Unable to allocate device iPhone_7_32GB_10_real within 900000ms or 3 tries. This can happen if there were no available devices within the time or your plan's max concurrent test run is not corresponding to your usage
Build info: version: 'unknown', revision: 'unknown', time: 'unknown'
System info: host: '5dde51a8fbfa', ip: '172.17.0.5', os.name: 'Linux', os.arch: 'amd64', os.version: '4.8.0-45-generic', java.version: '1.8.0_131'
Driver info: driver.version: unknown
Command duration or timeout: 1599.90 seconds</td></tr>
<tr class="a">
<td></td>
<td>
<div id="verifyHoldAndReleaseTest[0]error">Saucelabs.TestSuite2:</div></td></tr>
<tr class="b">
<td><img src="images/icon_error_sml.gif" alt="" /></td>
<td><a name="Saucelabs.TestSuite2.verifyActionSendKeysTest0"></a>verifyActionSendKeysTest[0]</td></tr>
<tr class="a">
<td></td>
<td>org.openqa.selenium.WebDriverException: Method has not yet been implemented (WARNING: The server did not provide any stacktrace information)
Command duration or timeout: 260 milliseconds
Build info: version: '3.4.0', revision: 'unknown', time: 'unknown'
System info: host: 'JYOTHIN-MBP.local', ip: 'fe80:0:0:0:c6b3:1ff:fec2:cb65%en0', os.name: 'Mac OS X', os.arch: 'x86_64', os.version: '10.11.6', java.version: '1.8.0_131'
Driver info: org.openqa.selenium.remote.RemoteWebDriver
Capabilities [{testobject_user_id=utsavraja, testobject_platform_name=iOS, testobject_test_report_url=https://app.testobject.com/#/utsavraja/testendpoint/appium/executions/647, testobjectApiKey=C118D66142464D22BADE2E618CB527DF, loggingPrefs={browser=ALL}, testobject_suite_name=B-1.8, xcodeConfigFile=$HOME/work/testobject.xcconfig, testobject_device_session_id=30fb34a7-6fb7-46b3-83cc-3b5a1f098e8f, deviceName=94e8af9b8abd844e5297e98ab00024ea84db2144, platform=UNIX, webDriverAgentUrl=http://127.0.0.1:5725, testobject_test_report_id=647.0, webStorageEnabled=false, testobject_platform_version=10.0, automationName=XCUITest, browserName=safari, takesScreenshot=true, javascriptEnabled=true, platformName=iOS, recordScreenshots=false, udid=94e8af9b8abd844e5297e98ab00024ea84db2144, networkConnectionEnabled=false, testobject_test_name=verifyActionSendKeysTest[0], testobject_device=iPhone 7 32GB, databaseEnabled=false, testobject_project_id=testendpoint, version=, build=B-1.8, locationContextEnabled=false, name=verifyActionSendKeysTest[0], keychainPath=$HOME/work/testobject.keychain, testobject_api_key=C118D66142464D22BADE2E618CB527DF, keychainPassword=password, testobject_test_live_view_url=https://app.testobject.com/#/utsavraja/testendpoint/appium/view/647?dc=EU}]
Session ID: 9fc55d94-c8c5-44e9-8670-52dc8a5756c2</td></tr>
<tr class="b">
<td></td>
<td>
<div id="verifyActionSendKeysTest[0]error">Saucelabs.TestSuite2:718</div></td></tr>
<tr class="a">
<td><img src="images/icon_error_sml.gif" alt="" /></td>
<td><a name="Saucelabs.TestSuite2.verifyFileUploadTest0"></a>verifyFileUploadTest[0]</td></tr>
<tr class="b">
<td></td>
<td>org.openqa.selenium.SessionNotCreatedException: errorId: 18dde65d-cf22-4e06-a5d6-da974c23200b - Unable to allocate device iPhone_7_32GB_10_real within 900000ms or 3 tries. This can happen if there were no available devices within the time or your plan's max concurrent test run is not corresponding to your usage
Build info: version: 'unknown', revision: 'unknown', time: 'unknown'
System info: host: '5dde51a8fbfa', ip: '172.17.0.5', os.name: 'Linux', os.arch: 'amd64', os.version: '4.8.0-45-generic', java.version: '1.8.0_131'
Driver info: driver.version: unknown
Command duration or timeout: 1181.33 seconds</td></tr>
<tr class="a">
<td></td>
<td>
<div id="verifyFileUploadTest[0]error">Saucelabs.TestSuite2:</div></td></tr>
<tr class="b">
<td><img src="images/icon_error_sml.gif" alt="" /></td>
<td><a name="Saucelabs.TestSuite2.verifyPageSourceTest0"></a>verifyPageSourceTest[0]</td></tr>
<tr class="a">
<td></td>
<td>org.openqa.selenium.SessionNotCreatedException: errorId: 4e1aaac6-dedf-4ef1-9485-52fd93a77fe8 - Unable to allocate device iPhone_7_32GB_10_real within 900000ms or 3 tries. This can happen if there were no available devices within the time or your plan's max concurrent test run is not corresponding to your usage
Build info: version: 'unknown', revision: 'unknown', time: 'unknown'
System info: host: '5dde51a8fbfa', ip: '172.17.0.5', os.name: 'Linux', os.arch: 'amd64', os.version: '4.8.0-45-generic', java.version: '1.8.0_131'
Driver info: driver.version: unknown
Command duration or timeout: 1698.24 seconds</td></tr>
<tr class="b">
<td></td>
<td>
<div id="verifyPageSourceTest[0]error">Saucelabs.TestSuite2:</div></td></tr>
<tr class="a">
<td><img src="images/icon_error_sml.gif" alt="" /></td>
<td><a name="Saucelabs.TestSuite2.verifyGetLocalStorageSizeTest0"></a>verifyGetLocalStorageSizeTest[0]</td></tr>
<tr class="b">
<td></td>
<td>java.lang.NullPointerException</td></tr>
<tr class="a">
<td></td>
<td>
<div id="verifyGetLocalStorageSizeTest[0]error">Saucelabs.TestSuite2:995</div></td></tr>
<tr class="b">
<td><img src="images/icon_error_sml.gif" alt="" /></td>
<td><a name="Saucelabs.TestSuite2.verifyElementLocationTest0"></a>verifyElementLocationTest[0]</td></tr>
<tr class="a">
<td></td>
<td>org.openqa.selenium.SessionNotCreatedException: errorId: 257694f4-ab05-4083-9220-1d2d759d164d - Unable to allocate device iPhone_7_32GB_10_real within 900000ms or 3 tries. This can happen if there were no available devices within the time or your plan's max concurrent test run is not corresponding to your usage
Build info: version: 'unknown', revision: 'unknown', time: 'unknown'
System info: host: '5dde51a8fbfa', ip: '172.17.0.5', os.name: 'Linux', os.arch: 'amd64', os.version: '4.8.0-45-generic', java.version: '1.8.0_131'
Driver info: driver.version: unknown
Command duration or timeout: 973.88 seconds</td></tr>
<tr class="b">
<td></td>
<td>
<div id="verifyElementLocationTest[0]error">Saucelabs.TestSuite2:</div></td></tr>
<tr class="a">
<td><img src="images/icon_error_sml.gif" alt="" /></td>
<td><a name="Saucelabs.TestSuite2.verifySendKeysClearTest0"></a>verifySendKeysClearTest[0]</td></tr>
<tr class="b">
<td></td>
<td>org.openqa.selenium.SessionNotCreatedException: errorId: 0c608e75-9d84-45dd-9fbe-5ec98989ece4 - Unable to allocate device iPhone_7_32GB_10_real within 900000ms or 3 tries. This can happen if there were no available devices within the time or your plan's max concurrent test run is not corresponding to your usage
Build info: version: 'unknown', revision: 'unknown', time: 'unknown'
System info: host: '5dde51a8fbfa', ip: '172.17.0.5', os.name: 'Linux', os.arch: 'amd64', os.version: '4.8.0-45-generic', java.version: '1.8.0_131'
Driver info: driver.version: unknown
Command duration or timeout: 1769.25 seconds</td></tr>
<tr class="a">
<td></td>
<td>
<div id="verifySendKeysClearTest[0]error">Saucelabs.TestSuite2:</div></td></tr>
<tr class="b">
<td><img src="images/icon_error_sml.gif" alt="" /></td>
<td><a name="Saucelabs.TestSuite2.verifyAlertDismissTest0"></a>verifyAlertDismissTest[0]</td></tr>
<tr class="a">
<td></td>
<td>org.openqa.selenium.WebDriverException: An unknown server-side error occurred while processing the command. Original error: Error while executing atom: operation timed out (WARNING: The server did not provide any stacktrace information)
Command duration or timeout: 5.27 seconds
Build info: version: '3.4.0', revision: 'unknown', time: 'unknown'
System info: host: 'JYOTHIN-MBP.local', ip: 'fe80:0:0:0:c6b3:1ff:fec2:cb65%en0', os.name: 'Mac OS X', os.arch: 'x86_64', os.version: '10.11.6', java.version: '1.8.0_131'
Driver info: org.openqa.selenium.remote.RemoteWebDriver
Capabilities [{testobject_user_id=utsavraja, testobject_platform_name=iOS, testobject_test_report_url=https://app.testobject.com/#/utsavraja/testendpoint/appium/executions/656, testobjectApiKey=C118D66142464D22BADE2E618CB527DF, loggingPrefs={browser=ALL}, testobject_suite_name=B-1.8, xcodeConfigFile=$HOME/work/testobject.xcconfig, testobject_device_session_id=52771ebc-90b1-4dc6-82fc-e244be0a0dd7, deviceName=94e8af9b8abd844e5297e98ab00024ea84db2144, platform=UNIX, webDriverAgentUrl=http://127.0.0.1:5725, testobject_test_report_id=656.0, webStorageEnabled=false, testobject_platform_version=10.0, automationName=XCUITest, browserName=safari, takesScreenshot=true, javascriptEnabled=true, platformName=iOS, recordScreenshots=false, udid=94e8af9b8abd844e5297e98ab00024ea84db2144, networkConnectionEnabled=false, testobject_test_name=verifyAlertDismissTest[0], testobject_device=iPhone 7 32GB, databaseEnabled=false, testobject_project_id=testendpoint, version=, build=B-1.8, locationContextEnabled=false, name=verifyAlertDismissTest[0], keychainPath=$HOME/work/testobject.keychain, testobject_api_key=C118D66142464D22BADE2E618CB527DF, keychainPassword=password, testobject_test_live_view_url=https://app.testobject.com/#/utsavraja/testendpoint/appium/view/656?dc=EU}]
Session ID: 03fa05df-40b4-4067-9d7b-7abba7c2eea2</td></tr>
<tr class="b">
<td></td>
<td>
<div id="verifyAlertDismissTest[0]error">Saucelabs.TestSuite2:403</div></td></tr>
<tr class="a">
<td><img src="images/icon_error_sml.gif" alt="" /></td>
<td><a name="Saucelabs.TestSuite2.verifyIsSelectedTest0"></a>verifyIsSelectedTest[0]</td></tr>
<tr class="b">
<td></td>
<td>org.openqa.selenium.SessionNotCreatedException: errorId: f4027c28-7927-4aab-806d-8bafff7ead2b - Unable to allocate device  within 900000ms or 3 tries. This can happen if there were no available devices within the time or your plan's max concurrent test run is not corresponding to your usage
Build info: version: 'unknown', revision: 'unknown', time: 'unknown'
System info: host: '5dde51a8fbfa', ip: '172.17.0.5', os.name: 'Linux', os.arch: 'amd64', os.version: '4.8.0-45-generic', java.version: '1.8.0_131'
Driver info: driver.version: unknown
Command duration or timeout: 907.65 seconds</td></tr>
<tr class="a">
<td></td>
<td>
<div id="verifyIsSelectedTest[0]error">Saucelabs.TestSuite2:</div></td></tr>
<tr class="b">
<td><img src="images/icon_error_sml.gif" alt="" /></td>
<td><a name="Saucelabs.TestSuite2.verifyGetElementElementsTest0"></a>verifyGetElementElementsTest[0]</td></tr>
<tr class="a">
<td></td>
<td>org.openqa.selenium.SessionNotCreatedException: errorId: 26d7b978-eb03-42cf-808f-dd8eea5650be - Unable to allocate device  within 900000ms or 3 tries. This can happen if there were no available devices within the time or your plan's max concurrent test run is not corresponding to your usage
Build info: version: 'unknown', revision: 'unknown', time: 'unknown'
System info: host: '5dde51a8fbfa', ip: '172.17.0.5', os.name: 'Linux', os.arch: 'amd64', os.version: '4.8.0-45-generic', java.version: '1.8.0_131'
Driver info: driver.version: unknown
Command duration or timeout: 907.55 seconds</td></tr>
<tr class="b">
<td></td>
<td>
<div id="verifyGetElementElementsTest[0]error">Saucelabs.TestSuite2:</div></td></tr>
<tr class="a">
<td><img src="images/icon_error_sml.gif" alt="" /></td>
<td><a name="Saucelabs.TestSuite2.verifyActionClickTest0"></a>verifyActionClickTest[0]</td></tr>
<tr class="b">
<td></td>
<td>org.openqa.selenium.SessionNotCreatedException: errorId: b9ebf620-b8e7-455d-b05f-099520128f47 - Unable to allocate device  within 900000ms or 3 tries. This can happen if there were no available devices within the time or your plan's max concurrent test run is not corresponding to your usage
Build info: version: 'unknown', revision: 'unknown', time: 'unknown'
System info: host: '5dde51a8fbfa', ip: '172.17.0.5', os.name: 'Linux', os.arch: 'amd64', os.version: '4.8.0-45-generic', java.version: '1.8.0_131'
Driver info: driver.version: unknown
Command duration or timeout: 907.99 seconds</td></tr>
<tr class="a">
<td></td>
<td>
<div id="verifyActionClickTest[0]error">Saucelabs.TestSuite2:</div></td></tr>
<tr class="b">
<td><img src="images/icon_error_sml.gif" alt="" /></td>
<td><a name="Saucelabs.TestSuite2.verifyGetCookiesTest0"></a>verifyGetCookiesTest[0]</td></tr>
<tr class="a">
<td></td>
<td>org.openqa.selenium.SessionNotCreatedException: errorId: bb80f28b-f77f-42e3-b547-155b97e305ef - Unable to allocate device  within 900000ms or 3 tries. This can happen if there were no available devices within the time or your plan's max concurrent test run is not corresponding to your usage
Build info: version: 'unknown', revision: 'unknown', time: 'unknown'
System info: host: '5dde51a8fbfa', ip: '172.17.0.5', os.name: 'Linux', os.arch: 'amd64', os.version: '4.8.0-45-generic', java.version: '1.8.0_131'
Driver info: driver.version: unknown
Command duration or timeout: 906.91 seconds</td></tr>
<tr class="b">
<td></td>
<td>
<div id="verifyGetCookiesTest[0]error">Saucelabs.TestSuite2:</div></td></tr>
<tr class="a">
<td><img src="images/icon_error_sml.gif" alt="" /></td>
<td><a name="Saucelabs.TestSuite2.verifyDoubleClickTest0"></a>verifyDoubleClickTest[0]</td></tr>
<tr class="b">
<td></td>
<td>org.openqa.selenium.SessionNotCreatedException: errorId: c734d98e-b954-43e9-b9ea-75c434ecc021 - Unable to allocate device iPhone_7_32GB_10_real within 900000ms or 3 tries. This can happen if there were no available devices within the time or your plan's max concurrent test run is not corresponding to your usage
Build info: version: 'unknown', revision: 'unknown', time: 'unknown'
System info: host: '5dde51a8fbfa', ip: '172.17.0.5', os.name: 'Linux', os.arch: 'amd64', os.version: '4.8.0-45-generic', java.version: '1.8.0_131'
Driver info: driver.version: unknown
Command duration or timeout: 1173.65 seconds</td></tr>
<tr class="a">
<td></td>
<td>
<div id="verifyDoubleClickTest[0]error">Saucelabs.TestSuite2:</div></td></tr>
<tr class="b">
<td><img src="images/icon_warning_sml.gif" alt="" /></td>
<td><a name="Saucelabs.TestSuite2.verifyBackForwardTest0"></a>verifyBackForwardTest[0]</td></tr>
<tr class="a">
<td></td>
<td>skipped: Error in test</td></tr>
<tr class="b">
<td><img src="images/icon_error_sml.gif" alt="" /></td>
<td><a name="Saucelabs.TestSuite2.verifyImplicitWaitTest0"></a>verifyImplicitWaitTest[0]</td></tr>
<tr class="a">
<td></td>
<td>org.openqa.selenium.SessionNotCreatedException: errorId: 66820236-2d0b-4e72-bfd0-33f6e8af6d5c - Unable to allocate device  within 900000ms or 3 tries. This can happen if there were no available devices within the time or your plan's max concurrent test run is not corresponding to your usage
Build info: version: 'unknown', revision: 'unknown', time: 'unknown'
System info: host: '5dde51a8fbfa', ip: '172.17.0.5', os.name: 'Linux', os.arch: 'amd64', os.version: '4.8.0-45-generic', java.version: '1.8.0_131'
Driver info: driver.version: unknown
Command duration or timeout: 906.76 seconds</td></tr>
<tr class="b">
<td></td>
<td>
<div id="verifyImplicitWaitTest[0]error">Saucelabs.TestSuite2:</div></td></tr>
<tr class="a">
<td><img src="images/icon_error_sml.gif" alt="" /></td>
<td><a name="Saucelabs.TestSuite2.verifyElementSizeTest0"></a>verifyElementSizeTest[0]</td></tr>
<tr class="b">
<td></td>
<td>org.openqa.selenium.SessionNotCreatedException: errorId: cbbe614c-133f-471f-9e82-70a7c10562e8 - Unable to allocate device  within 900000ms or 3 tries. This can happen if there were no available devices within the time or your plan's max concurrent test run is not corresponding to your usage
Build info: version: 'unknown', revision: 'unknown', time: 'unknown'
System info: host: '5dde51a8fbfa', ip: '172.17.0.5', os.name: 'Linux', os.arch: 'amd64', os.version: '4.8.0-45-generic', java.version: '1.8.0_131'
Driver info: driver.version: unknown
Command duration or timeout: 907.79 seconds</td></tr>
<tr class="a">
<td></td>
<td>
<div id="verifyElementSizeTest[0]error">Saucelabs.TestSuite2:</div></td></tr>
<tr class="b">
<td><img src="images/icon_error_sml.gif" alt="" /></td>
<td><a name="Saucelabs.TestSuite2.verifyElementMoveInTest0"></a>verifyElementMoveInTest[0]</td></tr>
<tr class="a">
<td></td>
<td>org.junit.ComparisonFailure: expected:&lt;Hover [out]&gt; but was:&lt;Hover [in]&gt;</td></tr>
<tr class="b">
<td></td>
<td>
<div id="verifyElementMoveInTest[0]error">Saucelabs.TestSuite2:598</div></td></tr>
<tr class="a">
<td><img src="images/icon_error_sml.gif" alt="" /></td>
<td><a name="Saucelabs.TestSuite2.verifyWindowSizeAndMaximizeTest0"></a>verifyWindowSizeAndMaximizeTest[0]</td></tr>
<tr class="b">
<td></td>
<td>org.openqa.selenium.WebDriverException: Method is not implemented (WARNING: The server did not provide any stacktrace information)
Command duration or timeout: 196 milliseconds
Build info: version: '3.4.0', revision: 'unknown', time: 'unknown'
System info: host: 'JYOTHIN-MBP.local', ip: 'fe80:0:0:0:c6b3:1ff:fec2:cb65%en0', os.name: 'Mac OS X', os.arch: 'x86_64', os.version: '10.11.6', java.version: '1.8.0_131'
Driver info: org.openqa.selenium.remote.RemoteWebDriver
Capabilities [{testobject_user_id=utsavraja, testobject_platform_name=iOS, testobject_test_report_url=https://app.testobject.com/#/utsavraja/testendpoint/appium/executions/673, testobjectApiKey=C118D66142464D22BADE2E618CB527DF, loggingPrefs={browser=ALL}, testobject_suite_name=B-1.8, xcodeConfigFile=$HOME/work/testobject.xcconfig, testobject_device_session_id=96722dd4-1cd4-4270-949d-4f83b040d1fd, deviceName=a540db4273454207842a0a336b2e30e31d16d15c, platform=UNIX, webDriverAgentUrl=http://127.0.0.1:5726, testobject_test_report_id=673.0, webStorageEnabled=false, testobject_platform_version=10.0, automationName=XCUITest, browserName=safari, takesScreenshot=true, javascriptEnabled=true, platformName=iOS, recordScreenshots=false, udid=a540db4273454207842a0a336b2e30e31d16d15c, networkConnectionEnabled=false, testobject_test_name=verifyWindowSizeAndMaximizeTest[0], testobject_device=iPhone 7 32GB, databaseEnabled=false, testobject_project_id=testendpoint, version=, build=B-1.8, locationContextEnabled=false, name=verifyWindowSizeAndMaximizeTest[0], keychainPath=$HOME/work/testobject.keychain, testobject_api_key=C118D66142464D22BADE2E618CB527DF, keychainPassword=password, testobject_test_live_view_url=https://app.testobject.com/#/utsavraja/testendpoint/appium/view/673?dc=EU}]
Session ID: 151cbeda-e39b-4346-8c6d-89306933e491</td></tr>
<tr class="a">
<td></td>
<td>
<div id="verifyWindowSizeAndMaximizeTest[0]error">Saucelabs.TestSuite2:486</div></td></tr>
<tr class="b">
<td><img src="images/icon_error_sml.gif" alt="" /></td>
<td><a name="Saucelabs.TestSuite2.verifyCurrentUrlTest0"></a>verifyCurrentUrlTest[0]</td></tr>
<tr class="a">
<td></td>
<td>org.openqa.selenium.SessionNotCreatedException: errorId: 07eb3310-83a8-4f4d-91da-1bb2195400c6 - Unable to allocate device  within 900000ms or 3 tries. This can happen if there were no available devices within the time or your plan's max concurrent test run is not corresponding to your usage
Build info: version: 'unknown', revision: 'unknown', time: 'unknown'
System info: host: '5dde51a8fbfa', ip: '172.17.0.5', os.name: 'Linux', os.arch: 'amd64', os.version: '4.8.0-45-generic', java.version: '1.8.0_131'
Driver info: driver.version: unknown
Command duration or timeout: 907.79 seconds</td></tr>
<tr class="b">
<td></td>
<td>
<div id="verifyCurrentUrlTest[0]error">Saucelabs.TestSuite2:</div></td></tr>
<tr class="a">
<td><img src="images/icon_error_sml.gif" alt="" /></td>
<td><a name="Saucelabs.TestSuite2.verifyClearLocalStorageTest0"></a>verifyClearLocalStorageTest[0]</td></tr>
<tr class="b">
<td></td>
<td>java.lang.NullPointerException</td></tr>
<tr class="a">
<td></td>
<td>
<div id="verifyClearLocalStorageTest[0]error">Saucelabs.TestSuite2:982</div></td></tr>
<tr class="b">
<td><img src="images/icon_error_sml.gif" alt="" /></td>
<td><a name="Saucelabs.TestSuite2.verifyGetElementByCssTest0"></a>verifyGetElementByCssTest[0]</td></tr>
<tr class="a">
<td></td>
<td>org.openqa.selenium.SessionNotCreatedException: errorId: c9747186-3d04-4c66-b3af-1f376f7c623e - Unable to allocate device  within 900000ms or 3 tries. This can happen if there were no available devices within the time or your plan's max concurrent test run is not corresponding to your usage
Build info: version: 'unknown', revision: 'unknown', time: 'unknown'
System info: host: '5dde51a8fbfa', ip: '172.17.0.5', os.name: 'Linux', os.arch: 'amd64', os.version: '4.8.0-45-generic', java.version: '1.8.0_131'
Driver info: driver.version: unknown
Command duration or timeout: 908.71 seconds</td></tr>
<tr class="b">
<td></td>
<td>
<div id="verifyGetElementByCssTest[0]error">Saucelabs.TestSuite2:</div></td></tr>
<tr class="a">
<td><img src="images/icon_error_sml.gif" alt="" /></td>
<td><a name="Saucelabs.TestSuite2.verifyLocalStorageKeyTest0"></a>verifyLocalStorageKeyTest[0]</td></tr>
<tr class="b">
<td></td>
<td>java.lang.NullPointerException</td></tr>
<tr class="a">
<td></td>
<td>
<div id="verifyLocalStorageKeyTest[0]error">Saucelabs.TestSuite2:967</div></td></tr>
<tr class="b">
<td><img src="images/icon_error_sml.gif" alt="" /></td>
<td><a name="Saucelabs.TestSuite2.verifyDeleteCookieNamedTest0"></a>verifyDeleteCookieNamedTest[0]</td></tr>
<tr class="a">
<td></td>
<td>org.openqa.selenium.SessionNotCreatedException: errorId: 28417753-477e-42b0-92ef-8de5cd1ce9d1 - Unable to allocate device  within 900000ms or 3 tries. This can happen if there were no available devices within the time or your plan's max concurrent test run is not corresponding to your usage
Build info: version: 'unknown', revision: 'unknown', time: 'unknown'
System info: host: '5dde51a8fbfa', ip: '172.17.0.5', os.name: 'Linux', os.arch: 'amd64', os.version: '4.8.0-45-generic', java.version: '1.8.0_131'
Driver info: driver.version: unknown
Command duration or timeout: 907.44 seconds</td></tr>
<tr class="b">
<td></td>
<td>
<div id="verifyDeleteCookieNamedTest[0]error">Saucelabs.TestSuite2:</div></td></tr>
<tr class="a">
<td><img src="images/icon_error_sml.gif" alt="" /></td>
<td><a name="Saucelabs.TestSuite2.verifyAlertAcceptTest0"></a>verifyAlertAcceptTest[0]</td></tr>
<tr class="b">
<td></td>
<td>org.openqa.selenium.WebDriverException: An unknown server-side error occurred while processing the command. Original error: Error while executing atom: operation timed out (WARNING: The server did not provide any stacktrace information)
Command duration or timeout: 5.20 seconds
Build info: version: '3.4.0', revision: 'unknown', time: 'unknown'
System info: host: 'JYOTHIN-MBP.local', ip: 'fe80:0:0:0:c6b3:1ff:fec2:cb65%en0', os.name: 'Mac OS X', os.arch: 'x86_64', os.version: '10.11.6', java.version: '1.8.0_131'
Driver info: org.openqa.selenium.remote.RemoteWebDriver
Capabilities [{testobject_user_id=utsavraja, testobject_platform_name=iOS, testobject_test_report_url=https://app.testobject.com/#/utsavraja/testendpoint/appium/executions/688, testobjectApiKey=C118D66142464D22BADE2E618CB527DF, loggingPrefs={browser=ALL}, testobject_suite_name=B-1.8, xcodeConfigFile=$HOME/work/testobject.xcconfig, testobject_device_session_id=89f0bb8a-664a-4a66-9096-d83182d6db4d, deviceName=94e8af9b8abd844e5297e98ab00024ea84db2144, platform=UNIX, webDriverAgentUrl=http://127.0.0.1:5725, testobject_test_report_id=688.0, webStorageEnabled=false, testobject_platform_version=10.0, automationName=XCUITest, browserName=safari, takesScreenshot=true, javascriptEnabled=true, platformName=iOS, recordScreenshots=false, udid=94e8af9b8abd844e5297e98ab00024ea84db2144, networkConnectionEnabled=false, testobject_test_name=verifyAlertAcceptTest[0], testobject_device=iPhone 7 32GB, databaseEnabled=false, testobject_project_id=testendpoint, version=, build=B-1.8, locationContextEnabled=false, name=verifyAlertAcceptTest[0], keychainPath=$HOME/work/testobject.keychain, testobject_api_key=C118D66142464D22BADE2E618CB527DF, keychainPassword=password, testobject_test_live_view_url=https://app.testobject.com/#/utsavraja/testendpoint/appium/view/688?dc=EU}]
Session ID: e5f040f5-71eb-4743-9ea5-a6e57bfe9d11</td></tr>
<tr class="a">
<td></td>
<td>
<div id="verifyAlertAcceptTest[0]error">Saucelabs.TestSuite2:391</div></td></tr>
<tr class="b">
<td><img src="images/icon_error_sml.gif" alt="" /></td>
<td><a name="Saucelabs.TestSuite2.verifyExplicitWaitTest0"></a>verifyExplicitWaitTest[0]</td></tr>
<tr class="a">
<td></td>
<td>java.lang.AssertionError</td></tr>
<tr class="b">
<td></td>
<td>
<div id="verifyExplicitWaitTest[0]error">Saucelabs.TestSuite2:811</div></td></tr>
<tr class="a">
<td><img src="images/icon_error_sml.gif" alt="" /></td>
<td><a name="Saucelabs.TestSuite3.octaneTests0"></a>octaneTests[0]</td></tr>
<tr class="b">
<td></td>
<td>org.openqa.selenium.WebDriverException: An unknown server-side error occurred while processing the command. Original error: Unsupported log type 'browser' for this device. Supported types : {&quot;syslog&quot;:&quot;System Logs - Device logs for iOS applications on real devices and simulators&quot;,&quot;crashlog&quot;:&quot;Crash Logs - Crash reports for iOS applications on real devices and simulators&quot;,&quot;performance&quot;:&quot;Performance Logs - Debug Timelines on real devices and simulators&quot;} (WARNING: The server did not provide any stacktrace information)
Command duration or timeout: 315 milliseconds
Build info: version: '3.4.0', revision: 'unknown', time: 'unknown'
System info: host: 'JYOTHIN-MBP.local', ip: 'fe80:0:0:0:c6b3:1ff:fec2:cb65%en0', os.name: 'Mac OS X', os.arch: 'x86_64', os.version: '10.11.6', java.version: '1.8.0_131'
Driver info: org.openqa.selenium.remote.RemoteWebDriver
Capabilities [{testobject_user_id=utsavraja, testobject_platform_name=iOS, testobject_test_report_url=https://app.testobject.com/#/utsavraja/testendpoint/appium/executions/625, testobjectApiKey=C118D66142464D22BADE2E618CB527DF, loggingPrefs={browser=ALL}, testobject_suite_name=B-1.8, xcodeConfigFile=$HOME/work/testobject.xcconfig, testobject_device_session_id=c70ac4d8-571b-421c-9ebf-9240aa45cf24, deviceName=94e8af9b8abd844e5297e98ab00024ea84db2144, platform=UNIX, webDriverAgentUrl=http://127.0.0.1:5725, testobject_test_report_id=625.0, webStorageEnabled=false, testobject_platform_version=10.0, automationName=XCUITest, browserName=safari, takesScreenshot=true, javascriptEnabled=true, platformName=iOS, recordScreenshots=false, udid=94e8af9b8abd844e5297e98ab00024ea84db2144, networkConnectionEnabled=false, testobject_test_name=octaneTests[0], testobject_device=iPhone 7 32GB, databaseEnabled=false, testobject_project_id=testendpoint, version=, build=B-1.8, locationContextEnabled=false, name=octaneTests[0], keychainPath=$HOME/work/testobject.keychain, testobject_api_key=C118D66142464D22BADE2E618CB527DF, keychainPassword=password, testobject_test_live_view_url=https://app.testobject.com/#/utsavraja/testendpoint/appium/view/625?dc=EU}]
Session ID: 3cfcc57e-61a9-43d6-86f2-c6896dd04f33</td></tr>
<tr class="a">
<td></td>
<td>
<div id="octaneTests[0]error">Saucelabs.TestSuite3:35</div></td></tr>
<tr class="b">
<td><img src="images/icon_warning_sml.gif" alt="" /></td>
<td><a name="Aws.ScreenshotTest.Aws.ScreenshotTest"></a>Aws.ScreenshotTest</td></tr>
<tr class="a">
<td></td>
<td>skipped: skipped</td></tr>
<tr class="b">
<td><img src="images/icon_warning_sml.gif" alt="" /></td>
<td><a name="Browserstack.TestSuite2.Browserstack.TestSuite2"></a>Browserstack.TestSuite2</td></tr>
<tr class="a">
<td></td>
<td>skipped: skipped</td></tr>
<tr class="b">
<td><img src="images/icon_warning_sml.gif" alt="" /></td>
<td><a name="Browserstack.TestSuite3.Browserstack.TestSuite3"></a>Browserstack.TestSuite3</td></tr>
<tr class="a">
<td></td>
<td>skipped: skipped</td></tr>
<tr class="b">
<td><img src="images/icon_warning_sml.gif" alt="" /></td>
<td><a name="Saucelabs.TestSuite1.Saucelabs.TestSuite1"></a>Saucelabs.TestSuite1</td></tr>
<tr class="a">
<td></td>
<td>skipped: skipped</td></tr></table><br /></div>
      </div>
    </div>
    <div class="clear">
      <hr/>
    </div>
    <div id="footer">
      <div class="xright">
              Copyright &#169;                    2017
                        <a href="www.browserstack.com">Browserstack</a>.
            All Rights Reserved.      
                    
                  </div>
      <div class="clear">
        <hr/>
      </div>
    </div>
  </body>
</html>
