<!DOCTYPE html PUBLIC "-//W3C//DTD XHTML 1.0 Transitional//EN" "http://www.w3.org/TR/xhtml1/DTD/xhtml1-transitional.dtd">
<!-- Generated by Apache Maven Doxia Site Renderer 1.6 at 2017-07-05 -->
<html xmlns="http://www.w3.org/1999/xhtml" xml:lang="en" lang="en">
  <head>
    <meta http-equiv="Content-Type" content="text/html; charset=UTF-8" />
    <title>Surefire Report</title>
    <style type="text/css" media="all">
      @import url("./css/maven-base.css");
      @import url("./css/maven-theme.css");
      @import url("./css/site.css");
    </style>
    <link rel="stylesheet" href="./css/print.css" type="text/css" media="print" />
    <meta name="Date-Revision-yyyymmdd" content="20170705" />
    <meta http-equiv="Content-Language" content="en" />
        
        </head>
  <body class="composite">
    <div id="banner">
                      <div class="clear">
        <hr/>
      </div>
    </div>
    <div id="breadcrumbs">
            
                    
                <div class="xleft">
        <span id="publishDate">Last Published: 2017-07-05</span>
                  &nbsp;| <span id="projectVersion">Version: 1.0-SNAPSHOT</span>
                      </div>
            <div class="xright">        
                    
      </div>
      <div class="clear">
        <hr/>
      </div>
    </div>
    <div id="leftColumn">
      <div id="navcolumn">
             
                    
                                      <a href="http://maven.apache.org/" title="Built by Maven" class="poweredBy">
        <img class="poweredBy" alt="Built by Maven" src="./images/logos/maven-feather.png" />
      </a>
                   
                    
            </div>
    </div>
    <div id="bodyColumn">
      <div id="contentBox">
        <script type="text/javascript">
//<![CDATA[
function toggleDisplay(elementId) {
 var elm = document.getElementById(elementId + 'error');
 if (elm && typeof elm.style != "undefined") {
 if (elm.style.display == "none") {
 elm.style.display = "";
 document.getElementById(elementId + 'off').style.display = "none";
 document.getElementById(elementId + 'on').style.display = "inline";
 } else if (elm.style.display == "") { elm.style.display = "none";
 document.getElementById(elementId + 'off').style.display = "inline";
 document.getElementById(elementId + 'on').style.display = "none";
 } 
 } 
 }
//]]>
</script>
<div class="section">
<h2><a name="Surefire_Report"></a>Surefire Report</h2></div>
<div class="section">
<h2><a name="Summary"></a>Summary</h2><a name="Summary"></a>
<p>[<a href="#Summary">Summary</a>] [<a href="#Package_List">Package List</a>] [<a href="#Test_Cases">Test Cases</a>]</p><br />
<table border="1" class="bodyTable">
<tr class="a">
<th>Tests</th>
<th>Errors </th>
<th>Failures</th>
<th>Skipped</th>
<th>Success Rate</th>
<th>Time</th></tr>
<tr class="b">
<td>27</td>
<td>10</td>
<td>1</td>
<td>6</td>
<td>37.037%</td>
<td>596.844</td></tr></table><br />
<p>Note: failures are anticipated and checked for with assertions while errors are unanticipated.</p><br /></div>
<div class="section">
<h2><a name="Package_List"></a>Package List</h2><a name="Package_List"></a>
<p>[<a href="#Summary">Summary</a>] [<a href="#Package_List">Package List</a>] [<a href="#Test_Cases">Test Cases</a>]</p><br />
<table border="1" class="bodyTable">
<tr class="a">
<th>Package</th>
<th>Tests</th>
<th>Errors </th>
<th>Failures</th>
<th>Skipped</th>
<th>Success Rate</th>
<th>Time</th></tr>
<tr class="b">
<td><a href="#com.browserstack.benchmark.browserstack">com.browserstack.benchmark.browserstack</a></td>
<td>23</td>
<td>10</td>
<td>1</td>
<td>2</td>
<td>43.478%</td>
<td>596.835</td></tr>
<tr class="a">
<td><a href="#com.browserstack.benchmark.Tests">com.browserstack.benchmark.Tests</a></td>
<td>1</td>
<td>0</td>
<td>0</td>
<td>1</td>
<td>0%</td>
<td>0.008</td></tr>
<tr class="b">
<td><a href="#com.browserstack.benchmark.saucelabs">com.browserstack.benchmark.saucelabs</a></td>
<td>3</td>
<td>0</td>
<td>0</td>
<td>3</td>
<td>0%</td>
<td>0.001</td></tr></table><br />
<p>Note: package statistics are not computed recursively, they only sum up all of its testsuites numbers.</p>
<div class="section">
<h3><a name="com.browserstack.benchmark.browserstack"></a>com.browserstack.benchmark.browserstack</h3><a name="com.browserstack.benchmark.browserstack"></a>
<table border="1" class="bodyTable">
<tr class="a">
<th></th>
<th>Class</th>
<th>Tests</th>
<th>Errors </th>
<th>Failures</th>
<th>Skipped</th>
<th>Success Rate</th>
<th>Time</th></tr>
<tr class="b">
<td><a href="#com.browserstack.benchmark.browserstackTestSuite1"><img src="images/icon_warning_sml.gif" alt="" /></a></td>
<td><a href="#com.browserstack.benchmark.browserstackTestSuite1">TestSuite1</a></td>
<td>1</td>
<td>0</td>
<td>0</td>
<td>1</td>
<td>0%</td>
<td>0.01</td></tr>
<tr class="a">
<td><a href="#com.browserstack.benchmark.browserstackTestSuite2"><img src="images/icon_error_sml.gif" alt="" /></a></td>
<td><a href="#com.browserstack.benchmark.browserstackTestSuite2">TestSuite2</a></td>
<td>21</td>
<td>10</td>
<td>1</td>
<td>0</td>
<td>47.619%</td>
<td>596.825</td></tr>
<tr class="b">
<td><a href="#com.browserstack.benchmark.browserstackTestSuite3"><img src="images/icon_warning_sml.gif" alt="" /></a></td>
<td><a href="#com.browserstack.benchmark.browserstackTestSuite3">TestSuite3</a></td>
<td>1</td>
<td>0</td>
<td>0</td>
<td>1</td>
<td>0%</td>
<td>0</td></tr></table></div>
<div class="section">
<h3><a name="com.browserstack.benchmark.Tests"></a>com.browserstack.benchmark.Tests</h3><a name="com.browserstack.benchmark.Tests"></a>
<table border="1" class="bodyTable">
<tr class="a">
<th></th>
<th>Class</th>
<th>Tests</th>
<th>Errors </th>
<th>Failures</th>
<th>Skipped</th>
<th>Success Rate</th>
<th>Time</th></tr>
<tr class="b">
<td><a href="#com.browserstack.benchmark.TestsTestSuite1"><img src="images/icon_warning_sml.gif" alt="" /></a></td>
<td><a href="#com.browserstack.benchmark.TestsTestSuite1">TestSuite1</a></td>
<td>1</td>
<td>0</td>
<td>0</td>
<td>1</td>
<td>0%</td>
<td>0.008</td></tr></table></div>
<div class="section">
<h3><a name="com.browserstack.benchmark.saucelabs"></a>com.browserstack.benchmark.saucelabs</h3><a name="com.browserstack.benchmark.saucelabs"></a>
<table border="1" class="bodyTable">
<tr class="a">
<th></th>
<th>Class</th>
<th>Tests</th>
<th>Errors </th>
<th>Failures</th>
<th>Skipped</th>
<th>Success Rate</th>
<th>Time</th></tr>
<tr class="b">
<td><a href="#com.browserstack.benchmark.saucelabsTestSuite1"><img src="images/icon_warning_sml.gif" alt="" /></a></td>
<td><a href="#com.browserstack.benchmark.saucelabsTestSuite1">TestSuite1</a></td>
<td>1</td>
<td>0</td>
<td>0</td>
<td>1</td>
<td>0%</td>
<td>0</td></tr>
<tr class="a">
<td><a href="#com.browserstack.benchmark.saucelabsTestSuite2"><img src="images/icon_warning_sml.gif" alt="" /></a></td>
<td><a href="#com.browserstack.benchmark.saucelabsTestSuite2">TestSuite2</a></td>
<td>1</td>
<td>0</td>
<td>0</td>
<td>1</td>
<td>0%</td>
<td>0.001</td></tr>
<tr class="b">
<td><a href="#com.browserstack.benchmark.saucelabsTestSuite3"><img src="images/icon_warning_sml.gif" alt="" /></a></td>
<td><a href="#com.browserstack.benchmark.saucelabsTestSuite3">TestSuite3</a></td>
<td>1</td>
<td>0</td>
<td>0</td>
<td>1</td>
<td>0%</td>
<td>0</td></tr></table></div><br /></div>
<div class="section">
<h2><a name="Test_Cases"></a>Test Cases</h2><a name="Test_Cases"></a>
<p>[<a href="#Summary">Summary</a>] [<a href="#Package_List">Package List</a>] [<a href="#Test_Cases">Test Cases</a>]</p>
<div class="section">
<h3><a name="TestSuite1"></a>TestSuite1</h3><a name="com.browserstack.benchmark.browserstackTestSuite1"></a>
<table border="1" class="bodyTable">
<tr class="a">
<td><a href="#com.browserstack.benchmark.browserstack.TestSuite1.com.browserstack.benchmark.browserstack.TestSuite1"><img src="images/icon_warning_sml.gif" alt="" /></a></td>
<td><a name="TC_com.browserstack.benchmark.browserstack.TestSuite1.com.browserstack.benchmark.browserstack.TestSuite1"></a><a href="#com.browserstack.benchmark.browserstack.TestSuite1.com.browserstack.benchmark.browserstack.TestSuite1">com.browserstack.benchmark.browserstack.TestSuite1</a>
<div class="detailToggle" style="display:inline"><a href="javascript:toggleDisplay(&apos;com.browserstack.benchmark.browserstack.TestSuite1.com.browserstack.benchmark.browserstack.TestSuite1&apos;);"><span style="display:inline;" id="com.browserstack.benchmark.browserstack.TestSuite1.com.browserstack.benchmark.browserstack.TestSuite1off"> + </span><span style="display:none;" id="com.browserstack.benchmark.browserstack.TestSuite1.com.browserstack.benchmark.browserstack.TestSuite1on"> - </span>[ Detail ]</a></div></td>
<td>0.01</td></tr>
<tr class="b">
<td></td>
<td>skipped</td>
<td></td></tr></table></div>
<div class="section">
<h3><a name="TestSuite2"></a>TestSuite2</h3><a name="com.browserstack.benchmark.browserstackTestSuite2"></a>
<table border="1" class="bodyTable">
<tr class="a">
<td><a href="#com.browserstack.benchmark.browserstack.TestSuite2.verifyScreenshotTest0"><img src="images/icon_error_sml.gif" alt="" /></a></td>
<td><a name="TC_com.browserstack.benchmark.browserstack.TestSuite2.verifyScreenshotTest0"></a><a href="#com.browserstack.benchmark.browserstack.TestSuite2.verifyScreenshotTest0">verifyScreenshotTest[0]</a>
<div class="detailToggle" style="display:inline"><a href="javascript:toggleDisplay(&apos;com.browserstack.benchmark.browserstack.TestSuite2.verifyScreenshotTest0&apos;);"><span style="display:inline;" id="com.browserstack.benchmark.browserstack.TestSuite2.verifyScreenshotTest0off"> + </span><span style="display:none;" id="com.browserstack.benchmark.browserstack.TestSuite2.verifyScreenshotTest0on"> - </span>[ Detail ]</a></div></td>
<td>27.017</td></tr>
<tr class="b">
<td></td>
<td></td>
<td></td></tr>
<tr class="a">
<td></td>
<td>
<div id="com.browserstack.benchmark.browserstack.TestSuite2.verifyScreenshotTest0error" style="display:none;">
<div>
<pre>java.lang.NullPointerException
	at com.browserstack.benchmark.browserstack.TestSuite2.verifyScreenshotTest(TestSuite2.java:754)
	at sun.reflect.NativeMethodAccessorImpl.invoke0(Native Method)
	at sun.reflect.NativeMethodAccessorImpl.invoke(NativeMethodAccessorImpl.java:62)
	at sun.reflect.DelegatingMethodAccessorImpl.invoke(DelegatingMethodAccessorImpl.java:43)
	at java.lang.reflect.Method.invoke(Method.java:498)
	at org.junit.runners.model.FrameworkMethod$1.runReflectiveCall(FrameworkMethod.java:50)
	at org.junit.internal.runners.model.ReflectiveCallable.run(ReflectiveCallable.java:12)
	at org.junit.runners.model.FrameworkMethod.invokeExplosively(FrameworkMethod.java:47)
	at org.junit.internal.runners.statements.InvokeMethod.evaluate(InvokeMethod.java:17)
	at org.junit.internal.runners.statements.RunBefores.evaluate(RunBefores.java:26)
	at org.junit.internal.runners.statements.RunAfters.evaluate(RunAfters.java:27)
	at org.junit.rules.TestWatcher$1.evaluate(TestWatcher.java:55)
	at org.junit.rules.TestWatcher$1.evaluate(TestWatcher.java:55)
	at org.junit.rules.RunRules.evaluate(RunRules.java:20)
	at org.junit.runners.ParentRunner.runLeaf(ParentRunner.java:325)
	at org.junit.runners.BlockJUnit4ClassRunner.runChild(BlockJUnit4ClassRunner.java:78)
	at org.junit.runners.BlockJUnit4ClassRunner.runChild(BlockJUnit4ClassRunner.java:57)
	at org.junit.runners.ParentRunner$3.run(ParentRunner.java:290)
	at org.junit.runners.ParentRunner$1.schedule(ParentRunner.java:71)
	at org.junit.runners.ParentRunner.runChildren(ParentRunner.java:288)
	at org.junit.runners.ParentRunner.access$000(ParentRunner.java:58)
	at org.junit.runners.ParentRunner$2.evaluate(ParentRunner.java:268)
	at org.junit.runners.ParentRunner.run(ParentRunner.java:363)
	at org.junit.runners.Suite.runChild(Suite.java:128)
	at org.junit.runners.Suite.runChild(Suite.java:27)
	at org.junit.runners.ParentRunner$3.run(ParentRunner.java:290)
	at java.util.concurrent.Executors$RunnableAdapter.call(Executors.java:511)
	at java.util.concurrent.FutureTask.run(FutureTask.java:266)
	at java.util.concurrent.ThreadPoolExecutor.runWorker(ThreadPoolExecutor.java:1142)
	at java.util.concurrent.ThreadPoolExecutor$Worker.run(ThreadPoolExecutor.java:617)
	at java.lang.Thread.run(Thread.java:748)</pre></div></div></td>
<td></td></tr>
<tr class="b">
<td><img src="images/icon_success_sml.gif" alt="" /></td>
<td><a name="TC_com.browserstack.benchmark.browserstack.TestSuite2.verifyGetImgSrcTest0"></a>verifyGetImgSrcTest[0]</td>
<td>27.112</td></tr>
<tr class="a">
<td><img src="images/icon_success_sml.gif" alt="" /></td>
<td><a name="TC_com.browserstack.benchmark.browserstack.TestSuite2.verifyExecuteScriptTest0"></a>verifyExecuteScriptTest[0]</td>
<td>26.115</td></tr>
<tr class="b">
<td><img src="images/icon_success_sml.gif" alt="" /></td>
<td><a name="TC_com.browserstack.benchmark.browserstack.TestSuite2.verifyRefreshTest0"></a>verifyRefreshTest[0]</td>
<td>30.679</td></tr>
<tr class="a">
<td><img src="images/icon_success_sml.gif" alt="" /></td>
<td><a name="TC_com.browserstack.benchmark.browserstack.TestSuite2.verifyGetElementByNameTest0"></a>verifyGetElementByNameTest[0]</td>
<td>27.994</td></tr>
<tr class="b">
<td><a href="#com.browserstack.benchmark.browserstack.TestSuite2.verifyContextClickTest0"><img src="images/icon_error_sml.gif" alt="" /></a></td>
<td><a name="TC_com.browserstack.benchmark.browserstack.TestSuite2.verifyContextClickTest0"></a><a href="#com.browserstack.benchmark.browserstack.TestSuite2.verifyContextClickTest0">verifyContextClickTest[0]</a>
<div class="detailToggle" style="display:inline"><a href="javascript:toggleDisplay(&apos;com.browserstack.benchmark.browserstack.TestSuite2.verifyContextClickTest0&apos;);"><span style="display:inline;" id="com.browserstack.benchmark.browserstack.TestSuite2.verifyContextClickTest0off"> + </span><span style="display:none;" id="com.browserstack.benchmark.browserstack.TestSuite2.verifyContextClickTest0on"> - </span>[ Detail ]</a></div></td>
<td>26.768</td></tr>
<tr class="a">
<td></td>
<td>mouseClick Build info: version: '3.4.0', revision: 'unknown', time: 'unknown' System info: host: 'mac-46-249-62-77.browserstack.com', ip: 'fe80:0:0:0:cf9:ec35:f020:4abf%en0', os.name: 'Mac OS X', os.arch: 'x86_64', os.version: '10.12.5', java.version: '1.8.0_51' Driver info: driver.version: RemoteWebDriver Command duration or timeout: 306 milliseconds</td>
<td></td></tr>
<tr class="b">
<td></td>
<td>
<div id="com.browserstack.benchmark.browserstack.TestSuite2.verifyContextClickTest0error" style="display:none;">
<div>
<pre>org.openqa.selenium.UnsupportedCommandException: mouseClick
Build info: version: '3.4.0', revision: 'unknown', time: 'unknown'
System info: host: 'mac-46-249-62-77.browserstack.com', ip: 'fe80:0:0:0:cf9:ec35:f020:4abf%en0', os.name: 'Mac OS X', os.arch: 'x86_64', os.version: '10.12.5', java.version: '1.8.0_51'
Driver info: driver.version: RemoteWebDriver
Command duration or timeout: 306 milliseconds
	at sun.reflect.NativeConstructorAccessorImpl.newInstance0(Native Method)
	at sun.reflect.NativeConstructorAccessorImpl.newInstance(NativeConstructorAccessorImpl.java:62)
	at sun.reflect.DelegatingConstructorAccessorImpl.newInstance(DelegatingConstructorAccessorImpl.java:45)
	at java.lang.reflect.Constructor.newInstance(Constructor.java:423)
	at org.openqa.selenium.remote.ErrorHandler.createThrowable(ErrorHandler.java:215)
	at org.openqa.selenium.remote.ErrorHandler.throwIfResponseFailed(ErrorHandler.java:167)
	at org.openqa.selenium.remote.RemoteWebDriver.execute(RemoteWebDriver.java:671)
	at org.openqa.selenium.remote.RemoteExecuteMethod.execute(RemoteExecuteMethod.java:35)
	at org.openqa.selenium.remote.RemoteMouse.contextClick(RemoteMouse.java:65)
	at org.openqa.selenium.interactions.ContextClickAction.perform(ContextClickAction.java:44)
	at org.openqa.selenium.interactions.CompositeAction.perform(CompositeAction.java:36)
	at org.openqa.selenium.interactions.Actions$BuiltAction.perform(Actions.java:634)
	at com.browserstack.benchmark.pages.SeleniumPlaygroundPage.actionContextClick(SeleniumPlaygroundPage.java:285)
	at com.browserstack.benchmark.browserstack.TestSuite2.verifyContextClickTest(TestSuite2.java:668)
	at sun.reflect.NativeMethodAccessorImpl.invoke0(Native Method)
	at sun.reflect.NativeMethodAccessorImpl.invoke(NativeMethodAccessorImpl.java:62)
	at sun.reflect.DelegatingMethodAccessorImpl.invoke(DelegatingMethodAccessorImpl.java:43)
	at java.lang.reflect.Method.invoke(Method.java:498)
	at org.junit.runners.model.FrameworkMethod$1.runReflectiveCall(FrameworkMethod.java:50)
	at org.junit.internal.runners.model.ReflectiveCallable.run(ReflectiveCallable.java:12)
	at org.junit.runners.model.FrameworkMethod.invokeExplosively(FrameworkMethod.java:47)
	at org.junit.internal.runners.statements.InvokeMethod.evaluate(InvokeMethod.java:17)
	at org.junit.internal.runners.statements.RunBefores.evaluate(RunBefores.java:26)
	at org.junit.internal.runners.statements.RunAfters.evaluate(RunAfters.java:27)
	at org.junit.rules.TestWatcher$1.evaluate(TestWatcher.java:55)
	at org.junit.rules.TestWatcher$1.evaluate(TestWatcher.java:55)
	at org.junit.rules.RunRules.evaluate(RunRules.java:20)
	at org.junit.runners.ParentRunner.runLeaf(ParentRunner.java:325)
	at org.junit.runners.BlockJUnit4ClassRunner.runChild(BlockJUnit4ClassRunner.java:78)
	at org.junit.runners.BlockJUnit4ClassRunner.runChild(BlockJUnit4ClassRunner.java:57)
	at org.junit.runners.ParentRunner$3.run(ParentRunner.java:290)
	at org.junit.runners.ParentRunner$1.schedule(ParentRunner.java:71)
	at org.junit.runners.ParentRunner.runChildren(ParentRunner.java:288)
	at org.junit.runners.ParentRunner.access$000(ParentRunner.java:58)
	at org.junit.runners.ParentRunner$2.evaluate(ParentRunner.java:268)
	at org.junit.runners.ParentRunner.run(ParentRunner.java:363)
	at org.junit.runners.Suite.runChild(Suite.java:128)
	at org.junit.runners.Suite.runChild(Suite.java:27)
	at org.junit.runners.ParentRunner$3.run(ParentRunner.java:290)
	at java.util.concurrent.Executors$RunnableAdapter.call(Executors.java:511)
	at java.util.concurrent.FutureTask.run(FutureTask.java:266)
	at java.util.concurrent.ThreadPoolExecutor.runWorker(ThreadPoolExecutor.java:1142)
	at java.util.concurrent.ThreadPoolExecutor$Worker.run(ThreadPoolExecutor.java:617)
	at java.lang.Thread.run(Thread.java:748)
Caused by: org.openqa.selenium.UnsupportedCommandException: mouseClick
Build info: version: '3.4.0', revision: 'unknown', time: 'unknown'
System info: host: 'mac-46-249-62-77.browserstack.com', ip: 'fe80:0:0:0:cf9:ec35:f020:4abf%en0', os.name: 'Mac OS X', os.arch: 'x86_64', os.version: '10.12.5', java.version: '1.8.0_51'
Driver info: driver.version: RemoteWebDriver
Build info: version: '3.4.0', revision: 'unknown', time: 'unknown'
System info: host: 'JYOTHIN-MBP.local', ip: 'fe80:0:0:0:c6b3:1ff:fec2:cb65%en0', os.name: 'Mac OS X', os.arch: 'x86_64', os.version: '10.11.6', java.version: '1.8.0_131'
Driver info: driver.version: RemoteWebDriver
	at org.openqa.selenium.remote.http.AbstractHttpCommandCodec.encode(AbstractHttpCommandCodec.java:220)
	at org.openqa.selenium.remote.http.AbstractHttpCommandCodec.encode(AbstractHttpCommandCodec.java:118)
	at org.openqa.selenium.remote.HttpCommandExecutor.execute(HttpCommandExecutor.java:158)
	at org.openqa.selenium.remote.service.DriverCommandExecutor.execute(DriverCommandExecutor.java:82)
	at org.openqa.selenium.remote.RemoteWebDriver.execute(RemoteWebDriver.java:637)
	at org.openqa.selenium.remote.RemoteExecuteMethod.execute(RemoteExecuteMethod.java:35)
	at org.openqa.selenium.remote.RemoteMouse.contextClick(RemoteMouse.java:65)
	at org.openqa.selenium.support.events.internal.EventFiringMouse.contextClick(EventFiringMouse.java:66)
	at org.openqa.selenium.remote.server.handler.interactions.ClickInSession.call(ClickInSession.java:42)
	at org.openqa.selenium.remote.server.handler.interactions.ClickInSession.call(ClickInSession.java:28)
	at java.util.concurrent.FutureTask.run(FutureTask.java:266)
	at org.openqa.selenium.remote.server.DefaultSession$1.run(DefaultSession.java:176)
	at java.util.concurrent.ThreadPoolExecutor.runWorker(ThreadPoolExecutor.java:1142)
	at java.util.concurrent.ThreadPoolExecutor$Worker.run(ThreadPoolExecutor.java:617)
	at java.lang.Thread.run(Thread.java:745)</pre></div></div></td>
<td></td></tr>
<tr class="a">
<td><a href="#com.browserstack.benchmark.browserstack.TestSuite2.verifyCloseCurrentWindowTest0"><img src="images/icon_error_sml.gif" alt="" /></a></td>
<td><a name="TC_com.browserstack.benchmark.browserstack.TestSuite2.verifyCloseCurrentWindowTest0"></a><a href="#com.browserstack.benchmark.browserstack.TestSuite2.verifyCloseCurrentWindowTest0">verifyCloseCurrentWindowTest[0]</a>
<div class="detailToggle" style="display:inline"><a href="javascript:toggleDisplay(&apos;com.browserstack.benchmark.browserstack.TestSuite2.verifyCloseCurrentWindowTest0&apos;);"><span style="display:inline;" id="com.browserstack.benchmark.browserstack.TestSuite2.verifyCloseCurrentWindowTest0off"> + </span><span style="display:none;" id="com.browserstack.benchmark.browserstack.TestSuite2.verifyCloseCurrentWindowTest0on"> - </span>[ Detail ]</a></div></td>
<td>23.075</td></tr>
<tr class="b">
<td></td>
<td></td>
<td></td></tr>
<tr class="a">
<td></td>
<td>
<div id="com.browserstack.benchmark.browserstack.TestSuite2.verifyCloseCurrentWindowTest0error" style="display:none;">
<div>
<pre>java.lang.AssertionError
	at org.junit.Assert.fail(Assert.java:86)
	at org.junit.Assert.assertTrue(Assert.java:41)
	at org.junit.Assert.assertTrue(Assert.java:52)
	at com.browserstack.benchmark.browserstack.TestSuite2.verifyCloseCurrentWindowTest(TestSuite2.java:955)
	at sun.reflect.NativeMethodAccessorImpl.invoke0(Native Method)
	at sun.reflect.NativeMethodAccessorImpl.invoke(NativeMethodAccessorImpl.java:62)
	at sun.reflect.DelegatingMethodAccessorImpl.invoke(DelegatingMethodAccessorImpl.java:43)
	at java.lang.reflect.Method.invoke(Method.java:498)
	at org.junit.runners.model.FrameworkMethod$1.runReflectiveCall(FrameworkMethod.java:50)
	at org.junit.internal.runners.model.ReflectiveCallable.run(ReflectiveCallable.java:12)
	at org.junit.runners.model.FrameworkMethod.invokeExplosively(FrameworkMethod.java:47)
	at org.junit.internal.runners.statements.InvokeMethod.evaluate(InvokeMethod.java:17)
	at org.junit.internal.runners.statements.RunBefores.evaluate(RunBefores.java:26)
	at org.junit.internal.runners.statements.RunAfters.evaluate(RunAfters.java:27)
	at org.junit.rules.TestWatcher$1.evaluate(TestWatcher.java:55)
	at org.junit.rules.TestWatcher$1.evaluate(TestWatcher.java:55)
	at org.junit.rules.RunRules.evaluate(RunRules.java:20)
	at org.junit.runners.ParentRunner.runLeaf(ParentRunner.java:325)
	at org.junit.runners.BlockJUnit4ClassRunner.runChild(BlockJUnit4ClassRunner.java:78)
	at org.junit.runners.BlockJUnit4ClassRunner.runChild(BlockJUnit4ClassRunner.java:57)
	at org.junit.runners.ParentRunner$3.run(ParentRunner.java:290)
	at org.junit.runners.ParentRunner$1.schedule(ParentRunner.java:71)
	at org.junit.runners.ParentRunner.runChildren(ParentRunner.java:288)
	at org.junit.runners.ParentRunner.access$000(ParentRunner.java:58)
	at org.junit.runners.ParentRunner$2.evaluate(ParentRunner.java:268)
	at org.junit.runners.ParentRunner.run(ParentRunner.java:363)
	at org.junit.runners.Suite.runChild(Suite.java:128)
	at org.junit.runners.Suite.runChild(Suite.java:27)
	at org.junit.runners.ParentRunner$3.run(ParentRunner.java:290)
	at java.util.concurrent.Executors$RunnableAdapter.call(Executors.java:511)
	at java.util.concurrent.FutureTask.run(FutureTask.java:266)
	at java.util.concurrent.ThreadPoolExecutor.runWorker(ThreadPoolExecutor.java:1142)
	at java.util.concurrent.ThreadPoolExecutor$Worker.run(ThreadPoolExecutor.java:617)
	at java.lang.Thread.run(Thread.java:748)</pre></div></div></td>
<td></td></tr>
<tr class="b">
<td><img src="images/icon_success_sml.gif" alt="" /></td>
<td><a name="TC_com.browserstack.benchmark.browserstack.TestSuite2.verifyGetTagTest0"></a>verifyGetTagTest[0]</td>
<td>53.681</td></tr>
<tr class="a">
<td><img src="images/icon_success_sml.gif" alt="" /></td>
<td><a name="TC_com.browserstack.benchmark.browserstack.TestSuite2.verifyGetElementByIdTest0"></a>verifyGetElementByIdTest[0]</td>
<td>21.931</td></tr>
<tr class="b">
<td><a href="#com.browserstack.benchmark.browserstack.TestSuite2.verifyKeyDownAndUpTest0"><img src="images/icon_error_sml.gif" alt="" /></a></td>
<td><a name="TC_com.browserstack.benchmark.browserstack.TestSuite2.verifyKeyDownAndUpTest0"></a><a href="#com.browserstack.benchmark.browserstack.TestSuite2.verifyKeyDownAndUpTest0">verifyKeyDownAndUpTest[0]</a>
<div class="detailToggle" style="display:inline"><a href="javascript:toggleDisplay(&apos;com.browserstack.benchmark.browserstack.TestSuite2.verifyKeyDownAndUpTest0&apos;);"><span style="display:inline;" id="com.browserstack.benchmark.browserstack.TestSuite2.verifyKeyDownAndUpTest0off"> + </span><span style="display:none;" id="com.browserstack.benchmark.browserstack.TestSuite2.verifyKeyDownAndUpTest0on"> - </span>[ Detail ]</a></div></td>
<td>30.911</td></tr>
<tr class="a">
<td></td>
<td>sendKeysToActiveElement Build info: version: '3.4.0', revision: 'unknown', time: 'unknown' System info: host: 'mac-185-44-129-85.browserstack.com', ip: 'fe80:0:0:0:427:8d77:b121:cc12%en0', os.name: 'Mac OS X', os.arch: 'x86_64', os.version: '10.12.5', java.version: '1.8.0_51' Driver info: driver.version: RemoteWebDriver Command duration or timeout: 223 milliseconds</td>
<td></td></tr>
<tr class="b">
<td></td>
<td>
<div id="com.browserstack.benchmark.browserstack.TestSuite2.verifyKeyDownAndUpTest0error" style="display:none;">
<div>
<pre>org.openqa.selenium.UnsupportedCommandException: sendKeysToActiveElement
Build info: version: '3.4.0', revision: 'unknown', time: 'unknown'
System info: host: 'mac-185-44-129-85.browserstack.com', ip: 'fe80:0:0:0:427:8d77:b121:cc12%en0', os.name: 'Mac OS X', os.arch: 'x86_64', os.version: '10.12.5', java.version: '1.8.0_51'
Driver info: driver.version: RemoteWebDriver
Command duration or timeout: 223 milliseconds
	at sun.reflect.NativeConstructorAccessorImpl.newInstance0(Native Method)
	at sun.reflect.NativeConstructorAccessorImpl.newInstance(NativeConstructorAccessorImpl.java:62)
	at sun.reflect.DelegatingConstructorAccessorImpl.newInstance(DelegatingConstructorAccessorImpl.java:45)
	at java.lang.reflect.Constructor.newInstance(Constructor.java:423)
	at org.openqa.selenium.remote.ErrorHandler.createThrowable(ErrorHandler.java:215)
	at org.openqa.selenium.remote.ErrorHandler.throwIfResponseFailed(ErrorHandler.java:167)
	at org.openqa.selenium.remote.RemoteWebDriver.execute(RemoteWebDriver.java:671)
	at org.openqa.selenium.remote.RemoteExecuteMethod.execute(RemoteExecuteMethod.java:35)
	at org.openqa.selenium.remote.RemoteKeyboard.pressKey(RemoteKeyboard.java:43)
	at org.openqa.selenium.interactions.KeyDownAction.perform(KeyDownAction.java:47)
	at org.openqa.selenium.interactions.CompositeAction.perform(CompositeAction.java:36)
	at org.openqa.selenium.interactions.Actions$BuiltAction.perform(Actions.java:634)
	at com.browserstack.benchmark.pages.SeleniumPlaygroundPage.actionKeyDownAndUp(SeleniumPlaygroundPage.java:300)
	at com.browserstack.benchmark.browserstack.TestSuite2.verifyKeyDownAndUpTest(TestSuite2.java:693)
	at sun.reflect.NativeMethodAccessorImpl.invoke0(Native Method)
	at sun.reflect.NativeMethodAccessorImpl.invoke(NativeMethodAccessorImpl.java:62)
	at sun.reflect.DelegatingMethodAccessorImpl.invoke(DelegatingMethodAccessorImpl.java:43)
	at java.lang.reflect.Method.invoke(Method.java:498)
	at org.junit.runners.model.FrameworkMethod$1.runReflectiveCall(FrameworkMethod.java:50)
	at org.junit.internal.runners.model.ReflectiveCallable.run(ReflectiveCallable.java:12)
	at org.junit.runners.model.FrameworkMethod.invokeExplosively(FrameworkMethod.java:47)
	at org.junit.internal.runners.statements.InvokeMethod.evaluate(InvokeMethod.java:17)
	at org.junit.internal.runners.statements.RunBefores.evaluate(RunBefores.java:26)
	at org.junit.internal.runners.statements.RunAfters.evaluate(RunAfters.java:27)
	at org.junit.rules.TestWatcher$1.evaluate(TestWatcher.java:55)
	at org.junit.rules.TestWatcher$1.evaluate(TestWatcher.java:55)
	at org.junit.rules.RunRules.evaluate(RunRules.java:20)
	at org.junit.runners.ParentRunner.runLeaf(ParentRunner.java:325)
	at org.junit.runners.BlockJUnit4ClassRunner.runChild(BlockJUnit4ClassRunner.java:78)
	at org.junit.runners.BlockJUnit4ClassRunner.runChild(BlockJUnit4ClassRunner.java:57)
	at org.junit.runners.ParentRunner$3.run(ParentRunner.java:290)
	at org.junit.runners.ParentRunner$1.schedule(ParentRunner.java:71)
	at org.junit.runners.ParentRunner.runChildren(ParentRunner.java:288)
	at org.junit.runners.ParentRunner.access$000(ParentRunner.java:58)
	at org.junit.runners.ParentRunner$2.evaluate(ParentRunner.java:268)
	at org.junit.runners.ParentRunner.run(ParentRunner.java:363)
	at org.junit.runners.Suite.runChild(Suite.java:128)
	at org.junit.runners.Suite.runChild(Suite.java:27)
	at org.junit.runners.ParentRunner$3.run(ParentRunner.java:290)
	at java.util.concurrent.Executors$RunnableAdapter.call(Executors.java:511)
	at java.util.concurrent.FutureTask.run(FutureTask.java:266)
	at java.util.concurrent.ThreadPoolExecutor.runWorker(ThreadPoolExecutor.java:1142)
	at java.util.concurrent.ThreadPoolExecutor$Worker.run(ThreadPoolExecutor.java:617)
	at java.lang.Thread.run(Thread.java:748)
Caused by: org.openqa.selenium.UnsupportedCommandException: sendKeysToActiveElement
Build info: version: '3.4.0', revision: 'unknown', time: 'unknown'
System info: host: 'mac-185-44-129-85.browserstack.com', ip: 'fe80:0:0:0:427:8d77:b121:cc12%en0', os.name: 'Mac OS X', os.arch: 'x86_64', os.version: '10.12.5', java.version: '1.8.0_51'
Driver info: driver.version: RemoteWebDriver
Build info: version: '3.4.0', revision: 'unknown', time: 'unknown'
System info: host: 'JYOTHIN-MBP.local', ip: 'fe80:0:0:0:c6b3:1ff:fec2:cb65%en0', os.name: 'Mac OS X', os.arch: 'x86_64', os.version: '10.11.6', java.version: '1.8.0_131'
Driver info: driver.version: RemoteWebDriver
	at org.openqa.selenium.remote.http.AbstractHttpCommandCodec.encode(AbstractHttpCommandCodec.java:220)
	at org.openqa.selenium.remote.http.AbstractHttpCommandCodec.encode(AbstractHttpCommandCodec.java:118)
	at org.openqa.selenium.remote.HttpCommandExecutor.execute(HttpCommandExecutor.java:158)
	at org.openqa.selenium.remote.service.DriverCommandExecutor.execute(DriverCommandExecutor.java:82)
	at org.openqa.selenium.remote.RemoteWebDriver.execute(RemoteWebDriver.java:637)
	at org.openqa.selenium.remote.RemoteExecuteMethod.execute(RemoteExecuteMethod.java:35)
	at org.openqa.selenium.remote.RemoteKeyboard.sendKeys(RemoteKeyboard.java:35)
	at org.openqa.selenium.support.events.internal.EventFiringKeyboard.sendKeys(EventFiringKeyboard.java:42)
	at org.openqa.selenium.remote.server.handler.interactions.SendKeyToActiveElement.call(SendKeyToActiveElement.java:56)
	at org.openqa.selenium.remote.server.handler.interactions.SendKeyToActiveElement.call(SendKeyToActiveElement.java:31)
	at java.util.concurrent.FutureTask.run(FutureTask.java:266)
	at org.openqa.selenium.remote.server.DefaultSession$1.run(DefaultSession.java:176)
	at java.util.concurrent.ThreadPoolExecutor.runWorker(ThreadPoolExecutor.java:1142)
	at java.util.concurrent.ThreadPoolExecutor$Worker.run(ThreadPoolExecutor.java:617)
	at java.lang.Thread.run(Thread.java:745)</pre></div></div></td>
<td></td></tr>
<tr class="a">
<td><a href="#com.browserstack.benchmark.browserstack.TestSuite2.verifyAlertTextTest0"><img src="images/icon_error_sml.gif" alt="" /></a></td>
<td><a name="TC_com.browserstack.benchmark.browserstack.TestSuite2.verifyAlertTextTest0"></a><a href="#com.browserstack.benchmark.browserstack.TestSuite2.verifyAlertTextTest0">verifyAlertTextTest[0]</a>
<div class="detailToggle" style="display:inline"><a href="javascript:toggleDisplay(&apos;com.browserstack.benchmark.browserstack.TestSuite2.verifyAlertTextTest0&apos;);"><span style="display:inline;" id="com.browserstack.benchmark.browserstack.TestSuite2.verifyAlertTextTest0off"> + </span><span style="display:none;" id="com.browserstack.benchmark.browserstack.TestSuite2.verifyAlertTextTest0on"> - </span>[ Detail ]</a></div></td>
<td>21.611</td></tr>
<tr class="b">
<td></td>
<td>Failed to find value field Build info: version: '3.4.0', revision: 'unknown', time: 'unknown' System info: host: 'mac-185-44-129-107.browserstack.com', ip: 'fe80:0:0:0:14e7:9c3a:9e5f:8fcc%en0', os.name: 'Mac OS X', os.arch: 'x86_64', os.version: '10.12.5', java.version: '1.8.0_51' Driver info: org.openqa.selenium.firefox.FirefoxDriver Capabilities [{moz:profile=/var/folders/yj/h3bj394n2tn74bp3vdngj35c0000jy/T/rust_mozprofile.Pgi8vJv7kPJs, rotatable=false, timeouts={implicit=0.0, pageLoad=300000.0, script=30000.0}, pageLoadStrategy=normal, platform=ANY, specificationLevel=0.0, moz:accessibilityChecks=false, acceptInsecureCerts=false, browserVersion=53.0, platformVersion=16.6.0, moz:processID=14723.0, browserName=firefox, javascriptEnabled=true, platformName=darwin}] Session ID: 38f28e37-1040-464e-a663-15f7b1ffa9ef Command duration or timeout: 418 milliseconds</td>
<td></td></tr>
<tr class="a">
<td></td>
<td>
<div id="com.browserstack.benchmark.browserstack.TestSuite2.verifyAlertTextTest0error" style="display:none;">
<div>
<pre>org.openqa.selenium.WebDriverException: Failed to find value field
Build info: version: '3.4.0', revision: 'unknown', time: 'unknown'
System info: host: 'mac-185-44-129-107.browserstack.com', ip: 'fe80:0:0:0:14e7:9c3a:9e5f:8fcc%en0', os.name: 'Mac OS X', os.arch: 'x86_64', os.version: '10.12.5', java.version: '1.8.0_51'
Driver info: org.openqa.selenium.firefox.FirefoxDriver
Capabilities [{moz:profile=/var/folders/yj/h3bj394n2tn74bp3vdngj35c0000jy/T/rust_mozprofile.Pgi8vJv7kPJs, rotatable=false, timeouts={implicit=0.0, pageLoad=300000.0, script=30000.0}, pageLoadStrategy=normal, platform=ANY, specificationLevel=0.0, moz:accessibilityChecks=false, acceptInsecureCerts=false, browserVersion=53.0, platformVersion=16.6.0, moz:processID=14723.0, browserName=firefox, javascriptEnabled=true, platformName=darwin}]
Session ID: 38f28e37-1040-464e-a663-15f7b1ffa9ef
Command duration or timeout: 418 milliseconds
	at sun.reflect.NativeConstructorAccessorImpl.newInstance0(Native Method)
	at sun.reflect.NativeConstructorAccessorImpl.newInstance(NativeConstructorAccessorImpl.java:62)
	at sun.reflect.DelegatingConstructorAccessorImpl.newInstance(DelegatingConstructorAccessorImpl.java:45)
	at java.lang.reflect.Constructor.newInstance(Constructor.java:423)
	at org.openqa.selenium.remote.ErrorHandler.createThrowable(ErrorHandler.java:215)
	at org.openqa.selenium.remote.ErrorHandler.throwIfResponseFailed(ErrorHandler.java:167)
	at org.openqa.selenium.remote.RemoteWebDriver.execute(RemoteWebDriver.java:671)
	at org.openqa.selenium.remote.RemoteWebDriver.executeScript(RemoteWebDriver.java:573)
	at com.browserstack.benchmark.pages.SeleniumPlaygroundPage.getAlertText(SeleniumPlaygroundPage.java:200)
	at com.browserstack.benchmark.browserstack.TestSuite2.verifyAlertTextTest(TestSuite2.java:378)
	at sun.reflect.NativeMethodAccessorImpl.invoke0(Native Method)
	at sun.reflect.NativeMethodAccessorImpl.invoke(NativeMethodAccessorImpl.java:62)
	at sun.reflect.DelegatingMethodAccessorImpl.invoke(DelegatingMethodAccessorImpl.java:43)
	at java.lang.reflect.Method.invoke(Method.java:498)
	at org.junit.runners.model.FrameworkMethod$1.runReflectiveCall(FrameworkMethod.java:50)
	at org.junit.internal.runners.model.ReflectiveCallable.run(ReflectiveCallable.java:12)
	at org.junit.runners.model.FrameworkMethod.invokeExplosively(FrameworkMethod.java:47)
	at org.junit.internal.runners.statements.InvokeMethod.evaluate(InvokeMethod.java:17)
	at org.junit.internal.runners.statements.RunBefores.evaluate(RunBefores.java:26)
	at org.junit.internal.runners.statements.RunAfters.evaluate(RunAfters.java:27)
	at org.junit.rules.TestWatcher$1.evaluate(TestWatcher.java:55)
	at org.junit.rules.TestWatcher$1.evaluate(TestWatcher.java:55)
	at org.junit.rules.RunRules.evaluate(RunRules.java:20)
	at org.junit.runners.ParentRunner.runLeaf(ParentRunner.java:325)
	at org.junit.runners.BlockJUnit4ClassRunner.runChild(BlockJUnit4ClassRunner.java:78)
	at org.junit.runners.BlockJUnit4ClassRunner.runChild(BlockJUnit4ClassRunner.java:57)
	at org.junit.runners.ParentRunner$3.run(ParentRunner.java:290)
	at org.junit.runners.ParentRunner$1.schedule(ParentRunner.java:71)
	at org.junit.runners.ParentRunner.runChildren(ParentRunner.java:288)
	at org.junit.runners.ParentRunner.access$000(ParentRunner.java:58)
	at org.junit.runners.ParentRunner$2.evaluate(ParentRunner.java:268)
	at org.junit.runners.ParentRunner.run(ParentRunner.java:363)
	at org.junit.runners.Suite.runChild(Suite.java:128)
	at org.junit.runners.Suite.runChild(Suite.java:27)
	at org.junit.runners.ParentRunner$3.run(ParentRunner.java:290)
	at java.util.concurrent.Executors$RunnableAdapter.call(Executors.java:511)
	at java.util.concurrent.FutureTask.run(FutureTask.java:266)
	at java.util.concurrent.ThreadPoolExecutor.runWorker(ThreadPoolExecutor.java:1142)
	at java.util.concurrent.ThreadPoolExecutor$Worker.run(ThreadPoolExecutor.java:617)
	at java.lang.Thread.run(Thread.java:748)
Caused by: org.openqa.selenium.WebDriverException: Failed to find value field
Build info: version: '3.4.0', revision: 'unknown', time: 'unknown'
System info: host: 'mac-185-44-129-107.browserstack.com', ip: 'fe80:0:0:0:14e7:9c3a:9e5f:8fcc%en0', os.name: 'Mac OS X', os.arch: 'x86_64', os.version: '10.12.5', java.version: '1.8.0_51'
Driver info: org.openqa.selenium.firefox.FirefoxDriver
Capabilities [{moz:profile=/var/folders/yj/h3bj394n2tn74bp3vdngj35c0000jy/T/rust_mozprofile.Pgi8vJv7kPJs, rotatable=false, timeouts={implicit=0.0, pageLoad=300000.0, script=30000.0}, pageLoadStrategy=normal, platform=ANY, specificationLevel=0.0, moz:accessibilityChecks=false, acceptInsecureCerts=false, browserVersion=53.0, platformVersion=16.6.0, moz:processID=14723.0, browserName=firefox, javascriptEnabled=true, platformName=darwin}]
Session ID: 38f28e37-1040-464e-a663-15f7b1ffa9ef
Build info: version: '3.4.0', revision: 'unknown', time: 'unknown'
System info: host: 'JYOTHIN-MBP.local', ip: 'fe80:0:0:0:c6b3:1ff:fec2:cb65%en0', os.name: 'Mac OS X', os.arch: 'x86_64', os.version: '10.11.6', java.version: '1.8.0_131'
Driver info: driver.version: EventFiringWebDriver
	at sun.reflect.NativeConstructorAccessorImpl.newInstance0(Native Method)
	at sun.reflect.NativeConstructorAccessorImpl.newInstance(NativeConstructorAccessorImpl.java:62)
	at sun.reflect.DelegatingConstructorAccessorImpl.newInstance(DelegatingConstructorAccessorImpl.java:45)
	at java.lang.reflect.Constructor.newInstance(Constructor.java:422)
	at org.openqa.selenium.remote.http.W3CHttpResponseCodec.createException(W3CHttpResponseCodec.java:150)
	at org.openqa.selenium.remote.http.W3CHttpResponseCodec.decode(W3CHttpResponseCodec.java:115)
	at org.openqa.selenium.remote.http.W3CHttpResponseCodec.decode(W3CHttpResponseCodec.java:45)
	at org.openqa.selenium.remote.HttpCommandExecutor.execute(HttpCommandExecutor.java:164)
	at org.openqa.selenium.remote.service.DriverCommandExecutor.execute(DriverCommandExecutor.java:82)
	at org.openqa.selenium.remote.RemoteWebDriver.execute(RemoteWebDriver.java:637)
	at org.openqa.selenium.remote.RemoteWebDriver.executeScript(RemoteWebDriver.java:573)
	at sun.reflect.NativeMethodAccessorImpl.invoke0(Native Method)
	at sun.reflect.NativeMethodAccessorImpl.invoke(NativeMethodAccessorImpl.java:62)
	at sun.reflect.DelegatingMethodAccessorImpl.invoke(DelegatingMethodAccessorImpl.java:43)
	at java.lang.reflect.Method.invoke(Method.java:497)
	at org.openqa.selenium.support.events.EventFiringWebDriver$2.invoke(EventFiringWebDriver.java:104)
	at com.sun.proxy.$Proxy4.executeScript(Unknown Source)
	at org.openqa.selenium.support.events.EventFiringWebDriver.executeScript(EventFiringWebDriver.java:217)
	at org.openqa.selenium.remote.server.handler.ExecuteScript.call(ExecuteScript.java:56)
	at java.util.concurrent.FutureTask.run(FutureTask.java:266)
	at org.openqa.selenium.remote.server.DefaultSession$1.run(DefaultSession.java:176)
	at java.util.concurrent.ThreadPoolExecutor.runWorker(ThreadPoolExecutor.java:1142)
	at java.util.concurrent.ThreadPoolExecutor$Worker.run(ThreadPoolExecutor.java:617)
	at java.lang.Thread.run(Thread.java:745)</pre></div></div></td>
<td></td></tr>
<tr class="b">
<td><a href="#com.browserstack.benchmark.browserstack.TestSuite2.verifyContextClickElementTest0"><img src="images/icon_error_sml.gif" alt="" /></a></td>
<td><a name="TC_com.browserstack.benchmark.browserstack.TestSuite2.verifyContextClickElementTest0"></a><a href="#com.browserstack.benchmark.browserstack.TestSuite2.verifyContextClickElementTest0">verifyContextClickElementTest[0]</a>
<div class="detailToggle" style="display:inline"><a href="javascript:toggleDisplay(&apos;com.browserstack.benchmark.browserstack.TestSuite2.verifyContextClickElementTest0&apos;);"><span style="display:inline;" id="com.browserstack.benchmark.browserstack.TestSuite2.verifyContextClickElementTest0off"> + </span><span style="display:none;" id="com.browserstack.benchmark.browserstack.TestSuite2.verifyContextClickElementTest0on"> - </span>[ Detail ]</a></div></td>
<td>26.929</td></tr>
<tr class="a">
<td></td>
<td>mouseMoveTo Build info: version: '3.4.0', revision: 'unknown', time: 'unknown' System info: host: 'mac-185-44-128-170.browserstack.com', ip: 'fe80:0:0:0:1c72:aa0d:f40d:ede4%en0', os.name: 'Mac OS X', os.arch: 'x86_64', os.version: '10.12.5', java.version: '1.8.0_51' Driver info: driver.version: RemoteWebDriver Command duration or timeout: 187 milliseconds</td>
<td></td></tr>
<tr class="b">
<td></td>
<td>
<div id="com.browserstack.benchmark.browserstack.TestSuite2.verifyContextClickElementTest0error" style="display:none;">
<div>
<pre>org.openqa.selenium.UnsupportedCommandException: mouseMoveTo
Build info: version: '3.4.0', revision: 'unknown', time: 'unknown'
System info: host: 'mac-185-44-128-170.browserstack.com', ip: 'fe80:0:0:0:1c72:aa0d:f40d:ede4%en0', os.name: 'Mac OS X', os.arch: 'x86_64', os.version: '10.12.5', java.version: '1.8.0_51'
Driver info: driver.version: RemoteWebDriver
Command duration or timeout: 187 milliseconds
	at sun.reflect.NativeConstructorAccessorImpl.newInstance0(Native Method)
	at sun.reflect.NativeConstructorAccessorImpl.newInstance(NativeConstructorAccessorImpl.java:62)
	at sun.reflect.DelegatingConstructorAccessorImpl.newInstance(DelegatingConstructorAccessorImpl.java:45)
	at java.lang.reflect.Constructor.newInstance(Constructor.java:423)
	at org.openqa.selenium.remote.ErrorHandler.createThrowable(ErrorHandler.java:215)
	at org.openqa.selenium.remote.ErrorHandler.throwIfResponseFailed(ErrorHandler.java:167)
	at org.openqa.selenium.remote.RemoteWebDriver.execute(RemoteWebDriver.java:671)
	at org.openqa.selenium.remote.RemoteExecuteMethod.execute(RemoteExecuteMethod.java:35)
	at org.openqa.selenium.remote.RemoteMouse.mouseMove(RemoteMouse.java:89)
	at org.openqa.selenium.interactions.internal.MouseAction.moveToLocation(MouseAction.java:75)
	at org.openqa.selenium.interactions.ContextClickAction.perform(ContextClickAction.java:43)
	at org.openqa.selenium.interactions.CompositeAction.perform(CompositeAction.java:36)
	at org.openqa.selenium.interactions.Actions$BuiltAction.perform(Actions.java:634)
	at com.browserstack.benchmark.pages.SeleniumPlaygroundPage.actionContextClickElement(SeleniumPlaygroundPage.java:290)
	at com.browserstack.benchmark.browserstack.TestSuite2.verifyContextClickElementTest(TestSuite2.java:680)
	at sun.reflect.NativeMethodAccessorImpl.invoke0(Native Method)
	at sun.reflect.NativeMethodAccessorImpl.invoke(NativeMethodAccessorImpl.java:62)
	at sun.reflect.DelegatingMethodAccessorImpl.invoke(DelegatingMethodAccessorImpl.java:43)
	at java.lang.reflect.Method.invoke(Method.java:498)
	at org.junit.runners.model.FrameworkMethod$1.runReflectiveCall(FrameworkMethod.java:50)
	at org.junit.internal.runners.model.ReflectiveCallable.run(ReflectiveCallable.java:12)
	at org.junit.runners.model.FrameworkMethod.invokeExplosively(FrameworkMethod.java:47)
	at org.junit.internal.runners.statements.InvokeMethod.evaluate(InvokeMethod.java:17)
	at org.junit.internal.runners.statements.RunBefores.evaluate(RunBefores.java:26)
	at org.junit.internal.runners.statements.RunAfters.evaluate(RunAfters.java:27)
	at org.junit.rules.TestWatcher$1.evaluate(TestWatcher.java:55)
	at org.junit.rules.TestWatcher$1.evaluate(TestWatcher.java:55)
	at org.junit.rules.RunRules.evaluate(RunRules.java:20)
	at org.junit.runners.ParentRunner.runLeaf(ParentRunner.java:325)
	at org.junit.runners.BlockJUnit4ClassRunner.runChild(BlockJUnit4ClassRunner.java:78)
	at org.junit.runners.BlockJUnit4ClassRunner.runChild(BlockJUnit4ClassRunner.java:57)
	at org.junit.runners.ParentRunner$3.run(ParentRunner.java:290)
	at org.junit.runners.ParentRunner$1.schedule(ParentRunner.java:71)
	at org.junit.runners.ParentRunner.runChildren(ParentRunner.java:288)
	at org.junit.runners.ParentRunner.access$000(ParentRunner.java:58)
	at org.junit.runners.ParentRunner$2.evaluate(ParentRunner.java:268)
	at org.junit.runners.ParentRunner.run(ParentRunner.java:363)
	at org.junit.runners.Suite.runChild(Suite.java:128)
	at org.junit.runners.Suite.runChild(Suite.java:27)
	at org.junit.runners.ParentRunner$3.run(ParentRunner.java:290)
	at java.util.concurrent.Executors$RunnableAdapter.call(Executors.java:511)
	at java.util.concurrent.FutureTask.run(FutureTask.java:266)
	at java.util.concurrent.ThreadPoolExecutor.runWorker(ThreadPoolExecutor.java:1142)
	at java.util.concurrent.ThreadPoolExecutor$Worker.run(ThreadPoolExecutor.java:617)
	at java.lang.Thread.run(Thread.java:748)
Caused by: org.openqa.selenium.UnsupportedCommandException: mouseMoveTo
Build info: version: '3.4.0', revision: 'unknown', time: 'unknown'
System info: host: 'mac-185-44-128-170.browserstack.com', ip: 'fe80:0:0:0:1c72:aa0d:f40d:ede4%en0', os.name: 'Mac OS X', os.arch: 'x86_64', os.version: '10.12.5', java.version: '1.8.0_51'
Driver info: driver.version: RemoteWebDriver
Build info: version: '3.4.0', revision: 'unknown', time: 'unknown'
System info: host: 'JYOTHIN-MBP.local', ip: 'fe80:0:0:0:c6b3:1ff:fec2:cb65%en0', os.name: 'Mac OS X', os.arch: 'x86_64', os.version: '10.11.6', java.version: '1.8.0_131'
Driver info: driver.version: RemoteWebDriver
	at org.openqa.selenium.remote.http.AbstractHttpCommandCodec.encode(AbstractHttpCommandCodec.java:220)
	at org.openqa.selenium.remote.http.AbstractHttpCommandCodec.encode(AbstractHttpCommandCodec.java:118)
	at org.openqa.selenium.remote.HttpCommandExecutor.execute(HttpCommandExecutor.java:158)
	at org.openqa.selenium.remote.service.DriverCommandExecutor.execute(DriverCommandExecutor.java:82)
	at org.openqa.selenium.remote.RemoteWebDriver.execute(RemoteWebDriver.java:637)
	at org.openqa.selenium.remote.RemoteExecuteMethod.execute(RemoteExecuteMethod.java:35)
	at org.openqa.selenium.remote.RemoteMouse.mouseMove(RemoteMouse.java:89)
	at org.openqa.selenium.support.events.internal.EventFiringMouse.mouseMove(EventFiringMouse.java:58)
	at org.openqa.selenium.remote.server.handler.interactions.MouseMoveToLocation.call(MouseMoveToLocation.java:59)
	at org.openqa.selenium.remote.server.handler.interactions.MouseMoveToLocation.call(MouseMoveToLocation.java:32)
	at java.util.concurrent.FutureTask.run(FutureTask.java:266)
	at org.openqa.selenium.remote.server.DefaultSession$1.run(DefaultSession.java:176)
	at java.util.concurrent.ThreadPoolExecutor.runWorker(ThreadPoolExecutor.java:1142)
	at java.util.concurrent.ThreadPoolExecutor$Worker.run(ThreadPoolExecutor.java:617)
	at java.lang.Thread.run(Thread.java:745)</pre></div></div></td>
<td></td></tr>
<tr class="a">
<td><img src="images/icon_success_sml.gif" alt="" /></td>
<td><a name="TC_com.browserstack.benchmark.browserstack.TestSuite2.verifyTitleTest0"></a>verifyTitleTest[0]</td>
<td>26.927</td></tr>
<tr class="b">
<td><a href="#com.browserstack.benchmark.browserstack.TestSuite2.verifyDragAndDropTest0"><img src="images/icon_error_sml.gif" alt="" /></a></td>
<td><a name="TC_com.browserstack.benchmark.browserstack.TestSuite2.verifyDragAndDropTest0"></a><a href="#com.browserstack.benchmark.browserstack.TestSuite2.verifyDragAndDropTest0">verifyDragAndDropTest[0]</a>
<div class="detailToggle" style="display:inline"><a href="javascript:toggleDisplay(&apos;com.browserstack.benchmark.browserstack.TestSuite2.verifyDragAndDropTest0&apos;);"><span style="display:inline;" id="com.browserstack.benchmark.browserstack.TestSuite2.verifyDragAndDropTest0off"> + </span><span style="display:none;" id="com.browserstack.benchmark.browserstack.TestSuite2.verifyDragAndDropTest0on"> - </span>[ Detail ]</a></div></td>
<td>29.388</td></tr>
<tr class="a">
<td></td>
<td>mouseMoveTo Build info: version: '3.4.0', revision: 'unknown', time: 'unknown' System info: host: 'mac-46-249-62-91.browserstack.com', ip: 'fe80:0:0:0:4de:548c:a290:8b82%en0', os.name: 'Mac OS X', os.arch: 'x86_64', os.version: '10.12.5', java.version: '1.8.0_51' Driver info: driver.version: RemoteWebDriver Command duration or timeout: 208 milliseconds</td>
<td></td></tr>
<tr class="b">
<td></td>
<td>
<div id="com.browserstack.benchmark.browserstack.TestSuite2.verifyDragAndDropTest0error" style="display:none;">
<div>
<pre>org.openqa.selenium.UnsupportedCommandException: mouseMoveTo
Build info: version: '3.4.0', revision: 'unknown', time: 'unknown'
System info: host: 'mac-46-249-62-91.browserstack.com', ip: 'fe80:0:0:0:4de:548c:a290:8b82%en0', os.name: 'Mac OS X', os.arch: 'x86_64', os.version: '10.12.5', java.version: '1.8.0_51'
Driver info: driver.version: RemoteWebDriver
Command duration or timeout: 208 milliseconds
	at sun.reflect.NativeConstructorAccessorImpl.newInstance0(Native Method)
	at sun.reflect.NativeConstructorAccessorImpl.newInstance(NativeConstructorAccessorImpl.java:62)
	at sun.reflect.DelegatingConstructorAccessorImpl.newInstance(DelegatingConstructorAccessorImpl.java:45)
	at java.lang.reflect.Constructor.newInstance(Constructor.java:423)
	at org.openqa.selenium.remote.ErrorHandler.createThrowable(ErrorHandler.java:215)
	at org.openqa.selenium.remote.ErrorHandler.throwIfResponseFailed(ErrorHandler.java:167)
	at org.openqa.selenium.remote.RemoteWebDriver.execute(RemoteWebDriver.java:671)
	at org.openqa.selenium.remote.RemoteExecuteMethod.execute(RemoteExecuteMethod.java:35)
	at org.openqa.selenium.remote.RemoteMouse.mouseMove(RemoteMouse.java:89)
	at org.openqa.selenium.interactions.internal.MouseAction.moveToLocation(MouseAction.java:75)
	at org.openqa.selenium.interactions.ClickAndHoldAction.perform(ClickAndHoldAction.java:45)
	at org.openqa.selenium.interactions.CompositeAction.perform(CompositeAction.java:36)
	at org.openqa.selenium.interactions.Actions$BuiltAction.perform(Actions.java:634)
	at com.browserstack.benchmark.pages.SeleniumPlaygroundPage.actionDragAndDrop(SeleniumPlaygroundPage.java:275)
	at com.browserstack.benchmark.browserstack.TestSuite2.verifyDragAndDropTest(TestSuite2.java:650)
	at sun.reflect.NativeMethodAccessorImpl.invoke0(Native Method)
	at sun.reflect.NativeMethodAccessorImpl.invoke(NativeMethodAccessorImpl.java:62)
	at sun.reflect.DelegatingMethodAccessorImpl.invoke(DelegatingMethodAccessorImpl.java:43)
	at java.lang.reflect.Method.invoke(Method.java:498)
	at org.junit.runners.model.FrameworkMethod$1.runReflectiveCall(FrameworkMethod.java:50)
	at org.junit.internal.runners.model.ReflectiveCallable.run(ReflectiveCallable.java:12)
	at org.junit.runners.model.FrameworkMethod.invokeExplosively(FrameworkMethod.java:47)
	at org.junit.internal.runners.statements.InvokeMethod.evaluate(InvokeMethod.java:17)
	at org.junit.internal.runners.statements.RunBefores.evaluate(RunBefores.java:26)
	at org.junit.internal.runners.statements.RunAfters.evaluate(RunAfters.java:27)
	at org.junit.rules.TestWatcher$1.evaluate(TestWatcher.java:55)
	at org.junit.rules.TestWatcher$1.evaluate(TestWatcher.java:55)
	at org.junit.rules.RunRules.evaluate(RunRules.java:20)
	at org.junit.runners.ParentRunner.runLeaf(ParentRunner.java:325)
	at org.junit.runners.BlockJUnit4ClassRunner.runChild(BlockJUnit4ClassRunner.java:78)
	at org.junit.runners.BlockJUnit4ClassRunner.runChild(BlockJUnit4ClassRunner.java:57)
	at org.junit.runners.ParentRunner$3.run(ParentRunner.java:290)
	at org.junit.runners.ParentRunner$1.schedule(ParentRunner.java:71)
	at org.junit.runners.ParentRunner.runChildren(ParentRunner.java:288)
	at org.junit.runners.ParentRunner.access$000(ParentRunner.java:58)
	at org.junit.runners.ParentRunner$2.evaluate(ParentRunner.java:268)
	at org.junit.runners.ParentRunner.run(ParentRunner.java:363)
	at org.junit.runners.Suite.runChild(Suite.java:128)
	at org.junit.runners.Suite.runChild(Suite.java:27)
	at org.junit.runners.ParentRunner$3.run(ParentRunner.java:290)
	at java.util.concurrent.Executors$RunnableAdapter.call(Executors.java:511)
	at java.util.concurrent.FutureTask.run(FutureTask.java:266)
	at java.util.concurrent.ThreadPoolExecutor.runWorker(ThreadPoolExecutor.java:1142)
	at java.util.concurrent.ThreadPoolExecutor$Worker.run(ThreadPoolExecutor.java:617)
	at java.lang.Thread.run(Thread.java:748)
Caused by: org.openqa.selenium.UnsupportedCommandException: mouseMoveTo
Build info: version: '3.4.0', revision: 'unknown', time: 'unknown'
System info: host: 'mac-46-249-62-91.browserstack.com', ip: 'fe80:0:0:0:4de:548c:a290:8b82%en0', os.name: 'Mac OS X', os.arch: 'x86_64', os.version: '10.12.5', java.version: '1.8.0_51'
Driver info: driver.version: RemoteWebDriver
Build info: version: '3.4.0', revision: 'unknown', time: 'unknown'
System info: host: 'JYOTHIN-MBP.local', ip: 'fe80:0:0:0:c6b3:1ff:fec2:cb65%en0', os.name: 'Mac OS X', os.arch: 'x86_64', os.version: '10.11.6', java.version: '1.8.0_131'
Driver info: driver.version: RemoteWebDriver
	at org.openqa.selenium.remote.http.AbstractHttpCommandCodec.encode(AbstractHttpCommandCodec.java:220)
	at org.openqa.selenium.remote.http.AbstractHttpCommandCodec.encode(AbstractHttpCommandCodec.java:118)
	at org.openqa.selenium.remote.HttpCommandExecutor.execute(HttpCommandExecutor.java:158)
	at org.openqa.selenium.remote.service.DriverCommandExecutor.execute(DriverCommandExecutor.java:82)
	at org.openqa.selenium.remote.RemoteWebDriver.execute(RemoteWebDriver.java:637)
	at org.openqa.selenium.remote.RemoteExecuteMethod.execute(RemoteExecuteMethod.java:35)
	at org.openqa.selenium.remote.RemoteMouse.mouseMove(RemoteMouse.java:89)
	at org.openqa.selenium.support.events.internal.EventFiringMouse.mouseMove(EventFiringMouse.java:58)
	at org.openqa.selenium.remote.server.handler.interactions.MouseMoveToLocation.call(MouseMoveToLocation.java:59)
	at org.openqa.selenium.remote.server.handler.interactions.MouseMoveToLocation.call(MouseMoveToLocation.java:32)
	at java.util.concurrent.FutureTask.run(FutureTask.java:266)
	at org.openqa.selenium.remote.server.DefaultSession$1.run(DefaultSession.java:176)
	at java.util.concurrent.ThreadPoolExecutor.runWorker(ThreadPoolExecutor.java:1142)
	at java.util.concurrent.ThreadPoolExecutor$Worker.run(ThreadPoolExecutor.java:617)
	at java.lang.Thread.run(Thread.java:745)</pre></div></div></td>
<td></td></tr>
<tr class="a">
<td><img src="images/icon_success_sml.gif" alt="" /></td>
<td><a name="TC_com.browserstack.benchmark.browserstack.TestSuite2.verifySwitchToFrameTest0"></a>verifySwitchToFrameTest[0]</td>
<td>27.526</td></tr>
<tr class="b">
<td><a href="#com.browserstack.benchmark.browserstack.TestSuite2.verifyClickAndHoldAndReleaseTest0"><img src="images/icon_error_sml.gif" alt="" /></a></td>
<td><a name="TC_com.browserstack.benchmark.browserstack.TestSuite2.verifyClickAndHoldAndReleaseTest0"></a><a href="#com.browserstack.benchmark.browserstack.TestSuite2.verifyClickAndHoldAndReleaseTest0">verifyClickAndHoldAndReleaseTest[0]</a>
<div class="detailToggle" style="display:inline"><a href="javascript:toggleDisplay(&apos;com.browserstack.benchmark.browserstack.TestSuite2.verifyClickAndHoldAndReleaseTest0&apos;);"><span style="display:inline;" id="com.browserstack.benchmark.browserstack.TestSuite2.verifyClickAndHoldAndReleaseTest0off"> + </span><span style="display:none;" id="com.browserstack.benchmark.browserstack.TestSuite2.verifyClickAndHoldAndReleaseTest0on"> - </span>[ Detail ]</a></div></td>
<td>31.443</td></tr>
<tr class="a">
<td></td>
<td>mouseMoveTo Build info: version: '3.4.0', revision: 'unknown', time: 'unknown' System info: host: 'mac-185-44-130-76.browserstack.com', ip: 'fe80:0:0:0:81f:acd6:fb48:6f9a%en0', os.name: 'Mac OS X', os.arch: 'x86_64', os.version: '10.12.5', java.version: '1.8.0_51' Driver info: driver.version: RemoteWebDriver Command duration or timeout: 198 milliseconds</td>
<td></td></tr>
<tr class="b">
<td></td>
<td>
<div id="com.browserstack.benchmark.browserstack.TestSuite2.verifyClickAndHoldAndReleaseTest0error" style="display:none;">
<div>
<pre>org.openqa.selenium.UnsupportedCommandException: mouseMoveTo
Build info: version: '3.4.0', revision: 'unknown', time: 'unknown'
System info: host: 'mac-185-44-130-76.browserstack.com', ip: 'fe80:0:0:0:81f:acd6:fb48:6f9a%en0', os.name: 'Mac OS X', os.arch: 'x86_64', os.version: '10.12.5', java.version: '1.8.0_51'
Driver info: driver.version: RemoteWebDriver
Command duration or timeout: 198 milliseconds
	at sun.reflect.NativeConstructorAccessorImpl.newInstance0(Native Method)
	at sun.reflect.NativeConstructorAccessorImpl.newInstance(NativeConstructorAccessorImpl.java:62)
	at sun.reflect.DelegatingConstructorAccessorImpl.newInstance(DelegatingConstructorAccessorImpl.java:45)
	at java.lang.reflect.Constructor.newInstance(Constructor.java:423)
	at org.openqa.selenium.remote.ErrorHandler.createThrowable(ErrorHandler.java:215)
	at org.openqa.selenium.remote.ErrorHandler.throwIfResponseFailed(ErrorHandler.java:167)
	at org.openqa.selenium.remote.RemoteWebDriver.execute(RemoteWebDriver.java:671)
	at org.openqa.selenium.remote.RemoteExecuteMethod.execute(RemoteExecuteMethod.java:35)
	at org.openqa.selenium.remote.RemoteMouse.mouseMove(RemoteMouse.java:89)
	at org.openqa.selenium.interactions.MoveMouseAction.perform(MoveMouseAction.java:43)
	at org.openqa.selenium.interactions.CompositeAction.perform(CompositeAction.java:36)
	at org.openqa.selenium.interactions.Actions$BuiltAction.perform(Actions.java:634)
	at com.browserstack.benchmark.pages.SeleniumPlaygroundPage.actionClickAndHoldAndRelease(SeleniumPlaygroundPage.java:254)
	at com.browserstack.benchmark.browserstack.TestSuite2.verifyClickAndHoldAndReleaseTest(TestSuite2.java:608)
	at sun.reflect.NativeMethodAccessorImpl.invoke0(Native Method)
	at sun.reflect.NativeMethodAccessorImpl.invoke(NativeMethodAccessorImpl.java:62)
	at sun.reflect.DelegatingMethodAccessorImpl.invoke(DelegatingMethodAccessorImpl.java:43)
	at java.lang.reflect.Method.invoke(Method.java:498)
	at org.junit.runners.model.FrameworkMethod$1.runReflectiveCall(FrameworkMethod.java:50)
	at org.junit.internal.runners.model.ReflectiveCallable.run(ReflectiveCallable.java:12)
	at org.junit.runners.model.FrameworkMethod.invokeExplosively(FrameworkMethod.java:47)
	at org.junit.internal.runners.statements.InvokeMethod.evaluate(InvokeMethod.java:17)
	at org.junit.internal.runners.statements.RunBefores.evaluate(RunBefores.java:26)
	at org.junit.internal.runners.statements.RunAfters.evaluate(RunAfters.java:27)
	at org.junit.rules.TestWatcher$1.evaluate(TestWatcher.java:55)
	at org.junit.rules.TestWatcher$1.evaluate(TestWatcher.java:55)
	at org.junit.rules.RunRules.evaluate(RunRules.java:20)
	at org.junit.runners.ParentRunner.runLeaf(ParentRunner.java:325)
	at org.junit.runners.BlockJUnit4ClassRunner.runChild(BlockJUnit4ClassRunner.java:78)
	at org.junit.runners.BlockJUnit4ClassRunner.runChild(BlockJUnit4ClassRunner.java:57)
	at org.junit.runners.ParentRunner$3.run(ParentRunner.java:290)
	at org.junit.runners.ParentRunner$1.schedule(ParentRunner.java:71)
	at org.junit.runners.ParentRunner.runChildren(ParentRunner.java:288)
	at org.junit.runners.ParentRunner.access$000(ParentRunner.java:58)
	at org.junit.runners.ParentRunner$2.evaluate(ParentRunner.java:268)
	at org.junit.runners.ParentRunner.run(ParentRunner.java:363)
	at org.junit.runners.Suite.runChild(Suite.java:128)
	at org.junit.runners.Suite.runChild(Suite.java:27)
	at org.junit.runners.ParentRunner$3.run(ParentRunner.java:290)
	at java.util.concurrent.Executors$RunnableAdapter.call(Executors.java:511)
	at java.util.concurrent.FutureTask.run(FutureTask.java:266)
	at java.util.concurrent.ThreadPoolExecutor.runWorker(ThreadPoolExecutor.java:1142)
	at java.util.concurrent.ThreadPoolExecutor$Worker.run(ThreadPoolExecutor.java:617)
	at java.lang.Thread.run(Thread.java:748)
Caused by: org.openqa.selenium.UnsupportedCommandException: mouseMoveTo
Build info: version: '3.4.0', revision: 'unknown', time: 'unknown'
System info: host: 'mac-185-44-130-76.browserstack.com', ip: 'fe80:0:0:0:81f:acd6:fb48:6f9a%en0', os.name: 'Mac OS X', os.arch: 'x86_64', os.version: '10.12.5', java.version: '1.8.0_51'
Driver info: driver.version: RemoteWebDriver
Build info: version: '3.4.0', revision: 'unknown', time: 'unknown'
System info: host: 'JYOTHIN-MBP.local', ip: 'fe80:0:0:0:c6b3:1ff:fec2:cb65%en0', os.name: 'Mac OS X', os.arch: 'x86_64', os.version: '10.11.6', java.version: '1.8.0_131'
Driver info: driver.version: RemoteWebDriver
	at org.openqa.selenium.remote.http.AbstractHttpCommandCodec.encode(AbstractHttpCommandCodec.java:220)
	at org.openqa.selenium.remote.http.AbstractHttpCommandCodec.encode(AbstractHttpCommandCodec.java:118)
	at org.openqa.selenium.remote.HttpCommandExecutor.execute(HttpCommandExecutor.java:158)
	at org.openqa.selenium.remote.service.DriverCommandExecutor.execute(DriverCommandExecutor.java:82)
	at org.openqa.selenium.remote.RemoteWebDriver.execute(RemoteWebDriver.java:637)
	at org.openqa.selenium.remote.RemoteExecuteMethod.execute(RemoteExecuteMethod.java:35)
	at org.openqa.selenium.remote.RemoteMouse.mouseMove(RemoteMouse.java:89)
	at org.openqa.selenium.support.events.internal.EventFiringMouse.mouseMove(EventFiringMouse.java:58)
	at org.openqa.selenium.remote.server.handler.interactions.MouseMoveToLocation.call(MouseMoveToLocation.java:59)
	at org.openqa.selenium.remote.server.handler.interactions.MouseMoveToLocation.call(MouseMoveToLocation.java:32)
	at java.util.concurrent.FutureTask.run(FutureTask.java:266)
	at org.openqa.selenium.remote.server.DefaultSession$1.run(DefaultSession.java:176)
	at java.util.concurrent.ThreadPoolExecutor.runWorker(ThreadPoolExecutor.java:1142)
	at java.util.concurrent.ThreadPoolExecutor$Worker.run(ThreadPoolExecutor.java:617)
	at java.lang.Thread.run(Thread.java:745)</pre></div></div></td>
<td></td></tr>
<tr class="a">
<td><img src="images/icon_success_sml.gif" alt="" /></td>
<td><a name="TC_com.browserstack.benchmark.browserstack.TestSuite2.verifySendKeysTest0"></a>verifySendKeysTest[0]</td>
<td>25.798</td></tr>
<tr class="b">
<td><a href="#com.browserstack.benchmark.browserstack.TestSuite2.verifyActionMoveToClickTest0"><img src="images/icon_error_sml.gif" alt="" /></a></td>
<td><a name="TC_com.browserstack.benchmark.browserstack.TestSuite2.verifyActionMoveToClickTest0"></a><a href="#com.browserstack.benchmark.browserstack.TestSuite2.verifyActionMoveToClickTest0">verifyActionMoveToClickTest[0]</a>
<div class="detailToggle" style="display:inline"><a href="javascript:toggleDisplay(&apos;com.browserstack.benchmark.browserstack.TestSuite2.verifyActionMoveToClickTest0&apos;);"><span style="display:inline;" id="com.browserstack.benchmark.browserstack.TestSuite2.verifyActionMoveToClickTest0off"> + </span><span style="display:none;" id="com.browserstack.benchmark.browserstack.TestSuite2.verifyActionMoveToClickTest0on"> - </span>[ Detail ]</a></div></td>
<td>23.86</td></tr>
<tr class="a">
<td></td>
<td>mouseMoveTo Build info: version: '3.4.0', revision: 'unknown', time: 'unknown' System info: host: 'mac-185-44-128-170.browserstack.com', ip: 'fe80:0:0:0:1c72:aa0d:f40d:ede4%en0', os.name: 'Mac OS X', os.arch: 'x86_64', os.version: '10.12.5', java.version: '1.8.0_51' Driver info: driver.version: RemoteWebDriver Command duration or timeout: 167 milliseconds</td>
<td></td></tr>
<tr class="b">
<td></td>
<td>
<div id="com.browserstack.benchmark.browserstack.TestSuite2.verifyActionMoveToClickTest0error" style="display:none;">
<div>
<pre>org.openqa.selenium.UnsupportedCommandException: mouseMoveTo
Build info: version: '3.4.0', revision: 'unknown', time: 'unknown'
System info: host: 'mac-185-44-128-170.browserstack.com', ip: 'fe80:0:0:0:1c72:aa0d:f40d:ede4%en0', os.name: 'Mac OS X', os.arch: 'x86_64', os.version: '10.12.5', java.version: '1.8.0_51'
Driver info: driver.version: RemoteWebDriver
Command duration or timeout: 167 milliseconds
	at sun.reflect.NativeConstructorAccessorImpl.newInstance0(Native Method)
	at sun.reflect.NativeConstructorAccessorImpl.newInstance(NativeConstructorAccessorImpl.java:62)
	at sun.reflect.DelegatingConstructorAccessorImpl.newInstance(DelegatingConstructorAccessorImpl.java:45)
	at java.lang.reflect.Constructor.newInstance(Constructor.java:423)
	at org.openqa.selenium.remote.ErrorHandler.createThrowable(ErrorHandler.java:215)
	at org.openqa.selenium.remote.ErrorHandler.throwIfResponseFailed(ErrorHandler.java:167)
	at org.openqa.selenium.remote.RemoteWebDriver.execute(RemoteWebDriver.java:671)
	at org.openqa.selenium.remote.RemoteExecuteMethod.execute(RemoteExecuteMethod.java:35)
	at org.openqa.selenium.remote.RemoteMouse.mouseMove(RemoteMouse.java:89)
	at org.openqa.selenium.interactions.MoveMouseAction.perform(MoveMouseAction.java:43)
	at org.openqa.selenium.interactions.CompositeAction.perform(CompositeAction.java:36)
	at org.openqa.selenium.interactions.Actions$BuiltAction.perform(Actions.java:634)
	at com.browserstack.benchmark.pages.SeleniumPlaygroundPage.actionMoveToClick(SeleniumPlaygroundPage.java:261)
	at com.browserstack.benchmark.browserstack.TestSuite2.verifyActionMoveToClickTest(TestSuite2.java:622)
	at sun.reflect.NativeMethodAccessorImpl.invoke0(Native Method)
	at sun.reflect.NativeMethodAccessorImpl.invoke(NativeMethodAccessorImpl.java:62)
	at sun.reflect.DelegatingMethodAccessorImpl.invoke(DelegatingMethodAccessorImpl.java:43)
	at java.lang.reflect.Method.invoke(Method.java:498)
	at org.junit.runners.model.FrameworkMethod$1.runReflectiveCall(FrameworkMethod.java:50)
	at org.junit.internal.runners.model.ReflectiveCallable.run(ReflectiveCallable.java:12)
	at org.junit.runners.model.FrameworkMethod.invokeExplosively(FrameworkMethod.java:47)
	at org.junit.internal.runners.statements.InvokeMethod.evaluate(InvokeMethod.java:17)
	at org.junit.internal.runners.statements.RunBefores.evaluate(RunBefores.java:26)
	at org.junit.internal.runners.statements.RunAfters.evaluate(RunAfters.java:27)
	at org.junit.rules.TestWatcher$1.evaluate(TestWatcher.java:55)
	at org.junit.rules.TestWatcher$1.evaluate(TestWatcher.java:55)
	at org.junit.rules.RunRules.evaluate(RunRules.java:20)
	at org.junit.runners.ParentRunner.runLeaf(ParentRunner.java:325)
	at org.junit.runners.BlockJUnit4ClassRunner.runChild(BlockJUnit4ClassRunner.java:78)
	at org.junit.runners.BlockJUnit4ClassRunner.runChild(BlockJUnit4ClassRunner.java:57)
	at org.junit.runners.ParentRunner$3.run(ParentRunner.java:290)
	at org.junit.runners.ParentRunner$1.schedule(ParentRunner.java:71)
	at org.junit.runners.ParentRunner.runChildren(ParentRunner.java:288)
	at org.junit.runners.ParentRunner.access$000(ParentRunner.java:58)
	at org.junit.runners.ParentRunner$2.evaluate(ParentRunner.java:268)
	at org.junit.runners.ParentRunner.run(ParentRunner.java:363)
	at org.junit.runners.Suite.runChild(Suite.java:128)
	at org.junit.runners.Suite.runChild(Suite.java:27)
	at org.junit.runners.ParentRunner$3.run(ParentRunner.java:290)
	at java.util.concurrent.Executors$RunnableAdapter.call(Executors.java:511)
	at java.util.concurrent.FutureTask.run(FutureTask.java:266)
	at java.util.concurrent.ThreadPoolExecutor.runWorker(ThreadPoolExecutor.java:1142)
	at java.util.concurrent.ThreadPoolExecutor$Worker.run(ThreadPoolExecutor.java:617)
	at java.lang.Thread.run(Thread.java:748)
Caused by: org.openqa.selenium.UnsupportedCommandException: mouseMoveTo
Build info: version: '3.4.0', revision: 'unknown', time: 'unknown'
System info: host: 'mac-185-44-128-170.browserstack.com', ip: 'fe80:0:0:0:1c72:aa0d:f40d:ede4%en0', os.name: 'Mac OS X', os.arch: 'x86_64', os.version: '10.12.5', java.version: '1.8.0_51'
Driver info: driver.version: RemoteWebDriver
Build info: version: '3.4.0', revision: 'unknown', time: 'unknown'
System info: host: 'JYOTHIN-MBP.local', ip: 'fe80:0:0:0:c6b3:1ff:fec2:cb65%en0', os.name: 'Mac OS X', os.arch: 'x86_64', os.version: '10.11.6', java.version: '1.8.0_131'
Driver info: driver.version: RemoteWebDriver
	at org.openqa.selenium.remote.http.AbstractHttpCommandCodec.encode(AbstractHttpCommandCodec.java:220)
	at org.openqa.selenium.remote.http.AbstractHttpCommandCodec.encode(AbstractHttpCommandCodec.java:118)
	at org.openqa.selenium.remote.HttpCommandExecutor.execute(HttpCommandExecutor.java:158)
	at org.openqa.selenium.remote.service.DriverCommandExecutor.execute(DriverCommandExecutor.java:82)
	at org.openqa.selenium.remote.RemoteWebDriver.execute(RemoteWebDriver.java:637)
	at org.openqa.selenium.remote.RemoteExecuteMethod.execute(RemoteExecuteMethod.java:35)
	at org.openqa.selenium.remote.RemoteMouse.mouseMove(RemoteMouse.java:89)
	at org.openqa.selenium.support.events.internal.EventFiringMouse.mouseMove(EventFiringMouse.java:58)
	at org.openqa.selenium.remote.server.handler.interactions.MouseMoveToLocation.call(MouseMoveToLocation.java:59)
	at org.openqa.selenium.remote.server.handler.interactions.MouseMoveToLocation.call(MouseMoveToLocation.java:32)
	at java.util.concurrent.FutureTask.run(FutureTask.java:266)
	at org.openqa.selenium.remote.server.DefaultSession$1.run(DefaultSession.java:176)
	at java.util.concurrent.ThreadPoolExecutor.runWorker(ThreadPoolExecutor.java:1142)
	at java.util.concurrent.ThreadPoolExecutor$Worker.run(ThreadPoolExecutor.java:617)
	at java.lang.Thread.run(Thread.java:745)</pre></div></div></td>
<td></td></tr>
<tr class="a">
<td><a href="#com.browserstack.benchmark.browserstack.TestSuite2.verifyControlKeyDownTest0"><img src="images/icon_error_sml.gif" alt="" /></a></td>
<td><a name="TC_com.browserstack.benchmark.browserstack.TestSuite2.verifyControlKeyDownTest0"></a><a href="#com.browserstack.benchmark.browserstack.TestSuite2.verifyControlKeyDownTest0">verifyControlKeyDownTest[0]</a>
<div class="detailToggle" style="display:inline"><a href="javascript:toggleDisplay(&apos;com.browserstack.benchmark.browserstack.TestSuite2.verifyControlKeyDownTest0&apos;);"><span style="display:inline;" id="com.browserstack.benchmark.browserstack.TestSuite2.verifyControlKeyDownTest0off"> + </span><span style="display:none;" id="com.browserstack.benchmark.browserstack.TestSuite2.verifyControlKeyDownTest0on"> - </span>[ Detail ]</a></div></td>
<td>44.958</td></tr>
<tr class="b">
<td></td>
<td>sendKeysToActiveElement Build info: version: '3.4.0', revision: 'unknown', time: 'unknown' System info: host: 'mac-185-44-130-76.browserstack.com', ip: 'fe80:0:0:0:81f:acd6:fb48:6f9a%en0', os.name: 'Mac OS X', os.arch: 'x86_64', os.version: '10.12.5', java.version: '1.8.0_51' Driver info: driver.version: RemoteWebDriver Command duration or timeout: 176 milliseconds</td>
<td></td></tr>
<tr class="a">
<td></td>
<td>
<div id="com.browserstack.benchmark.browserstack.TestSuite2.verifyControlKeyDownTest0error" style="display:none;">
<div>
<pre>org.openqa.selenium.UnsupportedCommandException: sendKeysToActiveElement
Build info: version: '3.4.0', revision: 'unknown', time: 'unknown'
System info: host: 'mac-185-44-130-76.browserstack.com', ip: 'fe80:0:0:0:81f:acd6:fb48:6f9a%en0', os.name: 'Mac OS X', os.arch: 'x86_64', os.version: '10.12.5', java.version: '1.8.0_51'
Driver info: driver.version: RemoteWebDriver
Command duration or timeout: 176 milliseconds
	at sun.reflect.NativeConstructorAccessorImpl.newInstance0(Native Method)
	at sun.reflect.NativeConstructorAccessorImpl.newInstance(NativeConstructorAccessorImpl.java:62)
	at sun.reflect.DelegatingConstructorAccessorImpl.newInstance(DelegatingConstructorAccessorImpl.java:45)
	at java.lang.reflect.Constructor.newInstance(Constructor.java:423)
	at org.openqa.selenium.remote.ErrorHandler.createThrowable(ErrorHandler.java:215)
	at org.openqa.selenium.remote.ErrorHandler.throwIfResponseFailed(ErrorHandler.java:167)
	at org.openqa.selenium.remote.RemoteWebDriver.execute(RemoteWebDriver.java:671)
	at org.openqa.selenium.remote.RemoteExecuteMethod.execute(RemoteExecuteMethod.java:35)
	at org.openqa.selenium.remote.RemoteKeyboard.pressKey(RemoteKeyboard.java:43)
	at org.openqa.selenium.interactions.KeyDownAction.perform(KeyDownAction.java:47)
	at org.openqa.selenium.interactions.CompositeAction.perform(CompositeAction.java:36)
	at org.openqa.selenium.interactions.Actions$BuiltAction.perform(Actions.java:634)
	at com.browserstack.benchmark.pages.SeleniumPlaygroundPage.selectMultipleCars(SeleniumPlaygroundPage.java:502)
	at com.browserstack.benchmark.browserstack.TestSuite2.verifyControlKeyDownTest(TestSuite2.java:1046)
	at sun.reflect.NativeMethodAccessorImpl.invoke0(Native Method)
	at sun.reflect.NativeMethodAccessorImpl.invoke(NativeMethodAccessorImpl.java:62)
	at sun.reflect.DelegatingMethodAccessorImpl.invoke(DelegatingMethodAccessorImpl.java:43)
	at java.lang.reflect.Method.invoke(Method.java:498)
	at org.junit.runners.model.FrameworkMethod$1.runReflectiveCall(FrameworkMethod.java:50)
	at org.junit.internal.runners.model.ReflectiveCallable.run(ReflectiveCallable.java:12)
	at org.junit.runners.model.FrameworkMethod.invokeExplosively(FrameworkMethod.java:47)
	at org.junit.internal.runners.statements.InvokeMethod.evaluate(InvokeMethod.java:17)
	at org.junit.internal.runners.statements.RunBefores.evaluate(RunBefores.java:26)
	at org.junit.internal.runners.statements.RunAfters.evaluate(RunAfters.java:27)
	at org.junit.rules.TestWatcher$1.evaluate(TestWatcher.java:55)
	at org.junit.rules.TestWatcher$1.evaluate(TestWatcher.java:55)
	at org.junit.rules.RunRules.evaluate(RunRules.java:20)
	at org.junit.runners.ParentRunner.runLeaf(ParentRunner.java:325)
	at org.junit.runners.BlockJUnit4ClassRunner.runChild(BlockJUnit4ClassRunner.java:78)
	at org.junit.runners.BlockJUnit4ClassRunner.runChild(BlockJUnit4ClassRunner.java:57)
	at org.junit.runners.ParentRunner$3.run(ParentRunner.java:290)
	at org.junit.runners.ParentRunner$1.schedule(ParentRunner.java:71)
	at org.junit.runners.ParentRunner.runChildren(ParentRunner.java:288)
	at org.junit.runners.ParentRunner.access$000(ParentRunner.java:58)
	at org.junit.runners.ParentRunner$2.evaluate(ParentRunner.java:268)
	at org.junit.runners.ParentRunner.run(ParentRunner.java:363)
	at org.junit.runners.Suite.runChild(Suite.java:128)
	at org.junit.runners.Suite.runChild(Suite.java:27)
	at org.junit.runners.ParentRunner$3.run(ParentRunner.java:290)
	at java.util.concurrent.Executors$RunnableAdapter.call(Executors.java:511)
	at java.util.concurrent.FutureTask.run(FutureTask.java:266)
	at java.util.concurrent.ThreadPoolExecutor.runWorker(ThreadPoolExecutor.java:1142)
	at java.util.concurrent.ThreadPoolExecutor$Worker.run(ThreadPoolExecutor.java:617)
	at java.lang.Thread.run(Thread.java:748)
Caused by: org.openqa.selenium.UnsupportedCommandException: sendKeysToActiveElement
Build info: version: '3.4.0', revision: 'unknown', time: 'unknown'
System info: host: 'mac-185-44-130-76.browserstack.com', ip: 'fe80:0:0:0:81f:acd6:fb48:6f9a%en0', os.name: 'Mac OS X', os.arch: 'x86_64', os.version: '10.12.5', java.version: '1.8.0_51'
Driver info: driver.version: RemoteWebDriver
Build info: version: '3.4.0', revision: 'unknown', time: 'unknown'
System info: host: 'JYOTHIN-MBP.local', ip: 'fe80:0:0:0:c6b3:1ff:fec2:cb65%en0', os.name: 'Mac OS X', os.arch: 'x86_64', os.version: '10.11.6', java.version: '1.8.0_131'
Driver info: driver.version: RemoteWebDriver
	at org.openqa.selenium.remote.http.AbstractHttpCommandCodec.encode(AbstractHttpCommandCodec.java:220)
	at org.openqa.selenium.remote.http.AbstractHttpCommandCodec.encode(AbstractHttpCommandCodec.java:118)
	at org.openqa.selenium.remote.HttpCommandExecutor.execute(HttpCommandExecutor.java:158)
	at org.openqa.selenium.remote.service.DriverCommandExecutor.execute(DriverCommandExecutor.java:82)
	at org.openqa.selenium.remote.RemoteWebDriver.execute(RemoteWebDriver.java:637)
	at org.openqa.selenium.remote.RemoteExecuteMethod.execute(RemoteExecuteMethod.java:35)
	at org.openqa.selenium.remote.RemoteKeyboard.sendKeys(RemoteKeyboard.java:35)
	at org.openqa.selenium.support.events.internal.EventFiringKeyboard.sendKeys(EventFiringKeyboard.java:42)
	at org.openqa.selenium.remote.server.handler.interactions.SendKeyToActiveElement.call(SendKeyToActiveElement.java:56)
	at org.openqa.selenium.remote.server.handler.interactions.SendKeyToActiveElement.call(SendKeyToActiveElement.java:31)
	at java.util.concurrent.FutureTask.run(FutureTask.java:266)
	at org.openqa.selenium.remote.server.DefaultSession$1.run(DefaultSession.java:176)
	at java.util.concurrent.ThreadPoolExecutor.runWorker(ThreadPoolExecutor.java:1142)
	at java.util.concurrent.ThreadPoolExecutor$Worker.run(ThreadPoolExecutor.java:617)
	at java.lang.Thread.run(Thread.java:745)</pre></div></div></td>
<td></td></tr>
<tr class="b">
<td><img src="images/icon_success_sml.gif" alt="" /></td>
<td><a name="TC_com.browserstack.benchmark.browserstack.TestSuite2.verifyWindowPositionTest0"></a>verifyWindowPositionTest[0]</td>
<td>19.961</td></tr>
<tr class="a">
<td><a href="#com.browserstack.benchmark.browserstack.TestSuite2.verifyHoldAndReleaseTest0"><img src="images/icon_error_sml.gif" alt="" /></a></td>
<td><a name="TC_com.browserstack.benchmark.browserstack.TestSuite2.verifyHoldAndReleaseTest0"></a><a href="#com.browserstack.benchmark.browserstack.TestSuite2.verifyHoldAndReleaseTest0">verifyHoldAndReleaseTest[0]</a>
<div class="detailToggle" style="display:inline"><a href="javascript:toggleDisplay(&apos;com.browserstack.benchmark.browserstack.TestSuite2.verifyHoldAndReleaseTest0&apos;);"><span style="display:inline;" id="com.browserstack.benchmark.browserstack.TestSuite2.verifyHoldAndReleaseTest0off"> + </span><span style="display:none;" id="com.browserstack.benchmark.browserstack.TestSuite2.verifyHoldAndReleaseTest0on"> - </span>[ Detail ]</a></div></td>
<td>23.141</td></tr>
<tr class="b">
<td></td>
<td>mouseMoveTo Build info: version: '3.4.0', revision: 'unknown', time: 'unknown' System info: host: 'mac-185-129-68-153.browserstack.com', ip: 'fe80:0:0:0:10ba:525:4fb9:75b0%en0', os.name: 'Mac OS X', os.arch: 'x86_64', os.version: '10.12.5', java.version: '1.8.0_51' Driver info: driver.version: RemoteWebDriver Command duration or timeout: 176 milliseconds</td>
<td></td></tr>
<tr class="a">
<td></td>
<td>
<div id="com.browserstack.benchmark.browserstack.TestSuite2.verifyHoldAndReleaseTest0error" style="display:none;">
<div>
<pre>org.openqa.selenium.UnsupportedCommandException: mouseMoveTo
Build info: version: '3.4.0', revision: 'unknown', time: 'unknown'
System info: host: 'mac-185-129-68-153.browserstack.com', ip: 'fe80:0:0:0:10ba:525:4fb9:75b0%en0', os.name: 'Mac OS X', os.arch: 'x86_64', os.version: '10.12.5', java.version: '1.8.0_51'
Driver info: driver.version: RemoteWebDriver
Command duration or timeout: 176 milliseconds
	at sun.reflect.NativeConstructorAccessorImpl.newInstance0(Native Method)
	at sun.reflect.NativeConstructorAccessorImpl.newInstance(NativeConstructorAccessorImpl.java:62)
	at sun.reflect.DelegatingConstructorAccessorImpl.newInstance(DelegatingConstructorAccessorImpl.java:45)
	at java.lang.reflect.Constructor.newInstance(Constructor.java:423)
	at org.openqa.selenium.remote.ErrorHandler.createThrowable(ErrorHandler.java:215)
	at org.openqa.selenium.remote.ErrorHandler.throwIfResponseFailed(ErrorHandler.java:167)
	at org.openqa.selenium.remote.RemoteWebDriver.execute(RemoteWebDriver.java:671)
	at org.openqa.selenium.remote.RemoteExecuteMethod.execute(RemoteExecuteMethod.java:35)
	at org.openqa.selenium.remote.RemoteMouse.mouseMove(RemoteMouse.java:89)
	at org.openqa.selenium.interactions.internal.MouseAction.moveToLocation(MouseAction.java:75)
	at org.openqa.selenium.interactions.ClickAndHoldAction.perform(ClickAndHoldAction.java:45)
	at org.openqa.selenium.interactions.CompositeAction.perform(CompositeAction.java:36)
	at org.openqa.selenium.interactions.Actions$BuiltAction.perform(Actions.java:634)
	at com.browserstack.benchmark.pages.SeleniumPlaygroundPage.actionHoldAndRelease(SeleniumPlaygroundPage.java:309)
	at com.browserstack.benchmark.browserstack.TestSuite2.verifyHoldAndReleaseTest(TestSuite2.java:706)
	at sun.reflect.NativeMethodAccessorImpl.invoke0(Native Method)
	at sun.reflect.NativeMethodAccessorImpl.invoke(NativeMethodAccessorImpl.java:62)
	at sun.reflect.DelegatingMethodAccessorImpl.invoke(DelegatingMethodAccessorImpl.java:43)
	at java.lang.reflect.Method.invoke(Method.java:498)
	at org.junit.runners.model.FrameworkMethod$1.runReflectiveCall(FrameworkMethod.java:50)
	at org.junit.internal.runners.model.ReflectiveCallable.run(ReflectiveCallable.java:12)
	at org.junit.runners.model.FrameworkMethod.invokeExplosively(FrameworkMethod.java:47)
	at org.junit.internal.runners.statements.InvokeMethod.evaluate(InvokeMethod.java:17)
	at org.junit.internal.runners.statements.RunBefores.evaluate(RunBefores.java:26)
	at org.junit.internal.runners.statements.RunAfters.evaluate(RunAfters.java:27)
	at org.junit.rules.TestWatcher$1.evaluate(TestWatcher.java:55)
	at org.junit.rules.TestWatcher$1.evaluate(TestWatcher.java:55)
	at org.junit.rules.RunRules.evaluate(RunRules.java:20)
	at org.junit.runners.ParentRunner.runLeaf(ParentRunner.java:325)
	at org.junit.runners.BlockJUnit4ClassRunner.runChild(BlockJUnit4ClassRunner.java:78)
	at org.junit.runners.BlockJUnit4ClassRunner.runChild(BlockJUnit4ClassRunner.java:57)
	at org.junit.runners.ParentRunner$3.run(ParentRunner.java:290)
	at org.junit.runners.ParentRunner$1.schedule(ParentRunner.java:71)
	at org.junit.runners.ParentRunner.runChildren(ParentRunner.java:288)
	at org.junit.runners.ParentRunner.access$000(ParentRunner.java:58)
	at org.junit.runners.ParentRunner$2.evaluate(ParentRunner.java:268)
	at org.junit.runners.ParentRunner.run(ParentRunner.java:363)
	at org.junit.runners.Suite.runChild(Suite.java:128)
	at org.junit.runners.Suite.runChild(Suite.java:27)
	at org.junit.runners.ParentRunner$3.run(ParentRunner.java:290)
	at java.util.concurrent.Executors$RunnableAdapter.call(Executors.java:511)
	at java.util.concurrent.FutureTask.run(FutureTask.java:266)
	at java.util.concurrent.ThreadPoolExecutor.runWorker(ThreadPoolExecutor.java:1142)
	at java.util.concurrent.ThreadPoolExecutor$Worker.run(ThreadPoolExecutor.java:617)
	at java.lang.Thread.run(Thread.java:748)
Caused by: org.openqa.selenium.UnsupportedCommandException: mouseMoveTo
Build info: version: '3.4.0', revision: 'unknown', time: 'unknown'
System info: host: 'mac-185-129-68-153.browserstack.com', ip: 'fe80:0:0:0:10ba:525:4fb9:75b0%en0', os.name: 'Mac OS X', os.arch: 'x86_64', os.version: '10.12.5', java.version: '1.8.0_51'
Driver info: driver.version: RemoteWebDriver
Build info: version: '3.4.0', revision: 'unknown', time: 'unknown'
System info: host: 'JYOTHIN-MBP.local', ip: 'fe80:0:0:0:c6b3:1ff:fec2:cb65%en0', os.name: 'Mac OS X', os.arch: 'x86_64', os.version: '10.11.6', java.version: '1.8.0_131'
Driver info: driver.version: RemoteWebDriver
	at org.openqa.selenium.remote.http.AbstractHttpCommandCodec.encode(AbstractHttpCommandCodec.java:220)
	at org.openqa.selenium.remote.http.AbstractHttpCommandCodec.encode(AbstractHttpCommandCodec.java:118)
	at org.openqa.selenium.remote.HttpCommandExecutor.execute(HttpCommandExecutor.java:158)
	at org.openqa.selenium.remote.service.DriverCommandExecutor.execute(DriverCommandExecutor.java:82)
	at org.openqa.selenium.remote.RemoteWebDriver.execute(RemoteWebDriver.java:637)
	at org.openqa.selenium.remote.RemoteExecuteMethod.execute(RemoteExecuteMethod.java:35)
	at org.openqa.selenium.remote.RemoteMouse.mouseMove(RemoteMouse.java:89)
	at org.openqa.selenium.support.events.internal.EventFiringMouse.mouseMove(EventFiringMouse.java:58)
	at org.openqa.selenium.remote.server.handler.interactions.MouseMoveToLocation.call(MouseMoveToLocation.java:59)
	at org.openqa.selenium.remote.server.handler.interactions.MouseMoveToLocation.call(MouseMoveToLocation.java:32)
	at java.util.concurrent.FutureTask.run(FutureTask.java:266)
	at org.openqa.selenium.remote.server.DefaultSession$1.run(DefaultSession.java:176)
	at java.util.concurrent.ThreadPoolExecutor.runWorker(ThreadPoolExecutor.java:1142)
	at java.util.concurrent.ThreadPoolExecutor$Worker.run(ThreadPoolExecutor.java:617)
	at java.lang.Thread.run(Thread.java:745)</pre></div></div></td>
<td></td></tr></table></div>
<div class="section">
<h3><a name="TestSuite3"></a>TestSuite3</h3><a name="com.browserstack.benchmark.browserstackTestSuite3"></a>
<table border="1" class="bodyTable">
<tr class="a">
<td><a href="#com.browserstack.benchmark.browserstack.TestSuite3.com.browserstack.benchmark.browserstack.TestSuite3"><img src="images/icon_warning_sml.gif" alt="" /></a></td>
<td><a name="TC_com.browserstack.benchmark.browserstack.TestSuite3.com.browserstack.benchmark.browserstack.TestSuite3"></a><a href="#com.browserstack.benchmark.browserstack.TestSuite3.com.browserstack.benchmark.browserstack.TestSuite3">com.browserstack.benchmark.browserstack.TestSuite3</a>
<div class="detailToggle" style="display:inline"><a href="javascript:toggleDisplay(&apos;com.browserstack.benchmark.browserstack.TestSuite3.com.browserstack.benchmark.browserstack.TestSuite3&apos;);"><span style="display:inline;" id="com.browserstack.benchmark.browserstack.TestSuite3.com.browserstack.benchmark.browserstack.TestSuite3off"> + </span><span style="display:none;" id="com.browserstack.benchmark.browserstack.TestSuite3.com.browserstack.benchmark.browserstack.TestSuite3on"> - </span>[ Detail ]</a></div></td>
<td>0</td></tr>
<tr class="b">
<td></td>
<td>skipped</td>
<td></td></tr></table></div>
<div class="section">
<h3><a name="TestSuite1"></a>TestSuite1</h3><a name="com.browserstack.benchmark.saucelabsTestSuite1"></a>
<table border="1" class="bodyTable">
<tr class="a">
<td><a href="#com.browserstack.benchmark.saucelabs.TestSuite1.com.browserstack.benchmark.saucelabs.TestSuite1"><img src="images/icon_warning_sml.gif" alt="" /></a></td>
<td><a name="TC_com.browserstack.benchmark.saucelabs.TestSuite1.com.browserstack.benchmark.saucelabs.TestSuite1"></a><a href="#com.browserstack.benchmark.saucelabs.TestSuite1.com.browserstack.benchmark.saucelabs.TestSuite1">com.browserstack.benchmark.saucelabs.TestSuite1</a>
<div class="detailToggle" style="display:inline"><a href="javascript:toggleDisplay(&apos;com.browserstack.benchmark.saucelabs.TestSuite1.com.browserstack.benchmark.saucelabs.TestSuite1&apos;);"><span style="display:inline;" id="com.browserstack.benchmark.saucelabs.TestSuite1.com.browserstack.benchmark.saucelabs.TestSuite1off"> + </span><span style="display:none;" id="com.browserstack.benchmark.saucelabs.TestSuite1.com.browserstack.benchmark.saucelabs.TestSuite1on"> - </span>[ Detail ]</a></div></td>
<td>0</td></tr>
<tr class="b">
<td></td>
<td>skipped</td>
<td></td></tr></table></div>
<div class="section">
<h3><a name="TestSuite2"></a>TestSuite2</h3><a name="com.browserstack.benchmark.saucelabsTestSuite2"></a>
<table border="1" class="bodyTable">
<tr class="a">
<td><a href="#com.browserstack.benchmark.saucelabs.TestSuite2.com.browserstack.benchmark.saucelabs.TestSuite2"><img src="images/icon_warning_sml.gif" alt="" /></a></td>
<td><a name="TC_com.browserstack.benchmark.saucelabs.TestSuite2.com.browserstack.benchmark.saucelabs.TestSuite2"></a><a href="#com.browserstack.benchmark.saucelabs.TestSuite2.com.browserstack.benchmark.saucelabs.TestSuite2">com.browserstack.benchmark.saucelabs.TestSuite2</a>
<div class="detailToggle" style="display:inline"><a href="javascript:toggleDisplay(&apos;com.browserstack.benchmark.saucelabs.TestSuite2.com.browserstack.benchmark.saucelabs.TestSuite2&apos;);"><span style="display:inline;" id="com.browserstack.benchmark.saucelabs.TestSuite2.com.browserstack.benchmark.saucelabs.TestSuite2off"> + </span><span style="display:none;" id="com.browserstack.benchmark.saucelabs.TestSuite2.com.browserstack.benchmark.saucelabs.TestSuite2on"> - </span>[ Detail ]</a></div></td>
<td>0.001</td></tr>
<tr class="b">
<td></td>
<td>skipped</td>
<td></td></tr></table></div>
<div class="section">
<h3><a name="TestSuite3"></a>TestSuite3</h3><a name="com.browserstack.benchmark.saucelabsTestSuite3"></a>
<table border="1" class="bodyTable">
<tr class="a">
<td><a href="#com.browserstack.benchmark.saucelabs.TestSuite3.com.browserstack.benchmark.saucelabs.TestSuite3"><img src="images/icon_warning_sml.gif" alt="" /></a></td>
<td><a name="TC_com.browserstack.benchmark.saucelabs.TestSuite3.com.browserstack.benchmark.saucelabs.TestSuite3"></a><a href="#com.browserstack.benchmark.saucelabs.TestSuite3.com.browserstack.benchmark.saucelabs.TestSuite3">com.browserstack.benchmark.saucelabs.TestSuite3</a>
<div class="detailToggle" style="display:inline"><a href="javascript:toggleDisplay(&apos;com.browserstack.benchmark.saucelabs.TestSuite3.com.browserstack.benchmark.saucelabs.TestSuite3&apos;);"><span style="display:inline;" id="com.browserstack.benchmark.saucelabs.TestSuite3.com.browserstack.benchmark.saucelabs.TestSuite3off"> + </span><span style="display:none;" id="com.browserstack.benchmark.saucelabs.TestSuite3.com.browserstack.benchmark.saucelabs.TestSuite3on"> - </span>[ Detail ]</a></div></td>
<td>0</td></tr>
<tr class="b">
<td></td>
<td>skipped</td>
<td></td></tr></table></div>
<div class="section">
<h3><a name="TestSuite1"></a>TestSuite1</h3><a name="com.browserstack.benchmark.TestsTestSuite1"></a>
<table border="1" class="bodyTable">
<tr class="a">
<td><a href="#com.browserstack.benchmark.Tests.TestSuite1.com.browserstack.benchmark.Tests.TestSuite1"><img src="images/icon_warning_sml.gif" alt="" /></a></td>
<td><a name="TC_com.browserstack.benchmark.Tests.TestSuite1.com.browserstack.benchmark.Tests.TestSuite1"></a><a href="#com.browserstack.benchmark.Tests.TestSuite1.com.browserstack.benchmark.Tests.TestSuite1">com.browserstack.benchmark.Tests.TestSuite1</a>
<div class="detailToggle" style="display:inline"><a href="javascript:toggleDisplay(&apos;com.browserstack.benchmark.Tests.TestSuite1.com.browserstack.benchmark.Tests.TestSuite1&apos;);"><span style="display:inline;" id="com.browserstack.benchmark.Tests.TestSuite1.com.browserstack.benchmark.Tests.TestSuite1off"> + </span><span style="display:none;" id="com.browserstack.benchmark.Tests.TestSuite1.com.browserstack.benchmark.Tests.TestSuite1on"> - </span>[ Detail ]</a></div></td>
<td>0.008</td></tr>
<tr class="b">
<td></td>
<td>skipped</td>
<td></td></tr></table></div><br /></div>
<div class="section">
<h2><a name="Failure_Details"></a>Failure Details</h2><a name="Failure_Details"></a>
<p>[<a href="#Summary">Summary</a>] [<a href="#Package_List">Package List</a>] [<a href="#Test_Cases">Test Cases</a>]</p><br />
<table border="1" class="bodyTable">
<tr class="a">
<td><img src="images/icon_warning_sml.gif" alt="" /></td>
<td><a name="com.browserstack.benchmark.browserstack.TestSuite1.com.browserstack.benchmark.browserstack.TestSuite1"></a>com.browserstack.benchmark.browserstack.TestSuite1</td></tr>
<tr class="b">
<td></td>
<td>skipped: skipped</td></tr>
<tr class="a">
<td><img src="images/icon_error_sml.gif" alt="" /></td>
<td><a name="com.browserstack.benchmark.browserstack.TestSuite2.verifyScreenshotTest0"></a>verifyScreenshotTest[0]</td></tr>
<tr class="b">
<td></td>
<td>java.lang.NullPointerException</td></tr>
<tr class="a">
<td></td>
<td>
<div id="verifyScreenshotTest[0]error">com.browserstack.benchmark.browserstack.TestSuite2:754</div></td></tr>
<tr class="b">
<td><img src="images/icon_error_sml.gif" alt="" /></td>
<td><a name="com.browserstack.benchmark.browserstack.TestSuite2.verifyContextClickTest0"></a>verifyContextClickTest[0]</td></tr>
<tr class="a">
<td></td>
<td>org.openqa.selenium.UnsupportedCommandException: mouseClick Build info: version: '3.4.0', revision: 'unknown', time: 'unknown' System info: host: 'mac-46-249-62-77.browserstack.com', ip: 'fe80:0:0:0:cf9:ec35:f020:4abf%en0', os.name: 'Mac OS X', os.arch: 'x86_64', os.version: '10.12.5', java.version: '1.8.0_51' Driver info: driver.version: RemoteWebDriver Command duration or timeout: 306 milliseconds</td></tr>
<tr class="b">
<td></td>
<td>
<div id="verifyContextClickTest[0]error">com.browserstack.benchmark.browserstack.TestSuite2:668</div></td></tr>
<tr class="a">
<td><img src="images/icon_error_sml.gif" alt="" /></td>
<td><a name="com.browserstack.benchmark.browserstack.TestSuite2.verifyCloseCurrentWindowTest0"></a>verifyCloseCurrentWindowTest[0]</td></tr>
<tr class="b">
<td></td>
<td>java.lang.AssertionError</td></tr>
<tr class="a">
<td></td>
<td>
<div id="verifyCloseCurrentWindowTest[0]error">com.browserstack.benchmark.browserstack.TestSuite2:955</div></td></tr>
<tr class="b">
<td><img src="images/icon_error_sml.gif" alt="" /></td>
<td><a name="com.browserstack.benchmark.browserstack.TestSuite2.verifyKeyDownAndUpTest0"></a>verifyKeyDownAndUpTest[0]</td></tr>
<tr class="a">
<td></td>
<td>org.openqa.selenium.UnsupportedCommandException: sendKeysToActiveElement Build info: version: '3.4.0', revision: 'unknown', time: 'unknown' System info: host: 'mac-185-44-129-85.browserstack.com', ip: 'fe80:0:0:0:427:8d77:b121:cc12%en0', os.name: 'Mac OS X', os.arch: 'x86_64', os.version: '10.12.5', java.version: '1.8.0_51' Driver info: driver.version: RemoteWebDriver Command duration or timeout: 223 milliseconds</td></tr>
<tr class="b">
<td></td>
<td>
<div id="verifyKeyDownAndUpTest[0]error">com.browserstack.benchmark.browserstack.TestSuite2:693</div></td></tr>
<tr class="a">
<td><img src="images/icon_error_sml.gif" alt="" /></td>
<td><a name="com.browserstack.benchmark.browserstack.TestSuite2.verifyAlertTextTest0"></a>verifyAlertTextTest[0]</td></tr>
<tr class="b">
<td></td>
<td>org.openqa.selenium.WebDriverException: Failed to find value field Build info: version: '3.4.0', revision: 'unknown', time: 'unknown' System info: host: 'mac-185-44-129-107.browserstack.com', ip: 'fe80:0:0:0:14e7:9c3a:9e5f:8fcc%en0', os.name: 'Mac OS X', os.arch: 'x86_64', os.version: '10.12.5', java.version: '1.8.0_51' Driver info: org.openqa.selenium.firefox.FirefoxDriver Capabilities [{moz:profile=/var/folders/yj/h3bj394n2tn74bp3vdngj35c0000jy/T/rust_mozprofile.Pgi8vJv7kPJs, rotatable=false, timeouts={implicit=0.0, pageLoad=300000.0, script=30000.0}, pageLoadStrategy=normal, platform=ANY, specificationLevel=0.0, moz:accessibilityChecks=false, acceptInsecureCerts=false, browserVersion=53.0, platformVersion=16.6.0, moz:processID=14723.0, browserName=firefox, javascriptEnabled=true, platformName=darwin}] Session ID: 38f28e37-1040-464e-a663-15f7b1ffa9ef Command duration or timeout: 418 milliseconds</td></tr>
<tr class="a">
<td></td>
<td>
<div id="verifyAlertTextTest[0]error">com.browserstack.benchmark.browserstack.TestSuite2:378</div></td></tr>
<tr class="b">
<td><img src="images/icon_error_sml.gif" alt="" /></td>
<td><a name="com.browserstack.benchmark.browserstack.TestSuite2.verifyContextClickElementTest0"></a>verifyContextClickElementTest[0]</td></tr>
<tr class="a">
<td></td>
<td>org.openqa.selenium.UnsupportedCommandException: mouseMoveTo Build info: version: '3.4.0', revision: 'unknown', time: 'unknown' System info: host: 'mac-185-44-128-170.browserstack.com', ip: 'fe80:0:0:0:1c72:aa0d:f40d:ede4%en0', os.name: 'Mac OS X', os.arch: 'x86_64', os.version: '10.12.5', java.version: '1.8.0_51' Driver info: driver.version: RemoteWebDriver Command duration or timeout: 187 milliseconds</td></tr>
<tr class="b">
<td></td>
<td>
<div id="verifyContextClickElementTest[0]error">com.browserstack.benchmark.browserstack.TestSuite2:680</div></td></tr>
<tr class="a">
<td><img src="images/icon_error_sml.gif" alt="" /></td>
<td><a name="com.browserstack.benchmark.browserstack.TestSuite2.verifyDragAndDropTest0"></a>verifyDragAndDropTest[0]</td></tr>
<tr class="b">
<td></td>
<td>org.openqa.selenium.UnsupportedCommandException: mouseMoveTo Build info: version: '3.4.0', revision: 'unknown', time: 'unknown' System info: host: 'mac-46-249-62-91.browserstack.com', ip: 'fe80:0:0:0:4de:548c:a290:8b82%en0', os.name: 'Mac OS X', os.arch: 'x86_64', os.version: '10.12.5', java.version: '1.8.0_51' Driver info: driver.version: RemoteWebDriver Command duration or timeout: 208 milliseconds</td></tr>
<tr class="a">
<td></td>
<td>
<div id="verifyDragAndDropTest[0]error">com.browserstack.benchmark.browserstack.TestSuite2:650</div></td></tr>
<tr class="b">
<td><img src="images/icon_error_sml.gif" alt="" /></td>
<td><a name="com.browserstack.benchmark.browserstack.TestSuite2.verifyClickAndHoldAndReleaseTest0"></a>verifyClickAndHoldAndReleaseTest[0]</td></tr>
<tr class="a">
<td></td>
<td>org.openqa.selenium.UnsupportedCommandException: mouseMoveTo Build info: version: '3.4.0', revision: 'unknown', time: 'unknown' System info: host: 'mac-185-44-130-76.browserstack.com', ip: 'fe80:0:0:0:81f:acd6:fb48:6f9a%en0', os.name: 'Mac OS X', os.arch: 'x86_64', os.version: '10.12.5', java.version: '1.8.0_51' Driver info: driver.version: RemoteWebDriver Command duration or timeout: 198 milliseconds</td></tr>
<tr class="b">
<td></td>
<td>
<div id="verifyClickAndHoldAndReleaseTest[0]error">com.browserstack.benchmark.browserstack.TestSuite2:608</div></td></tr>
<tr class="a">
<td><img src="images/icon_error_sml.gif" alt="" /></td>
<td><a name="com.browserstack.benchmark.browserstack.TestSuite2.verifyActionMoveToClickTest0"></a>verifyActionMoveToClickTest[0]</td></tr>
<tr class="b">
<td></td>
<td>org.openqa.selenium.UnsupportedCommandException: mouseMoveTo Build info: version: '3.4.0', revision: 'unknown', time: 'unknown' System info: host: 'mac-185-44-128-170.browserstack.com', ip: 'fe80:0:0:0:1c72:aa0d:f40d:ede4%en0', os.name: 'Mac OS X', os.arch: 'x86_64', os.version: '10.12.5', java.version: '1.8.0_51' Driver info: driver.version: RemoteWebDriver Command duration or timeout: 167 milliseconds</td></tr>
<tr class="a">
<td></td>
<td>
<div id="verifyActionMoveToClickTest[0]error">com.browserstack.benchmark.browserstack.TestSuite2:622</div></td></tr>
<tr class="b">
<td><img src="images/icon_error_sml.gif" alt="" /></td>
<td><a name="com.browserstack.benchmark.browserstack.TestSuite2.verifyControlKeyDownTest0"></a>verifyControlKeyDownTest[0]</td></tr>
<tr class="a">
<td></td>
<td>org.openqa.selenium.UnsupportedCommandException: sendKeysToActiveElement Build info: version: '3.4.0', revision: 'unknown', time: 'unknown' System info: host: 'mac-185-44-130-76.browserstack.com', ip: 'fe80:0:0:0:81f:acd6:fb48:6f9a%en0', os.name: 'Mac OS X', os.arch: 'x86_64', os.version: '10.12.5', java.version: '1.8.0_51' Driver info: driver.version: RemoteWebDriver Command duration or timeout: 176 milliseconds</td></tr>
<tr class="b">
<td></td>
<td>
<div id="verifyControlKeyDownTest[0]error">com.browserstack.benchmark.browserstack.TestSuite2:1046</div></td></tr>
<tr class="a">
<td><img src="images/icon_error_sml.gif" alt="" /></td>
<td><a name="com.browserstack.benchmark.browserstack.TestSuite2.verifyHoldAndReleaseTest0"></a>verifyHoldAndReleaseTest[0]</td></tr>
<tr class="b">
<td></td>
<td>org.openqa.selenium.UnsupportedCommandException: mouseMoveTo Build info: version: '3.4.0', revision: 'unknown', time: 'unknown' System info: host: 'mac-185-129-68-153.browserstack.com', ip: 'fe80:0:0:0:10ba:525:4fb9:75b0%en0', os.name: 'Mac OS X', os.arch: 'x86_64', os.version: '10.12.5', java.version: '1.8.0_51' Driver info: driver.version: RemoteWebDriver Command duration or timeout: 176 milliseconds</td></tr>
<tr class="a">
<td></td>
<td>
<div id="verifyHoldAndReleaseTest[0]error">com.browserstack.benchmark.browserstack.TestSuite2:706</div></td></tr>
<tr class="b">
<td><img src="images/icon_warning_sml.gif" alt="" /></td>
<td><a name="com.browserstack.benchmark.browserstack.TestSuite3.com.browserstack.benchmark.browserstack.TestSuite3"></a>com.browserstack.benchmark.browserstack.TestSuite3</td></tr>
<tr class="a">
<td></td>
<td>skipped: skipped</td></tr>
<tr class="b">
<td><img src="images/icon_warning_sml.gif" alt="" /></td>
<td><a name="com.browserstack.benchmark.saucelabs.TestSuite1.com.browserstack.benchmark.saucelabs.TestSuite1"></a>com.browserstack.benchmark.saucelabs.TestSuite1</td></tr>
<tr class="a">
<td></td>
<td>skipped: skipped</td></tr>
<tr class="b">
<td><img src="images/icon_warning_sml.gif" alt="" /></td>
<td><a name="com.browserstack.benchmark.saucelabs.TestSuite2.com.browserstack.benchmark.saucelabs.TestSuite2"></a>com.browserstack.benchmark.saucelabs.TestSuite2</td></tr>
<tr class="a">
<td></td>
<td>skipped: skipped</td></tr>
<tr class="b">
<td><img src="images/icon_warning_sml.gif" alt="" /></td>
<td><a name="com.browserstack.benchmark.saucelabs.TestSuite3.com.browserstack.benchmark.saucelabs.TestSuite3"></a>com.browserstack.benchmark.saucelabs.TestSuite3</td></tr>
<tr class="a">
<td></td>
<td>skipped: skipped</td></tr>
<tr class="b">
<td><img src="images/icon_warning_sml.gif" alt="" /></td>
<td><a name="com.browserstack.benchmark.Tests.TestSuite1.com.browserstack.benchmark.Tests.TestSuite1"></a>com.browserstack.benchmark.Tests.TestSuite1</td></tr>
<tr class="a">
<td></td>
<td>skipped: skipped</td></tr></table><br /></div>
      </div>
    </div>
    <div class="clear">
      <hr/>
    </div>
    <div id="footer">
      <div class="xright">
              Copyright &#169;                    2017
                        <a href="www.browserstack.com">Browserstack</a>.
            All rights reserved.      
                    
                  </div>
      <div class="clear">
        <hr/>
      </div>
    </div>
  </body>
</html>
