<?xml version="1.0" encoding="UTF-8"?>
<testsuite xmlns:xsi="http://www.w3.org/2001/XMLSchema-instance" xsi:noNamespaceSchemaLocation="https://maven.apache.org/surefire/maven-surefire-plugin/xsd/surefire-test-report.xsd" name="[6]" time="455.288" tests="7" errors="5" skipped="0" failures="0">
  <properties>
    <property name="java.runtime.name" value="Java(TM) SE Runtime Environment"/>
    <property name="sun.boot.library.path" value="/Library/Java/JavaVirtualMachines/jdk1.8.0_131.jdk/Contents/Home/jre/lib"/>
    <property name="java.vm.version" value="25.131-b11"/>
    <property name="user.country.format" value="IN"/>
    <property name="gopherProxySet" value="false"/>
    <property name="java.vm.vendor" value="Oracle Corporation"/>
    <property name="maven.multiModuleProjectDirectory" value="/Users/Jyothin/competitors/benchmark/benchmarking"/>
    <property name="java.vendor.url" value="http://java.oracle.com/"/>
    <property name="path.separator" value=":"/>
    <property name="guice.disable.misplaced.annotation.check" value="true"/>
    <property name="java.vm.name" value="Java HotSpot(TM) 64-Bit Server VM"/>
    <property name="file.encoding.pkg" value="sun.io"/>
    <property name="user.country" value="US"/>
    <property name="sun.java.launcher" value="SUN_STANDARD"/>
    <property name="sun.os.patch.level" value="unknown"/>
    <property name="java.vm.specification.name" value="Java Virtual Machine Specification"/>
    <property name="user.dir" value="/Users/Jyothin/competitors/benchmark/benchmarking"/>
    <property name="java.runtime.version" value="1.8.0_131-b11"/>
    <property name="java.awt.graphicsenv" value="sun.awt.CGraphicsEnvironment"/>
    <property name="java.endorsed.dirs" value="/Library/Java/JavaVirtualMachines/jdk1.8.0_131.jdk/Contents/Home/jre/lib/endorsed"/>
    <property name="os.arch" value="x86_64"/>
    <property name="java.io.tmpdir" value="/var/folders/rb/960k633j4ddbd88pm388rdmh0000gp/T/"/>
    <property name="line.separator" value="&#10;"/>
    <property name="java.vm.specification.vendor" value="Oracle Corporation"/>
    <property name="os.name" value="Mac OS X"/>
    <property name="classworlds.conf" value="/usr/local/Cellar/maven/3.5.0/libexec/bin/m2.conf"/>
    <property name="sun.jnu.encoding" value="UTF-8"/>
    <property name="java.library.path" value="/Users/Jyothin/Library/Java/Extensions:/Library/Java/Extensions:/Network/Library/Java/Extensions:/System/Library/Java/Extensions:/usr/lib/java:."/>
    <property name="maven.conf" value="/usr/local/Cellar/maven/3.5.0/libexec/conf"/>
    <property name="java.specification.name" value="Java Platform API Specification"/>
    <property name="java.class.version" value="52.0"/>
    <property name="sun.management.compiler" value="HotSpot 64-Bit Tiered Compilers"/>
    <property name="os.version" value="10.11.6"/>
    <property name="library.jansi.path" value="/usr/local/Cellar/maven/3.5.0/libexec/lib/jansi-native/osx64"/>
    <property name="http.nonProxyHosts" value="local|*.local|169.254/16|*.169.254/16"/>
    <property name="user.home" value="/Users/Jyothin"/>
    <property name="user.timezone" value="Asia/Kolkata"/>
    <property name="java.awt.printerjob" value="sun.lwawt.macosx.CPrinterJob"/>
    <property name="java.specification.version" value="1.8"/>
    <property name="file.encoding" value="UTF-8"/>
    <property name="user.name" value="Jyothin"/>
    <property name="java.class.path" value="/usr/local/Cellar/maven/3.5.0/libexec/boot/plexus-classworlds-2.5.2.jar"/>
    <property name="java.vm.specification.version" value="1.8"/>
    <property name="sun.arch.data.model" value="64"/>
    <property name="java.home" value="/Library/Java/JavaVirtualMachines/jdk1.8.0_131.jdk/Contents/Home/jre"/>
    <property name="sun.java.command" value="org.codehaus.plexus.classworlds.launcher.Launcher site"/>
    <property name="java.specification.vendor" value="Oracle Corporation"/>
    <property name="user.language" value="en"/>
    <property name="awt.toolkit" value="sun.lwawt.macosx.LWCToolkit"/>
    <property name="java.vm.info" value="mixed mode"/>
    <property name="java.version" value="1.8.0_131"/>
    <property name="java.ext.dirs" value="/Users/Jyothin/Library/Java/Extensions:/Library/Java/JavaVirtualMachines/jdk1.8.0_131.jdk/Contents/Home/jre/lib/ext:/Library/Java/Extensions:/Network/Library/Java/Extensions:/System/Library/Java/Extensions:/usr/lib/java"/>
    <property name="sun.boot.class.path" value="/Library/Java/JavaVirtualMachines/jdk1.8.0_131.jdk/Contents/Home/jre/lib/resources.jar:/Library/Java/JavaVirtualMachines/jdk1.8.0_131.jdk/Contents/Home/jre/lib/rt.jar:/Library/Java/JavaVirtualMachines/jdk1.8.0_131.jdk/Contents/Home/jre/lib/sunrsasign.jar:/Library/Java/JavaVirtualMachines/jdk1.8.0_131.jdk/Contents/Home/jre/lib/jsse.jar:/Library/Java/JavaVirtualMachines/jdk1.8.0_131.jdk/Contents/Home/jre/lib/jce.jar:/Library/Java/JavaVirtualMachines/jdk1.8.0_131.jdk/Contents/Home/jre/lib/charsets.jar:/Library/Java/JavaVirtualMachines/jdk1.8.0_131.jdk/Contents/Home/jre/lib/jfr.jar:/Library/Java/JavaVirtualMachines/jdk1.8.0_131.jdk/Contents/Home/jre/classes"/>
    <property name="java.vendor" value="Oracle Corporation"/>
    <property name="maven.home" value="/usr/local/Cellar/maven/3.5.0/libexec"/>
    <property name="file.separator" value="/"/>
    <property name="java.vendor.url.bug" value="http://bugreport.sun.com/bugreport/"/>
    <property name="sun.cpu.endian" value="little"/>
    <property name="sun.io.unicode.encoding" value="UnicodeBig"/>
    <property name="socksNonProxyHosts" value="local|*.local|169.254/16|*.169.254/16"/>
    <property name="ftp.nonProxyHosts" value="local|*.local|169.254/16|*.169.254/16"/>
    <property name="sun.cpu.isalist" value=""/>
  </properties>
  <testcase name="octaneTests[0]" classname="com.browserstack.benchmark.saucelabs.TestSuite3" time="74.754">
    <error message="String index out of range: -1" type="java.lang.StringIndexOutOfBoundsException">java.lang.StringIndexOutOfBoundsException: String index out of range: -1
	at com.browserstack.benchmark.saucelabs.TestSuite3.octaneTests(TestSuite3.java:41)
</error>
    <system-out><![CDATA[SauceOnDemandSessionID=554699e287a143f5916a8acd196dc223 job-name=com.browserstack.benchmark.saucelabs.TestSuite3.octaneTests[0]
Job link: https://saucelabs.com/jobs/554699e287a143f5916a8acd196dc223?auth=7ef9502bf069747d38f60cccd50b8912
]]></system-out>
    <system-err><![CDATA[Jul 06, 2017 7:16:19 PM org.openqa.selenium.remote.ProtocolHandshake createSession
INFO: Detected dialect: OSS
]]></system-err>
  </testcase>
  <testcase name="octaneTests[1]" classname="com.browserstack.benchmark.saucelabs.TestSuite3" time="76.187"/>
  <testcase name="octaneTests[2]" classname="com.browserstack.benchmark.saucelabs.TestSuite3" time="66.049">
    <error message="POST /session/XXXXXXXX-XXXX-XXXX-XXXX-XXXX087f556b/log did not match a known command&#10;Build info: version: &apos;3.4.0&apos;, revision: &apos;unknown&apos;, time: &apos;unknown&apos;&#10;System info: host: &apos;itako40045.prod.miso&apos;, ip: &apos;fe80:0:0:0:1c71:80ef:855:2ab9%en0&apos;, os.name: &apos;Mac OS X&apos;, os.arch: &apos;x86_64&apos;, os.version: &apos;10.12.1&apos;, java.version: &apos;1.8.0_112&apos;&#10;Driver info: org.openqa.selenium.firefox.FirefoxDriver&#10;Capabilities [{moz:profile=/tmp/rust_mozprofile.W9PE5VSIwHOT, rotatable=false, timeouts={implicit=0.0, pageLoad=300000.0, script=30000.0}, pageLoadStrategy=normal, platform=ANY, specificationLevel=0.0, moz:accessibilityChecks=false, acceptInsecureCerts=false, browserVersion=53.0, platformVersion=16.1.0, moz:processID=1464.0, browserName=firefox, javascriptEnabled=true, platformName=darwin}]&#10;Session ID: XXXXXXXX-XXXX-XXXX-XXXX-XXXX087f556b&#10;Command duration or timeout: 439 milliseconds" type="org.openqa.selenium.UnsupportedCommandException">org.openqa.selenium.UnsupportedCommandException: 
POST /session/XXXXXXXX-XXXX-XXXX-XXXX-XXXX087f556b/log did not match a known command
Build info: version: '3.4.0', revision: 'unknown', time: 'unknown'
System info: host: 'itako40045.prod.miso', ip: 'fe80:0:0:0:1c71:80ef:855:2ab9%en0', os.name: 'Mac OS X', os.arch: 'x86_64', os.version: '10.12.1', java.version: '1.8.0_112'
Driver info: org.openqa.selenium.firefox.FirefoxDriver
Capabilities [{moz:profile=/tmp/rust_mozprofile.W9PE5VSIwHOT, rotatable=false, timeouts={implicit=0.0, pageLoad=300000.0, script=30000.0}, pageLoadStrategy=normal, platform=ANY, specificationLevel=0.0, moz:accessibilityChecks=false, acceptInsecureCerts=false, browserVersion=53.0, platformVersion=16.1.0, moz:processID=1464.0, browserName=firefox, javascriptEnabled=true, platformName=darwin}]
Session ID: XXXXXXXX-XXXX-XXXX-XXXX-XXXX087f556b
Command duration or timeout: 439 milliseconds
	at com.browserstack.benchmark.saucelabs.TestSuite3.octaneTests(TestSuite3.java:34)
Caused by: org.openqa.selenium.UnsupportedCommandException: 
POST /session/XXXXXXXX-XXXX-XXXX-XXXX-XXXX087f556b/log did not match a known command
Build info: version: '3.4.0', revision: 'unknown', time: 'unknown'
System info: host: 'itako40045.prod.miso', ip: 'fe80:0:0:0:1c71:80ef:855:2ab9%en0', os.name: 'Mac OS X', os.arch: 'x86_64', os.version: '10.12.1', java.version: '1.8.0_112'
Driver info: org.openqa.selenium.firefox.FirefoxDriver
Capabilities [{moz:profile=/tmp/rust_mozprofile.W9PE5VSIwHOT, rotatable=false, timeouts={implicit=0.0, pageLoad=300000.0, script=30000.0}, pageLoadStrategy=normal, platform=ANY, specificationLevel=0.0, moz:accessibilityChecks=false, acceptInsecureCerts=false, browserVersion=53.0, platformVersion=16.1.0, moz:processID=1464.0, browserName=firefox, javascriptEnabled=true, platformName=darwin}]
Session ID: XXXXXXXX-XXXX-XXXX-XXXX-XXXX087f556b
Build info: version: '3.4.0', revision: 'unknown', time: 'unknown'
System info: host: 'JYOTHIN-MBP.local', ip: 'fe80:0:0:0:c6b3:1ff:fec2:cb65%en0', os.name: 'Mac OS X', os.arch: 'x86_64', os.version: '10.11.6', java.version: '1.8.0_131'
Driver info: driver.version: RemoteWebDriver
</error>
    <system-out><![CDATA[SauceOnDemandSessionID=f895d095f4134434828f659ed523ea0f job-name=com.browserstack.benchmark.saucelabs.TestSuite3.octaneTests[2]
Job link: https://saucelabs.com/jobs/f895d095f4134434828f659ed523ea0f?auth=e248588d15ddd75b53d21b08e38269b4
]]></system-out>
    <system-err><![CDATA[Jul 06, 2017 7:18:47 PM org.openqa.selenium.remote.ProtocolHandshake createSession
INFO: Detected dialect: OSS
]]></system-err>
  </testcase>
  <testcase name="octaneTests[3]" classname="com.browserstack.benchmark.saucelabs.TestSuite3" time="69.49">
    <error message="Not implemented (WARNING: The server did not provide any stacktrace information)&#10;Command duration or timeout: 16 milliseconds&#10;Build info: version: &apos;2.52.0&apos;, revision: &apos;4c2593c&apos;, time: &apos;2016-02-11 19:06:42&apos;&#10;System info: host: &apos;sauce-win10&apos;, ip: &apos;172.20.59.139&apos;, os.name: &apos;Windows 10&apos;, os.arch: &apos;amd64&apos;, os.version: &apos;10.0&apos;, java.version: &apos;1.8.0_131&apos;&#10;Driver info: org.openqa.selenium.edge.EdgeDriver&#10;Capabilities [{applicationCacheEnabled=true, acceptSslCerts=true, browserVersion=40.15063.0.0, platformVersion=10, locationContextEnabled=true, webStorageEnabled=true, browserName=MicrosoftEdge, takesScreenshot=true, pageLoadStrategy=normal, takesElementScreenshot=true, platformName=windows, platform=ANY}]&#10;Session ID: XXXXXXXX-XXXX-XXXX-XXXX-XXXX619D57DA&#10;Command duration or timeout: 631 milliseconds" type="org.openqa.selenium.WebDriverException">org.openqa.selenium.WebDriverException: 
Not implemented (WARNING: The server did not provide any stacktrace information)
Command duration or timeout: 16 milliseconds
Build info: version: '2.52.0', revision: '4c2593c', time: '2016-02-11 19:06:42'
System info: host: 'sauce-win10', ip: '172.20.59.139', os.name: 'Windows 10', os.arch: 'amd64', os.version: '10.0', java.version: '1.8.0_131'
Driver info: org.openqa.selenium.edge.EdgeDriver
Capabilities [{applicationCacheEnabled=true, acceptSslCerts=true, browserVersion=40.15063.0.0, platformVersion=10, locationContextEnabled=true, webStorageEnabled=true, browserName=MicrosoftEdge, takesScreenshot=true, pageLoadStrategy=normal, takesElementScreenshot=true, platformName=windows, platform=ANY}]
Session ID: XXXXXXXX-XXXX-XXXX-XXXX-XXXX619D57DA
Command duration or timeout: 631 milliseconds
	at com.browserstack.benchmark.saucelabs.TestSuite3.octaneTests(TestSuite3.java:34)
Caused by: org.openqa.selenium.WebDriverException: 
Not implemented (WARNING: The server did not provide any stacktrace information)
Command duration or timeout: 16 milliseconds
Build info: version: '2.52.0', revision: '4c2593c', time: '2016-02-11 19:06:42'
System info: host: 'sauce-win10', ip: '172.20.59.139', os.name: 'Windows 10', os.arch: 'amd64', os.version: '10.0', java.version: '1.8.0_131'
Driver info: org.openqa.selenium.edge.EdgeDriver
Capabilities [{applicationCacheEnabled=true, acceptSslCerts=true, browserVersion=40.15063.0.0, platformVersion=10, locationContextEnabled=true, webStorageEnabled=true, browserName=MicrosoftEdge, takesScreenshot=true, pageLoadStrategy=normal, takesElementScreenshot=true, platformName=windows, platform=ANY}]
Session ID: XXXXXXXX-XXXX-XXXX-XXXX-XXXX619D57DA
Build info: version: '3.4.0', revision: 'unknown', time: 'unknown'
System info: host: 'JYOTHIN-MBP.local', ip: 'fe80:0:0:0:c6b3:1ff:fec2:cb65%en0', os.name: 'Mac OS X', os.arch: 'x86_64', os.version: '10.11.6', java.version: '1.8.0_131'
Driver info: driver.version: RemoteWebDriver
</error>
    <system-out><![CDATA[SauceOnDemandSessionID=b898a962a6fb4472bca95ce0840c479f job-name=com.browserstack.benchmark.saucelabs.TestSuite3.octaneTests[3]
Job link: https://saucelabs.com/jobs/b898a962a6fb4472bca95ce0840c479f?auth=87cb96784d78a0c261b8eacea510df5f
]]></system-out>
    <system-err><![CDATA[Jul 06, 2017 7:20:00 PM org.openqa.selenium.remote.ProtocolHandshake createSession
INFO: Detected dialect: OSS
]]></system-err>
  </testcase>
  <testcase name="octaneTests[4]" classname="com.browserstack.benchmark.saucelabs.TestSuite3" time="51.356"/>
  <testcase name="octaneTests[5]" classname="com.browserstack.benchmark.saucelabs.TestSuite3" time="60.926">
    <error message="POST /session/XXXXXXXX-XXXX-XXXX-XXXX-XXXX77222709/log did not match a known command&#10;Build info: version: &apos;3.4.0&apos;, revision: &apos;unknown&apos;, time: &apos;unknown&apos;&#10;System info: host: &apos;WIN-SB3ER6JQ6ME&apos;, ip: &apos;172.20.40.117&apos;, os.name: &apos;Windows 10&apos;, os.arch: &apos;x86&apos;, os.version: &apos;10.0&apos;, java.version: &apos;1.8.0_91&apos;&#10;Driver info: org.openqa.selenium.firefox.FirefoxDriver&#10;Capabilities [{moz:profile=C:\Users\ADMINI~1\AppData\Local\Temp\rust_mozprofile.17vxKlhsn9O6, rotatable=false, timeouts={implicit=0.0, pageLoad=300000.0, script=30000.0}, pageLoadStrategy=normal, platform=ANY, specificationLevel=0.0, moz:accessibilityChecks=false, acceptInsecureCerts=false, browserVersion=53.0, platformVersion=10.0, moz:processID=2940.0, browserName=firefox, javascriptEnabled=true, platformName=windows_nt}]&#10;Session ID: XXXXXXXX-XXXX-XXXX-XXXX-XXXX77222709&#10;Command duration or timeout: 434 milliseconds" type="org.openqa.selenium.UnsupportedCommandException">org.openqa.selenium.UnsupportedCommandException: 
POST /session/XXXXXXXX-XXXX-XXXX-XXXX-XXXX77222709/log did not match a known command
Build info: version: '3.4.0', revision: 'unknown', time: 'unknown'
System info: host: 'WIN-SB3ER6JQ6ME', ip: '172.20.40.117', os.name: 'Windows 10', os.arch: 'x86', os.version: '10.0', java.version: '1.8.0_91'
Driver info: org.openqa.selenium.firefox.FirefoxDriver
Capabilities [{moz:profile=C:\Users\ADMINI~1\AppData\Local\Temp\rust_mozprofile.17vxKlhsn9O6, rotatable=false, timeouts={implicit=0.0, pageLoad=300000.0, script=30000.0}, pageLoadStrategy=normal, platform=ANY, specificationLevel=0.0, moz:accessibilityChecks=false, acceptInsecureCerts=false, browserVersion=53.0, platformVersion=10.0, moz:processID=2940.0, browserName=firefox, javascriptEnabled=true, platformName=windows_nt}]
Session ID: XXXXXXXX-XXXX-XXXX-XXXX-XXXX77222709
Command duration or timeout: 434 milliseconds
	at com.browserstack.benchmark.saucelabs.TestSuite3.octaneTests(TestSuite3.java:34)
Caused by: org.openqa.selenium.UnsupportedCommandException: 
POST /session/XXXXXXXX-XXXX-XXXX-XXXX-XXXX77222709/log did not match a known command
Build info: version: '3.4.0', revision: 'unknown', time: 'unknown'
System info: host: 'WIN-SB3ER6JQ6ME', ip: '172.20.40.117', os.name: 'Windows 10', os.arch: 'x86', os.version: '10.0', java.version: '1.8.0_91'
Driver info: org.openqa.selenium.firefox.FirefoxDriver
Capabilities [{moz:profile=C:\Users\ADMINI~1\AppData\Local\Temp\rust_mozprofile.17vxKlhsn9O6, rotatable=false, timeouts={implicit=0.0, pageLoad=300000.0, script=30000.0}, pageLoadStrategy=normal, platform=ANY, specificationLevel=0.0, moz:accessibilityChecks=false, acceptInsecureCerts=false, browserVersion=53.0, platformVersion=10.0, moz:processID=2940.0, browserName=firefox, javascriptEnabled=true, platformName=windows_nt}]
Session ID: XXXXXXXX-XXXX-XXXX-XXXX-XXXX77222709
Build info: version: '3.4.0', revision: 'unknown', time: 'unknown'
System info: host: 'JYOTHIN-MBP.local', ip: 'fe80:0:0:0:c6b3:1ff:fec2:cb65%en0', os.name: 'Mac OS X', os.arch: 'x86_64', os.version: '10.11.6', java.version: '1.8.0_131'
Driver info: driver.version: RemoteWebDriver
</error>
    <system-out><![CDATA[SauceOnDemandSessionID=0c07d5ceec9d4a35860f311d6d0d7e1b job-name=com.browserstack.benchmark.saucelabs.TestSuite3.octaneTests[5]
Job link: https://saucelabs.com/jobs/0c07d5ceec9d4a35860f311d6d0d7e1b?auth=41c481f0d0e32e69f52cb84e3051767d
]]></system-out>
    <system-err><![CDATA[Jul 06, 2017 7:21:53 PM org.openqa.selenium.remote.ProtocolHandshake createSession
INFO: Detected dialect: OSS
]]></system-err>
  </testcase>
  <testcase name="octaneTests[6]" classname="com.browserstack.benchmark.saucelabs.TestSuite3" time="56.474">
    <error message="Command not found: POST /session/XXXXXXXX-XXXX-XXXX-XXXX-XXXXe28af16f/log&#10;Command duration or timeout: 0 milliseconds&#10;Build info: version: &apos;2.53.1&apos;, revision: &apos;a36b8b1&apos;, time: &apos;2016-06-30 17:37:03&apos;&#10;System info: host: &apos;WIN-SB3ER6JQ6ME&apos;, ip: &apos;172.20.112.229&apos;, os.name: &apos;Windows 10&apos;, os.arch: &apos;x86&apos;, os.version: &apos;10.0&apos;, java.version: &apos;1.8.0_91&apos;&#10;Driver info: org.openqa.selenium.ie.InternetExplorerDriver&#10;Capabilities [{browserAttachTimeout=0, ie.enableFullPageScreenshot=true, enablePersistentHover=true, ie.forceCreateProcessApi=false, ie.forceShellWindowsApi=false, pageLoadStrategy=normal, ignoreZoomSetting=false, ie.fileUploadDialogTimeout=3000, version=11, platform=WINDOWS, nativeEvents=true, ie.ensureCleanSession=false, elementScrollBehavior=0, ie.browserCommandLineSwitches=, requireWindowFocus=false, browserName=internet explorer, initialBrowserUrl=about:blank, javascriptEnabled=true, ignoreProtectedModeSettings=false, enableElementCacheCleanup=true, unexpectedAlertBehaviour=dismiss}]&#10;Session ID: XXXXXXXX-XXXX-XXXX-XXXX-XXXXe28af16f&#10;Command duration or timeout: 425 milliseconds" type="org.openqa.selenium.WebDriverException">org.openqa.selenium.WebDriverException: 
Command not found: POST /session/XXXXXXXX-XXXX-XXXX-XXXX-XXXXe28af16f/log
Command duration or timeout: 0 milliseconds
Build info: version: '2.53.1', revision: 'a36b8b1', time: '2016-06-30 17:37:03'
System info: host: 'WIN-SB3ER6JQ6ME', ip: '172.20.112.229', os.name: 'Windows 10', os.arch: 'x86', os.version: '10.0', java.version: '1.8.0_91'
Driver info: org.openqa.selenium.ie.InternetExplorerDriver
Capabilities [{browserAttachTimeout=0, ie.enableFullPageScreenshot=true, enablePersistentHover=true, ie.forceCreateProcessApi=false, ie.forceShellWindowsApi=false, pageLoadStrategy=normal, ignoreZoomSetting=false, ie.fileUploadDialogTimeout=3000, version=11, platform=WINDOWS, nativeEvents=true, ie.ensureCleanSession=false, elementScrollBehavior=0, ie.browserCommandLineSwitches=, requireWindowFocus=false, browserName=internet explorer, initialBrowserUrl=about:blank, javascriptEnabled=true, ignoreProtectedModeSettings=false, enableElementCacheCleanup=true, unexpectedAlertBehaviour=dismiss}]
Session ID: XXXXXXXX-XXXX-XXXX-XXXX-XXXXe28af16f
Command duration or timeout: 425 milliseconds
	at com.browserstack.benchmark.saucelabs.TestSuite3.octaneTests(TestSuite3.java:34)
Caused by: org.openqa.selenium.WebDriverException: 
Command not found: POST /session/XXXXXXXX-XXXX-XXXX-XXXX-XXXXe28af16f/log
Command duration or timeout: 0 milliseconds
Build info: version: '2.53.1', revision: 'a36b8b1', time: '2016-06-30 17:37:03'
System info: host: 'WIN-SB3ER6JQ6ME', ip: '172.20.112.229', os.name: 'Windows 10', os.arch: 'x86', os.version: '10.0', java.version: '1.8.0_91'
Driver info: org.openqa.selenium.ie.InternetExplorerDriver
Capabilities [{browserAttachTimeout=0, ie.enableFullPageScreenshot=true, enablePersistentHover=true, ie.forceCreateProcessApi=false, ie.forceShellWindowsApi=false, pageLoadStrategy=normal, ignoreZoomSetting=false, ie.fileUploadDialogTimeout=3000, version=11, platform=WINDOWS, nativeEvents=true, ie.ensureCleanSession=false, elementScrollBehavior=0, ie.browserCommandLineSwitches=, requireWindowFocus=false, browserName=internet explorer, initialBrowserUrl=about:blank, javascriptEnabled=true, ignoreProtectedModeSettings=false, enableElementCacheCleanup=true, unexpectedAlertBehaviour=dismiss}]
Session ID: XXXXXXXX-XXXX-XXXX-XXXX-XXXXe28af16f
Build info: version: '3.4.0', revision: 'unknown', time: 'unknown'
System info: host: 'JYOTHIN-MBP.local', ip: 'fe80:0:0:0:c6b3:1ff:fec2:cb65%en0', os.name: 'Mac OS X', os.arch: 'x86_64', os.version: '10.11.6', java.version: '1.8.0_131'
Driver info: driver.version: RemoteWebDriver
</error>
    <system-out><![CDATA[SauceOnDemandSessionID=b8006f9cfdda4a87b28eb85920f67f2f job-name=com.browserstack.benchmark.saucelabs.TestSuite3.octaneTests[6]
Job link: https://saucelabs.com/jobs/b8006f9cfdda4a87b28eb85920f67f2f?auth=a4cbe25c9ba863d27a198f0b3173ad35
]]></system-out>
    <system-err><![CDATA[Jul 06, 2017 7:22:50 PM org.openqa.selenium.remote.ProtocolHandshake createSession
INFO: Detected dialect: OSS
]]></system-err>
  </testcase>
</testsuite>