<?xml version="1.0" encoding="UTF-8"?>
<testsuite xmlns:xsi="http://www.w3.org/2001/XMLSchema-instance" xsi:noNamespaceSchemaLocation="https://maven.apache.org/surefire/maven-surefire-plugin/xsd/surefire-test-report.xsd" name="[0]" time="100.018" tests="1" errors="1" skipped="0" failures="0">
  <properties>
    <property name="java.runtime.name" value="Java(TM) SE Runtime Environment"/>
    <property name="sun.boot.library.path" value="/Library/Java/JavaVirtualMachines/jdk1.8.0_131.jdk/Contents/Home/jre/lib"/>
    <property name="java.vm.version" value="25.131-b11"/>
    <property name="user.country.format" value="IN"/>
    <property name="gopherProxySet" value="false"/>
    <property name="java.vm.vendor" value="Oracle Corporation"/>
    <property name="maven.multiModuleProjectDirectory" value="/Users/Jyothin/competitors/benchmark/benchmarking"/>
    <property name="java.vendor.url" value="http://java.oracle.com/"/>
    <property name="path.separator" value=":"/>
    <property name="guice.disable.misplaced.annotation.check" value="true"/>
    <property name="java.vm.name" value="Java HotSpot(TM) 64-Bit Server VM"/>
    <property name="file.encoding.pkg" value="sun.io"/>
    <property name="user.country" value="US"/>
    <property name="sun.java.launcher" value="SUN_STANDARD"/>
    <property name="sun.os.patch.level" value="unknown"/>
    <property name="java.vm.specification.name" value="Java Virtual Machine Specification"/>
    <property name="user.dir" value="/Users/Jyothin/competitors/benchmark/benchmarking"/>
    <property name="java.runtime.version" value="1.8.0_131-b11"/>
    <property name="java.awt.graphicsenv" value="sun.awt.CGraphicsEnvironment"/>
    <property name="java.endorsed.dirs" value="/Library/Java/JavaVirtualMachines/jdk1.8.0_131.jdk/Contents/Home/jre/lib/endorsed"/>
    <property name="os.arch" value="x86_64"/>
    <property name="java.io.tmpdir" value="/var/folders/rb/960k633j4ddbd88pm388rdmh0000gp/T/"/>
    <property name="line.separator" value="&#10;"/>
    <property name="java.vm.specification.vendor" value="Oracle Corporation"/>
    <property name="os.name" value="Mac OS X"/>
    <property name="classworlds.conf" value="/usr/local/Cellar/maven/3.5.0/libexec/bin/m2.conf"/>
    <property name="sun.jnu.encoding" value="UTF-8"/>
    <property name="java.library.path" value="/Users/Jyothin/Library/Java/Extensions:/Library/Java/Extensions:/Network/Library/Java/Extensions:/System/Library/Java/Extensions:/usr/lib/java:."/>
    <property name="maven.conf" value="/usr/local/Cellar/maven/3.5.0/libexec/conf"/>
    <property name="java.specification.name" value="Java Platform API Specification"/>
    <property name="java.class.version" value="52.0"/>
    <property name="sun.management.compiler" value="HotSpot 64-Bit Tiered Compilers"/>
    <property name="os.version" value="10.11.6"/>
    <property name="library.jansi.path" value="/usr/local/Cellar/maven/3.5.0/libexec/lib/jansi-native/osx64"/>
    <property name="http.nonProxyHosts" value="local|*.local|169.254/16|*.169.254/16"/>
    <property name="user.home" value="/Users/Jyothin"/>
    <property name="user.timezone" value="Asia/Kolkata"/>
    <property name="java.awt.printerjob" value="sun.lwawt.macosx.CPrinterJob"/>
    <property name="java.specification.version" value="1.8"/>
    <property name="file.encoding" value="UTF-8"/>
    <property name="user.name" value="Jyothin"/>
    <property name="java.class.path" value="/usr/local/Cellar/maven/3.5.0/libexec/boot/plexus-classworlds-2.5.2.jar"/>
    <property name="java.vm.specification.version" value="1.8"/>
    <property name="sun.arch.data.model" value="64"/>
    <property name="java.home" value="/Library/Java/JavaVirtualMachines/jdk1.8.0_131.jdk/Contents/Home/jre"/>
    <property name="sun.java.command" value="org.codehaus.plexus.classworlds.launcher.Launcher site"/>
    <property name="java.specification.vendor" value="Oracle Corporation"/>
    <property name="user.language" value="en"/>
    <property name="awt.toolkit" value="sun.lwawt.macosx.LWCToolkit"/>
    <property name="java.vm.info" value="mixed mode"/>
    <property name="java.version" value="1.8.0_131"/>
    <property name="java.ext.dirs" value="/Users/Jyothin/Library/Java/Extensions:/Library/Java/JavaVirtualMachines/jdk1.8.0_131.jdk/Contents/Home/jre/lib/ext:/Library/Java/Extensions:/Network/Library/Java/Extensions:/System/Library/Java/Extensions:/usr/lib/java"/>
    <property name="sun.boot.class.path" value="/Library/Java/JavaVirtualMachines/jdk1.8.0_131.jdk/Contents/Home/jre/lib/resources.jar:/Library/Java/JavaVirtualMachines/jdk1.8.0_131.jdk/Contents/Home/jre/lib/rt.jar:/Library/Java/JavaVirtualMachines/jdk1.8.0_131.jdk/Contents/Home/jre/lib/sunrsasign.jar:/Library/Java/JavaVirtualMachines/jdk1.8.0_131.jdk/Contents/Home/jre/lib/jsse.jar:/Library/Java/JavaVirtualMachines/jdk1.8.0_131.jdk/Contents/Home/jre/lib/jce.jar:/Library/Java/JavaVirtualMachines/jdk1.8.0_131.jdk/Contents/Home/jre/lib/charsets.jar:/Library/Java/JavaVirtualMachines/jdk1.8.0_131.jdk/Contents/Home/jre/lib/jfr.jar:/Library/Java/JavaVirtualMachines/jdk1.8.0_131.jdk/Contents/Home/jre/classes"/>
    <property name="java.vendor" value="Oracle Corporation"/>
    <property name="maven.home" value="/usr/local/Cellar/maven/3.5.0/libexec"/>
    <property name="file.separator" value="/"/>
    <property name="java.vendor.url.bug" value="http://bugreport.sun.com/bugreport/"/>
    <property name="sun.cpu.endian" value="little"/>
    <property name="sun.io.unicode.encoding" value="UnicodeBig"/>
    <property name="socksNonProxyHosts" value="local|*.local|169.254/16|*.169.254/16"/>
    <property name="ftp.nonProxyHosts" value="local|*.local|169.254/16|*.169.254/16"/>
    <property name="sun.cpu.isalist" value=""/>
  </properties>
  <testcase name="verifyScreenshotTest[0]" classname="Saucelabs.TestSuite2" time="955.005">
    <error message="errorId: bbebcaac-cae4-4148-8cab-387ce373ca85 - Unable to allocate device iPhone_7_32GB_10_real within 900000ms or 3 tries. This can happen if there were no available devices within the time or your plan&apos;s max concurrent test run is not corresponding to your usage&#10;Build info: version: &apos;unknown&apos;, revision: &apos;unknown&apos;, time: &apos;unknown&apos;&#10;System info: host: &apos;5dde51a8fbfa&apos;, ip: &apos;172.17.0.5&apos;, os.name: &apos;Linux&apos;, os.arch: &apos;amd64&apos;, os.version: &apos;4.8.0-45-generic&apos;, java.version: &apos;1.8.0_131&apos;&#10;Driver info: driver.version: unknown&#10;Command duration or timeout: 954.96 seconds" type="org.openqa.selenium.SessionNotCreatedException">org.openqa.selenium.SessionNotCreatedException: 
errorId: bbebcaac-cae4-4148-8cab-387ce373ca85 - Unable to allocate device iPhone_7_32GB_10_real within 900000ms or 3 tries. This can happen if there were no available devices within the time or your plan's max concurrent test run is not corresponding to your usage
Build info: version: 'unknown', revision: 'unknown', time: 'unknown'
System info: host: '5dde51a8fbfa', ip: '172.17.0.5', os.name: 'Linux', os.arch: 'amd64', os.version: '4.8.0-45-generic', java.version: '1.8.0_131'
Driver info: driver.version: unknown
Command duration or timeout: 954.96 seconds
Caused by: org.openqa.selenium.SessionNotCreatedException: 
errorId: bbebcaac-cae4-4148-8cab-387ce373ca85 - Unable to allocate device iPhone_7_32GB_10_real within 900000ms or 3 tries. This can happen if there were no available devices within the time or your plan's max concurrent test run is not corresponding to your usage
Build info: version: 'unknown', revision: 'unknown', time: 'unknown'
System info: host: '5dde51a8fbfa', ip: '172.17.0.5', os.name: 'Linux', os.arch: 'amd64', os.version: '4.8.0-45-generic', java.version: '1.8.0_131'
Driver info: driver.version: unknown
Build info: version: '3.4.0', revision: 'unknown', time: 'unknown'
System info: host: 'JYOTHIN-MBP.local', ip: 'fe80:0:0:0:c6b3:1ff:fec2:cb65%en0', os.name: 'Mac OS X', os.arch: 'x86_64', os.version: '10.11.6', java.version: '1.8.0_131'
Driver info: driver.version: unknown
</error>
  </testcase>
  <testcase name="verifyRefreshTest[0]" classname="Saucelabs.TestSuite2" time="908.571">
    <error message="errorId: 7ffd2cc0-8009-49a3-95ef-389770f103cb - Unable to allocate device  within 900000ms or 3 tries. This can happen if there were no available devices within the time or your plan&apos;s max concurrent test run is not corresponding to your usage&#10;Build info: version: &apos;unknown&apos;, revision: &apos;unknown&apos;, time: &apos;unknown&apos;&#10;System info: host: &apos;5dde51a8fbfa&apos;, ip: &apos;172.17.0.5&apos;, os.name: &apos;Linux&apos;, os.arch: &apos;amd64&apos;, os.version: &apos;4.8.0-45-generic&apos;, java.version: &apos;1.8.0_131&apos;&#10;Driver info: driver.version: unknown&#10;Command duration or timeout: 908.54 seconds" type="org.openqa.selenium.SessionNotCreatedException">org.openqa.selenium.SessionNotCreatedException: 
errorId: 7ffd2cc0-8009-49a3-95ef-389770f103cb - Unable to allocate device  within 900000ms or 3 tries. This can happen if there were no available devices within the time or your plan's max concurrent test run is not corresponding to your usage
Build info: version: 'unknown', revision: 'unknown', time: 'unknown'
System info: host: '5dde51a8fbfa', ip: '172.17.0.5', os.name: 'Linux', os.arch: 'amd64', os.version: '4.8.0-45-generic', java.version: '1.8.0_131'
Driver info: driver.version: unknown
Command duration or timeout: 908.54 seconds
Caused by: org.openqa.selenium.SessionNotCreatedException: 
errorId: 7ffd2cc0-8009-49a3-95ef-389770f103cb - Unable to allocate device  within 900000ms or 3 tries. This can happen if there were no available devices within the time or your plan's max concurrent test run is not corresponding to your usage
Build info: version: 'unknown', revision: 'unknown', time: 'unknown'
System info: host: '5dde51a8fbfa', ip: '172.17.0.5', os.name: 'Linux', os.arch: 'amd64', os.version: '4.8.0-45-generic', java.version: '1.8.0_131'
Driver info: driver.version: unknown
Build info: version: '3.4.0', revision: 'unknown', time: 'unknown'
System info: host: 'JYOTHIN-MBP.local', ip: 'fe80:0:0:0:c6b3:1ff:fec2:cb65%en0', os.name: 'Mac OS X', os.arch: 'x86_64', os.version: '10.11.6', java.version: '1.8.0_131'
Driver info: driver.version: unknown
</error>
  </testcase>
  <testcase name="verifyGetImgSrcTest[0]" classname="Saucelabs.TestSuite2" time="75.142"/>
  <testcase name="verifyExecuteScriptTest[0]" classname="Saucelabs.TestSuite2" time="1,296.988">
    <error message="errorId: 98edde3b-d93f-477c-a569-b87500b59699 - Unable to allocate device iPhone_7_32GB_10_real within 900000ms or 3 tries. This can happen if there were no available devices within the time or your plan&apos;s max concurrent test run is not corresponding to your usage&#10;Build info: version: &apos;unknown&apos;, revision: &apos;unknown&apos;, time: &apos;unknown&apos;&#10;System info: host: &apos;5dde51a8fbfa&apos;, ip: &apos;172.17.0.5&apos;, os.name: &apos;Linux&apos;, os.arch: &apos;amd64&apos;, os.version: &apos;4.8.0-45-generic&apos;, java.version: &apos;1.8.0_131&apos;&#10;Driver info: driver.version: unknown&#10;Command duration or timeout: 1296.95 seconds" type="org.openqa.selenium.SessionNotCreatedException">org.openqa.selenium.SessionNotCreatedException: 
errorId: 98edde3b-d93f-477c-a569-b87500b59699 - Unable to allocate device iPhone_7_32GB_10_real within 900000ms or 3 tries. This can happen if there were no available devices within the time or your plan's max concurrent test run is not corresponding to your usage
Build info: version: 'unknown', revision: 'unknown', time: 'unknown'
System info: host: '5dde51a8fbfa', ip: '172.17.0.5', os.name: 'Linux', os.arch: 'amd64', os.version: '4.8.0-45-generic', java.version: '1.8.0_131'
Driver info: driver.version: unknown
Command duration or timeout: 1296.95 seconds
Caused by: org.openqa.selenium.SessionNotCreatedException: 
errorId: 98edde3b-d93f-477c-a569-b87500b59699 - Unable to allocate device iPhone_7_32GB_10_real within 900000ms or 3 tries. This can happen if there were no available devices within the time or your plan's max concurrent test run is not corresponding to your usage
Build info: version: 'unknown', revision: 'unknown', time: 'unknown'
System info: host: '5dde51a8fbfa', ip: '172.17.0.5', os.name: 'Linux', os.arch: 'amd64', os.version: '4.8.0-45-generic', java.version: '1.8.0_131'
Driver info: driver.version: unknown
Build info: version: '3.4.0', revision: 'unknown', time: 'unknown'
System info: host: 'JYOTHIN-MBP.local', ip: 'fe80:0:0:0:c6b3:1ff:fec2:cb65%en0', os.name: 'Mac OS X', os.arch: 'x86_64', os.version: '10.11.6', java.version: '1.8.0_131'
Driver info: driver.version: unknown
</error>
  </testcase>
  <testcase name="verifyGetElementByNameTest[0]" classname="Saucelabs.TestSuite2" time="1,246.892">
    <error message="errorId: 69c543de-3c19-46f9-84c5-4d579d426335 - Unable to allocate device iPhone_7_32GB_10_real within 900000ms or 3 tries. This can happen if there were no available devices within the time or your plan&apos;s max concurrent test run is not corresponding to your usage&#10;Build info: version: &apos;unknown&apos;, revision: &apos;unknown&apos;, time: &apos;unknown&apos;&#10;System info: host: &apos;5dde51a8fbfa&apos;, ip: &apos;172.17.0.5&apos;, os.name: &apos;Linux&apos;, os.arch: &apos;amd64&apos;, os.version: &apos;4.8.0-45-generic&apos;, java.version: &apos;1.8.0_131&apos;&#10;Driver info: driver.version: unknown&#10;Command duration or timeout: 1246.86 seconds" type="org.openqa.selenium.SessionNotCreatedException">org.openqa.selenium.SessionNotCreatedException: 
errorId: 69c543de-3c19-46f9-84c5-4d579d426335 - Unable to allocate device iPhone_7_32GB_10_real within 900000ms or 3 tries. This can happen if there were no available devices within the time or your plan's max concurrent test run is not corresponding to your usage
Build info: version: 'unknown', revision: 'unknown', time: 'unknown'
System info: host: '5dde51a8fbfa', ip: '172.17.0.5', os.name: 'Linux', os.arch: 'amd64', os.version: '4.8.0-45-generic', java.version: '1.8.0_131'
Driver info: driver.version: unknown
Command duration or timeout: 1246.86 seconds
Caused by: org.openqa.selenium.SessionNotCreatedException: 
errorId: 69c543de-3c19-46f9-84c5-4d579d426335 - Unable to allocate device iPhone_7_32GB_10_real within 900000ms or 3 tries. This can happen if there were no available devices within the time or your plan's max concurrent test run is not corresponding to your usage
Build info: version: 'unknown', revision: 'unknown', time: 'unknown'
System info: host: '5dde51a8fbfa', ip: '172.17.0.5', os.name: 'Linux', os.arch: 'amd64', os.version: '4.8.0-45-generic', java.version: '1.8.0_131'
Driver info: driver.version: unknown
Build info: version: '3.4.0', revision: 'unknown', time: 'unknown'
System info: host: 'JYOTHIN-MBP.local', ip: 'fe80:0:0:0:c6b3:1ff:fec2:cb65%en0', os.name: 'Mac OS X', os.arch: 'x86_64', os.version: '10.11.6', java.version: '1.8.0_131'
Driver info: driver.version: unknown
</error>
  </testcase>
  <testcase name="verifyContextClickTest[0]" classname="Saucelabs.TestSuite2" time="632.346">
    <error message="Method has not yet been implemented (WARNING: The server did not provide any stacktrace information)&#10;Command duration or timeout: 265 milliseconds&#10;Build info: version: &apos;3.4.0&apos;, revision: &apos;unknown&apos;, time: &apos;unknown&apos;&#10;System info: host: &apos;JYOTHIN-MBP.local&apos;, ip: &apos;fe80:0:0:0:c6b3:1ff:fec2:cb65%en0&apos;, os.name: &apos;Mac OS X&apos;, os.arch: &apos;x86_64&apos;, os.version: &apos;10.11.6&apos;, java.version: &apos;1.8.0_131&apos;&#10;Driver info: org.openqa.selenium.remote.RemoteWebDriver&#10;Capabilities [{testobject_user_id=utsavraja, testobject_platform_name=iOS, testobject_test_report_url=https://app.testobject.com/#/utsavraja/testendpoint/appium/executions/635, testobjectApiKey=C118D66142464D22BADE2E618CB527DF, loggingPrefs={browser=ALL}, testobject_suite_name=B-1.8, xcodeConfigFile=$HOME/work/testobject.xcconfig, testobject_device_session_id=dc997b7f-389e-463a-8702-cc3a2571664b, deviceName=94e8af9b8abd844e5297e98ab00024ea84db2144, platform=UNIX, webDriverAgentUrl=http://127.0.0.1:5725, testobject_test_report_id=635.0, webStorageEnabled=false, testobject_platform_version=10.0, automationName=XCUITest, browserName=safari, takesScreenshot=true, javascriptEnabled=true, platformName=iOS, recordScreenshots=false, udid=94e8af9b8abd844e5297e98ab00024ea84db2144, networkConnectionEnabled=false, testobject_test_name=verifyContextClickTest[0], testobject_device=iPhone 7 32GB, databaseEnabled=false, testobject_project_id=testendpoint, version=, build=B-1.8, locationContextEnabled=false, name=verifyContextClickTest[0], keychainPath=$HOME/work/testobject.keychain, testobject_api_key=C118D66142464D22BADE2E618CB527DF, keychainPassword=password, testobject_test_live_view_url=https://app.testobject.com/#/utsavraja/testendpoint/appium/view/635?dc=EU}]&#10;Session ID: 1d60b1e5-118d-420a-b4de-cabaf513a3d6" type="org.openqa.selenium.WebDriverException">org.openqa.selenium.WebDriverException: 
Method has not yet been implemented (WARNING: The server did not provide any stacktrace information)
Command duration or timeout: 265 milliseconds
Build info: version: '3.4.0', revision: 'unknown', time: 'unknown'
System info: host: 'JYOTHIN-MBP.local', ip: 'fe80:0:0:0:c6b3:1ff:fec2:cb65%en0', os.name: 'Mac OS X', os.arch: 'x86_64', os.version: '10.11.6', java.version: '1.8.0_131'
Driver info: org.openqa.selenium.remote.RemoteWebDriver
Capabilities [{testobject_user_id=utsavraja, testobject_platform_name=iOS, testobject_test_report_url=https://app.testobject.com/#/utsavraja/testendpoint/appium/executions/635, testobjectApiKey=C118D66142464D22BADE2E618CB527DF, loggingPrefs={browser=ALL}, testobject_suite_name=B-1.8, xcodeConfigFile=$HOME/work/testobject.xcconfig, testobject_device_session_id=dc997b7f-389e-463a-8702-cc3a2571664b, deviceName=94e8af9b8abd844e5297e98ab00024ea84db2144, platform=UNIX, webDriverAgentUrl=http://127.0.0.1:5725, testobject_test_report_id=635.0, webStorageEnabled=false, testobject_platform_version=10.0, automationName=XCUITest, browserName=safari, takesScreenshot=true, javascriptEnabled=true, platformName=iOS, recordScreenshots=false, udid=94e8af9b8abd844e5297e98ab00024ea84db2144, networkConnectionEnabled=false, testobject_test_name=verifyContextClickTest[0], testobject_device=iPhone 7 32GB, databaseEnabled=false, testobject_project_id=testendpoint, version=, build=B-1.8, locationContextEnabled=false, name=verifyContextClickTest[0], keychainPath=$HOME/work/testobject.keychain, testobject_api_key=C118D66142464D22BADE2E618CB527DF, keychainPassword=password, testobject_test_live_view_url=https://app.testobject.com/#/utsavraja/testendpoint/appium/view/635?dc=EU}]
Session ID: 1d60b1e5-118d-420a-b4de-cabaf513a3d6
	at Saucelabs.TestSuite2.verifyContextClickTest(TestSuite2.java:668)
</error>
    <system-out><![CDATA[SauceOnDemandSessionID=1d60b1e5-118d-420a-b4de-cabaf513a3d6 job-name=Saucelabs.TestSuite2.verifyContextClickTest[0]
Job link: https://saucelabs.com/jobs/1d60b1e5-118d-420a-b4de-cabaf513a3d6?auth=89ae3f89714cbfe8c320d1a0ad5125fa
]]></system-out>
    <system-err><![CDATA[Jul 19, 2017 5:17:05 PM org.openqa.selenium.remote.ProtocolHandshake createSession
INFO: Detected dialect: OSS
Jul 19, 2017 5:17:10 PM com.saucelabs.saucerest.SauceREST closeInputStream
WARNING: Error closing result stream
java.io.FileNotFoundException: https://saucelabs.com/rest/v1/rajautsav/jobs/1d60b1e5-118d-420a-b4de-cabaf513a3d6
	at sun.net.www.protocol.http.HttpURLConnection.getInputStream0(HttpURLConnection.java:1872)
	at sun.net.www.protocol.http.HttpURLConnection.getInputStream(HttpURLConnection.java:1474)
	at sun.net.www.protocol.https.HttpsURLConnectionImpl.getInputStream(HttpsURLConnectionImpl.java:254)
	at com.saucelabs.saucerest.SauceREST.closeInputStream(SauceREST.java:442)
	at com.saucelabs.saucerest.SauceREST.updateJobInfo(SauceREST.java:410)
	at com.saucelabs.junit.SauceOnDemandTestWatcher.failed(SauceOnDemandTestWatcher.java:119)
	at org.junit.rules.TestWatcher.failedQuietly(TestWatcher.java:84)
	at org.junit.rules.TestWatcher.access$300(TestWatcher.java:46)
	at org.junit.rules.TestWatcher$1.evaluate(TestWatcher.java:62)
	at org.junit.rules.TestWatcher$1.evaluate(TestWatcher.java:55)
	at org.junit.rules.RunRules.evaluate(RunRules.java:20)
	at org.junit.runners.ParentRunner.runLeaf(ParentRunner.java:325)
	at org.junit.runners.BlockJUnit4ClassRunner.runChild(BlockJUnit4ClassRunner.java:78)
	at com.saucelabs.junit.ConcurrentParameterized$SauceClassRunnerForParameters.access$300(ConcurrentParameterized.java:166)
	at com.saucelabs.junit.ConcurrentParameterized$SauceClassRunnerForParameters$2.run(ConcurrentParameterized.java:283)
	at com.saucelabs.junit.ConcurrentParameterized$NonBlockingAsynchronousRunner$1.call(ConcurrentParameterized.java:308)
	at java.util.concurrent.FutureTask.run(FutureTask.java:266)
	at java.util.concurrent.ThreadPoolExecutor.runWorker(ThreadPoolExecutor.java:1142)
	at java.util.concurrent.ThreadPoolExecutor$Worker.run(ThreadPoolExecutor.java:617)
	at java.lang.Thread.run(Thread.java:748)

]]></system-err>
  </testcase>
  <testcase name="verifyCloseCurrentWindowTest[0]" classname="Saucelabs.TestSuite2" time="708.311">
    <failure type="java.lang.AssertionError">java.lang.AssertionError
	at Saucelabs.TestSuite2.verifyCloseCurrentWindowTest(TestSuite2.java:945)
</failure>
    <system-out><![CDATA[SauceOnDemandSessionID=a98525bb-3bef-4495-b4b5-34441d8d1eed job-name=Saucelabs.TestSuite2.verifyCloseCurrentWindowTest[0]
Job link: https://saucelabs.com/jobs/a98525bb-3bef-4495-b4b5-34441d8d1eed?auth=e71cea4b43da84d7c4d4f558aa574b74
]]></system-out>
    <system-err><![CDATA[Jul 19, 2017 5:18:16 PM org.openqa.selenium.remote.ProtocolHandshake createSession
INFO: Detected dialect: OSS
Jul 19, 2017 5:18:23 PM Saucelabs.TestSuite2 verifyCloseCurrentWindowTest
INFO: An unknown server-side error occurred while processing the command. Original error: operation timed out (WARNING: The server did not provide any stacktrace information)
Command duration or timeout: 5.24 seconds
Build info: version: '3.4.0', revision: 'unknown', time: 'unknown'
System info: host: 'JYOTHIN-MBP.local', ip: 'fe80:0:0:0:c6b3:1ff:fec2:cb65%en0', os.name: 'Mac OS X', os.arch: 'x86_64', os.version: '10.11.6', java.version: '1.8.0_131'
Driver info: org.openqa.selenium.remote.RemoteWebDriver
Capabilities [{testobject_user_id=utsavraja, testobject_platform_name=iOS, testobject_test_report_url=https://app.testobject.com/#/utsavraja/testendpoint/appium/executions/637, testobjectApiKey=C118D66142464D22BADE2E618CB527DF, loggingPrefs={browser=ALL}, testobject_suite_name=B-1.8, xcodeConfigFile=$HOME/work/testobject.xcconfig, testobject_device_session_id=0c5a989a-3f77-4925-9652-50ebd1f88b49, deviceName=a540db4273454207842a0a336b2e30e31d16d15c, platform=UNIX, webDriverAgentUrl=http://127.0.0.1:5726, testobject_test_report_id=637.0, webStorageEnabled=false, testobject_platform_version=10.0, automationName=XCUITest, browserName=safari, takesScreenshot=true, javascriptEnabled=true, platformName=iOS, recordScreenshots=false, udid=a540db4273454207842a0a336b2e30e31d16d15c, networkConnectionEnabled=false, testobject_test_name=verifyCloseCurrentWindowTest[0], testobject_device=iPhone 7 32GB, databaseEnabled=false, testobject_project_id=testendpoint, version=, build=B-1.8, locationContextEnabled=false, name=verifyCloseCurrentWindowTest[0], keychainPath=$HOME/work/testobject.keychain, testobject_api_key=C118D66142464D22BADE2E618CB527DF, keychainPassword=password, testobject_test_live_view_url=https://app.testobject.com/#/utsavraja/testendpoint/appium/view/637?dc=EU}]
Session ID: a98525bb-3bef-4495-b4b5-34441d8d1eed
Jul 19, 2017 5:18:26 PM com.saucelabs.saucerest.SauceREST closeInputStream
WARNING: Error closing result stream
java.io.FileNotFoundException: https://saucelabs.com/rest/v1/rajautsav/jobs/a98525bb-3bef-4495-b4b5-34441d8d1eed
	at sun.net.www.protocol.http.HttpURLConnection.getInputStream0(HttpURLConnection.java:1872)
	at sun.net.www.protocol.http.HttpURLConnection.getInputStream(HttpURLConnection.java:1474)
	at sun.net.www.protocol.https.HttpsURLConnectionImpl.getInputStream(HttpsURLConnectionImpl.java:254)
	at com.saucelabs.saucerest.SauceREST.closeInputStream(SauceREST.java:442)
	at com.saucelabs.saucerest.SauceREST.updateJobInfo(SauceREST.java:410)
	at com.saucelabs.junit.SauceOnDemandTestWatcher.failed(SauceOnDemandTestWatcher.java:119)
	at org.junit.rules.TestWatcher.failedQuietly(TestWatcher.java:84)
	at org.junit.rules.TestWatcher.access$300(TestWatcher.java:46)
	at org.junit.rules.TestWatcher$1.evaluate(TestWatcher.java:62)
	at org.junit.rules.TestWatcher$1.evaluate(TestWatcher.java:55)
	at org.junit.rules.RunRules.evaluate(RunRules.java:20)
	at org.junit.runners.ParentRunner.runLeaf(ParentRunner.java:325)
	at org.junit.runners.BlockJUnit4ClassRunner.runChild(BlockJUnit4ClassRunner.java:78)
	at com.saucelabs.junit.ConcurrentParameterized$SauceClassRunnerForParameters.access$300(ConcurrentParameterized.java:166)
	at com.saucelabs.junit.ConcurrentParameterized$SauceClassRunnerForParameters$2.run(ConcurrentParameterized.java:283)
	at com.saucelabs.junit.ConcurrentParameterized$NonBlockingAsynchronousRunner$1.call(ConcurrentParameterized.java:308)
	at java.util.concurrent.FutureTask.run(FutureTask.java:266)
	at java.util.concurrent.ThreadPoolExecutor.runWorker(ThreadPoolExecutor.java:1142)
	at java.util.concurrent.ThreadPoolExecutor$Worker.run(ThreadPoolExecutor.java:617)
	at java.lang.Thread.run(Thread.java:748)

]]></system-err>
  </testcase>
  <testcase name="verifyGetTagTest[0]" classname="Saucelabs.TestSuite2" time="1,725.261">
    <error message="errorId: 5475733a-819e-47b6-a969-92e12a932c20 - Unable to allocate device iPhone_7_32GB_10_real within 900000ms or 3 tries. This can happen if there were no available devices within the time or your plan&apos;s max concurrent test run is not corresponding to your usage&#10;Build info: version: &apos;unknown&apos;, revision: &apos;unknown&apos;, time: &apos;unknown&apos;&#10;System info: host: &apos;5dde51a8fbfa&apos;, ip: &apos;172.17.0.5&apos;, os.name: &apos;Linux&apos;, os.arch: &apos;amd64&apos;, os.version: &apos;4.8.0-45-generic&apos;, java.version: &apos;1.8.0_131&apos;&#10;Driver info: driver.version: unknown&#10;Command duration or timeout: 1725.22 seconds" type="org.openqa.selenium.SessionNotCreatedException">org.openqa.selenium.SessionNotCreatedException: 
errorId: 5475733a-819e-47b6-a969-92e12a932c20 - Unable to allocate device iPhone_7_32GB_10_real within 900000ms or 3 tries. This can happen if there were no available devices within the time or your plan's max concurrent test run is not corresponding to your usage
Build info: version: 'unknown', revision: 'unknown', time: 'unknown'
System info: host: '5dde51a8fbfa', ip: '172.17.0.5', os.name: 'Linux', os.arch: 'amd64', os.version: '4.8.0-45-generic', java.version: '1.8.0_131'
Driver info: driver.version: unknown
Command duration or timeout: 1725.22 seconds
Caused by: org.openqa.selenium.SessionNotCreatedException: 
errorId: 5475733a-819e-47b6-a969-92e12a932c20 - Unable to allocate device iPhone_7_32GB_10_real within 900000ms or 3 tries. This can happen if there were no available devices within the time or your plan's max concurrent test run is not corresponding to your usage
Build info: version: 'unknown', revision: 'unknown', time: 'unknown'
System info: host: '5dde51a8fbfa', ip: '172.17.0.5', os.name: 'Linux', os.arch: 'amd64', os.version: '4.8.0-45-generic', java.version: '1.8.0_131'
Driver info: driver.version: unknown
Build info: version: '3.4.0', revision: 'unknown', time: 'unknown'
System info: host: 'JYOTHIN-MBP.local', ip: 'fe80:0:0:0:c6b3:1ff:fec2:cb65%en0', os.name: 'Mac OS X', os.arch: 'x86_64', os.version: '10.11.6', java.version: '1.8.0_131'
Driver info: driver.version: unknown
</error>
  </testcase>
  <testcase name="verifyGetElementByIdTest[0]" classname="Saucelabs.TestSuite2" time="908.577">
    <error message="errorId: 9eafe43d-1960-4b9b-9f4e-f94fa6b99153 - Unable to allocate device  within 900000ms or 3 tries. This can happen if there were no available devices within the time or your plan&apos;s max concurrent test run is not corresponding to your usage&#10;Build info: version: &apos;unknown&apos;, revision: &apos;unknown&apos;, time: &apos;unknown&apos;&#10;System info: host: &apos;5dde51a8fbfa&apos;, ip: &apos;172.17.0.5&apos;, os.name: &apos;Linux&apos;, os.arch: &apos;amd64&apos;, os.version: &apos;4.8.0-45-generic&apos;, java.version: &apos;1.8.0_131&apos;&#10;Driver info: driver.version: unknown&#10;Command duration or timeout: 908.54 seconds" type="org.openqa.selenium.SessionNotCreatedException">org.openqa.selenium.SessionNotCreatedException: 
errorId: 9eafe43d-1960-4b9b-9f4e-f94fa6b99153 - Unable to allocate device  within 900000ms or 3 tries. This can happen if there were no available devices within the time or your plan's max concurrent test run is not corresponding to your usage
Build info: version: 'unknown', revision: 'unknown', time: 'unknown'
System info: host: '5dde51a8fbfa', ip: '172.17.0.5', os.name: 'Linux', os.arch: 'amd64', os.version: '4.8.0-45-generic', java.version: '1.8.0_131'
Driver info: driver.version: unknown
Command duration or timeout: 908.54 seconds
Caused by: org.openqa.selenium.SessionNotCreatedException: 
errorId: 9eafe43d-1960-4b9b-9f4e-f94fa6b99153 - Unable to allocate device  within 900000ms or 3 tries. This can happen if there were no available devices within the time or your plan's max concurrent test run is not corresponding to your usage
Build info: version: 'unknown', revision: 'unknown', time: 'unknown'
System info: host: '5dde51a8fbfa', ip: '172.17.0.5', os.name: 'Linux', os.arch: 'amd64', os.version: '4.8.0-45-generic', java.version: '1.8.0_131'
Driver info: driver.version: unknown
Build info: version: '3.4.0', revision: 'unknown', time: 'unknown'
System info: host: 'JYOTHIN-MBP.local', ip: 'fe80:0:0:0:c6b3:1ff:fec2:cb65%en0', os.name: 'Mac OS X', os.arch: 'x86_64', os.version: '10.11.6', java.version: '1.8.0_131'
Driver info: driver.version: unknown
</error>
  </testcase>
  <testcase name="verifyKeyDownAndUpTest[0]" classname="Saucelabs.TestSuite2" time="685.076">
    <error message="An unknown server-side error occurred while processing the command. Original error: Error Domain=com.facebook.WebDriverAgent Code=1 &quot;Keyboard is not present&quot; UserInfo={NSLocalizedDescription=Keyboard is not present} (WARNING: The server did not provide any stacktrace information)&#10;Command duration or timeout: 5.61 seconds&#10;Build info: version: &apos;3.4.0&apos;, revision: &apos;unknown&apos;, time: &apos;unknown&apos;&#10;System info: host: &apos;JYOTHIN-MBP.local&apos;, ip: &apos;fe80:0:0:0:c6b3:1ff:fec2:cb65%en0&apos;, os.name: &apos;Mac OS X&apos;, os.arch: &apos;x86_64&apos;, os.version: &apos;10.11.6&apos;, java.version: &apos;1.8.0_131&apos;&#10;Driver info: org.openqa.selenium.remote.RemoteWebDriver&#10;Capabilities [{testobject_user_id=utsavraja, testobject_platform_name=iOS, testobject_test_report_url=https://app.testobject.com/#/utsavraja/testendpoint/appium/executions/639, testobjectApiKey=C118D66142464D22BADE2E618CB527DF, loggingPrefs={browser=ALL}, testobject_suite_name=B-1.8, xcodeConfigFile=$HOME/work/testobject.xcconfig, testobject_device_session_id=8f80e988-ef53-4964-a488-b7120bfa8c35, deviceName=94e8af9b8abd844e5297e98ab00024ea84db2144, platform=UNIX, webDriverAgentUrl=http://127.0.0.1:5725, testobject_test_report_id=639.0, webStorageEnabled=false, testobject_platform_version=10.0, automationName=XCUITest, browserName=safari, takesScreenshot=true, javascriptEnabled=true, platformName=iOS, recordScreenshots=false, udid=94e8af9b8abd844e5297e98ab00024ea84db2144, networkConnectionEnabled=false, testobject_test_name=verifyKeyDownAndUpTest[0], testobject_device=iPhone 7 32GB, databaseEnabled=false, testobject_project_id=testendpoint, version=, build=B-1.8, locationContextEnabled=false, name=verifyKeyDownAndUpTest[0], keychainPath=$HOME/work/testobject.keychain, testobject_api_key=C118D66142464D22BADE2E618CB527DF, keychainPassword=password, testobject_test_live_view_url=https://app.testobject.com/#/utsavraja/testendpoint/appium/view/639?dc=EU}]&#10;Session ID: a3b642e4-291d-4c58-baa2-949f191adecb" type="org.openqa.selenium.WebDriverException">org.openqa.selenium.WebDriverException: 
An unknown server-side error occurred while processing the command. Original error: Error Domain=com.facebook.WebDriverAgent Code=1 "Keyboard is not present" UserInfo={NSLocalizedDescription=Keyboard is not present} (WARNING: The server did not provide any stacktrace information)
Command duration or timeout: 5.61 seconds
Build info: version: '3.4.0', revision: 'unknown', time: 'unknown'
System info: host: 'JYOTHIN-MBP.local', ip: 'fe80:0:0:0:c6b3:1ff:fec2:cb65%en0', os.name: 'Mac OS X', os.arch: 'x86_64', os.version: '10.11.6', java.version: '1.8.0_131'
Driver info: org.openqa.selenium.remote.RemoteWebDriver
Capabilities [{testobject_user_id=utsavraja, testobject_platform_name=iOS, testobject_test_report_url=https://app.testobject.com/#/utsavraja/testendpoint/appium/executions/639, testobjectApiKey=C118D66142464D22BADE2E618CB527DF, loggingPrefs={browser=ALL}, testobject_suite_name=B-1.8, xcodeConfigFile=$HOME/work/testobject.xcconfig, testobject_device_session_id=8f80e988-ef53-4964-a488-b7120bfa8c35, deviceName=94e8af9b8abd844e5297e98ab00024ea84db2144, platform=UNIX, webDriverAgentUrl=http://127.0.0.1:5725, testobject_test_report_id=639.0, webStorageEnabled=false, testobject_platform_version=10.0, automationName=XCUITest, browserName=safari, takesScreenshot=true, javascriptEnabled=true, platformName=iOS, recordScreenshots=false, udid=94e8af9b8abd844e5297e98ab00024ea84db2144, networkConnectionEnabled=false, testobject_test_name=verifyKeyDownAndUpTest[0], testobject_device=iPhone 7 32GB, databaseEnabled=false, testobject_project_id=testendpoint, version=, build=B-1.8, locationContextEnabled=false, name=verifyKeyDownAndUpTest[0], keychainPath=$HOME/work/testobject.keychain, testobject_api_key=C118D66142464D22BADE2E618CB527DF, keychainPassword=password, testobject_test_live_view_url=https://app.testobject.com/#/utsavraja/testendpoint/appium/view/639?dc=EU}]
Session ID: a3b642e4-291d-4c58-baa2-949f191adecb
	at Saucelabs.TestSuite2.verifyKeyDownAndUpTest(TestSuite2.java:693)
</error>
    <system-out><![CDATA[SauceOnDemandSessionID=a3b642e4-291d-4c58-baa2-949f191adecb job-name=Saucelabs.TestSuite2.verifyKeyDownAndUpTest[0]
Job link: https://saucelabs.com/jobs/a3b642e4-291d-4c58-baa2-949f191adecb?auth=5df3f5b918f1be1af131aac4f97d1379
]]></system-out>
    <system-err><![CDATA[Jul 19, 2017 5:17:53 PM org.openqa.selenium.remote.ProtocolHandshake createSession
INFO: Detected dialect: OSS
Jul 19, 2017 5:18:03 PM com.saucelabs.saucerest.SauceREST closeInputStream
WARNING: Error closing result stream
java.io.FileNotFoundException: https://saucelabs.com/rest/v1/rajautsav/jobs/a3b642e4-291d-4c58-baa2-949f191adecb
	at sun.net.www.protocol.http.HttpURLConnection.getInputStream0(HttpURLConnection.java:1872)
	at sun.net.www.protocol.http.HttpURLConnection.getInputStream(HttpURLConnection.java:1474)
	at sun.net.www.protocol.https.HttpsURLConnectionImpl.getInputStream(HttpsURLConnectionImpl.java:254)
	at com.saucelabs.saucerest.SauceREST.closeInputStream(SauceREST.java:442)
	at com.saucelabs.saucerest.SauceREST.updateJobInfo(SauceREST.java:410)
	at com.saucelabs.junit.SauceOnDemandTestWatcher.failed(SauceOnDemandTestWatcher.java:119)
	at org.junit.rules.TestWatcher.failedQuietly(TestWatcher.java:84)
	at org.junit.rules.TestWatcher.access$300(TestWatcher.java:46)
	at org.junit.rules.TestWatcher$1.evaluate(TestWatcher.java:62)
	at org.junit.rules.TestWatcher$1.evaluate(TestWatcher.java:55)
	at org.junit.rules.RunRules.evaluate(RunRules.java:20)
	at org.junit.runners.ParentRunner.runLeaf(ParentRunner.java:325)
	at org.junit.runners.BlockJUnit4ClassRunner.runChild(BlockJUnit4ClassRunner.java:78)
	at com.saucelabs.junit.ConcurrentParameterized$SauceClassRunnerForParameters.access$300(ConcurrentParameterized.java:166)
	at com.saucelabs.junit.ConcurrentParameterized$SauceClassRunnerForParameters$2.run(ConcurrentParameterized.java:283)
	at com.saucelabs.junit.ConcurrentParameterized$NonBlockingAsynchronousRunner$1.call(ConcurrentParameterized.java:308)
	at java.util.concurrent.FutureTask.run(FutureTask.java:266)
	at java.util.concurrent.ThreadPoolExecutor.runWorker(ThreadPoolExecutor.java:1142)
	at java.util.concurrent.ThreadPoolExecutor$Worker.run(ThreadPoolExecutor.java:617)
	at java.lang.Thread.run(Thread.java:748)

]]></system-err>
  </testcase>
  <testcase name="verifyAlertTextTest[0]" classname="Saucelabs.TestSuite2" time="908.507">
    <error message="errorId: a0844c6f-bb69-4429-b286-9138fe605704 - Unable to allocate device  within 900000ms or 3 tries. This can happen if there were no available devices within the time or your plan&apos;s max concurrent test run is not corresponding to your usage&#10;Build info: version: &apos;unknown&apos;, revision: &apos;unknown&apos;, time: &apos;unknown&apos;&#10;System info: host: &apos;5dde51a8fbfa&apos;, ip: &apos;172.17.0.5&apos;, os.name: &apos;Linux&apos;, os.arch: &apos;amd64&apos;, os.version: &apos;4.8.0-45-generic&apos;, java.version: &apos;1.8.0_131&apos;&#10;Driver info: driver.version: unknown&#10;Command duration or timeout: 908.46 seconds" type="org.openqa.selenium.SessionNotCreatedException">org.openqa.selenium.SessionNotCreatedException: 
errorId: a0844c6f-bb69-4429-b286-9138fe605704 - Unable to allocate device  within 900000ms or 3 tries. This can happen if there were no available devices within the time or your plan's max concurrent test run is not corresponding to your usage
Build info: version: 'unknown', revision: 'unknown', time: 'unknown'
System info: host: '5dde51a8fbfa', ip: '172.17.0.5', os.name: 'Linux', os.arch: 'amd64', os.version: '4.8.0-45-generic', java.version: '1.8.0_131'
Driver info: driver.version: unknown
Command duration or timeout: 908.46 seconds
Caused by: org.openqa.selenium.SessionNotCreatedException: 
errorId: a0844c6f-bb69-4429-b286-9138fe605704 - Unable to allocate device  within 900000ms or 3 tries. This can happen if there were no available devices within the time or your plan's max concurrent test run is not corresponding to your usage
Build info: version: 'unknown', revision: 'unknown', time: 'unknown'
System info: host: '5dde51a8fbfa', ip: '172.17.0.5', os.name: 'Linux', os.arch: 'amd64', os.version: '4.8.0-45-generic', java.version: '1.8.0_131'
Driver info: driver.version: unknown
Build info: version: '3.4.0', revision: 'unknown', time: 'unknown'
System info: host: 'JYOTHIN-MBP.local', ip: 'fe80:0:0:0:c6b3:1ff:fec2:cb65%en0', os.name: 'Mac OS X', os.arch: 'x86_64', os.version: '10.11.6', java.version: '1.8.0_131'
Driver info: driver.version: unknown
</error>
  </testcase>
  <testcase name="verifyContextClickElementTest[0]" classname="Saucelabs.TestSuite2" time="729.428">
    <error message="Method has not yet been implemented (WARNING: The server did not provide any stacktrace information)&#10;Command duration or timeout: 268 milliseconds&#10;Build info: version: &apos;3.4.0&apos;, revision: &apos;unknown&apos;, time: &apos;unknown&apos;&#10;System info: host: &apos;JYOTHIN-MBP.local&apos;, ip: &apos;fe80:0:0:0:c6b3:1ff:fec2:cb65%en0&apos;, os.name: &apos;Mac OS X&apos;, os.arch: &apos;x86_64&apos;, os.version: &apos;10.11.6&apos;, java.version: &apos;1.8.0_131&apos;&#10;Driver info: org.openqa.selenium.remote.RemoteWebDriver&#10;Capabilities [{testobject_user_id=utsavraja, testobject_platform_name=iOS, testobject_test_report_url=https://app.testobject.com/#/utsavraja/testendpoint/appium/executions/628, testobjectApiKey=C118D66142464D22BADE2E618CB527DF, loggingPrefs={browser=ALL}, testobject_suite_name=B-1.8, xcodeConfigFile=$HOME/work/testobject.xcconfig, testobject_device_session_id=38b685be-a662-4e6f-8c82-5e63086eaf22, deviceName=94e8af9b8abd844e5297e98ab00024ea84db2144, platform=UNIX, webDriverAgentUrl=http://127.0.0.1:5725, testobject_test_report_id=628.0, webStorageEnabled=false, testobject_platform_version=10.0, automationName=XCUITest, browserName=safari, takesScreenshot=true, javascriptEnabled=true, platformName=iOS, recordScreenshots=false, udid=94e8af9b8abd844e5297e98ab00024ea84db2144, networkConnectionEnabled=false, testobject_test_name=verifyContextClickElementTest[0], testobject_device=iPhone 7 32GB, databaseEnabled=false, testobject_project_id=testendpoint, version=, build=B-1.8, locationContextEnabled=false, name=verifyContextClickElementTest[0], keychainPath=$HOME/work/testobject.keychain, testobject_api_key=C118D66142464D22BADE2E618CB527DF, keychainPassword=password, testobject_test_live_view_url=https://app.testobject.com/#/utsavraja/testendpoint/appium/view/628?dc=EU}]&#10;Session ID: 89962da4-43aa-4b4e-ac56-0355ad034b8e" type="org.openqa.selenium.WebDriverException">org.openqa.selenium.WebDriverException: 
Method has not yet been implemented (WARNING: The server did not provide any stacktrace information)
Command duration or timeout: 268 milliseconds
Build info: version: '3.4.0', revision: 'unknown', time: 'unknown'
System info: host: 'JYOTHIN-MBP.local', ip: 'fe80:0:0:0:c6b3:1ff:fec2:cb65%en0', os.name: 'Mac OS X', os.arch: 'x86_64', os.version: '10.11.6', java.version: '1.8.0_131'
Driver info: org.openqa.selenium.remote.RemoteWebDriver
Capabilities [{testobject_user_id=utsavraja, testobject_platform_name=iOS, testobject_test_report_url=https://app.testobject.com/#/utsavraja/testendpoint/appium/executions/628, testobjectApiKey=C118D66142464D22BADE2E618CB527DF, loggingPrefs={browser=ALL}, testobject_suite_name=B-1.8, xcodeConfigFile=$HOME/work/testobject.xcconfig, testobject_device_session_id=38b685be-a662-4e6f-8c82-5e63086eaf22, deviceName=94e8af9b8abd844e5297e98ab00024ea84db2144, platform=UNIX, webDriverAgentUrl=http://127.0.0.1:5725, testobject_test_report_id=628.0, webStorageEnabled=false, testobject_platform_version=10.0, automationName=XCUITest, browserName=safari, takesScreenshot=true, javascriptEnabled=true, platformName=iOS, recordScreenshots=false, udid=94e8af9b8abd844e5297e98ab00024ea84db2144, networkConnectionEnabled=false, testobject_test_name=verifyContextClickElementTest[0], testobject_device=iPhone 7 32GB, databaseEnabled=false, testobject_project_id=testendpoint, version=, build=B-1.8, locationContextEnabled=false, name=verifyContextClickElementTest[0], keychainPath=$HOME/work/testobject.keychain, testobject_api_key=C118D66142464D22BADE2E618CB527DF, keychainPassword=password, testobject_test_live_view_url=https://app.testobject.com/#/utsavraja/testendpoint/appium/view/628?dc=EU}]
Session ID: 89962da4-43aa-4b4e-ac56-0355ad034b8e
	at Saucelabs.TestSuite2.verifyContextClickElementTest(TestSuite2.java:680)
</error>
    <system-out><![CDATA[SauceOnDemandSessionID=89962da4-43aa-4b4e-ac56-0355ad034b8e job-name=Saucelabs.TestSuite2.verifyContextClickElementTest[0]
Job link: https://saucelabs.com/jobs/89962da4-43aa-4b4e-ac56-0355ad034b8e?auth=4ef7f2d3d4f2ff478a1c2133b3a3a831
]]></system-out>
    <system-err><![CDATA[Jul 19, 2017 5:18:41 PM org.openqa.selenium.remote.ProtocolHandshake createSession
INFO: Detected dialect: OSS
Jul 19, 2017 5:18:48 PM com.saucelabs.saucerest.SauceREST closeInputStream
WARNING: Error closing result stream
java.io.FileNotFoundException: https://saucelabs.com/rest/v1/rajautsav/jobs/89962da4-43aa-4b4e-ac56-0355ad034b8e
	at sun.net.www.protocol.http.HttpURLConnection.getInputStream0(HttpURLConnection.java:1872)
	at sun.net.www.protocol.http.HttpURLConnection.getInputStream(HttpURLConnection.java:1474)
	at sun.net.www.protocol.https.HttpsURLConnectionImpl.getInputStream(HttpsURLConnectionImpl.java:254)
	at com.saucelabs.saucerest.SauceREST.closeInputStream(SauceREST.java:442)
	at com.saucelabs.saucerest.SauceREST.updateJobInfo(SauceREST.java:410)
	at com.saucelabs.junit.SauceOnDemandTestWatcher.failed(SauceOnDemandTestWatcher.java:119)
	at org.junit.rules.TestWatcher.failedQuietly(TestWatcher.java:84)
	at org.junit.rules.TestWatcher.access$300(TestWatcher.java:46)
	at org.junit.rules.TestWatcher$1.evaluate(TestWatcher.java:62)
	at org.junit.rules.TestWatcher$1.evaluate(TestWatcher.java:55)
	at org.junit.rules.RunRules.evaluate(RunRules.java:20)
	at org.junit.runners.ParentRunner.runLeaf(ParentRunner.java:325)
	at org.junit.runners.BlockJUnit4ClassRunner.runChild(BlockJUnit4ClassRunner.java:78)
	at com.saucelabs.junit.ConcurrentParameterized$SauceClassRunnerForParameters.access$300(ConcurrentParameterized.java:166)
	at com.saucelabs.junit.ConcurrentParameterized$SauceClassRunnerForParameters$2.run(ConcurrentParameterized.java:283)
	at com.saucelabs.junit.ConcurrentParameterized$NonBlockingAsynchronousRunner$1.call(ConcurrentParameterized.java:308)
	at java.util.concurrent.FutureTask.run(FutureTask.java:266)
	at java.util.concurrent.ThreadPoolExecutor.runWorker(ThreadPoolExecutor.java:1142)
	at java.util.concurrent.ThreadPoolExecutor$Worker.run(ThreadPoolExecutor.java:617)
	at java.lang.Thread.run(Thread.java:748)

]]></system-err>
  </testcase>
  <testcase name="verifyTitleTest[0]" classname="Saucelabs.TestSuite2" time="1,367.199">
    <error message="errorId: b8fd863c-359e-48b2-826f-2bd02ec0aeab - Unable to allocate device iPhone_7_32GB_10_real within 900000ms or 3 tries. This can happen if there were no available devices within the time or your plan&apos;s max concurrent test run is not corresponding to your usage&#10;Build info: version: &apos;unknown&apos;, revision: &apos;unknown&apos;, time: &apos;unknown&apos;&#10;System info: host: &apos;5dde51a8fbfa&apos;, ip: &apos;172.17.0.5&apos;, os.name: &apos;Linux&apos;, os.arch: &apos;amd64&apos;, os.version: &apos;4.8.0-45-generic&apos;, java.version: &apos;1.8.0_131&apos;&#10;Driver info: driver.version: unknown&#10;Command duration or timeout: 1367.16 seconds" type="org.openqa.selenium.SessionNotCreatedException">org.openqa.selenium.SessionNotCreatedException: 
errorId: b8fd863c-359e-48b2-826f-2bd02ec0aeab - Unable to allocate device iPhone_7_32GB_10_real within 900000ms or 3 tries. This can happen if there were no available devices within the time or your plan's max concurrent test run is not corresponding to your usage
Build info: version: 'unknown', revision: 'unknown', time: 'unknown'
System info: host: '5dde51a8fbfa', ip: '172.17.0.5', os.name: 'Linux', os.arch: 'amd64', os.version: '4.8.0-45-generic', java.version: '1.8.0_131'
Driver info: driver.version: unknown
Command duration or timeout: 1367.16 seconds
Caused by: org.openqa.selenium.SessionNotCreatedException: 
errorId: b8fd863c-359e-48b2-826f-2bd02ec0aeab - Unable to allocate device iPhone_7_32GB_10_real within 900000ms or 3 tries. This can happen if there were no available devices within the time or your plan's max concurrent test run is not corresponding to your usage
Build info: version: 'unknown', revision: 'unknown', time: 'unknown'
System info: host: '5dde51a8fbfa', ip: '172.17.0.5', os.name: 'Linux', os.arch: 'amd64', os.version: '4.8.0-45-generic', java.version: '1.8.0_131'
Driver info: driver.version: unknown
Build info: version: '3.4.0', revision: 'unknown', time: 'unknown'
System info: host: 'JYOTHIN-MBP.local', ip: 'fe80:0:0:0:c6b3:1ff:fec2:cb65%en0', os.name: 'Mac OS X', os.arch: 'x86_64', os.version: '10.11.6', java.version: '1.8.0_131'
Driver info: driver.version: unknown
</error>
  </testcase>
  <testcase name="verifyDragAndDropTest[0]" classname="Saucelabs.TestSuite2" time="612.958">
    <error message="Unhandled endpoint: /session/8816AE1F-423A-4B56-9032-16FD5911749D/buttondown -- http://127.0.0.1:5726/ with parameters {&#10;    wildcards =     (&#10;        &quot;session/8816AE1F-423A-4B56-9032-16FD5911749D/buttondown&quot;&#10;    );&#10;}&#10;Command duration or timeout: 270 milliseconds&#10;Build info: version: &apos;3.4.0&apos;, revision: &apos;unknown&apos;, time: &apos;unknown&apos;&#10;System info: host: &apos;JYOTHIN-MBP.local&apos;, ip: &apos;fe80:0:0:0:c6b3:1ff:fec2:cb65%en0&apos;, os.name: &apos;Mac OS X&apos;, os.arch: &apos;x86_64&apos;, os.version: &apos;10.11.6&apos;, java.version: &apos;1.8.0_131&apos;&#10;Driver info: org.openqa.selenium.remote.RemoteWebDriver&#10;Capabilities [{testobject_user_id=utsavraja, testobject_platform_name=iOS, testobject_test_report_url=https://app.testobject.com/#/utsavraja/testendpoint/appium/executions/632, testobjectApiKey=C118D66142464D22BADE2E618CB527DF, loggingPrefs={browser=ALL}, testobject_suite_name=B-1.8, xcodeConfigFile=$HOME/work/testobject.xcconfig, testobject_device_session_id=9f9cadcd-0357-49ec-9d66-c7845186b399, deviceName=a540db4273454207842a0a336b2e30e31d16d15c, platform=UNIX, webDriverAgentUrl=http://127.0.0.1:5726, testobject_test_report_id=632.0, webStorageEnabled=false, testobject_platform_version=10.0, automationName=XCUITest, browserName=safari, takesScreenshot=true, javascriptEnabled=true, platformName=iOS, recordScreenshots=false, udid=a540db4273454207842a0a336b2e30e31d16d15c, networkConnectionEnabled=false, testobject_test_name=verifyDragAndDropTest[0], testobject_device=iPhone 7 32GB, databaseEnabled=false, testobject_project_id=testendpoint, version=, build=B-1.8, locationContextEnabled=false, name=verifyDragAndDropTest[0], keychainPath=$HOME/work/testobject.keychain, testobject_api_key=C118D66142464D22BADE2E618CB527DF, keychainPassword=password, testobject_test_live_view_url=https://app.testobject.com/#/utsavraja/testendpoint/appium/view/632?dc=EU}]&#10;Session ID: 5cf11f05-e44e-4871-81c0-ca847b71c653" type="org.openqa.selenium.WebDriverException">org.openqa.selenium.WebDriverException: 
Unhandled endpoint: /session/8816AE1F-423A-4B56-9032-16FD5911749D/buttondown -- http://127.0.0.1:5726/ with parameters {
    wildcards =     (
        "session/8816AE1F-423A-4B56-9032-16FD5911749D/buttondown"
    );
}
Command duration or timeout: 270 milliseconds
Build info: version: '3.4.0', revision: 'unknown', time: 'unknown'
System info: host: 'JYOTHIN-MBP.local', ip: 'fe80:0:0:0:c6b3:1ff:fec2:cb65%en0', os.name: 'Mac OS X', os.arch: 'x86_64', os.version: '10.11.6', java.version: '1.8.0_131'
Driver info: org.openqa.selenium.remote.RemoteWebDriver
Capabilities [{testobject_user_id=utsavraja, testobject_platform_name=iOS, testobject_test_report_url=https://app.testobject.com/#/utsavraja/testendpoint/appium/executions/632, testobjectApiKey=C118D66142464D22BADE2E618CB527DF, loggingPrefs={browser=ALL}, testobject_suite_name=B-1.8, xcodeConfigFile=$HOME/work/testobject.xcconfig, testobject_device_session_id=9f9cadcd-0357-49ec-9d66-c7845186b399, deviceName=a540db4273454207842a0a336b2e30e31d16d15c, platform=UNIX, webDriverAgentUrl=http://127.0.0.1:5726, testobject_test_report_id=632.0, webStorageEnabled=false, testobject_platform_version=10.0, automationName=XCUITest, browserName=safari, takesScreenshot=true, javascriptEnabled=true, platformName=iOS, recordScreenshots=false, udid=a540db4273454207842a0a336b2e30e31d16d15c, networkConnectionEnabled=false, testobject_test_name=verifyDragAndDropTest[0], testobject_device=iPhone 7 32GB, databaseEnabled=false, testobject_project_id=testendpoint, version=, build=B-1.8, locationContextEnabled=false, name=verifyDragAndDropTest[0], keychainPath=$HOME/work/testobject.keychain, testobject_api_key=C118D66142464D22BADE2E618CB527DF, keychainPassword=password, testobject_test_live_view_url=https://app.testobject.com/#/utsavraja/testendpoint/appium/view/632?dc=EU}]
Session ID: 5cf11f05-e44e-4871-81c0-ca847b71c653
	at Saucelabs.TestSuite2.verifyDragAndDropTest(TestSuite2.java:650)
</error>
    <system-out><![CDATA[SauceOnDemandSessionID=5cf11f05-e44e-4871-81c0-ca847b71c653 job-name=Saucelabs.TestSuite2.verifyDragAndDropTest[0]
Job link: https://saucelabs.com/jobs/5cf11f05-e44e-4871-81c0-ca847b71c653?auth=7d820e88fba38b4e1936fb3431a03316
]]></system-out>
    <system-err><![CDATA[Jul 19, 2017 5:16:43 PM org.openqa.selenium.remote.ProtocolHandshake createSession
INFO: Detected dialect: OSS
Jul 19, 2017 5:16:51 PM com.saucelabs.saucerest.SauceREST closeInputStream
WARNING: Error closing result stream
java.io.FileNotFoundException: https://saucelabs.com/rest/v1/rajautsav/jobs/5cf11f05-e44e-4871-81c0-ca847b71c653
	at sun.net.www.protocol.http.HttpURLConnection.getInputStream0(HttpURLConnection.java:1872)
	at sun.net.www.protocol.http.HttpURLConnection.getInputStream(HttpURLConnection.java:1474)
	at sun.net.www.protocol.https.HttpsURLConnectionImpl.getInputStream(HttpsURLConnectionImpl.java:254)
	at com.saucelabs.saucerest.SauceREST.closeInputStream(SauceREST.java:442)
	at com.saucelabs.saucerest.SauceREST.updateJobInfo(SauceREST.java:410)
	at com.saucelabs.junit.SauceOnDemandTestWatcher.failed(SauceOnDemandTestWatcher.java:119)
	at org.junit.rules.TestWatcher.failedQuietly(TestWatcher.java:84)
	at org.junit.rules.TestWatcher.access$300(TestWatcher.java:46)
	at org.junit.rules.TestWatcher$1.evaluate(TestWatcher.java:62)
	at org.junit.rules.TestWatcher$1.evaluate(TestWatcher.java:55)
	at org.junit.rules.RunRules.evaluate(RunRules.java:20)
	at org.junit.runners.ParentRunner.runLeaf(ParentRunner.java:325)
	at org.junit.runners.BlockJUnit4ClassRunner.runChild(BlockJUnit4ClassRunner.java:78)
	at com.saucelabs.junit.ConcurrentParameterized$SauceClassRunnerForParameters.access$300(ConcurrentParameterized.java:166)
	at com.saucelabs.junit.ConcurrentParameterized$SauceClassRunnerForParameters$2.run(ConcurrentParameterized.java:283)
	at com.saucelabs.junit.ConcurrentParameterized$NonBlockingAsynchronousRunner$1.call(ConcurrentParameterized.java:308)
	at java.util.concurrent.FutureTask.run(FutureTask.java:266)
	at java.util.concurrent.ThreadPoolExecutor.runWorker(ThreadPoolExecutor.java:1142)
	at java.util.concurrent.ThreadPoolExecutor$Worker.run(ThreadPoolExecutor.java:617)
	at java.lang.Thread.run(Thread.java:748)

]]></system-err>
  </testcase>
  <testcase name="verifySwitchToFrameTest[0]" classname="Saucelabs.TestSuite2" time="389.167"/>
  <testcase name="verifyClickAndHoldAndReleaseTest[0]" classname="Saucelabs.TestSuite2" time="908.686">
    <error message="errorId: b2d65fa8-0fd4-4044-99a5-518d9fcd2141 - Unable to allocate device  within 900000ms or 3 tries. This can happen if there were no available devices within the time or your plan&apos;s max concurrent test run is not corresponding to your usage&#10;Build info: version: &apos;unknown&apos;, revision: &apos;unknown&apos;, time: &apos;unknown&apos;&#10;System info: host: &apos;5dde51a8fbfa&apos;, ip: &apos;172.17.0.5&apos;, os.name: &apos;Linux&apos;, os.arch: &apos;amd64&apos;, os.version: &apos;4.8.0-45-generic&apos;, java.version: &apos;1.8.0_131&apos;&#10;Driver info: driver.version: unknown&#10;Command duration or timeout: 908.66 seconds" type="org.openqa.selenium.SessionNotCreatedException">org.openqa.selenium.SessionNotCreatedException: 
errorId: b2d65fa8-0fd4-4044-99a5-518d9fcd2141 - Unable to allocate device  within 900000ms or 3 tries. This can happen if there were no available devices within the time or your plan's max concurrent test run is not corresponding to your usage
Build info: version: 'unknown', revision: 'unknown', time: 'unknown'
System info: host: '5dde51a8fbfa', ip: '172.17.0.5', os.name: 'Linux', os.arch: 'amd64', os.version: '4.8.0-45-generic', java.version: '1.8.0_131'
Driver info: driver.version: unknown
Command duration or timeout: 908.66 seconds
Caused by: org.openqa.selenium.SessionNotCreatedException: 
errorId: b2d65fa8-0fd4-4044-99a5-518d9fcd2141 - Unable to allocate device  within 900000ms or 3 tries. This can happen if there were no available devices within the time or your plan's max concurrent test run is not corresponding to your usage
Build info: version: 'unknown', revision: 'unknown', time: 'unknown'
System info: host: '5dde51a8fbfa', ip: '172.17.0.5', os.name: 'Linux', os.arch: 'amd64', os.version: '4.8.0-45-generic', java.version: '1.8.0_131'
Driver info: driver.version: unknown
Build info: version: '3.4.0', revision: 'unknown', time: 'unknown'
System info: host: 'JYOTHIN-MBP.local', ip: 'fe80:0:0:0:c6b3:1ff:fec2:cb65%en0', os.name: 'Mac OS X', os.arch: 'x86_64', os.version: '10.11.6', java.version: '1.8.0_131'
Driver info: driver.version: unknown
</error>
  </testcase>
  <testcase name="verifySendKeysTest[0]" classname="Saucelabs.TestSuite2" time="1,309.925">
    <error message="errorId: abcb8890-987b-4432-ba37-aeb00ac5dec8 - Unable to allocate device iPhone_7_32GB_10_real within 900000ms or 3 tries. This can happen if there were no available devices within the time or your plan&apos;s max concurrent test run is not corresponding to your usage&#10;Build info: version: &apos;unknown&apos;, revision: &apos;unknown&apos;, time: &apos;unknown&apos;&#10;System info: host: &apos;5dde51a8fbfa&apos;, ip: &apos;172.17.0.5&apos;, os.name: &apos;Linux&apos;, os.arch: &apos;amd64&apos;, os.version: &apos;4.8.0-45-generic&apos;, java.version: &apos;1.8.0_131&apos;&#10;Driver info: driver.version: unknown&#10;Command duration or timeout: 1309.92 seconds" type="org.openqa.selenium.SessionNotCreatedException">org.openqa.selenium.SessionNotCreatedException: 
errorId: abcb8890-987b-4432-ba37-aeb00ac5dec8 - Unable to allocate device iPhone_7_32GB_10_real within 900000ms or 3 tries. This can happen if there were no available devices within the time or your plan's max concurrent test run is not corresponding to your usage
Build info: version: 'unknown', revision: 'unknown', time: 'unknown'
System info: host: '5dde51a8fbfa', ip: '172.17.0.5', os.name: 'Linux', os.arch: 'amd64', os.version: '4.8.0-45-generic', java.version: '1.8.0_131'
Driver info: driver.version: unknown
Command duration or timeout: 1309.92 seconds
Caused by: org.openqa.selenium.SessionNotCreatedException: 
errorId: abcb8890-987b-4432-ba37-aeb00ac5dec8 - Unable to allocate device iPhone_7_32GB_10_real within 900000ms or 3 tries. This can happen if there were no available devices within the time or your plan's max concurrent test run is not corresponding to your usage
Build info: version: 'unknown', revision: 'unknown', time: 'unknown'
System info: host: '5dde51a8fbfa', ip: '172.17.0.5', os.name: 'Linux', os.arch: 'amd64', os.version: '4.8.0-45-generic', java.version: '1.8.0_131'
Driver info: driver.version: unknown
Build info: version: '3.4.0', revision: 'unknown', time: 'unknown'
System info: host: 'JYOTHIN-MBP.local', ip: 'fe80:0:0:0:c6b3:1ff:fec2:cb65%en0', os.name: 'Mac OS X', os.arch: 'x86_64', os.version: '10.11.6', java.version: '1.8.0_131'
Driver info: driver.version: unknown
</error>
  </testcase>
  <testcase name="verifyActionMoveToClickTest[0]" classname="Saucelabs.TestSuite2" time="907.698">
    <error message="errorId: 1ca09759-99d0-45f3-8e22-d190522f5f9a - Unable to allocate device  within 900000ms or 3 tries. This can happen if there were no available devices within the time or your plan&apos;s max concurrent test run is not corresponding to your usage&#10;Build info: version: &apos;unknown&apos;, revision: &apos;unknown&apos;, time: &apos;unknown&apos;&#10;System info: host: &apos;5dde51a8fbfa&apos;, ip: &apos;172.17.0.5&apos;, os.name: &apos;Linux&apos;, os.arch: &apos;amd64&apos;, os.version: &apos;4.8.0-45-generic&apos;, java.version: &apos;1.8.0_131&apos;&#10;Driver info: driver.version: unknown&#10;Command duration or timeout: 907.69 seconds" type="org.openqa.selenium.SessionNotCreatedException">org.openqa.selenium.SessionNotCreatedException: 
errorId: 1ca09759-99d0-45f3-8e22-d190522f5f9a - Unable to allocate device  within 900000ms or 3 tries. This can happen if there were no available devices within the time or your plan's max concurrent test run is not corresponding to your usage
Build info: version: 'unknown', revision: 'unknown', time: 'unknown'
System info: host: '5dde51a8fbfa', ip: '172.17.0.5', os.name: 'Linux', os.arch: 'amd64', os.version: '4.8.0-45-generic', java.version: '1.8.0_131'
Driver info: driver.version: unknown
Command duration or timeout: 907.69 seconds
Caused by: org.openqa.selenium.SessionNotCreatedException: 
errorId: 1ca09759-99d0-45f3-8e22-d190522f5f9a - Unable to allocate device  within 900000ms or 3 tries. This can happen if there were no available devices within the time or your plan's max concurrent test run is not corresponding to your usage
Build info: version: 'unknown', revision: 'unknown', time: 'unknown'
System info: host: '5dde51a8fbfa', ip: '172.17.0.5', os.name: 'Linux', os.arch: 'amd64', os.version: '4.8.0-45-generic', java.version: '1.8.0_131'
Driver info: driver.version: unknown
Build info: version: '3.4.0', revision: 'unknown', time: 'unknown'
System info: host: 'JYOTHIN-MBP.local', ip: 'fe80:0:0:0:c6b3:1ff:fec2:cb65%en0', os.name: 'Mac OS X', os.arch: 'x86_64', os.version: '10.11.6', java.version: '1.8.0_131'
Driver info: driver.version: unknown
</error>
  </testcase>
  <testcase name="verifyControlKeyDownTest[0]" classname="Saucelabs.TestSuite2" time="1,023.739">
    <error message="An unknown server-side error occurred while processing the command. Original error: Error Domain=com.facebook.WebDriverAgent Code=1 &quot;Keyboard is not present&quot; UserInfo={NSLocalizedDescription=Keyboard is not present} (WARNING: The server did not provide any stacktrace information)&#10;Command duration or timeout: 5.37 seconds&#10;Build info: version: &apos;3.4.0&apos;, revision: &apos;unknown&apos;, time: &apos;unknown&apos;&#10;System info: host: &apos;JYOTHIN-MBP.local&apos;, ip: &apos;fe80:0:0:0:c6b3:1ff:fec2:cb65%en0&apos;, os.name: &apos;Mac OS X&apos;, os.arch: &apos;x86_64&apos;, os.version: &apos;10.11.6&apos;, java.version: &apos;1.8.0_131&apos;&#10;Driver info: org.openqa.selenium.remote.RemoteWebDriver&#10;Capabilities [{testobject_user_id=utsavraja, testobject_platform_name=iOS, testobject_test_report_url=https://app.testobject.com/#/utsavraja/testendpoint/appium/executions/644, testobjectApiKey=C118D66142464D22BADE2E618CB527DF, loggingPrefs={browser=ALL}, testobject_suite_name=B-1.8, xcodeConfigFile=$HOME/work/testobject.xcconfig, testobject_device_session_id=6c07b880-601d-486d-b9fe-ff90aea22e71, deviceName=94e8af9b8abd844e5297e98ab00024ea84db2144, platform=UNIX, webDriverAgentUrl=http://127.0.0.1:5725, testobject_test_report_id=644.0, webStorageEnabled=false, testobject_platform_version=10.0, automationName=XCUITest, browserName=safari, takesScreenshot=true, javascriptEnabled=true, platformName=iOS, recordScreenshots=false, udid=94e8af9b8abd844e5297e98ab00024ea84db2144, networkConnectionEnabled=false, testobject_test_name=verifyControlKeyDownTest[0], testobject_device=iPhone 7 32GB, databaseEnabled=false, testobject_project_id=testendpoint, version=, build=B-1.8, locationContextEnabled=false, name=verifyControlKeyDownTest[0], keychainPath=$HOME/work/testobject.keychain, testobject_api_key=C118D66142464D22BADE2E618CB527DF, keychainPassword=password, testobject_test_live_view_url=https://app.testobject.com/#/utsavraja/testendpoint/appium/view/644?dc=EU}]&#10;Session ID: dad996ba-85b7-4bad-8da9-98d664f6f912" type="org.openqa.selenium.WebDriverException">org.openqa.selenium.WebDriverException: 
An unknown server-side error occurred while processing the command. Original error: Error Domain=com.facebook.WebDriverAgent Code=1 "Keyboard is not present" UserInfo={NSLocalizedDescription=Keyboard is not present} (WARNING: The server did not provide any stacktrace information)
Command duration or timeout: 5.37 seconds
Build info: version: '3.4.0', revision: 'unknown', time: 'unknown'
System info: host: 'JYOTHIN-MBP.local', ip: 'fe80:0:0:0:c6b3:1ff:fec2:cb65%en0', os.name: 'Mac OS X', os.arch: 'x86_64', os.version: '10.11.6', java.version: '1.8.0_131'
Driver info: org.openqa.selenium.remote.RemoteWebDriver
Capabilities [{testobject_user_id=utsavraja, testobject_platform_name=iOS, testobject_test_report_url=https://app.testobject.com/#/utsavraja/testendpoint/appium/executions/644, testobjectApiKey=C118D66142464D22BADE2E618CB527DF, loggingPrefs={browser=ALL}, testobject_suite_name=B-1.8, xcodeConfigFile=$HOME/work/testobject.xcconfig, testobject_device_session_id=6c07b880-601d-486d-b9fe-ff90aea22e71, deviceName=94e8af9b8abd844e5297e98ab00024ea84db2144, platform=UNIX, webDriverAgentUrl=http://127.0.0.1:5725, testobject_test_report_id=644.0, webStorageEnabled=false, testobject_platform_version=10.0, automationName=XCUITest, browserName=safari, takesScreenshot=true, javascriptEnabled=true, platformName=iOS, recordScreenshots=false, udid=94e8af9b8abd844e5297e98ab00024ea84db2144, networkConnectionEnabled=false, testobject_test_name=verifyControlKeyDownTest[0], testobject_device=iPhone 7 32GB, databaseEnabled=false, testobject_project_id=testendpoint, version=, build=B-1.8, locationContextEnabled=false, name=verifyControlKeyDownTest[0], keychainPath=$HOME/work/testobject.keychain, testobject_api_key=C118D66142464D22BADE2E618CB527DF, keychainPassword=password, testobject_test_live_view_url=https://app.testobject.com/#/utsavraja/testendpoint/appium/view/644?dc=EU}]
Session ID: dad996ba-85b7-4bad-8da9-98d664f6f912
	at Saucelabs.TestSuite2.verifyControlKeyDownTest(TestSuite2.java:1036)
</error>
    <system-out><![CDATA[SauceOnDemandSessionID=dad996ba-85b7-4bad-8da9-98d664f6f912 job-name=Saucelabs.TestSuite2.verifyControlKeyDownTest[0]
Job link: https://saucelabs.com/jobs/dad996ba-85b7-4bad-8da9-98d664f6f912?auth=974c712706e2448be4f8779140c2a0a7
]]></system-out>
    <system-err><![CDATA[Jul 19, 2017 5:33:44 PM org.openqa.selenium.remote.ProtocolHandshake createSession
INFO: Detected dialect: OSS
Jul 19, 2017 5:33:55 PM com.saucelabs.saucerest.SauceREST closeInputStream
WARNING: Error closing result stream
java.io.FileNotFoundException: https://saucelabs.com/rest/v1/rajautsav/jobs/dad996ba-85b7-4bad-8da9-98d664f6f912
	at sun.net.www.protocol.http.HttpURLConnection.getInputStream0(HttpURLConnection.java:1872)
	at sun.net.www.protocol.http.HttpURLConnection.getInputStream(HttpURLConnection.java:1474)
	at sun.net.www.protocol.https.HttpsURLConnectionImpl.getInputStream(HttpsURLConnectionImpl.java:254)
	at com.saucelabs.saucerest.SauceREST.closeInputStream(SauceREST.java:442)
	at com.saucelabs.saucerest.SauceREST.updateJobInfo(SauceREST.java:410)
	at com.saucelabs.junit.SauceOnDemandTestWatcher.failed(SauceOnDemandTestWatcher.java:119)
	at org.junit.rules.TestWatcher.failedQuietly(TestWatcher.java:84)
	at org.junit.rules.TestWatcher.access$300(TestWatcher.java:46)
	at org.junit.rules.TestWatcher$1.evaluate(TestWatcher.java:62)
	at org.junit.rules.TestWatcher$1.evaluate(TestWatcher.java:55)
	at org.junit.rules.RunRules.evaluate(RunRules.java:20)
	at org.junit.runners.ParentRunner.runLeaf(ParentRunner.java:325)
	at org.junit.runners.BlockJUnit4ClassRunner.runChild(BlockJUnit4ClassRunner.java:78)
	at com.saucelabs.junit.ConcurrentParameterized$SauceClassRunnerForParameters.access$300(ConcurrentParameterized.java:166)
	at com.saucelabs.junit.ConcurrentParameterized$SauceClassRunnerForParameters$2.run(ConcurrentParameterized.java:283)
	at com.saucelabs.junit.ConcurrentParameterized$NonBlockingAsynchronousRunner$1.call(ConcurrentParameterized.java:308)
	at java.util.concurrent.FutureTask.run(FutureTask.java:266)
	at java.util.concurrent.ThreadPoolExecutor.runWorker(ThreadPoolExecutor.java:1142)
	at java.util.concurrent.ThreadPoolExecutor$Worker.run(ThreadPoolExecutor.java:617)
	at java.lang.Thread.run(Thread.java:748)

]]></system-err>
  </testcase>
  <testcase name="verifyWindowPositionTest[0]" classname="Saucelabs.TestSuite2" time="1,208.501">
    <error message="Method is not implemented (WARNING: The server did not provide any stacktrace information)&#10;Command duration or timeout: 195 milliseconds&#10;Build info: version: &apos;3.4.0&apos;, revision: &apos;unknown&apos;, time: &apos;unknown&apos;&#10;System info: host: &apos;JYOTHIN-MBP.local&apos;, ip: &apos;fe80:0:0:0:c6b3:1ff:fec2:cb65%en0&apos;, os.name: &apos;Mac OS X&apos;, os.arch: &apos;x86_64&apos;, os.version: &apos;10.11.6&apos;, java.version: &apos;1.8.0_131&apos;&#10;Driver info: org.openqa.selenium.remote.RemoteWebDriver&#10;Capabilities [{testobject_user_id=utsavraja, testobject_platform_name=iOS, testobject_test_report_url=https://app.testobject.com/#/utsavraja/testendpoint/appium/executions/645, testobjectApiKey=C118D66142464D22BADE2E618CB527DF, loggingPrefs={browser=ALL}, testobject_suite_name=B-1.8, xcodeConfigFile=$HOME/work/testobject.xcconfig, testobject_device_session_id=e586c023-8334-4efd-acb7-d9dadc1a9e32, deviceName=a540db4273454207842a0a336b2e30e31d16d15c, platform=UNIX, webDriverAgentUrl=http://127.0.0.1:5726, testobject_test_report_id=645.0, webStorageEnabled=false, testobject_platform_version=10.0, automationName=XCUITest, browserName=safari, takesScreenshot=true, javascriptEnabled=true, platformName=iOS, recordScreenshots=false, udid=a540db4273454207842a0a336b2e30e31d16d15c, networkConnectionEnabled=false, testobject_test_name=verifyWindowPositionTest[0], testobject_device=iPhone 7 32GB, databaseEnabled=false, testobject_project_id=testendpoint, version=, build=B-1.8, locationContextEnabled=false, name=verifyWindowPositionTest[0], keychainPath=$HOME/work/testobject.keychain, testobject_api_key=C118D66142464D22BADE2E618CB527DF, keychainPassword=password, testobject_test_live_view_url=https://app.testobject.com/#/utsavraja/testendpoint/appium/view/645?dc=EU}]&#10;Session ID: dd392298-d3fe-4c80-8ad2-59d85c000f91" type="org.openqa.selenium.WebDriverException">org.openqa.selenium.WebDriverException: 
Method is not implemented (WARNING: The server did not provide any stacktrace information)
Command duration or timeout: 195 milliseconds
Build info: version: '3.4.0', revision: 'unknown', time: 'unknown'
System info: host: 'JYOTHIN-MBP.local', ip: 'fe80:0:0:0:c6b3:1ff:fec2:cb65%en0', os.name: 'Mac OS X', os.arch: 'x86_64', os.version: '10.11.6', java.version: '1.8.0_131'
Driver info: org.openqa.selenium.remote.RemoteWebDriver
Capabilities [{testobject_user_id=utsavraja, testobject_platform_name=iOS, testobject_test_report_url=https://app.testobject.com/#/utsavraja/testendpoint/appium/executions/645, testobjectApiKey=C118D66142464D22BADE2E618CB527DF, loggingPrefs={browser=ALL}, testobject_suite_name=B-1.8, xcodeConfigFile=$HOME/work/testobject.xcconfig, testobject_device_session_id=e586c023-8334-4efd-acb7-d9dadc1a9e32, deviceName=a540db4273454207842a0a336b2e30e31d16d15c, platform=UNIX, webDriverAgentUrl=http://127.0.0.1:5726, testobject_test_report_id=645.0, webStorageEnabled=false, testobject_platform_version=10.0, automationName=XCUITest, browserName=safari, takesScreenshot=true, javascriptEnabled=true, platformName=iOS, recordScreenshots=false, udid=a540db4273454207842a0a336b2e30e31d16d15c, networkConnectionEnabled=false, testobject_test_name=verifyWindowPositionTest[0], testobject_device=iPhone 7 32GB, databaseEnabled=false, testobject_project_id=testendpoint, version=, build=B-1.8, locationContextEnabled=false, name=verifyWindowPositionTest[0], keychainPath=$HOME/work/testobject.keychain, testobject_api_key=C118D66142464D22BADE2E618CB527DF, keychainPassword=password, testobject_test_live_view_url=https://app.testobject.com/#/utsavraja/testendpoint/appium/view/645?dc=EU}]
Session ID: dd392298-d3fe-4c80-8ad2-59d85c000f91
	at Saucelabs.TestSuite2.verifyWindowPositionTest(TestSuite2.java:500)
</error>
    <system-out><![CDATA[SauceOnDemandSessionID=dd392298-d3fe-4c80-8ad2-59d85c000f91 job-name=Saucelabs.TestSuite2.verifyWindowPositionTest[0]
Job link: https://saucelabs.com/jobs/dd392298-d3fe-4c80-8ad2-59d85c000f91?auth=56c3bcf34b5cfef3617946627b4ff024
]]></system-out>
    <system-err><![CDATA[Jul 19, 2017 5:37:14 PM org.openqa.selenium.remote.ProtocolHandshake createSession
INFO: Detected dialect: OSS
Jul 19, 2017 5:37:19 PM com.saucelabs.saucerest.SauceREST closeInputStream
WARNING: Error closing result stream
java.io.FileNotFoundException: https://saucelabs.com/rest/v1/rajautsav/jobs/dd392298-d3fe-4c80-8ad2-59d85c000f91
	at sun.net.www.protocol.http.HttpURLConnection.getInputStream0(HttpURLConnection.java:1872)
	at sun.net.www.protocol.http.HttpURLConnection.getInputStream(HttpURLConnection.java:1474)
	at sun.net.www.protocol.https.HttpsURLConnectionImpl.getInputStream(HttpsURLConnectionImpl.java:254)
	at com.saucelabs.saucerest.SauceREST.closeInputStream(SauceREST.java:442)
	at com.saucelabs.saucerest.SauceREST.updateJobInfo(SauceREST.java:410)
	at com.saucelabs.junit.SauceOnDemandTestWatcher.failed(SauceOnDemandTestWatcher.java:119)
	at org.junit.rules.TestWatcher.failedQuietly(TestWatcher.java:84)
	at org.junit.rules.TestWatcher.access$300(TestWatcher.java:46)
	at org.junit.rules.TestWatcher$1.evaluate(TestWatcher.java:62)
	at org.junit.rules.TestWatcher$1.evaluate(TestWatcher.java:55)
	at org.junit.rules.RunRules.evaluate(RunRules.java:20)
	at org.junit.runners.ParentRunner.runLeaf(ParentRunner.java:325)
	at org.junit.runners.BlockJUnit4ClassRunner.runChild(BlockJUnit4ClassRunner.java:78)
	at com.saucelabs.junit.ConcurrentParameterized$SauceClassRunnerForParameters.access$300(ConcurrentParameterized.java:166)
	at com.saucelabs.junit.ConcurrentParameterized$SauceClassRunnerForParameters$2.run(ConcurrentParameterized.java:283)
	at com.saucelabs.junit.ConcurrentParameterized$NonBlockingAsynchronousRunner$1.call(ConcurrentParameterized.java:308)
	at java.util.concurrent.FutureTask.run(FutureTask.java:266)
	at java.util.concurrent.ThreadPoolExecutor.runWorker(ThreadPoolExecutor.java:1142)
	at java.util.concurrent.ThreadPoolExecutor$Worker.run(ThreadPoolExecutor.java:617)
	at java.lang.Thread.run(Thread.java:748)

]]></system-err>
  </testcase>
  <testcase name="verifyHoldAndReleaseTest[0]" classname="Saucelabs.TestSuite2" time="1,599.908">
    <error message="errorId: 98d46005-0312-472b-8410-69390d5a04ca - Unable to allocate device iPhone_7_32GB_10_real within 900000ms or 3 tries. This can happen if there were no available devices within the time or your plan&apos;s max concurrent test run is not corresponding to your usage&#10;Build info: version: &apos;unknown&apos;, revision: &apos;unknown&apos;, time: &apos;unknown&apos;&#10;System info: host: &apos;5dde51a8fbfa&apos;, ip: &apos;172.17.0.5&apos;, os.name: &apos;Linux&apos;, os.arch: &apos;amd64&apos;, os.version: &apos;4.8.0-45-generic&apos;, java.version: &apos;1.8.0_131&apos;&#10;Driver info: driver.version: unknown&#10;Command duration or timeout: 1599.90 seconds" type="org.openqa.selenium.SessionNotCreatedException">org.openqa.selenium.SessionNotCreatedException: 
errorId: 98d46005-0312-472b-8410-69390d5a04ca - Unable to allocate device iPhone_7_32GB_10_real within 900000ms or 3 tries. This can happen if there were no available devices within the time or your plan's max concurrent test run is not corresponding to your usage
Build info: version: 'unknown', revision: 'unknown', time: 'unknown'
System info: host: '5dde51a8fbfa', ip: '172.17.0.5', os.name: 'Linux', os.arch: 'amd64', os.version: '4.8.0-45-generic', java.version: '1.8.0_131'
Driver info: driver.version: unknown
Command duration or timeout: 1599.90 seconds
Caused by: org.openqa.selenium.SessionNotCreatedException: 
errorId: 98d46005-0312-472b-8410-69390d5a04ca - Unable to allocate device iPhone_7_32GB_10_real within 900000ms or 3 tries. This can happen if there were no available devices within the time or your plan's max concurrent test run is not corresponding to your usage
Build info: version: 'unknown', revision: 'unknown', time: 'unknown'
System info: host: '5dde51a8fbfa', ip: '172.17.0.5', os.name: 'Linux', os.arch: 'amd64', os.version: '4.8.0-45-generic', java.version: '1.8.0_131'
Driver info: driver.version: unknown
Build info: version: '3.4.0', revision: 'unknown', time: 'unknown'
System info: host: 'JYOTHIN-MBP.local', ip: 'fe80:0:0:0:c6b3:1ff:fec2:cb65%en0', os.name: 'Mac OS X', os.arch: 'x86_64', os.version: '10.11.6', java.version: '1.8.0_131'
Driver info: driver.version: unknown
</error>
  </testcase>
  <testcase name="verifyActionSendKeysTest[0]" classname="Saucelabs.TestSuite2" time="393.025">
    <error message="Method has not yet been implemented (WARNING: The server did not provide any stacktrace information)&#10;Command duration or timeout: 260 milliseconds&#10;Build info: version: &apos;3.4.0&apos;, revision: &apos;unknown&apos;, time: &apos;unknown&apos;&#10;System info: host: &apos;JYOTHIN-MBP.local&apos;, ip: &apos;fe80:0:0:0:c6b3:1ff:fec2:cb65%en0&apos;, os.name: &apos;Mac OS X&apos;, os.arch: &apos;x86_64&apos;, os.version: &apos;10.11.6&apos;, java.version: &apos;1.8.0_131&apos;&#10;Driver info: org.openqa.selenium.remote.RemoteWebDriver&#10;Capabilities [{testobject_user_id=utsavraja, testobject_platform_name=iOS, testobject_test_report_url=https://app.testobject.com/#/utsavraja/testendpoint/appium/executions/647, testobjectApiKey=C118D66142464D22BADE2E618CB527DF, loggingPrefs={browser=ALL}, testobject_suite_name=B-1.8, xcodeConfigFile=$HOME/work/testobject.xcconfig, testobject_device_session_id=30fb34a7-6fb7-46b3-83cc-3b5a1f098e8f, deviceName=94e8af9b8abd844e5297e98ab00024ea84db2144, platform=UNIX, webDriverAgentUrl=http://127.0.0.1:5725, testobject_test_report_id=647.0, webStorageEnabled=false, testobject_platform_version=10.0, automationName=XCUITest, browserName=safari, takesScreenshot=true, javascriptEnabled=true, platformName=iOS, recordScreenshots=false, udid=94e8af9b8abd844e5297e98ab00024ea84db2144, networkConnectionEnabled=false, testobject_test_name=verifyActionSendKeysTest[0], testobject_device=iPhone 7 32GB, databaseEnabled=false, testobject_project_id=testendpoint, version=, build=B-1.8, locationContextEnabled=false, name=verifyActionSendKeysTest[0], keychainPath=$HOME/work/testobject.keychain, testobject_api_key=C118D66142464D22BADE2E618CB527DF, keychainPassword=password, testobject_test_live_view_url=https://app.testobject.com/#/utsavraja/testendpoint/appium/view/647?dc=EU}]&#10;Session ID: 9fc55d94-c8c5-44e9-8670-52dc8a5756c2" type="org.openqa.selenium.WebDriverException">org.openqa.selenium.WebDriverException: 
Method has not yet been implemented (WARNING: The server did not provide any stacktrace information)
Command duration or timeout: 260 milliseconds
Build info: version: '3.4.0', revision: 'unknown', time: 'unknown'
System info: host: 'JYOTHIN-MBP.local', ip: 'fe80:0:0:0:c6b3:1ff:fec2:cb65%en0', os.name: 'Mac OS X', os.arch: 'x86_64', os.version: '10.11.6', java.version: '1.8.0_131'
Driver info: org.openqa.selenium.remote.RemoteWebDriver
Capabilities [{testobject_user_id=utsavraja, testobject_platform_name=iOS, testobject_test_report_url=https://app.testobject.com/#/utsavraja/testendpoint/appium/executions/647, testobjectApiKey=C118D66142464D22BADE2E618CB527DF, loggingPrefs={browser=ALL}, testobject_suite_name=B-1.8, xcodeConfigFile=$HOME/work/testobject.xcconfig, testobject_device_session_id=30fb34a7-6fb7-46b3-83cc-3b5a1f098e8f, deviceName=94e8af9b8abd844e5297e98ab00024ea84db2144, platform=UNIX, webDriverAgentUrl=http://127.0.0.1:5725, testobject_test_report_id=647.0, webStorageEnabled=false, testobject_platform_version=10.0, automationName=XCUITest, browserName=safari, takesScreenshot=true, javascriptEnabled=true, platformName=iOS, recordScreenshots=false, udid=94e8af9b8abd844e5297e98ab00024ea84db2144, networkConnectionEnabled=false, testobject_test_name=verifyActionSendKeysTest[0], testobject_device=iPhone 7 32GB, databaseEnabled=false, testobject_project_id=testendpoint, version=, build=B-1.8, locationContextEnabled=false, name=verifyActionSendKeysTest[0], keychainPath=$HOME/work/testobject.keychain, testobject_api_key=C118D66142464D22BADE2E618CB527DF, keychainPassword=password, testobject_test_live_view_url=https://app.testobject.com/#/utsavraja/testendpoint/appium/view/647?dc=EU}]
Session ID: 9fc55d94-c8c5-44e9-8670-52dc8a5756c2
	at Saucelabs.TestSuite2.verifyActionSendKeysTest(TestSuite2.java:718)
</error>
    <system-out><![CDATA[SauceOnDemandSessionID=9fc55d94-c8c5-44e9-8670-52dc8a5756c2 job-name=Saucelabs.TestSuite2.verifyActionSendKeysTest[0]
Job link: https://saucelabs.com/jobs/9fc55d94-c8c5-44e9-8670-52dc8a5756c2?auth=6603b3583c4dd9c5bad428529e040506
]]></system-out>
    <system-err><![CDATA[Jul 19, 2017 5:24:53 PM org.openqa.selenium.remote.ProtocolHandshake createSession
INFO: Detected dialect: OSS
Jul 19, 2017 5:24:59 PM com.saucelabs.saucerest.SauceREST closeInputStream
WARNING: Error closing result stream
java.io.FileNotFoundException: https://saucelabs.com/rest/v1/rajautsav/jobs/9fc55d94-c8c5-44e9-8670-52dc8a5756c2
	at sun.net.www.protocol.http.HttpURLConnection.getInputStream0(HttpURLConnection.java:1872)
	at sun.net.www.protocol.http.HttpURLConnection.getInputStream(HttpURLConnection.java:1474)
	at sun.net.www.protocol.https.HttpsURLConnectionImpl.getInputStream(HttpsURLConnectionImpl.java:254)
	at com.saucelabs.saucerest.SauceREST.closeInputStream(SauceREST.java:442)
	at com.saucelabs.saucerest.SauceREST.updateJobInfo(SauceREST.java:410)
	at com.saucelabs.junit.SauceOnDemandTestWatcher.failed(SauceOnDemandTestWatcher.java:119)
	at org.junit.rules.TestWatcher.failedQuietly(TestWatcher.java:84)
	at org.junit.rules.TestWatcher.access$300(TestWatcher.java:46)
	at org.junit.rules.TestWatcher$1.evaluate(TestWatcher.java:62)
	at org.junit.rules.TestWatcher$1.evaluate(TestWatcher.java:55)
	at org.junit.rules.RunRules.evaluate(RunRules.java:20)
	at org.junit.runners.ParentRunner.runLeaf(ParentRunner.java:325)
	at org.junit.runners.BlockJUnit4ClassRunner.runChild(BlockJUnit4ClassRunner.java:78)
	at com.saucelabs.junit.ConcurrentParameterized$SauceClassRunnerForParameters.access$300(ConcurrentParameterized.java:166)
	at com.saucelabs.junit.ConcurrentParameterized$SauceClassRunnerForParameters$2.run(ConcurrentParameterized.java:283)
	at com.saucelabs.junit.ConcurrentParameterized$NonBlockingAsynchronousRunner$1.call(ConcurrentParameterized.java:308)
	at java.util.concurrent.FutureTask.run(FutureTask.java:266)
	at java.util.concurrent.ThreadPoolExecutor.runWorker(ThreadPoolExecutor.java:1142)
	at java.util.concurrent.ThreadPoolExecutor$Worker.run(ThreadPoolExecutor.java:617)
	at java.lang.Thread.run(Thread.java:748)

]]></system-err>
  </testcase>
  <testcase name="verifyFileUploadTest[0]" classname="Saucelabs.TestSuite2" time="1,181.334">
    <error message="errorId: 18dde65d-cf22-4e06-a5d6-da974c23200b - Unable to allocate device iPhone_7_32GB_10_real within 900000ms or 3 tries. This can happen if there were no available devices within the time or your plan&apos;s max concurrent test run is not corresponding to your usage&#10;Build info: version: &apos;unknown&apos;, revision: &apos;unknown&apos;, time: &apos;unknown&apos;&#10;System info: host: &apos;5dde51a8fbfa&apos;, ip: &apos;172.17.0.5&apos;, os.name: &apos;Linux&apos;, os.arch: &apos;amd64&apos;, os.version: &apos;4.8.0-45-generic&apos;, java.version: &apos;1.8.0_131&apos;&#10;Driver info: driver.version: unknown&#10;Command duration or timeout: 1181.33 seconds" type="org.openqa.selenium.SessionNotCreatedException">org.openqa.selenium.SessionNotCreatedException: 
errorId: 18dde65d-cf22-4e06-a5d6-da974c23200b - Unable to allocate device iPhone_7_32GB_10_real within 900000ms or 3 tries. This can happen if there were no available devices within the time or your plan's max concurrent test run is not corresponding to your usage
Build info: version: 'unknown', revision: 'unknown', time: 'unknown'
System info: host: '5dde51a8fbfa', ip: '172.17.0.5', os.name: 'Linux', os.arch: 'amd64', os.version: '4.8.0-45-generic', java.version: '1.8.0_131'
Driver info: driver.version: unknown
Command duration or timeout: 1181.33 seconds
Caused by: org.openqa.selenium.SessionNotCreatedException: 
errorId: 18dde65d-cf22-4e06-a5d6-da974c23200b - Unable to allocate device iPhone_7_32GB_10_real within 900000ms or 3 tries. This can happen if there were no available devices within the time or your plan's max concurrent test run is not corresponding to your usage
Build info: version: 'unknown', revision: 'unknown', time: 'unknown'
System info: host: '5dde51a8fbfa', ip: '172.17.0.5', os.name: 'Linux', os.arch: 'amd64', os.version: '4.8.0-45-generic', java.version: '1.8.0_131'
Driver info: driver.version: unknown
Build info: version: '3.4.0', revision: 'unknown', time: 'unknown'
System info: host: 'JYOTHIN-MBP.local', ip: 'fe80:0:0:0:c6b3:1ff:fec2:cb65%en0', os.name: 'Mac OS X', os.arch: 'x86_64', os.version: '10.11.6', java.version: '1.8.0_131'
Driver info: driver.version: unknown
</error>
  </testcase>
  <testcase name="verifyGetElementByPartialLinkTest[0]" classname="Saucelabs.TestSuite2" time="1,129.048"/>
  <testcase name="verifyIsEnabledTest[0]" classname="Saucelabs.TestSuite2" time="1,009.475"/>
  <testcase name="verifyPageSourceTest[0]" classname="Saucelabs.TestSuite2" time="1,698.243">
    <error message="errorId: 4e1aaac6-dedf-4ef1-9485-52fd93a77fe8 - Unable to allocate device iPhone_7_32GB_10_real within 900000ms or 3 tries. This can happen if there were no available devices within the time or your plan&apos;s max concurrent test run is not corresponding to your usage&#10;Build info: version: &apos;unknown&apos;, revision: &apos;unknown&apos;, time: &apos;unknown&apos;&#10;System info: host: &apos;5dde51a8fbfa&apos;, ip: &apos;172.17.0.5&apos;, os.name: &apos;Linux&apos;, os.arch: &apos;amd64&apos;, os.version: &apos;4.8.0-45-generic&apos;, java.version: &apos;1.8.0_131&apos;&#10;Driver info: driver.version: unknown&#10;Command duration or timeout: 1698.24 seconds" type="org.openqa.selenium.SessionNotCreatedException">org.openqa.selenium.SessionNotCreatedException: 
errorId: 4e1aaac6-dedf-4ef1-9485-52fd93a77fe8 - Unable to allocate device iPhone_7_32GB_10_real within 900000ms or 3 tries. This can happen if there were no available devices within the time or your plan's max concurrent test run is not corresponding to your usage
Build info: version: 'unknown', revision: 'unknown', time: 'unknown'
System info: host: '5dde51a8fbfa', ip: '172.17.0.5', os.name: 'Linux', os.arch: 'amd64', os.version: '4.8.0-45-generic', java.version: '1.8.0_131'
Driver info: driver.version: unknown
Command duration or timeout: 1698.24 seconds
Caused by: org.openqa.selenium.SessionNotCreatedException: 
errorId: 4e1aaac6-dedf-4ef1-9485-52fd93a77fe8 - Unable to allocate device iPhone_7_32GB_10_real within 900000ms or 3 tries. This can happen if there were no available devices within the time or your plan's max concurrent test run is not corresponding to your usage
Build info: version: 'unknown', revision: 'unknown', time: 'unknown'
System info: host: '5dde51a8fbfa', ip: '172.17.0.5', os.name: 'Linux', os.arch: 'amd64', os.version: '4.8.0-45-generic', java.version: '1.8.0_131'
Driver info: driver.version: unknown
Build info: version: '3.4.0', revision: 'unknown', time: 'unknown'
System info: host: 'JYOTHIN-MBP.local', ip: 'fe80:0:0:0:c6b3:1ff:fec2:cb65%en0', os.name: 'Mac OS X', os.arch: 'x86_64', os.version: '10.11.6', java.version: '1.8.0_131'
Driver info: driver.version: unknown
</error>
  </testcase>
  <testcase name="verifyGetLocalStorageSizeTest[0]" classname="Saucelabs.TestSuite2" time="917.731">
    <error type="java.lang.NullPointerException">java.lang.NullPointerException
	at Saucelabs.TestSuite2.verifyGetLocalStorageSizeTest(TestSuite2.java:995)
</error>
    <system-out><![CDATA[SauceOnDemandSessionID=85998316-7b54-41ad-8090-87dae0a31dc0 job-name=Saucelabs.TestSuite2.verifyGetLocalStorageSizeTest[0]
Job link: https://saucelabs.com/jobs/85998316-7b54-41ad-8090-87dae0a31dc0?auth=2793801ad8ad0278e2f9395162cca1ee
]]></system-out>
    <system-err><![CDATA[Jul 19, 2017 5:36:59 PM org.openqa.selenium.remote.ProtocolHandshake createSession
INFO: Detected dialect: OSS
Jul 19, 2017 5:37:05 PM com.saucelabs.saucerest.SauceREST closeInputStream
WARNING: Error closing result stream
java.io.FileNotFoundException: https://saucelabs.com/rest/v1/rajautsav/jobs/85998316-7b54-41ad-8090-87dae0a31dc0
	at sun.net.www.protocol.http.HttpURLConnection.getInputStream0(HttpURLConnection.java:1872)
	at sun.net.www.protocol.http.HttpURLConnection.getInputStream(HttpURLConnection.java:1474)
	at sun.net.www.protocol.https.HttpsURLConnectionImpl.getInputStream(HttpsURLConnectionImpl.java:254)
	at com.saucelabs.saucerest.SauceREST.closeInputStream(SauceREST.java:442)
	at com.saucelabs.saucerest.SauceREST.updateJobInfo(SauceREST.java:410)
	at com.saucelabs.junit.SauceOnDemandTestWatcher.failed(SauceOnDemandTestWatcher.java:119)
	at org.junit.rules.TestWatcher.failedQuietly(TestWatcher.java:84)
	at org.junit.rules.TestWatcher.access$300(TestWatcher.java:46)
	at org.junit.rules.TestWatcher$1.evaluate(TestWatcher.java:62)
	at org.junit.rules.TestWatcher$1.evaluate(TestWatcher.java:55)
	at org.junit.rules.RunRules.evaluate(RunRules.java:20)
	at org.junit.runners.ParentRunner.runLeaf(ParentRunner.java:325)
	at org.junit.runners.BlockJUnit4ClassRunner.runChild(BlockJUnit4ClassRunner.java:78)
	at com.saucelabs.junit.ConcurrentParameterized$SauceClassRunnerForParameters.access$300(ConcurrentParameterized.java:166)
	at com.saucelabs.junit.ConcurrentParameterized$SauceClassRunnerForParameters$2.run(ConcurrentParameterized.java:283)
	at com.saucelabs.junit.ConcurrentParameterized$NonBlockingAsynchronousRunner$1.call(ConcurrentParameterized.java:308)
	at java.util.concurrent.FutureTask.run(FutureTask.java:266)
	at java.util.concurrent.ThreadPoolExecutor.runWorker(ThreadPoolExecutor.java:1142)
	at java.util.concurrent.ThreadPoolExecutor$Worker.run(ThreadPoolExecutor.java:617)
	at java.lang.Thread.run(Thread.java:748)

]]></system-err>
  </testcase>
  <testcase name="verifyElementLocationTest[0]" classname="Saucelabs.TestSuite2" time="973.883">
    <error message="errorId: 257694f4-ab05-4083-9220-1d2d759d164d - Unable to allocate device iPhone_7_32GB_10_real within 900000ms or 3 tries. This can happen if there were no available devices within the time or your plan&apos;s max concurrent test run is not corresponding to your usage&#10;Build info: version: &apos;unknown&apos;, revision: &apos;unknown&apos;, time: &apos;unknown&apos;&#10;System info: host: &apos;5dde51a8fbfa&apos;, ip: &apos;172.17.0.5&apos;, os.name: &apos;Linux&apos;, os.arch: &apos;amd64&apos;, os.version: &apos;4.8.0-45-generic&apos;, java.version: &apos;1.8.0_131&apos;&#10;Driver info: driver.version: unknown&#10;Command duration or timeout: 973.88 seconds" type="org.openqa.selenium.SessionNotCreatedException">org.openqa.selenium.SessionNotCreatedException: 
errorId: 257694f4-ab05-4083-9220-1d2d759d164d - Unable to allocate device iPhone_7_32GB_10_real within 900000ms or 3 tries. This can happen if there were no available devices within the time or your plan's max concurrent test run is not corresponding to your usage
Build info: version: 'unknown', revision: 'unknown', time: 'unknown'
System info: host: '5dde51a8fbfa', ip: '172.17.0.5', os.name: 'Linux', os.arch: 'amd64', os.version: '4.8.0-45-generic', java.version: '1.8.0_131'
Driver info: driver.version: unknown
Command duration or timeout: 973.88 seconds
Caused by: org.openqa.selenium.SessionNotCreatedException: 
errorId: 257694f4-ab05-4083-9220-1d2d759d164d - Unable to allocate device iPhone_7_32GB_10_real within 900000ms or 3 tries. This can happen if there were no available devices within the time or your plan's max concurrent test run is not corresponding to your usage
Build info: version: 'unknown', revision: 'unknown', time: 'unknown'
System info: host: '5dde51a8fbfa', ip: '172.17.0.5', os.name: 'Linux', os.arch: 'amd64', os.version: '4.8.0-45-generic', java.version: '1.8.0_131'
Driver info: driver.version: unknown
Build info: version: '3.4.0', revision: 'unknown', time: 'unknown'
System info: host: 'JYOTHIN-MBP.local', ip: 'fe80:0:0:0:c6b3:1ff:fec2:cb65%en0', os.name: 'Mac OS X', os.arch: 'x86_64', os.version: '10.11.6', java.version: '1.8.0_131'
Driver info: driver.version: unknown
</error>
  </testcase>
  <testcase name="verifySendKeysClearTest[0]" classname="Saucelabs.TestSuite2" time="1,769.257">
    <error message="errorId: 0c608e75-9d84-45dd-9fbe-5ec98989ece4 - Unable to allocate device iPhone_7_32GB_10_real within 900000ms or 3 tries. This can happen if there were no available devices within the time or your plan&apos;s max concurrent test run is not corresponding to your usage&#10;Build info: version: &apos;unknown&apos;, revision: &apos;unknown&apos;, time: &apos;unknown&apos;&#10;System info: host: &apos;5dde51a8fbfa&apos;, ip: &apos;172.17.0.5&apos;, os.name: &apos;Linux&apos;, os.arch: &apos;amd64&apos;, os.version: &apos;4.8.0-45-generic&apos;, java.version: &apos;1.8.0_131&apos;&#10;Driver info: driver.version: unknown&#10;Command duration or timeout: 1769.25 seconds" type="org.openqa.selenium.SessionNotCreatedException">org.openqa.selenium.SessionNotCreatedException: 
errorId: 0c608e75-9d84-45dd-9fbe-5ec98989ece4 - Unable to allocate device iPhone_7_32GB_10_real within 900000ms or 3 tries. This can happen if there were no available devices within the time or your plan's max concurrent test run is not corresponding to your usage
Build info: version: 'unknown', revision: 'unknown', time: 'unknown'
System info: host: '5dde51a8fbfa', ip: '172.17.0.5', os.name: 'Linux', os.arch: 'amd64', os.version: '4.8.0-45-generic', java.version: '1.8.0_131'
Driver info: driver.version: unknown
Command duration or timeout: 1769.25 seconds
Caused by: org.openqa.selenium.SessionNotCreatedException: 
errorId: 0c608e75-9d84-45dd-9fbe-5ec98989ece4 - Unable to allocate device iPhone_7_32GB_10_real within 900000ms or 3 tries. This can happen if there were no available devices within the time or your plan's max concurrent test run is not corresponding to your usage
Build info: version: 'unknown', revision: 'unknown', time: 'unknown'
System info: host: '5dde51a8fbfa', ip: '172.17.0.5', os.name: 'Linux', os.arch: 'amd64', os.version: '4.8.0-45-generic', java.version: '1.8.0_131'
Driver info: driver.version: unknown
Build info: version: '3.4.0', revision: 'unknown', time: 'unknown'
System info: host: 'JYOTHIN-MBP.local', ip: 'fe80:0:0:0:c6b3:1ff:fec2:cb65%en0', os.name: 'Mac OS X', os.arch: 'x86_64', os.version: '10.11.6', java.version: '1.8.0_131'
Driver info: driver.version: unknown
</error>
  </testcase>
  <testcase name="verifyElementMoveTest[0]" classname="Saucelabs.TestSuite2" time="409.31"/>
  <testcase name="verifyAlertDismissTest[0]" classname="Saucelabs.TestSuite2" time="390.391">
    <error message="An unknown server-side error occurred while processing the command. Original error: Error while executing atom: operation timed out (WARNING: The server did not provide any stacktrace information)&#10;Command duration or timeout: 5.27 seconds&#10;Build info: version: &apos;3.4.0&apos;, revision: &apos;unknown&apos;, time: &apos;unknown&apos;&#10;System info: host: &apos;JYOTHIN-MBP.local&apos;, ip: &apos;fe80:0:0:0:c6b3:1ff:fec2:cb65%en0&apos;, os.name: &apos;Mac OS X&apos;, os.arch: &apos;x86_64&apos;, os.version: &apos;10.11.6&apos;, java.version: &apos;1.8.0_131&apos;&#10;Driver info: org.openqa.selenium.remote.RemoteWebDriver&#10;Capabilities [{testobject_user_id=utsavraja, testobject_platform_name=iOS, testobject_test_report_url=https://app.testobject.com/#/utsavraja/testendpoint/appium/executions/656, testobjectApiKey=C118D66142464D22BADE2E618CB527DF, loggingPrefs={browser=ALL}, testobject_suite_name=B-1.8, xcodeConfigFile=$HOME/work/testobject.xcconfig, testobject_device_session_id=52771ebc-90b1-4dc6-82fc-e244be0a0dd7, deviceName=94e8af9b8abd844e5297e98ab00024ea84db2144, platform=UNIX, webDriverAgentUrl=http://127.0.0.1:5725, testobject_test_report_id=656.0, webStorageEnabled=false, testobject_platform_version=10.0, automationName=XCUITest, browserName=safari, takesScreenshot=true, javascriptEnabled=true, platformName=iOS, recordScreenshots=false, udid=94e8af9b8abd844e5297e98ab00024ea84db2144, networkConnectionEnabled=false, testobject_test_name=verifyAlertDismissTest[0], testobject_device=iPhone 7 32GB, databaseEnabled=false, testobject_project_id=testendpoint, version=, build=B-1.8, locationContextEnabled=false, name=verifyAlertDismissTest[0], keychainPath=$HOME/work/testobject.keychain, testobject_api_key=C118D66142464D22BADE2E618CB527DF, keychainPassword=password, testobject_test_live_view_url=https://app.testobject.com/#/utsavraja/testendpoint/appium/view/656?dc=EU}]&#10;Session ID: 03fa05df-40b4-4067-9d7b-7abba7c2eea2" type="org.openqa.selenium.WebDriverException">org.openqa.selenium.WebDriverException: 
An unknown server-side error occurred while processing the command. Original error: Error while executing atom: operation timed out (WARNING: The server did not provide any stacktrace information)
Command duration or timeout: 5.27 seconds
Build info: version: '3.4.0', revision: 'unknown', time: 'unknown'
System info: host: 'JYOTHIN-MBP.local', ip: 'fe80:0:0:0:c6b3:1ff:fec2:cb65%en0', os.name: 'Mac OS X', os.arch: 'x86_64', os.version: '10.11.6', java.version: '1.8.0_131'
Driver info: org.openqa.selenium.remote.RemoteWebDriver
Capabilities [{testobject_user_id=utsavraja, testobject_platform_name=iOS, testobject_test_report_url=https://app.testobject.com/#/utsavraja/testendpoint/appium/executions/656, testobjectApiKey=C118D66142464D22BADE2E618CB527DF, loggingPrefs={browser=ALL}, testobject_suite_name=B-1.8, xcodeConfigFile=$HOME/work/testobject.xcconfig, testobject_device_session_id=52771ebc-90b1-4dc6-82fc-e244be0a0dd7, deviceName=94e8af9b8abd844e5297e98ab00024ea84db2144, platform=UNIX, webDriverAgentUrl=http://127.0.0.1:5725, testobject_test_report_id=656.0, webStorageEnabled=false, testobject_platform_version=10.0, automationName=XCUITest, browserName=safari, takesScreenshot=true, javascriptEnabled=true, platformName=iOS, recordScreenshots=false, udid=94e8af9b8abd844e5297e98ab00024ea84db2144, networkConnectionEnabled=false, testobject_test_name=verifyAlertDismissTest[0], testobject_device=iPhone 7 32GB, databaseEnabled=false, testobject_project_id=testendpoint, version=, build=B-1.8, locationContextEnabled=false, name=verifyAlertDismissTest[0], keychainPath=$HOME/work/testobject.keychain, testobject_api_key=C118D66142464D22BADE2E618CB527DF, keychainPassword=password, testobject_test_live_view_url=https://app.testobject.com/#/utsavraja/testendpoint/appium/view/656?dc=EU}]
Session ID: 03fa05df-40b4-4067-9d7b-7abba7c2eea2
	at Saucelabs.TestSuite2.verifyAlertDismissTest(TestSuite2.java:403)
</error>
    <system-out><![CDATA[SauceOnDemandSessionID=03fa05df-40b4-4067-9d7b-7abba7c2eea2 job-name=Saucelabs.TestSuite2.verifyAlertDismissTest[0]
Job link: https://saucelabs.com/jobs/03fa05df-40b4-4067-9d7b-7abba7c2eea2?auth=45cc29ee9e8b54b53cd91785ab07f581
]]></system-out>
    <system-err><![CDATA[Jul 19, 2017 5:34:36 PM org.openqa.selenium.remote.ProtocolHandshake createSession
INFO: Detected dialect: OSS
Jul 19, 2017 5:34:45 PM com.saucelabs.saucerest.SauceREST closeInputStream
WARNING: Error closing result stream
java.io.FileNotFoundException: https://saucelabs.com/rest/v1/rajautsav/jobs/03fa05df-40b4-4067-9d7b-7abba7c2eea2
	at sun.net.www.protocol.http.HttpURLConnection.getInputStream0(HttpURLConnection.java:1872)
	at sun.net.www.protocol.http.HttpURLConnection.getInputStream(HttpURLConnection.java:1474)
	at sun.net.www.protocol.https.HttpsURLConnectionImpl.getInputStream(HttpsURLConnectionImpl.java:254)
	at com.saucelabs.saucerest.SauceREST.closeInputStream(SauceREST.java:442)
	at com.saucelabs.saucerest.SauceREST.updateJobInfo(SauceREST.java:410)
	at com.saucelabs.junit.SauceOnDemandTestWatcher.failed(SauceOnDemandTestWatcher.java:119)
	at org.junit.rules.TestWatcher.failedQuietly(TestWatcher.java:84)
	at org.junit.rules.TestWatcher.access$300(TestWatcher.java:46)
	at org.junit.rules.TestWatcher$1.evaluate(TestWatcher.java:62)
	at org.junit.rules.TestWatcher$1.evaluate(TestWatcher.java:55)
	at org.junit.rules.RunRules.evaluate(RunRules.java:20)
	at org.junit.runners.ParentRunner.runLeaf(ParentRunner.java:325)
	at org.junit.runners.BlockJUnit4ClassRunner.runChild(BlockJUnit4ClassRunner.java:78)
	at com.saucelabs.junit.ConcurrentParameterized$SauceClassRunnerForParameters.access$300(ConcurrentParameterized.java:166)
	at com.saucelabs.junit.ConcurrentParameterized$SauceClassRunnerForParameters$2.run(ConcurrentParameterized.java:283)
	at com.saucelabs.junit.ConcurrentParameterized$NonBlockingAsynchronousRunner$1.call(ConcurrentParameterized.java:308)
	at java.util.concurrent.FutureTask.run(FutureTask.java:266)
	at java.util.concurrent.ThreadPoolExecutor.runWorker(ThreadPoolExecutor.java:1142)
	at java.util.concurrent.ThreadPoolExecutor$Worker.run(ThreadPoolExecutor.java:617)
	at java.lang.Thread.run(Thread.java:748)

]]></system-err>
  </testcase>
  <testcase name="verifyDeleteCookieTest[0]" classname="Saucelabs.TestSuite2" time="577.232"/>
  <testcase name="verifyGetElementByXpathTest[0]" classname="Saucelabs.TestSuite2" time="670.036"/>
  <testcase name="verifyIsSelectedTest[0]" classname="Saucelabs.TestSuite2" time="907.659">
    <error message="errorId: f4027c28-7927-4aab-806d-8bafff7ead2b - Unable to allocate device  within 900000ms or 3 tries. This can happen if there were no available devices within the time or your plan&apos;s max concurrent test run is not corresponding to your usage&#10;Build info: version: &apos;unknown&apos;, revision: &apos;unknown&apos;, time: &apos;unknown&apos;&#10;System info: host: &apos;5dde51a8fbfa&apos;, ip: &apos;172.17.0.5&apos;, os.name: &apos;Linux&apos;, os.arch: &apos;amd64&apos;, os.version: &apos;4.8.0-45-generic&apos;, java.version: &apos;1.8.0_131&apos;&#10;Driver info: driver.version: unknown&#10;Command duration or timeout: 907.65 seconds" type="org.openqa.selenium.SessionNotCreatedException">org.openqa.selenium.SessionNotCreatedException: 
errorId: f4027c28-7927-4aab-806d-8bafff7ead2b - Unable to allocate device  within 900000ms or 3 tries. This can happen if there were no available devices within the time or your plan's max concurrent test run is not corresponding to your usage
Build info: version: 'unknown', revision: 'unknown', time: 'unknown'
System info: host: '5dde51a8fbfa', ip: '172.17.0.5', os.name: 'Linux', os.arch: 'amd64', os.version: '4.8.0-45-generic', java.version: '1.8.0_131'
Driver info: driver.version: unknown
Command duration or timeout: 907.65 seconds
Caused by: org.openqa.selenium.SessionNotCreatedException: 
errorId: f4027c28-7927-4aab-806d-8bafff7ead2b - Unable to allocate device  within 900000ms or 3 tries. This can happen if there were no available devices within the time or your plan's max concurrent test run is not corresponding to your usage
Build info: version: 'unknown', revision: 'unknown', time: 'unknown'
System info: host: '5dde51a8fbfa', ip: '172.17.0.5', os.name: 'Linux', os.arch: 'amd64', os.version: '4.8.0-45-generic', java.version: '1.8.0_131'
Driver info: driver.version: unknown
Build info: version: '3.4.0', revision: 'unknown', time: 'unknown'
System info: host: 'JYOTHIN-MBP.local', ip: 'fe80:0:0:0:c6b3:1ff:fec2:cb65%en0', os.name: 'Mac OS X', os.arch: 'x86_64', os.version: '10.11.6', java.version: '1.8.0_131'
Driver info: driver.version: unknown
</error>
  </testcase>
  <testcase name="verifyGetElementElementsTest[0]" classname="Saucelabs.TestSuite2" time="907.555">
    <error message="errorId: 26d7b978-eb03-42cf-808f-dd8eea5650be - Unable to allocate device  within 900000ms or 3 tries. This can happen if there were no available devices within the time or your plan&apos;s max concurrent test run is not corresponding to your usage&#10;Build info: version: &apos;unknown&apos;, revision: &apos;unknown&apos;, time: &apos;unknown&apos;&#10;System info: host: &apos;5dde51a8fbfa&apos;, ip: &apos;172.17.0.5&apos;, os.name: &apos;Linux&apos;, os.arch: &apos;amd64&apos;, os.version: &apos;4.8.0-45-generic&apos;, java.version: &apos;1.8.0_131&apos;&#10;Driver info: driver.version: unknown&#10;Command duration or timeout: 907.55 seconds" type="org.openqa.selenium.SessionNotCreatedException">org.openqa.selenium.SessionNotCreatedException: 
errorId: 26d7b978-eb03-42cf-808f-dd8eea5650be - Unable to allocate device  within 900000ms or 3 tries. This can happen if there were no available devices within the time or your plan's max concurrent test run is not corresponding to your usage
Build info: version: 'unknown', revision: 'unknown', time: 'unknown'
System info: host: '5dde51a8fbfa', ip: '172.17.0.5', os.name: 'Linux', os.arch: 'amd64', os.version: '4.8.0-45-generic', java.version: '1.8.0_131'
Driver info: driver.version: unknown
Command duration or timeout: 907.55 seconds
Caused by: org.openqa.selenium.SessionNotCreatedException: 
errorId: 26d7b978-eb03-42cf-808f-dd8eea5650be - Unable to allocate device  within 900000ms or 3 tries. This can happen if there were no available devices within the time or your plan's max concurrent test run is not corresponding to your usage
Build info: version: 'unknown', revision: 'unknown', time: 'unknown'
System info: host: '5dde51a8fbfa', ip: '172.17.0.5', os.name: 'Linux', os.arch: 'amd64', os.version: '4.8.0-45-generic', java.version: '1.8.0_131'
Driver info: driver.version: unknown
Build info: version: '3.4.0', revision: 'unknown', time: 'unknown'
System info: host: 'JYOTHIN-MBP.local', ip: 'fe80:0:0:0:c6b3:1ff:fec2:cb65%en0', os.name: 'Mac OS X', os.arch: 'x86_64', os.version: '10.11.6', java.version: '1.8.0_131'
Driver info: driver.version: unknown
</error>
  </testcase>
  <testcase name="verifyActionClickTest[0]" classname="Saucelabs.TestSuite2" time="907.99">
    <error message="errorId: b9ebf620-b8e7-455d-b05f-099520128f47 - Unable to allocate device  within 900000ms or 3 tries. This can happen if there were no available devices within the time or your plan&apos;s max concurrent test run is not corresponding to your usage&#10;Build info: version: &apos;unknown&apos;, revision: &apos;unknown&apos;, time: &apos;unknown&apos;&#10;System info: host: &apos;5dde51a8fbfa&apos;, ip: &apos;172.17.0.5&apos;, os.name: &apos;Linux&apos;, os.arch: &apos;amd64&apos;, os.version: &apos;4.8.0-45-generic&apos;, java.version: &apos;1.8.0_131&apos;&#10;Driver info: driver.version: unknown&#10;Command duration or timeout: 907.99 seconds" type="org.openqa.selenium.SessionNotCreatedException">org.openqa.selenium.SessionNotCreatedException: 
errorId: b9ebf620-b8e7-455d-b05f-099520128f47 - Unable to allocate device  within 900000ms or 3 tries. This can happen if there were no available devices within the time or your plan's max concurrent test run is not corresponding to your usage
Build info: version: 'unknown', revision: 'unknown', time: 'unknown'
System info: host: '5dde51a8fbfa', ip: '172.17.0.5', os.name: 'Linux', os.arch: 'amd64', os.version: '4.8.0-45-generic', java.version: '1.8.0_131'
Driver info: driver.version: unknown
Command duration or timeout: 907.99 seconds
Caused by: org.openqa.selenium.SessionNotCreatedException: 
errorId: b9ebf620-b8e7-455d-b05f-099520128f47 - Unable to allocate device  within 900000ms or 3 tries. This can happen if there were no available devices within the time or your plan's max concurrent test run is not corresponding to your usage
Build info: version: 'unknown', revision: 'unknown', time: 'unknown'
System info: host: '5dde51a8fbfa', ip: '172.17.0.5', os.name: 'Linux', os.arch: 'amd64', os.version: '4.8.0-45-generic', java.version: '1.8.0_131'
Driver info: driver.version: unknown
Build info: version: '3.4.0', revision: 'unknown', time: 'unknown'
System info: host: 'JYOTHIN-MBP.local', ip: 'fe80:0:0:0:c6b3:1ff:fec2:cb65%en0', os.name: 'Mac OS X', os.arch: 'x86_64', os.version: '10.11.6', java.version: '1.8.0_131'
Driver info: driver.version: unknown
</error>
  </testcase>
  <testcase name="verifyGetCookiesTest[0]" classname="Saucelabs.TestSuite2" time="906.929">
    <error message="errorId: bb80f28b-f77f-42e3-b547-155b97e305ef - Unable to allocate device  within 900000ms or 3 tries. This can happen if there were no available devices within the time or your plan&apos;s max concurrent test run is not corresponding to your usage&#10;Build info: version: &apos;unknown&apos;, revision: &apos;unknown&apos;, time: &apos;unknown&apos;&#10;System info: host: &apos;5dde51a8fbfa&apos;, ip: &apos;172.17.0.5&apos;, os.name: &apos;Linux&apos;, os.arch: &apos;amd64&apos;, os.version: &apos;4.8.0-45-generic&apos;, java.version: &apos;1.8.0_131&apos;&#10;Driver info: driver.version: unknown&#10;Command duration or timeout: 906.91 seconds" type="org.openqa.selenium.SessionNotCreatedException">org.openqa.selenium.SessionNotCreatedException: 
errorId: bb80f28b-f77f-42e3-b547-155b97e305ef - Unable to allocate device  within 900000ms or 3 tries. This can happen if there were no available devices within the time or your plan's max concurrent test run is not corresponding to your usage
Build info: version: 'unknown', revision: 'unknown', time: 'unknown'
System info: host: '5dde51a8fbfa', ip: '172.17.0.5', os.name: 'Linux', os.arch: 'amd64', os.version: '4.8.0-45-generic', java.version: '1.8.0_131'
Driver info: driver.version: unknown
Command duration or timeout: 906.91 seconds
Caused by: org.openqa.selenium.SessionNotCreatedException: 
errorId: bb80f28b-f77f-42e3-b547-155b97e305ef - Unable to allocate device  within 900000ms or 3 tries. This can happen if there were no available devices within the time or your plan's max concurrent test run is not corresponding to your usage
Build info: version: 'unknown', revision: 'unknown', time: 'unknown'
System info: host: '5dde51a8fbfa', ip: '172.17.0.5', os.name: 'Linux', os.arch: 'amd64', os.version: '4.8.0-45-generic', java.version: '1.8.0_131'
Driver info: driver.version: unknown
Build info: version: '3.4.0', revision: 'unknown', time: 'unknown'
System info: host: 'JYOTHIN-MBP.local', ip: 'fe80:0:0:0:c6b3:1ff:fec2:cb65%en0', os.name: 'Mac OS X', os.arch: 'x86_64', os.version: '10.11.6', java.version: '1.8.0_131'
Driver info: driver.version: unknown
</error>
  </testcase>
  <testcase name="verifyDoubleClickTest[0]" classname="Saucelabs.TestSuite2" time="1,173.652">
    <error message="errorId: c734d98e-b954-43e9-b9ea-75c434ecc021 - Unable to allocate device iPhone_7_32GB_10_real within 900000ms or 3 tries. This can happen if there were no available devices within the time or your plan&apos;s max concurrent test run is not corresponding to your usage&#10;Build info: version: &apos;unknown&apos;, revision: &apos;unknown&apos;, time: &apos;unknown&apos;&#10;System info: host: &apos;5dde51a8fbfa&apos;, ip: &apos;172.17.0.5&apos;, os.name: &apos;Linux&apos;, os.arch: &apos;amd64&apos;, os.version: &apos;4.8.0-45-generic&apos;, java.version: &apos;1.8.0_131&apos;&#10;Driver info: driver.version: unknown&#10;Command duration or timeout: 1173.65 seconds" type="org.openqa.selenium.SessionNotCreatedException">org.openqa.selenium.SessionNotCreatedException: 
errorId: c734d98e-b954-43e9-b9ea-75c434ecc021 - Unable to allocate device iPhone_7_32GB_10_real within 900000ms or 3 tries. This can happen if there were no available devices within the time or your plan's max concurrent test run is not corresponding to your usage
Build info: version: 'unknown', revision: 'unknown', time: 'unknown'
System info: host: '5dde51a8fbfa', ip: '172.17.0.5', os.name: 'Linux', os.arch: 'amd64', os.version: '4.8.0-45-generic', java.version: '1.8.0_131'
Driver info: driver.version: unknown
Command duration or timeout: 1173.65 seconds
Caused by: org.openqa.selenium.SessionNotCreatedException: 
errorId: c734d98e-b954-43e9-b9ea-75c434ecc021 - Unable to allocate device iPhone_7_32GB_10_real within 900000ms or 3 tries. This can happen if there were no available devices within the time or your plan's max concurrent test run is not corresponding to your usage
Build info: version: 'unknown', revision: 'unknown', time: 'unknown'
System info: host: '5dde51a8fbfa', ip: '172.17.0.5', os.name: 'Linux', os.arch: 'amd64', os.version: '4.8.0-45-generic', java.version: '1.8.0_131'
Driver info: driver.version: unknown
Build info: version: '3.4.0', revision: 'unknown', time: 'unknown'
System info: host: 'JYOTHIN-MBP.local', ip: 'fe80:0:0:0:c6b3:1ff:fec2:cb65%en0', os.name: 'Mac OS X', os.arch: 'x86_64', os.version: '10.11.6', java.version: '1.8.0_131'
Driver info: driver.version: unknown
</error>
  </testcase>
  <testcase name="verifyBackForwardTest[0]" classname="Saucelabs.TestSuite2" time="0">
    <skipped message="Error in test"/>
  </testcase>
  <testcase name="verifyPrintLocalStorageTest[0]" classname="Saucelabs.TestSuite2" time="661.95"/>
  <testcase name="verifyImplicitWaitTest[0]" classname="Saucelabs.TestSuite2" time="906.763">
    <error message="errorId: 66820236-2d0b-4e72-bfd0-33f6e8af6d5c - Unable to allocate device  within 900000ms or 3 tries. This can happen if there were no available devices within the time or your plan&apos;s max concurrent test run is not corresponding to your usage&#10;Build info: version: &apos;unknown&apos;, revision: &apos;unknown&apos;, time: &apos;unknown&apos;&#10;System info: host: &apos;5dde51a8fbfa&apos;, ip: &apos;172.17.0.5&apos;, os.name: &apos;Linux&apos;, os.arch: &apos;amd64&apos;, os.version: &apos;4.8.0-45-generic&apos;, java.version: &apos;1.8.0_131&apos;&#10;Driver info: driver.version: unknown&#10;Command duration or timeout: 906.76 seconds" type="org.openqa.selenium.SessionNotCreatedException">org.openqa.selenium.SessionNotCreatedException: 
errorId: 66820236-2d0b-4e72-bfd0-33f6e8af6d5c - Unable to allocate device  within 900000ms or 3 tries. This can happen if there were no available devices within the time or your plan's max concurrent test run is not corresponding to your usage
Build info: version: 'unknown', revision: 'unknown', time: 'unknown'
System info: host: '5dde51a8fbfa', ip: '172.17.0.5', os.name: 'Linux', os.arch: 'amd64', os.version: '4.8.0-45-generic', java.version: '1.8.0_131'
Driver info: driver.version: unknown
Command duration or timeout: 906.76 seconds
Caused by: org.openqa.selenium.SessionNotCreatedException: 
errorId: 66820236-2d0b-4e72-bfd0-33f6e8af6d5c - Unable to allocate device  within 900000ms or 3 tries. This can happen if there were no available devices within the time or your plan's max concurrent test run is not corresponding to your usage
Build info: version: 'unknown', revision: 'unknown', time: 'unknown'
System info: host: '5dde51a8fbfa', ip: '172.17.0.5', os.name: 'Linux', os.arch: 'amd64', os.version: '4.8.0-45-generic', java.version: '1.8.0_131'
Driver info: driver.version: unknown
Build info: version: '3.4.0', revision: 'unknown', time: 'unknown'
System info: host: 'JYOTHIN-MBP.local', ip: 'fe80:0:0:0:c6b3:1ff:fec2:cb65%en0', os.name: 'Mac OS X', os.arch: 'x86_64', os.version: '10.11.6', java.version: '1.8.0_131'
Driver info: driver.version: unknown
</error>
  </testcase>
  <testcase name="verifyWindowHandleTest[0]" classname="Saucelabs.TestSuite2" time="778.08"/>
  <testcase name="verifyAddCookieAndGetCookieTest[0]" classname="Saucelabs.TestSuite2" time="740.519"/>
  <testcase name="verifyElementSizeTest[0]" classname="Saucelabs.TestSuite2" time="907.793">
    <error message="errorId: cbbe614c-133f-471f-9e82-70a7c10562e8 - Unable to allocate device  within 900000ms or 3 tries. This can happen if there were no available devices within the time or your plan&apos;s max concurrent test run is not corresponding to your usage&#10;Build info: version: &apos;unknown&apos;, revision: &apos;unknown&apos;, time: &apos;unknown&apos;&#10;System info: host: &apos;5dde51a8fbfa&apos;, ip: &apos;172.17.0.5&apos;, os.name: &apos;Linux&apos;, os.arch: &apos;amd64&apos;, os.version: &apos;4.8.0-45-generic&apos;, java.version: &apos;1.8.0_131&apos;&#10;Driver info: driver.version: unknown&#10;Command duration or timeout: 907.79 seconds" type="org.openqa.selenium.SessionNotCreatedException">org.openqa.selenium.SessionNotCreatedException: 
errorId: cbbe614c-133f-471f-9e82-70a7c10562e8 - Unable to allocate device  within 900000ms or 3 tries. This can happen if there were no available devices within the time or your plan's max concurrent test run is not corresponding to your usage
Build info: version: 'unknown', revision: 'unknown', time: 'unknown'
System info: host: '5dde51a8fbfa', ip: '172.17.0.5', os.name: 'Linux', os.arch: 'amd64', os.version: '4.8.0-45-generic', java.version: '1.8.0_131'
Driver info: driver.version: unknown
Command duration or timeout: 907.79 seconds
Caused by: org.openqa.selenium.SessionNotCreatedException: 
errorId: cbbe614c-133f-471f-9e82-70a7c10562e8 - Unable to allocate device  within 900000ms or 3 tries. This can happen if there were no available devices within the time or your plan's max concurrent test run is not corresponding to your usage
Build info: version: 'unknown', revision: 'unknown', time: 'unknown'
System info: host: '5dde51a8fbfa', ip: '172.17.0.5', os.name: 'Linux', os.arch: 'amd64', os.version: '4.8.0-45-generic', java.version: '1.8.0_131'
Driver info: driver.version: unknown
Build info: version: '3.4.0', revision: 'unknown', time: 'unknown'
System info: host: 'JYOTHIN-MBP.local', ip: 'fe80:0:0:0:c6b3:1ff:fec2:cb65%en0', os.name: 'Mac OS X', os.arch: 'x86_64', os.version: '10.11.6', java.version: '1.8.0_131'
Driver info: driver.version: unknown
</error>
  </testcase>
  <testcase name="verifyGetElementByTagNameTest[0]" classname="Saucelabs.TestSuite2" time="468.133"/>
  <testcase name="verifyElementMoveInTest[0]" classname="Saucelabs.TestSuite2" time="209.964">
    <failure message="expected:&lt;Hover [out]&gt; but was:&lt;Hover [in]&gt;" type="org.junit.ComparisonFailure"><![CDATA[org.junit.ComparisonFailure: expected:<Hover [out]> but was:<Hover [in]>
	at Saucelabs.TestSuite2.verifyElementMoveInTest(TestSuite2.java:598)
]]></failure>
    <system-out><![CDATA[SauceOnDemandSessionID=2205086e-3c09-44b3-8ff6-2319e2ebcd55 job-name=Saucelabs.TestSuite2.verifyElementMoveInTest[0]
Job link: https://saucelabs.com/jobs/2205086e-3c09-44b3-8ff6-2319e2ebcd55?auth=dff680b61382d73a0485a45df9477269
]]></system-out>
    <system-err><![CDATA[Jul 19, 2017 5:43:58 PM org.openqa.selenium.remote.ProtocolHandshake createSession
INFO: Detected dialect: OSS
Jul 19, 2017 5:44:05 PM com.saucelabs.saucerest.SauceREST closeInputStream
WARNING: Error closing result stream
java.io.FileNotFoundException: https://saucelabs.com/rest/v1/rajautsav/jobs/2205086e-3c09-44b3-8ff6-2319e2ebcd55
	at sun.net.www.protocol.http.HttpURLConnection.getInputStream0(HttpURLConnection.java:1872)
	at sun.net.www.protocol.http.HttpURLConnection.getInputStream(HttpURLConnection.java:1474)
	at sun.net.www.protocol.https.HttpsURLConnectionImpl.getInputStream(HttpsURLConnectionImpl.java:254)
	at com.saucelabs.saucerest.SauceREST.closeInputStream(SauceREST.java:442)
	at com.saucelabs.saucerest.SauceREST.updateJobInfo(SauceREST.java:410)
	at com.saucelabs.junit.SauceOnDemandTestWatcher.failed(SauceOnDemandTestWatcher.java:119)
	at org.junit.rules.TestWatcher.failedQuietly(TestWatcher.java:84)
	at org.junit.rules.TestWatcher.access$300(TestWatcher.java:46)
	at org.junit.rules.TestWatcher$1.evaluate(TestWatcher.java:62)
	at org.junit.rules.TestWatcher$1.evaluate(TestWatcher.java:55)
	at org.junit.rules.RunRules.evaluate(RunRules.java:20)
	at org.junit.runners.ParentRunner.runLeaf(ParentRunner.java:325)
	at org.junit.runners.BlockJUnit4ClassRunner.runChild(BlockJUnit4ClassRunner.java:78)
	at com.saucelabs.junit.ConcurrentParameterized$SauceClassRunnerForParameters.access$300(ConcurrentParameterized.java:166)
	at com.saucelabs.junit.ConcurrentParameterized$SauceClassRunnerForParameters$2.run(ConcurrentParameterized.java:283)
	at com.saucelabs.junit.ConcurrentParameterized$NonBlockingAsynchronousRunner$1.call(ConcurrentParameterized.java:308)
	at java.util.concurrent.FutureTask.run(FutureTask.java:266)
	at java.util.concurrent.ThreadPoolExecutor.runWorker(ThreadPoolExecutor.java:1142)
	at java.util.concurrent.ThreadPoolExecutor$Worker.run(ThreadPoolExecutor.java:617)
	at java.lang.Thread.run(Thread.java:748)

]]></system-err>
  </testcase>
  <testcase name="verifyGetElementsTest[0]" classname="Saucelabs.TestSuite2" time="1,325.314"/>
  <testcase name="verifyGetCssValueTest[0]" classname="Saucelabs.TestSuite2" time="587.798"/>
  <testcase name="verifyWindowSizeAndMaximizeTest[0]" classname="Saucelabs.TestSuite2" time="857.131">
    <error message="Method is not implemented (WARNING: The server did not provide any stacktrace information)&#10;Command duration or timeout: 196 milliseconds&#10;Build info: version: &apos;3.4.0&apos;, revision: &apos;unknown&apos;, time: &apos;unknown&apos;&#10;System info: host: &apos;JYOTHIN-MBP.local&apos;, ip: &apos;fe80:0:0:0:c6b3:1ff:fec2:cb65%en0&apos;, os.name: &apos;Mac OS X&apos;, os.arch: &apos;x86_64&apos;, os.version: &apos;10.11.6&apos;, java.version: &apos;1.8.0_131&apos;&#10;Driver info: org.openqa.selenium.remote.RemoteWebDriver&#10;Capabilities [{testobject_user_id=utsavraja, testobject_platform_name=iOS, testobject_test_report_url=https://app.testobject.com/#/utsavraja/testendpoint/appium/executions/673, testobjectApiKey=C118D66142464D22BADE2E618CB527DF, loggingPrefs={browser=ALL}, testobject_suite_name=B-1.8, xcodeConfigFile=$HOME/work/testobject.xcconfig, testobject_device_session_id=96722dd4-1cd4-4270-949d-4f83b040d1fd, deviceName=a540db4273454207842a0a336b2e30e31d16d15c, platform=UNIX, webDriverAgentUrl=http://127.0.0.1:5726, testobject_test_report_id=673.0, webStorageEnabled=false, testobject_platform_version=10.0, automationName=XCUITest, browserName=safari, takesScreenshot=true, javascriptEnabled=true, platformName=iOS, recordScreenshots=false, udid=a540db4273454207842a0a336b2e30e31d16d15c, networkConnectionEnabled=false, testobject_test_name=verifyWindowSizeAndMaximizeTest[0], testobject_device=iPhone 7 32GB, databaseEnabled=false, testobject_project_id=testendpoint, version=, build=B-1.8, locationContextEnabled=false, name=verifyWindowSizeAndMaximizeTest[0], keychainPath=$HOME/work/testobject.keychain, testobject_api_key=C118D66142464D22BADE2E618CB527DF, keychainPassword=password, testobject_test_live_view_url=https://app.testobject.com/#/utsavraja/testendpoint/appium/view/673?dc=EU}]&#10;Session ID: 151cbeda-e39b-4346-8c6d-89306933e491" type="org.openqa.selenium.WebDriverException">org.openqa.selenium.WebDriverException: 
Method is not implemented (WARNING: The server did not provide any stacktrace information)
Command duration or timeout: 196 milliseconds
Build info: version: '3.4.0', revision: 'unknown', time: 'unknown'
System info: host: 'JYOTHIN-MBP.local', ip: 'fe80:0:0:0:c6b3:1ff:fec2:cb65%en0', os.name: 'Mac OS X', os.arch: 'x86_64', os.version: '10.11.6', java.version: '1.8.0_131'
Driver info: org.openqa.selenium.remote.RemoteWebDriver
Capabilities [{testobject_user_id=utsavraja, testobject_platform_name=iOS, testobject_test_report_url=https://app.testobject.com/#/utsavraja/testendpoint/appium/executions/673, testobjectApiKey=C118D66142464D22BADE2E618CB527DF, loggingPrefs={browser=ALL}, testobject_suite_name=B-1.8, xcodeConfigFile=$HOME/work/testobject.xcconfig, testobject_device_session_id=96722dd4-1cd4-4270-949d-4f83b040d1fd, deviceName=a540db4273454207842a0a336b2e30e31d16d15c, platform=UNIX, webDriverAgentUrl=http://127.0.0.1:5726, testobject_test_report_id=673.0, webStorageEnabled=false, testobject_platform_version=10.0, automationName=XCUITest, browserName=safari, takesScreenshot=true, javascriptEnabled=true, platformName=iOS, recordScreenshots=false, udid=a540db4273454207842a0a336b2e30e31d16d15c, networkConnectionEnabled=false, testobject_test_name=verifyWindowSizeAndMaximizeTest[0], testobject_device=iPhone 7 32GB, databaseEnabled=false, testobject_project_id=testendpoint, version=, build=B-1.8, locationContextEnabled=false, name=verifyWindowSizeAndMaximizeTest[0], keychainPath=$HOME/work/testobject.keychain, testobject_api_key=C118D66142464D22BADE2E618CB527DF, keychainPassword=password, testobject_test_live_view_url=https://app.testobject.com/#/utsavraja/testendpoint/appium/view/673?dc=EU}]
Session ID: 151cbeda-e39b-4346-8c6d-89306933e491
	at Saucelabs.TestSuite2.verifyWindowSizeAndMaximizeTest(TestSuite2.java:486)
</error>
    <system-out><![CDATA[SauceOnDemandSessionID=151cbeda-e39b-4346-8c6d-89306933e491 job-name=Saucelabs.TestSuite2.verifyWindowSizeAndMaximizeTest[0]
Job link: https://saucelabs.com/jobs/151cbeda-e39b-4346-8c6d-89306933e491?auth=40588351f9628fa546e43da49b9b7cfe
]]></system-out>
    <system-err><![CDATA[Jul 19, 2017 5:58:56 PM org.openqa.selenium.remote.ProtocolHandshake createSession
INFO: Detected dialect: OSS
Jul 19, 2017 5:59:00 PM com.saucelabs.saucerest.SauceREST closeInputStream
WARNING: Error closing result stream
java.io.FileNotFoundException: https://saucelabs.com/rest/v1/rajautsav/jobs/151cbeda-e39b-4346-8c6d-89306933e491
	at sun.net.www.protocol.http.HttpURLConnection.getInputStream0(HttpURLConnection.java:1872)
	at sun.net.www.protocol.http.HttpURLConnection.getInputStream(HttpURLConnection.java:1474)
	at sun.net.www.protocol.https.HttpsURLConnectionImpl.getInputStream(HttpsURLConnectionImpl.java:254)
	at com.saucelabs.saucerest.SauceREST.closeInputStream(SauceREST.java:442)
	at com.saucelabs.saucerest.SauceREST.updateJobInfo(SauceREST.java:410)
	at com.saucelabs.junit.SauceOnDemandTestWatcher.failed(SauceOnDemandTestWatcher.java:119)
	at org.junit.rules.TestWatcher.failedQuietly(TestWatcher.java:84)
	at org.junit.rules.TestWatcher.access$300(TestWatcher.java:46)
	at org.junit.rules.TestWatcher$1.evaluate(TestWatcher.java:62)
	at org.junit.rules.TestWatcher$1.evaluate(TestWatcher.java:55)
	at org.junit.rules.RunRules.evaluate(RunRules.java:20)
	at org.junit.runners.ParentRunner.runLeaf(ParentRunner.java:325)
	at org.junit.runners.BlockJUnit4ClassRunner.runChild(BlockJUnit4ClassRunner.java:78)
	at com.saucelabs.junit.ConcurrentParameterized$SauceClassRunnerForParameters.access$300(ConcurrentParameterized.java:166)
	at com.saucelabs.junit.ConcurrentParameterized$SauceClassRunnerForParameters$2.run(ConcurrentParameterized.java:283)
	at com.saucelabs.junit.ConcurrentParameterized$NonBlockingAsynchronousRunner$1.call(ConcurrentParameterized.java:308)
	at java.util.concurrent.FutureTask.run(FutureTask.java:266)
	at java.util.concurrent.ThreadPoolExecutor.runWorker(ThreadPoolExecutor.java:1142)
	at java.util.concurrent.ThreadPoolExecutor$Worker.run(ThreadPoolExecutor.java:617)
	at java.lang.Thread.run(Thread.java:748)

]]></system-err>
  </testcase>
  <testcase name="verifyCurrentUrlTest[0]" classname="Saucelabs.TestSuite2" time="907.793">
    <error message="errorId: 07eb3310-83a8-4f4d-91da-1bb2195400c6 - Unable to allocate device  within 900000ms or 3 tries. This can happen if there were no available devices within the time or your plan&apos;s max concurrent test run is not corresponding to your usage&#10;Build info: version: &apos;unknown&apos;, revision: &apos;unknown&apos;, time: &apos;unknown&apos;&#10;System info: host: &apos;5dde51a8fbfa&apos;, ip: &apos;172.17.0.5&apos;, os.name: &apos;Linux&apos;, os.arch: &apos;amd64&apos;, os.version: &apos;4.8.0-45-generic&apos;, java.version: &apos;1.8.0_131&apos;&#10;Driver info: driver.version: unknown&#10;Command duration or timeout: 907.79 seconds" type="org.openqa.selenium.SessionNotCreatedException">org.openqa.selenium.SessionNotCreatedException: 
errorId: 07eb3310-83a8-4f4d-91da-1bb2195400c6 - Unable to allocate device  within 900000ms or 3 tries. This can happen if there were no available devices within the time or your plan's max concurrent test run is not corresponding to your usage
Build info: version: 'unknown', revision: 'unknown', time: 'unknown'
System info: host: '5dde51a8fbfa', ip: '172.17.0.5', os.name: 'Linux', os.arch: 'amd64', os.version: '4.8.0-45-generic', java.version: '1.8.0_131'
Driver info: driver.version: unknown
Command duration or timeout: 907.79 seconds
Caused by: org.openqa.selenium.SessionNotCreatedException: 
errorId: 07eb3310-83a8-4f4d-91da-1bb2195400c6 - Unable to allocate device  within 900000ms or 3 tries. This can happen if there were no available devices within the time or your plan's max concurrent test run is not corresponding to your usage
Build info: version: 'unknown', revision: 'unknown', time: 'unknown'
System info: host: '5dde51a8fbfa', ip: '172.17.0.5', os.name: 'Linux', os.arch: 'amd64', os.version: '4.8.0-45-generic', java.version: '1.8.0_131'
Driver info: driver.version: unknown
Build info: version: '3.4.0', revision: 'unknown', time: 'unknown'
System info: host: 'JYOTHIN-MBP.local', ip: 'fe80:0:0:0:c6b3:1ff:fec2:cb65%en0', os.name: 'Mac OS X', os.arch: 'x86_64', os.version: '10.11.6', java.version: '1.8.0_131'
Driver info: driver.version: unknown
</error>
  </testcase>
  <testcase name="verifyGetElementByClassNameTest[0]" classname="Saucelabs.TestSuite2" time="1,186.582"/>
  <testcase name="verifyClearLocalStorageTest[0]" classname="Saucelabs.TestSuite2" time="1,144.478">
    <error type="java.lang.NullPointerException">java.lang.NullPointerException
	at Saucelabs.TestSuite2.verifyClearLocalStorageTest(TestSuite2.java:982)
</error>
    <system-out><![CDATA[SauceOnDemandSessionID=5bf9c04d-aa2b-4f9c-bb3b-99c29d5ba6e8 job-name=Saucelabs.TestSuite2.verifyClearLocalStorageTest[0]
Job link: https://saucelabs.com/jobs/5bf9c04d-aa2b-4f9c-bb3b-99c29d5ba6e8?auth=489728049e577e02a5116035a7369992
]]></system-out>
    <system-err><![CDATA[Jul 19, 2017 6:07:06 PM org.openqa.selenium.remote.ProtocolHandshake createSession
INFO: Detected dialect: OSS
Jul 19, 2017 6:07:11 PM com.saucelabs.saucerest.SauceREST closeInputStream
WARNING: Error closing result stream
java.io.FileNotFoundException: https://saucelabs.com/rest/v1/rajautsav/jobs/5bf9c04d-aa2b-4f9c-bb3b-99c29d5ba6e8
	at sun.net.www.protocol.http.HttpURLConnection.getInputStream0(HttpURLConnection.java:1872)
	at sun.net.www.protocol.http.HttpURLConnection.getInputStream(HttpURLConnection.java:1474)
	at sun.net.www.protocol.https.HttpsURLConnectionImpl.getInputStream(HttpsURLConnectionImpl.java:254)
	at com.saucelabs.saucerest.SauceREST.closeInputStream(SauceREST.java:442)
	at com.saucelabs.saucerest.SauceREST.updateJobInfo(SauceREST.java:410)
	at com.saucelabs.junit.SauceOnDemandTestWatcher.failed(SauceOnDemandTestWatcher.java:119)
	at org.junit.rules.TestWatcher.failedQuietly(TestWatcher.java:84)
	at org.junit.rules.TestWatcher.access$300(TestWatcher.java:46)
	at org.junit.rules.TestWatcher$1.evaluate(TestWatcher.java:62)
	at org.junit.rules.TestWatcher$1.evaluate(TestWatcher.java:55)
	at org.junit.rules.RunRules.evaluate(RunRules.java:20)
	at org.junit.runners.ParentRunner.runLeaf(ParentRunner.java:325)
	at org.junit.runners.BlockJUnit4ClassRunner.runChild(BlockJUnit4ClassRunner.java:78)
	at com.saucelabs.junit.ConcurrentParameterized$SauceClassRunnerForParameters.access$300(ConcurrentParameterized.java:166)
	at com.saucelabs.junit.ConcurrentParameterized$SauceClassRunnerForParameters$2.run(ConcurrentParameterized.java:283)
	at com.saucelabs.junit.ConcurrentParameterized$NonBlockingAsynchronousRunner$1.call(ConcurrentParameterized.java:308)
	at java.util.concurrent.FutureTask.run(FutureTask.java:266)
	at java.util.concurrent.ThreadPoolExecutor.runWorker(ThreadPoolExecutor.java:1142)
	at java.util.concurrent.ThreadPoolExecutor$Worker.run(ThreadPoolExecutor.java:617)
	at java.lang.Thread.run(Thread.java:748)

]]></system-err>
  </testcase>
  <testcase name="verifyWindowHandlesTest[0]" classname="Saucelabs.TestSuite2" time="511.622"/>
  <testcase name="verifySwitchToDefaultContentTest[0]" classname="Saucelabs.TestSuite2" time="400.148"/>
  <testcase name="verifyGetElementByCssTest[0]" classname="Saucelabs.TestSuite2" time="908.713">
    <error message="errorId: c9747186-3d04-4c66-b3af-1f376f7c623e - Unable to allocate device  within 900000ms or 3 tries. This can happen if there were no available devices within the time or your plan&apos;s max concurrent test run is not corresponding to your usage&#10;Build info: version: &apos;unknown&apos;, revision: &apos;unknown&apos;, time: &apos;unknown&apos;&#10;System info: host: &apos;5dde51a8fbfa&apos;, ip: &apos;172.17.0.5&apos;, os.name: &apos;Linux&apos;, os.arch: &apos;amd64&apos;, os.version: &apos;4.8.0-45-generic&apos;, java.version: &apos;1.8.0_131&apos;&#10;Driver info: driver.version: unknown&#10;Command duration or timeout: 908.71 seconds" type="org.openqa.selenium.SessionNotCreatedException">org.openqa.selenium.SessionNotCreatedException: 
errorId: c9747186-3d04-4c66-b3af-1f376f7c623e - Unable to allocate device  within 900000ms or 3 tries. This can happen if there were no available devices within the time or your plan's max concurrent test run is not corresponding to your usage
Build info: version: 'unknown', revision: 'unknown', time: 'unknown'
System info: host: '5dde51a8fbfa', ip: '172.17.0.5', os.name: 'Linux', os.arch: 'amd64', os.version: '4.8.0-45-generic', java.version: '1.8.0_131'
Driver info: driver.version: unknown
Command duration or timeout: 908.71 seconds
Caused by: org.openqa.selenium.SessionNotCreatedException: 
errorId: c9747186-3d04-4c66-b3af-1f376f7c623e - Unable to allocate device  within 900000ms or 3 tries. This can happen if there were no available devices within the time or your plan's max concurrent test run is not corresponding to your usage
Build info: version: 'unknown', revision: 'unknown', time: 'unknown'
System info: host: '5dde51a8fbfa', ip: '172.17.0.5', os.name: 'Linux', os.arch: 'amd64', os.version: '4.8.0-45-generic', java.version: '1.8.0_131'
Driver info: driver.version: unknown
Build info: version: '3.4.0', revision: 'unknown', time: 'unknown'
System info: host: 'JYOTHIN-MBP.local', ip: 'fe80:0:0:0:c6b3:1ff:fec2:cb65%en0', os.name: 'Mac OS X', os.arch: 'x86_64', os.version: '10.11.6', java.version: '1.8.0_131'
Driver info: driver.version: unknown
</error>
  </testcase>
  <testcase name="verifyLocalStorageKeyTest[0]" classname="Saucelabs.TestSuite2" time="1,375.252">
    <error type="java.lang.NullPointerException">java.lang.NullPointerException
	at Saucelabs.TestSuite2.verifyLocalStorageKeyTest(TestSuite2.java:967)
</error>
    <system-out><![CDATA[SauceOnDemandSessionID=16652cf8-75d8-4b8f-ac24-841dbbcf4e44 job-name=Saucelabs.TestSuite2.verifyLocalStorageKeyTest[0]
Job link: https://saucelabs.com/jobs/16652cf8-75d8-4b8f-ac24-841dbbcf4e44?auth=a8cce1246de1a44c73de0cb3d276df5c
]]></system-out>
    <system-err><![CDATA[Jul 19, 2017 6:12:55 PM org.openqa.selenium.remote.ProtocolHandshake createSession
INFO: Detected dialect: OSS
Jul 19, 2017 6:13:00 PM com.saucelabs.saucerest.SauceREST closeInputStream
WARNING: Error closing result stream
java.io.FileNotFoundException: https://saucelabs.com/rest/v1/rajautsav/jobs/16652cf8-75d8-4b8f-ac24-841dbbcf4e44
	at sun.net.www.protocol.http.HttpURLConnection.getInputStream0(HttpURLConnection.java:1872)
	at sun.net.www.protocol.http.HttpURLConnection.getInputStream(HttpURLConnection.java:1474)
	at sun.net.www.protocol.https.HttpsURLConnectionImpl.getInputStream(HttpsURLConnectionImpl.java:254)
	at com.saucelabs.saucerest.SauceREST.closeInputStream(SauceREST.java:442)
	at com.saucelabs.saucerest.SauceREST.updateJobInfo(SauceREST.java:410)
	at com.saucelabs.junit.SauceOnDemandTestWatcher.failed(SauceOnDemandTestWatcher.java:119)
	at org.junit.rules.TestWatcher.failedQuietly(TestWatcher.java:84)
	at org.junit.rules.TestWatcher.access$300(TestWatcher.java:46)
	at org.junit.rules.TestWatcher$1.evaluate(TestWatcher.java:62)
	at org.junit.rules.TestWatcher$1.evaluate(TestWatcher.java:55)
	at org.junit.rules.RunRules.evaluate(RunRules.java:20)
	at org.junit.runners.ParentRunner.runLeaf(ParentRunner.java:325)
	at org.junit.runners.BlockJUnit4ClassRunner.runChild(BlockJUnit4ClassRunner.java:78)
	at com.saucelabs.junit.ConcurrentParameterized$SauceClassRunnerForParameters.access$300(ConcurrentParameterized.java:166)
	at com.saucelabs.junit.ConcurrentParameterized$SauceClassRunnerForParameters$2.run(ConcurrentParameterized.java:283)
	at com.saucelabs.junit.ConcurrentParameterized$NonBlockingAsynchronousRunner$1.call(ConcurrentParameterized.java:308)
	at java.util.concurrent.FutureTask.run(FutureTask.java:266)
	at java.util.concurrent.ThreadPoolExecutor.runWorker(ThreadPoolExecutor.java:1142)
	at java.util.concurrent.ThreadPoolExecutor$Worker.run(ThreadPoolExecutor.java:617)
	at java.lang.Thread.run(Thread.java:748)

]]></system-err>
  </testcase>
  <testcase name="verifyDeleteCookiesTest[0]" classname="Saucelabs.TestSuite2" time="362.376"/>
  <testcase name="verifyDisplayTest[0]" classname="Saucelabs.TestSuite2" time="136.629"/>
  <testcase name="verifyActiveElementTest[0]" classname="Saucelabs.TestSuite2" time="690.776"/>
  <testcase name="verifyWaitForElementVisibilityTest[0]" classname="Saucelabs.TestSuite2" time="852.414"/>
  <testcase name="verifyChangeTitleTest[0]" classname="Saucelabs.TestSuite2" time="415.252"/>
  <testcase name="verifyDeleteCookieNamedTest[0]" classname="Saucelabs.TestSuite2" time="907.442">
    <error message="errorId: 28417753-477e-42b0-92ef-8de5cd1ce9d1 - Unable to allocate device  within 900000ms or 3 tries. This can happen if there were no available devices within the time or your plan&apos;s max concurrent test run is not corresponding to your usage&#10;Build info: version: &apos;unknown&apos;, revision: &apos;unknown&apos;, time: &apos;unknown&apos;&#10;System info: host: &apos;5dde51a8fbfa&apos;, ip: &apos;172.17.0.5&apos;, os.name: &apos;Linux&apos;, os.arch: &apos;amd64&apos;, os.version: &apos;4.8.0-45-generic&apos;, java.version: &apos;1.8.0_131&apos;&#10;Driver info: driver.version: unknown&#10;Command duration or timeout: 907.44 seconds" type="org.openqa.selenium.SessionNotCreatedException">org.openqa.selenium.SessionNotCreatedException: 
errorId: 28417753-477e-42b0-92ef-8de5cd1ce9d1 - Unable to allocate device  within 900000ms or 3 tries. This can happen if there were no available devices within the time or your plan's max concurrent test run is not corresponding to your usage
Build info: version: 'unknown', revision: 'unknown', time: 'unknown'
System info: host: '5dde51a8fbfa', ip: '172.17.0.5', os.name: 'Linux', os.arch: 'amd64', os.version: '4.8.0-45-generic', java.version: '1.8.0_131'
Driver info: driver.version: unknown
Command duration or timeout: 907.44 seconds
Caused by: org.openqa.selenium.SessionNotCreatedException: 
errorId: 28417753-477e-42b0-92ef-8de5cd1ce9d1 - Unable to allocate device  within 900000ms or 3 tries. This can happen if there were no available devices within the time or your plan's max concurrent test run is not corresponding to your usage
Build info: version: 'unknown', revision: 'unknown', time: 'unknown'
System info: host: '5dde51a8fbfa', ip: '172.17.0.5', os.name: 'Linux', os.arch: 'amd64', os.version: '4.8.0-45-generic', java.version: '1.8.0_131'
Driver info: driver.version: unknown
Build info: version: '3.4.0', revision: 'unknown', time: 'unknown'
System info: host: 'JYOTHIN-MBP.local', ip: 'fe80:0:0:0:c6b3:1ff:fec2:cb65%en0', os.name: 'Mac OS X', os.arch: 'x86_64', os.version: '10.11.6', java.version: '1.8.0_131'
Driver info: driver.version: unknown
</error>
  </testcase>
  <testcase name="verifyGetElementByLinkTest[0]" classname="Saucelabs.TestSuite2" time="952.824"/>
  <testcase name="verifyAlertAcceptTest[0]" classname="Saucelabs.TestSuite2" time="490.967">
    <error message="An unknown server-side error occurred while processing the command. Original error: Error while executing atom: operation timed out (WARNING: The server did not provide any stacktrace information)&#10;Command duration or timeout: 5.20 seconds&#10;Build info: version: &apos;3.4.0&apos;, revision: &apos;unknown&apos;, time: &apos;unknown&apos;&#10;System info: host: &apos;JYOTHIN-MBP.local&apos;, ip: &apos;fe80:0:0:0:c6b3:1ff:fec2:cb65%en0&apos;, os.name: &apos;Mac OS X&apos;, os.arch: &apos;x86_64&apos;, os.version: &apos;10.11.6&apos;, java.version: &apos;1.8.0_131&apos;&#10;Driver info: org.openqa.selenium.remote.RemoteWebDriver&#10;Capabilities [{testobject_user_id=utsavraja, testobject_platform_name=iOS, testobject_test_report_url=https://app.testobject.com/#/utsavraja/testendpoint/appium/executions/688, testobjectApiKey=C118D66142464D22BADE2E618CB527DF, loggingPrefs={browser=ALL}, testobject_suite_name=B-1.8, xcodeConfigFile=$HOME/work/testobject.xcconfig, testobject_device_session_id=89f0bb8a-664a-4a66-9096-d83182d6db4d, deviceName=94e8af9b8abd844e5297e98ab00024ea84db2144, platform=UNIX, webDriverAgentUrl=http://127.0.0.1:5725, testobject_test_report_id=688.0, webStorageEnabled=false, testobject_platform_version=10.0, automationName=XCUITest, browserName=safari, takesScreenshot=true, javascriptEnabled=true, platformName=iOS, recordScreenshots=false, udid=94e8af9b8abd844e5297e98ab00024ea84db2144, networkConnectionEnabled=false, testobject_test_name=verifyAlertAcceptTest[0], testobject_device=iPhone 7 32GB, databaseEnabled=false, testobject_project_id=testendpoint, version=, build=B-1.8, locationContextEnabled=false, name=verifyAlertAcceptTest[0], keychainPath=$HOME/work/testobject.keychain, testobject_api_key=C118D66142464D22BADE2E618CB527DF, keychainPassword=password, testobject_test_live_view_url=https://app.testobject.com/#/utsavraja/testendpoint/appium/view/688?dc=EU}]&#10;Session ID: e5f040f5-71eb-4743-9ea5-a6e57bfe9d11" type="org.openqa.selenium.WebDriverException">org.openqa.selenium.WebDriverException: 
An unknown server-side error occurred while processing the command. Original error: Error while executing atom: operation timed out (WARNING: The server did not provide any stacktrace information)
Command duration or timeout: 5.20 seconds
Build info: version: '3.4.0', revision: 'unknown', time: 'unknown'
System info: host: 'JYOTHIN-MBP.local', ip: 'fe80:0:0:0:c6b3:1ff:fec2:cb65%en0', os.name: 'Mac OS X', os.arch: 'x86_64', os.version: '10.11.6', java.version: '1.8.0_131'
Driver info: org.openqa.selenium.remote.RemoteWebDriver
Capabilities [{testobject_user_id=utsavraja, testobject_platform_name=iOS, testobject_test_report_url=https://app.testobject.com/#/utsavraja/testendpoint/appium/executions/688, testobjectApiKey=C118D66142464D22BADE2E618CB527DF, loggingPrefs={browser=ALL}, testobject_suite_name=B-1.8, xcodeConfigFile=$HOME/work/testobject.xcconfig, testobject_device_session_id=89f0bb8a-664a-4a66-9096-d83182d6db4d, deviceName=94e8af9b8abd844e5297e98ab00024ea84db2144, platform=UNIX, webDriverAgentUrl=http://127.0.0.1:5725, testobject_test_report_id=688.0, webStorageEnabled=false, testobject_platform_version=10.0, automationName=XCUITest, browserName=safari, takesScreenshot=true, javascriptEnabled=true, platformName=iOS, recordScreenshots=false, udid=94e8af9b8abd844e5297e98ab00024ea84db2144, networkConnectionEnabled=false, testobject_test_name=verifyAlertAcceptTest[0], testobject_device=iPhone 7 32GB, databaseEnabled=false, testobject_project_id=testendpoint, version=, build=B-1.8, locationContextEnabled=false, name=verifyAlertAcceptTest[0], keychainPath=$HOME/work/testobject.keychain, testobject_api_key=C118D66142464D22BADE2E618CB527DF, keychainPassword=password, testobject_test_live_view_url=https://app.testobject.com/#/utsavraja/testendpoint/appium/view/688?dc=EU}]
Session ID: e5f040f5-71eb-4743-9ea5-a6e57bfe9d11
	at Saucelabs.TestSuite2.verifyAlertAcceptTest(TestSuite2.java:391)
</error>
    <system-out><![CDATA[SauceOnDemandSessionID=e5f040f5-71eb-4743-9ea5-a6e57bfe9d11 job-name=Saucelabs.TestSuite2.verifyAlertAcceptTest[0]
Job link: https://saucelabs.com/jobs/e5f040f5-71eb-4743-9ea5-a6e57bfe9d11?auth=54bd4bbfdfa52d6427d7aa2da091d5b2
]]></system-out>
    <system-err><![CDATA[Jul 19, 2017 6:02:58 PM org.openqa.selenium.remote.ProtocolHandshake createSession
INFO: Detected dialect: OSS
Jul 19, 2017 6:03:08 PM com.saucelabs.saucerest.SauceREST closeInputStream
WARNING: Error closing result stream
java.io.FileNotFoundException: https://saucelabs.com/rest/v1/rajautsav/jobs/e5f040f5-71eb-4743-9ea5-a6e57bfe9d11
	at sun.net.www.protocol.http.HttpURLConnection.getInputStream0(HttpURLConnection.java:1872)
	at sun.net.www.protocol.http.HttpURLConnection.getInputStream(HttpURLConnection.java:1474)
	at sun.net.www.protocol.https.HttpsURLConnectionImpl.getInputStream(HttpsURLConnectionImpl.java:254)
	at com.saucelabs.saucerest.SauceREST.closeInputStream(SauceREST.java:442)
	at com.saucelabs.saucerest.SauceREST.updateJobInfo(SauceREST.java:410)
	at com.saucelabs.junit.SauceOnDemandTestWatcher.failed(SauceOnDemandTestWatcher.java:119)
	at org.junit.rules.TestWatcher.failedQuietly(TestWatcher.java:84)
	at org.junit.rules.TestWatcher.access$300(TestWatcher.java:46)
	at org.junit.rules.TestWatcher$1.evaluate(TestWatcher.java:62)
	at org.junit.rules.TestWatcher$1.evaluate(TestWatcher.java:55)
	at org.junit.rules.RunRules.evaluate(RunRules.java:20)
	at org.junit.runners.ParentRunner.runLeaf(ParentRunner.java:325)
	at org.junit.runners.BlockJUnit4ClassRunner.runChild(BlockJUnit4ClassRunner.java:78)
	at com.saucelabs.junit.ConcurrentParameterized$SauceClassRunnerForParameters.access$300(ConcurrentParameterized.java:166)
	at com.saucelabs.junit.ConcurrentParameterized$SauceClassRunnerForParameters$2.run(ConcurrentParameterized.java:283)
	at com.saucelabs.junit.ConcurrentParameterized$NonBlockingAsynchronousRunner$1.call(ConcurrentParameterized.java:308)
	at java.util.concurrent.FutureTask.run(FutureTask.java:266)
	at java.util.concurrent.ThreadPoolExecutor.runWorker(ThreadPoolExecutor.java:1142)
	at java.util.concurrent.ThreadPoolExecutor$Worker.run(ThreadPoolExecutor.java:617)
	at java.lang.Thread.run(Thread.java:748)

]]></system-err>
  </testcase>
  <testcase name="verifyExplicitWaitTest[0]" classname="Saucelabs.TestSuite2" time="833.208">
    <failure type="java.lang.AssertionError">java.lang.AssertionError
	at Saucelabs.TestSuite2.verifyExplicitWaitTest(TestSuite2.java:811)
</failure>
    <system-out><![CDATA[SauceOnDemandSessionID=8fadd0c0-233b-46ce-9610-15951c5904a5 job-name=Saucelabs.TestSuite2.verifyExplicitWaitTest[0]
Job link: https://saucelabs.com/jobs/8fadd0c0-233b-46ce-9610-15951c5904a5?auth=769655d2cf74e4955fd6bd5df931ff81
]]></system-out>
    <system-err><![CDATA[Jul 19, 2017 6:09:51 PM org.openqa.selenium.remote.ProtocolHandshake createSession
INFO: Detected dialect: OSS
Jul 19, 2017 6:09:56 PM com.saucelabs.saucerest.SauceREST closeInputStream
WARNING: Error closing result stream
java.io.FileNotFoundException: https://saucelabs.com/rest/v1/rajautsav/jobs/8fadd0c0-233b-46ce-9610-15951c5904a5
	at sun.net.www.protocol.http.HttpURLConnection.getInputStream0(HttpURLConnection.java:1872)
	at sun.net.www.protocol.http.HttpURLConnection.getInputStream(HttpURLConnection.java:1474)
	at sun.net.www.protocol.https.HttpsURLConnectionImpl.getInputStream(HttpsURLConnectionImpl.java:254)
	at com.saucelabs.saucerest.SauceREST.closeInputStream(SauceREST.java:442)
	at com.saucelabs.saucerest.SauceREST.updateJobInfo(SauceREST.java:410)
	at com.saucelabs.junit.SauceOnDemandTestWatcher.failed(SauceOnDemandTestWatcher.java:119)
	at org.junit.rules.TestWatcher.failedQuietly(TestWatcher.java:84)
	at org.junit.rules.TestWatcher.access$300(TestWatcher.java:46)
	at org.junit.rules.TestWatcher$1.evaluate(TestWatcher.java:62)
	at org.junit.rules.TestWatcher$1.evaluate(TestWatcher.java:55)
	at org.junit.rules.RunRules.evaluate(RunRules.java:20)
	at org.junit.runners.ParentRunner.runLeaf(ParentRunner.java:325)
	at org.junit.runners.BlockJUnit4ClassRunner.runChild(BlockJUnit4ClassRunner.java:78)
	at com.saucelabs.junit.ConcurrentParameterized$SauceClassRunnerForParameters.access$300(ConcurrentParameterized.java:166)
	at com.saucelabs.junit.ConcurrentParameterized$SauceClassRunnerForParameters$2.run(ConcurrentParameterized.java:283)
	at com.saucelabs.junit.ConcurrentParameterized$NonBlockingAsynchronousRunner$1.call(ConcurrentParameterized.java:308)
	at java.util.concurrent.FutureTask.run(FutureTask.java:266)
	at java.util.concurrent.ThreadPoolExecutor.runWorker(ThreadPoolExecutor.java:1142)
	at java.util.concurrent.ThreadPoolExecutor$Worker.run(ThreadPoolExecutor.java:617)
	at java.lang.Thread.run(Thread.java:748)

]]></system-err>
  </testcase>
  <testcase name="verifyGetElementElementTest[0]" classname="Saucelabs.TestSuite2" time="719.169"/>
  <testcase name="octaneTests[0]" classname="Saucelabs.TestSuite3" time="100.018">
    <error message="An unknown server-side error occurred while processing the command. Original error: Unsupported log type &apos;browser&apos; for this device. Supported types : {&quot;syslog&quot;:&quot;System Logs - Device logs for iOS applications on real devices and simulators&quot;,&quot;crashlog&quot;:&quot;Crash Logs - Crash reports for iOS applications on real devices and simulators&quot;,&quot;performance&quot;:&quot;Performance Logs - Debug Timelines on real devices and simulators&quot;} (WARNING: The server did not provide any stacktrace information)&#10;Command duration or timeout: 315 milliseconds&#10;Build info: version: &apos;3.4.0&apos;, revision: &apos;unknown&apos;, time: &apos;unknown&apos;&#10;System info: host: &apos;JYOTHIN-MBP.local&apos;, ip: &apos;fe80:0:0:0:c6b3:1ff:fec2:cb65%en0&apos;, os.name: &apos;Mac OS X&apos;, os.arch: &apos;x86_64&apos;, os.version: &apos;10.11.6&apos;, java.version: &apos;1.8.0_131&apos;&#10;Driver info: org.openqa.selenium.remote.RemoteWebDriver&#10;Capabilities [{testobject_user_id=utsavraja, testobject_platform_name=iOS, testobject_test_report_url=https://app.testobject.com/#/utsavraja/testendpoint/appium/executions/625, testobjectApiKey=C118D66142464D22BADE2E618CB527DF, loggingPrefs={browser=ALL}, testobject_suite_name=B-1.8, xcodeConfigFile=$HOME/work/testobject.xcconfig, testobject_device_session_id=c70ac4d8-571b-421c-9ebf-9240aa45cf24, deviceName=94e8af9b8abd844e5297e98ab00024ea84db2144, platform=UNIX, webDriverAgentUrl=http://127.0.0.1:5725, testobject_test_report_id=625.0, webStorageEnabled=false, testobject_platform_version=10.0, automationName=XCUITest, browserName=safari, takesScreenshot=true, javascriptEnabled=true, platformName=iOS, recordScreenshots=false, udid=94e8af9b8abd844e5297e98ab00024ea84db2144, networkConnectionEnabled=false, testobject_test_name=octaneTests[0], testobject_device=iPhone 7 32GB, databaseEnabled=false, testobject_project_id=testendpoint, version=, build=B-1.8, locationContextEnabled=false, name=octaneTests[0], keychainPath=$HOME/work/testobject.keychain, testobject_api_key=C118D66142464D22BADE2E618CB527DF, keychainPassword=password, testobject_test_live_view_url=https://app.testobject.com/#/utsavraja/testendpoint/appium/view/625?dc=EU}]&#10;Session ID: 3cfcc57e-61a9-43d6-86f2-c6896dd04f33" type="org.openqa.selenium.WebDriverException">org.openqa.selenium.WebDriverException: 
An unknown server-side error occurred while processing the command. Original error: Unsupported log type 'browser' for this device. Supported types : {"syslog":"System Logs - Device logs for iOS applications on real devices and simulators","crashlog":"Crash Logs - Crash reports for iOS applications on real devices and simulators","performance":"Performance Logs - Debug Timelines on real devices and simulators"} (WARNING: The server did not provide any stacktrace information)
Command duration or timeout: 315 milliseconds
Build info: version: '3.4.0', revision: 'unknown', time: 'unknown'
System info: host: 'JYOTHIN-MBP.local', ip: 'fe80:0:0:0:c6b3:1ff:fec2:cb65%en0', os.name: 'Mac OS X', os.arch: 'x86_64', os.version: '10.11.6', java.version: '1.8.0_131'
Driver info: org.openqa.selenium.remote.RemoteWebDriver
Capabilities [{testobject_user_id=utsavraja, testobject_platform_name=iOS, testobject_test_report_url=https://app.testobject.com/#/utsavraja/testendpoint/appium/executions/625, testobjectApiKey=C118D66142464D22BADE2E618CB527DF, loggingPrefs={browser=ALL}, testobject_suite_name=B-1.8, xcodeConfigFile=$HOME/work/testobject.xcconfig, testobject_device_session_id=c70ac4d8-571b-421c-9ebf-9240aa45cf24, deviceName=94e8af9b8abd844e5297e98ab00024ea84db2144, platform=UNIX, webDriverAgentUrl=http://127.0.0.1:5725, testobject_test_report_id=625.0, webStorageEnabled=false, testobject_platform_version=10.0, automationName=XCUITest, browserName=safari, takesScreenshot=true, javascriptEnabled=true, platformName=iOS, recordScreenshots=false, udid=94e8af9b8abd844e5297e98ab00024ea84db2144, networkConnectionEnabled=false, testobject_test_name=octaneTests[0], testobject_device=iPhone 7 32GB, databaseEnabled=false, testobject_project_id=testendpoint, version=, build=B-1.8, locationContextEnabled=false, name=octaneTests[0], keychainPath=$HOME/work/testobject.keychain, testobject_api_key=C118D66142464D22BADE2E618CB527DF, keychainPassword=password, testobject_test_live_view_url=https://app.testobject.com/#/utsavraja/testendpoint/appium/view/625?dc=EU}]
Session ID: 3cfcc57e-61a9-43d6-86f2-c6896dd04f33
	at Saucelabs.TestSuite3.octaneTests(TestSuite3.java:35)
</error>
    <system-out><![CDATA[SauceOnDemandSessionID=3cfcc57e-61a9-43d6-86f2-c6896dd04f33 job-name=Saucelabs.TestSuite3.octaneTests[0]
Job link: https://saucelabs.com/jobs/3cfcc57e-61a9-43d6-86f2-c6896dd04f33?auth=22b247212b21bd934e237911ec5d1f49
]]></system-out>
    <system-err><![CDATA[Jul 19, 2017 5:05:55 PM org.openqa.selenium.remote.ProtocolHandshake createSession
INFO: Detected dialect: OSS
Jul 19, 2017 5:06:38 PM com.saucelabs.saucerest.SauceREST closeInputStream
WARNING: Error closing result stream
java.io.FileNotFoundException: https://saucelabs.com/rest/v1/rajautsav/jobs/3cfcc57e-61a9-43d6-86f2-c6896dd04f33
	at sun.net.www.protocol.http.HttpURLConnection.getInputStream0(HttpURLConnection.java:1872)
	at sun.net.www.protocol.http.HttpURLConnection.getInputStream(HttpURLConnection.java:1474)
	at sun.net.www.protocol.https.HttpsURLConnectionImpl.getInputStream(HttpsURLConnectionImpl.java:254)
	at com.saucelabs.saucerest.SauceREST.closeInputStream(SauceREST.java:442)
	at com.saucelabs.saucerest.SauceREST.updateJobInfo(SauceREST.java:410)
	at com.saucelabs.junit.SauceOnDemandTestWatcher.failed(SauceOnDemandTestWatcher.java:119)
	at org.junit.rules.TestWatcher.failedQuietly(TestWatcher.java:84)
	at org.junit.rules.TestWatcher.access$300(TestWatcher.java:46)
	at org.junit.rules.TestWatcher$1.evaluate(TestWatcher.java:62)
	at org.junit.rules.TestWatcher$1.evaluate(TestWatcher.java:55)
	at org.junit.rules.RunRules.evaluate(RunRules.java:20)
	at org.junit.runners.ParentRunner.runLeaf(ParentRunner.java:325)
	at org.junit.runners.BlockJUnit4ClassRunner.runChild(BlockJUnit4ClassRunner.java:78)
	at com.saucelabs.junit.ConcurrentParameterized$SauceClassRunnerForParameters.access$300(ConcurrentParameterized.java:166)
	at com.saucelabs.junit.ConcurrentParameterized$SauceClassRunnerForParameters$2.run(ConcurrentParameterized.java:283)
	at com.saucelabs.junit.ConcurrentParameterized$NonBlockingAsynchronousRunner$1.call(ConcurrentParameterized.java:308)
	at java.util.concurrent.FutureTask.run(FutureTask.java:266)
	at java.util.concurrent.ThreadPoolExecutor.runWorker(ThreadPoolExecutor.java:1142)
	at java.util.concurrent.ThreadPoolExecutor$Worker.run(ThreadPoolExecutor.java:617)
	at java.lang.Thread.run(Thread.java:748)

]]></system-err>
  </testcase>
</testsuite>