<!DOCTYPE html PUBLIC "-//W3C//DTD XHTML 1.0 Transitional//EN" "http://www.w3.org/TR/xhtml1/DTD/xhtml1-transitional.dtd">
<!-- Generated by Apache Maven Doxia Site Renderer 1.4 at 2017-07-06 -->
<html xmlns="http://www.w3.org/1999/xhtml" xml:lang="en" lang="en">
  <head>
    <meta http-equiv="Content-Type" content="text/html; charset=UTF-8" />
    <title>Benchmarking - Surefire Report</title>
    <style type="text/css" media="all">
      @import url("./css/maven-base.css");
      @import url("./css/maven-theme.css");
      @import url("./css/site.css");
    </style>
    <link rel="stylesheet" href="./css/print.css" type="text/css" media="print" />
    <meta name="Date-Revision-yyyymmdd" content="20170706" />
    <meta http-equiv="Content-Language" content="en" />
        
        </head>
  <body class="composite">
    <div id="banner">
                    <div id="bannerLeft">
                Benchmarking
                </div>
                    <div class="clear">
        <hr/>
      </div>
    </div>
    <div id="breadcrumbs">
            
                    
                <div class="xleft">
        <span id="publishDate">Last Published: 2017-07-06</span>
                  &nbsp;| <span id="projectVersion">Version: 1.0</span>
                      </div>
            <div class="xright">                    <a href="./" title="Benchmarking">Benchmarking</a>
              
                    
      </div>
      <div class="clear">
        <hr/>
      </div>
    </div>
    <div id="leftColumn">
      <div id="navcolumn">
             
                    
                                          <h5>Project Documentation</h5>
                  <ul>
                                                                                                                                                                                <li class="collapsed">
                          <a href="project-info.html" title="Project Information">Project Information</a>
                  </li>
                                                                              <li class="expanded">
                          <a href="project-reports.html" title="Project Reports">Project Reports</a>
                    <ul>
                      <li class="none">
            <strong>Surefire Report</strong>
          </li>
              </ul>
        </li>
          </ul>
                             <a href="http://maven.apache.org/" title="Built by Maven" class="poweredBy">
        <img class="poweredBy" alt="Built by Maven" src="./images/logos/maven-feather.png" />
      </a>
                   
                    
            </div>
    </div>
    <div id="bodyColumn">
      <div id="contentBox">
        <script type="text/javascript">
//<![CDATA[
function toggleDisplay(elementId) {
 var elm = document.getElementById(elementId + 'error');
 if (elm && typeof elm.style != "undefined") {
 if (elm.style.display == "none") {
 elm.style.display = "";
 document.getElementById(elementId + 'off').style.display = "none";
 document.getElementById(elementId + 'on').style.display = "inline";
 } else if (elm.style.display == "") { elm.style.display = "none";
 document.getElementById(elementId + 'off').style.display = "inline";
 document.getElementById(elementId + 'on').style.display = "none";
 } 
 } 
 }
//]]>
</script>
<div class="section">
<h2>Surefire Report<a name="Surefire_Report"></a></h2></div>
<div class="section">
<h2>Summary<a name="Summary"></a></h2><a name="Summary"></a>
<p>[<a href="#Summary">Summary</a>] [<a href="#Package_List">Package List</a>] [<a href="#Test_Cases">Test Cases</a>]</p><br />
<table border="1" class="bodyTable">
<tr class="a">
<th>Tests</th>
<th>Errors </th>
<th>Failures</th>
<th>Skipped</th>
<th>Success Rate</th>
<th>Time</th></tr>
<tr class="b">
<td>81</td>
<td>14</td>
<td>9</td>
<td>7</td>
<td>62.963%</td>
<td>14,140.612</td></tr></table><br />
<p>Note: failures are anticipated and checked for with assertions while errors are unanticipated.</p><br /></div>
<div class="section">
<h2>Package List<a name="Package_List"></a></h2><a name="Package_List"></a>
<p>[<a href="#Summary">Summary</a>] [<a href="#Package_List">Package List</a>] [<a href="#Test_Cases">Test Cases</a>]</p><br />
<table border="1" class="bodyTable">
<tr class="a">
<th>Package</th>
<th>Tests</th>
<th>Errors </th>
<th>Failures</th>
<th>Skipped</th>
<th>Success Rate</th>
<th>Time</th></tr>
<tr class="b">
<td><a href="#com.browserstack.benchmark.browserstack">com.browserstack.benchmark.browserstack</a></td>
<td>3</td>
<td>0</td>
<td>0</td>
<td>3</td>
<td>0%</td>
<td>0.001</td></tr>
<tr class="a">
<td><a href="#com.browserstack.benchmark.saucelabs">com.browserstack.benchmark.saucelabs</a></td>
<td>78</td>
<td>14</td>
<td>9</td>
<td>4</td>
<td>65.385%</td>
<td>14,140.611</td></tr></table><br />
<p>Note: package statistics are not computed recursively, they only sum up all of its testsuites numbers.</p>
<div class="section">
<h3>com.browserstack.benchmark.browserstack<a name="com.browserstack.benchmark.browserstack"></a></h3><a name="com.browserstack.benchmark.browserstack"></a>
<table border="1" class="bodyTable">
<tr class="a">
<th></th>
<th>Class</th>
<th>Tests</th>
<th>Errors </th>
<th>Failures</th>
<th>Skipped</th>
<th>Success Rate</th>
<th>Time</th></tr>
<tr class="b">
<td><a href="#com.browserstack.benchmark.browserstackTestSuite1"><img src="images/icon_warning_sml.gif" alt="" /></a></td>
<td><a href="#com.browserstack.benchmark.browserstackTestSuite1">TestSuite1</a></td>
<td>1</td>
<td>0</td>
<td>0</td>
<td>1</td>
<td>0%</td>
<td>0</td></tr>
<tr class="a">
<td><a href="#com.browserstack.benchmark.browserstackTestSuite2"><img src="images/icon_warning_sml.gif" alt="" /></a></td>
<td><a href="#com.browserstack.benchmark.browserstackTestSuite2">TestSuite2</a></td>
<td>1</td>
<td>0</td>
<td>0</td>
<td>1</td>
<td>0%</td>
<td>0.001</td></tr>
<tr class="b">
<td><a href="#com.browserstack.benchmark.browserstackTestSuite3"><img src="images/icon_warning_sml.gif" alt="" /></a></td>
<td><a href="#com.browserstack.benchmark.browserstackTestSuite3">TestSuite3</a></td>
<td>1</td>
<td>0</td>
<td>0</td>
<td>1</td>
<td>0%</td>
<td>0</td></tr></table></div>
<div class="section">
<h3>com.browserstack.benchmark.saucelabs<a name="com.browserstack.benchmark.saucelabs"></a></h3><a name="com.browserstack.benchmark.saucelabs"></a>
<table border="1" class="bodyTable">
<tr class="a">
<th></th>
<th>Class</th>
<th>Tests</th>
<th>Errors </th>
<th>Failures</th>
<th>Skipped</th>
<th>Success Rate</th>
<th>Time</th></tr>
<tr class="b">
<td><a href="#com.browserstack.benchmark.saucelabsTestSuite2"><img src="images/icon_error_sml.gif" alt="" /></a></td>
<td><a href="#com.browserstack.benchmark.saucelabsTestSuite2">TestSuite2</a></td>
<td>68</td>
<td>9</td>
<td>9</td>
<td>1</td>
<td>72.059%</td>
<td>13,685.375</td></tr>
<tr class="a">
<td><a href="#com.browserstack.benchmark.saucelabsTestSuite3"><img src="images/icon_error_sml.gif" alt="" /></a></td>
<td><a href="#com.browserstack.benchmark.saucelabsTestSuite3">TestSuite3</a></td>
<td>7</td>
<td>5</td>
<td>0</td>
<td>0</td>
<td>28.571%</td>
<td>455.236</td></tr>
<tr class="b">
<td><a href="#com.browserstack.benchmark.saucelabsTestSuite1"><img src="images/icon_warning_sml.gif" alt="" /></a></td>
<td><a href="#com.browserstack.benchmark.saucelabsTestSuite1">TestSuite1</a></td>
<td>1</td>
<td>0</td>
<td>0</td>
<td>1</td>
<td>0%</td>
<td>0</td></tr>
<tr class="a">
<td><a href="#com.browserstack.benchmark.saucelabsTestSuite2"><img src="images/icon_warning_sml.gif" alt="" /></a></td>
<td><a href="#com.browserstack.benchmark.saucelabsTestSuite2">TestSuite2</a></td>
<td>1</td>
<td>0</td>
<td>0</td>
<td>1</td>
<td>0%</td>
<td>0</td></tr>
<tr class="b">
<td><a href="#com.browserstack.benchmark.saucelabsTestSuite3"><img src="images/icon_warning_sml.gif" alt="" /></a></td>
<td><a href="#com.browserstack.benchmark.saucelabsTestSuite3">TestSuite3</a></td>
<td>1</td>
<td>0</td>
<td>0</td>
<td>1</td>
<td>0%</td>
<td>0</td></tr></table></div><br /></div>
<div class="section">
<h2>Test Cases<a name="Test_Cases"></a></h2><a name="Test_Cases"></a>
<p>[<a href="#Summary">Summary</a>] [<a href="#Package_List">Package List</a>] [<a href="#Test_Cases">Test Cases</a>]</p>
<div class="section">
<h3>TestSuite2<a name="TestSuite2"></a></h3><a name="com.browserstack.benchmark.saucelabsTestSuite2"></a>
<table border="1" class="bodyTable">
<tr class="a">
<td><a href="#com.browserstack.benchmark.saucelabs.TestSuite2.verifyScreenshotTest0"><img src="images/icon_error_sml.gif" alt="" /></a></td>
<td><a name="TC_com.browserstack.benchmark.saucelabs.TestSuite2.verifyScreenshotTest0"></a><a href="#com.browserstack.benchmark.saucelabs.TestSuite2.verifyScreenshotTest0">verifyScreenshotTest[0]</a>
<div class="detailToggle" style="display:inline"><a href="javascript:toggleDisplay(&apos;com.browserstack.benchmark.saucelabs.TestSuite2.verifyScreenshotTest0&apos;);"><span style="display:inline;" id="com.browserstack.benchmark.saucelabs.TestSuite2.verifyScreenshotTest0off"> + </span><span style="display:none;" id="com.browserstack.benchmark.saucelabs.TestSuite2.verifyScreenshotTest0on"> - </span>[ Detail ]</a></div></td>
<td>84.051</td></tr>
<tr class="b">
<td></td>
<td></td>
<td></td></tr>
<tr class="a">
<td></td>
<td>
<div id="com.browserstack.benchmark.saucelabs.TestSuite2.verifyScreenshotTest0error" style="display:none;">
<div>
<pre>java.lang.AssertionError
	at com.browserstack.benchmark.saucelabs.TestSuite2.verifyScreenshotTest(TestSuite2.java:772)</pre></div></div></td>
<td></td></tr>
<tr class="b">
<td><img src="images/icon_success_sml.gif" alt="" /></td>
<td><a name="TC_com.browserstack.benchmark.saucelabs.TestSuite2.verifyExecuteScriptTest0"></a>verifyExecuteScriptTest[0]</td>
<td>96.313</td></tr>
<tr class="a">
<td><img src="images/icon_success_sml.gif" alt="" /></td>
<td><a name="TC_com.browserstack.benchmark.saucelabs.TestSuite2.verifyGetImgSrcTest0"></a>verifyGetImgSrcTest[0]</td>
<td>41.052</td></tr>
<tr class="b">
<td><img src="images/icon_success_sml.gif" alt="" /></td>
<td><a name="TC_com.browserstack.benchmark.saucelabs.TestSuite2.verifyRefreshTest0"></a>verifyRefreshTest[0]</td>
<td>112.369</td></tr>
<tr class="a">
<td><img src="images/icon_success_sml.gif" alt="" /></td>
<td><a name="TC_com.browserstack.benchmark.saucelabs.TestSuite2.verifyGetElementByNameTest0"></a>verifyGetElementByNameTest[0]</td>
<td>50.223</td></tr>
<tr class="b">
<td><img src="images/icon_success_sml.gif" alt="" /></td>
<td><a name="TC_com.browserstack.benchmark.saucelabs.TestSuite2.verifyContextClickTest0"></a>verifyContextClickTest[0]</td>
<td>36.335</td></tr>
<tr class="a">
<td><a href="#com.browserstack.benchmark.saucelabs.TestSuite2.verifyCloseCurrentWindowTest0"><img src="images/icon_error_sml.gif" alt="" /></a></td>
<td><a name="TC_com.browserstack.benchmark.saucelabs.TestSuite2.verifyCloseCurrentWindowTest0"></a><a href="#com.browserstack.benchmark.saucelabs.TestSuite2.verifyCloseCurrentWindowTest0">verifyCloseCurrentWindowTest[0]</a>
<div class="detailToggle" style="display:inline"><a href="javascript:toggleDisplay(&apos;com.browserstack.benchmark.saucelabs.TestSuite2.verifyCloseCurrentWindowTest0&apos;);"><span style="display:inline;" id="com.browserstack.benchmark.saucelabs.TestSuite2.verifyCloseCurrentWindowTest0off"> + </span><span style="display:none;" id="com.browserstack.benchmark.saucelabs.TestSuite2.verifyCloseCurrentWindowTest0on"> - </span>[ Detail ]</a></div></td>
<td>71.621</td></tr>
<tr class="b">
<td></td>
<td></td>
<td></td></tr>
<tr class="a">
<td></td>
<td>
<div id="com.browserstack.benchmark.saucelabs.TestSuite2.verifyCloseCurrentWindowTest0error" style="display:none;">
<div>
<pre>java.lang.AssertionError
	at com.browserstack.benchmark.saucelabs.TestSuite2.verifyCloseCurrentWindowTest(TestSuite2.java:942)</pre></div></div></td>
<td></td></tr>
<tr class="b">
<td><img src="images/icon_success_sml.gif" alt="" /></td>
<td><a name="TC_com.browserstack.benchmark.saucelabs.TestSuite2.verifyGetTagTest0"></a>verifyGetTagTest[0]</td>
<td>61.965</td></tr>
<tr class="a">
<td><img src="images/icon_success_sml.gif" alt="" /></td>
<td><a name="TC_com.browserstack.benchmark.saucelabs.TestSuite2.verifyGetElementByIdTest0"></a>verifyGetElementByIdTest[0]</td>
<td>22.259</td></tr>
<tr class="b">
<td><a href="#com.browserstack.benchmark.saucelabs.TestSuite2.verifyKeyDownAndUpTest0"><img src="images/icon_error_sml.gif" alt="" /></a></td>
<td><a name="TC_com.browserstack.benchmark.saucelabs.TestSuite2.verifyKeyDownAndUpTest0"></a><a href="#com.browserstack.benchmark.saucelabs.TestSuite2.verifyKeyDownAndUpTest0">verifyKeyDownAndUpTest[0]</a>
<div class="detailToggle" style="display:inline"><a href="javascript:toggleDisplay(&apos;com.browserstack.benchmark.saucelabs.TestSuite2.verifyKeyDownAndUpTest0&apos;);"><span style="display:inline;" id="com.browserstack.benchmark.saucelabs.TestSuite2.verifyKeyDownAndUpTest0off"> + </span><span style="display:none;" id="com.browserstack.benchmark.saucelabs.TestSuite2.verifyKeyDownAndUpTest0on"> - </span>[ Detail ]</a></div></td>
<td>27.393</td></tr>
<tr class="a">
<td></td>
<td></td>
<td></td></tr>
<tr class="b">
<td></td>
<td>
<div id="com.browserstack.benchmark.saucelabs.TestSuite2.verifyKeyDownAndUpTest0error" style="display:none;">
<div>
<pre>java.lang.AssertionError
	at com.browserstack.benchmark.saucelabs.TestSuite2.verifyKeyDownAndUpTest(TestSuite2.java:693)</pre></div></div></td>
<td></td></tr>
<tr class="a">
<td><a href="#com.browserstack.benchmark.saucelabs.TestSuite2.verifyAlertTextTest0"><img src="images/icon_error_sml.gif" alt="" /></a></td>
<td><a name="TC_com.browserstack.benchmark.saucelabs.TestSuite2.verifyAlertTextTest0"></a><a href="#com.browserstack.benchmark.saucelabs.TestSuite2.verifyAlertTextTest0">verifyAlertTextTest[0]</a>
<div class="detailToggle" style="display:inline"><a href="javascript:toggleDisplay(&apos;com.browserstack.benchmark.saucelabs.TestSuite2.verifyAlertTextTest0&apos;);"><span style="display:inline;" id="com.browserstack.benchmark.saucelabs.TestSuite2.verifyAlertTextTest0off"> + </span><span style="display:none;" id="com.browserstack.benchmark.saucelabs.TestSuite2.verifyAlertTextTest0on"> - </span>[ Detail ]</a></div></td>
<td>708.03</td></tr>
<tr class="b">
<td></td>
<td>Error communicating with the remote browser. It may have died.
Build info: version: '3.4.0', revision: 'unknown', time: 'unknown'
System info: host: 'JYOTHIN-MBP.local', ip: 'fe80:0:0:0:c6b3:1ff:fec2:cb65%en0', os.name: 'Mac OS X', os.arch: 'x86_64', os.version: '10.11.6', java.version: '1.8.0_131'
Driver info: driver.version: RemoteWebDriver
Capabilities [{enablePersistentHover=true, ie.fileUploadDialogTimeout=3000.0, platform=WINDOWS, ie.ensureCleanSession=false, ie.browserCommandLineSwitches=, requireWindowFocus=false, takesScreenshot=true, browserName=internet explorer, javascriptEnabled=true, unexpectedAlertBehaviour=dismiss, browserAttachTimeout=0.0, ie.enableFullPageScreenshot=true, ie.forceCreateProcessApi=false, ie.forceShellWindowsApi=false, pageLoadStrategy=normal, ignoreZoomSetting=false, hasMetadata=true, version=11, nativeEvents=true, elementScrollBehavior=0.0, webdriver.remote.sessionid=fc1d34baec6141128563d22d1a56cb8b, initialBrowserUrl=about:blank, ignoreProtectedModeSettings=false, enableElementCacheCleanup=true, cssSelectorsEnabled=true}]
Session ID: fc1d34baec6141128563d22d1a56cb8b</td>
<td></td></tr>
<tr class="a">
<td></td>
<td>
<div id="com.browserstack.benchmark.saucelabs.TestSuite2.verifyAlertTextTest0error" style="display:none;">
<div>
<pre>org.openqa.selenium.remote.UnreachableBrowserException: 
Error communicating with the remote browser. It may have died.
Build info: version: '3.4.0', revision: 'unknown', time: 'unknown'
System info: host: 'JYOTHIN-MBP.local', ip: 'fe80:0:0:0:c6b3:1ff:fec2:cb65%en0', os.name: 'Mac OS X', os.arch: 'x86_64', os.version: '10.11.6', java.version: '1.8.0_131'
Driver info: driver.version: RemoteWebDriver
Capabilities [{enablePersistentHover=true, ie.fileUploadDialogTimeout=3000.0, platform=WINDOWS, ie.ensureCleanSession=false, ie.browserCommandLineSwitches=, requireWindowFocus=false, takesScreenshot=true, browserName=internet explorer, javascriptEnabled=true, unexpectedAlertBehaviour=dismiss, browserAttachTimeout=0.0, ie.enableFullPageScreenshot=true, ie.forceCreateProcessApi=false, ie.forceShellWindowsApi=false, pageLoadStrategy=normal, ignoreZoomSetting=false, hasMetadata=true, version=11, nativeEvents=true, elementScrollBehavior=0.0, webdriver.remote.sessionid=fc1d34baec6141128563d22d1a56cb8b, initialBrowserUrl=about:blank, ignoreProtectedModeSettings=false, enableElementCacheCleanup=true, cssSelectorsEnabled=true}]
Session ID: fc1d34baec6141128563d22d1a56cb8b
	at com.browserstack.benchmark.saucelabs.TestSuite2.verifyAlertTextTest(TestSuite2.java:375)
Caused by: org.apache.http.NoHttpResponseException: ondemand.saucelabs.com:443 failed to respond
	at com.browserstack.benchmark.saucelabs.TestSuite2.verifyAlertTextTest(TestSuite2.java:375)</pre></div></div></td>
<td></td></tr>
<tr class="b">
<td><img src="images/icon_success_sml.gif" alt="" /></td>
<td><a name="TC_com.browserstack.benchmark.saucelabs.TestSuite2.verifyContextClickElementTest0"></a>verifyContextClickElementTest[0]</td>
<td>62.04</td></tr>
<tr class="a">
<td><img src="images/icon_success_sml.gif" alt="" /></td>
<td><a name="TC_com.browserstack.benchmark.saucelabs.TestSuite2.verifyTitleTest0"></a>verifyTitleTest[0]</td>
<td>72.267</td></tr>
<tr class="b">
<td><a href="#com.browserstack.benchmark.saucelabs.TestSuite2.verifyDragAndDropTest0"><img src="images/icon_error_sml.gif" alt="" /></a></td>
<td><a name="TC_com.browserstack.benchmark.saucelabs.TestSuite2.verifyDragAndDropTest0"></a><a href="#com.browserstack.benchmark.saucelabs.TestSuite2.verifyDragAndDropTest0">verifyDragAndDropTest[0]</a>
<div class="detailToggle" style="display:inline"><a href="javascript:toggleDisplay(&apos;com.browserstack.benchmark.saucelabs.TestSuite2.verifyDragAndDropTest0&apos;);"><span style="display:inline;" id="com.browserstack.benchmark.saucelabs.TestSuite2.verifyDragAndDropTest0off"> + </span><span style="display:none;" id="com.browserstack.benchmark.saucelabs.TestSuite2.verifyDragAndDropTest0on"> - </span>[ Detail ]</a></div></td>
<td>93.499</td></tr>
<tr class="a">
<td></td>
<td>Values should be different. Actual: 9</td>
<td></td></tr>
<tr class="b">
<td></td>
<td>
<div id="com.browserstack.benchmark.saucelabs.TestSuite2.verifyDragAndDropTest0error" style="display:none;">
<div>
<pre>java.lang.AssertionError: Values should be different. Actual: 9
	at com.browserstack.benchmark.saucelabs.TestSuite2.verifyDragAndDropTest(TestSuite2.java:653)</pre></div></div></td>
<td></td></tr>
<tr class="a">
<td><img src="images/icon_success_sml.gif" alt="" /></td>
<td><a name="TC_com.browserstack.benchmark.saucelabs.TestSuite2.verifySwitchToFrameTest0"></a>verifySwitchToFrameTest[0]</td>
<td>48.655</td></tr>
<tr class="b">
<td><img src="images/icon_success_sml.gif" alt="" /></td>
<td><a name="TC_com.browserstack.benchmark.saucelabs.TestSuite2.verifyClickAndHoldAndReleaseTest0"></a>verifyClickAndHoldAndReleaseTest[0]</td>
<td>31.518</td></tr>
<tr class="a">
<td><img src="images/icon_success_sml.gif" alt="" /></td>
<td><a name="TC_com.browserstack.benchmark.saucelabs.TestSuite2.verifySendKeysTest0"></a>verifySendKeysTest[0]</td>
<td>109.676</td></tr>
<tr class="b">
<td><img src="images/icon_success_sml.gif" alt="" /></td>
<td><a name="TC_com.browserstack.benchmark.saucelabs.TestSuite2.verifyActionMoveToClickTest0"></a>verifyActionMoveToClickTest[0]</td>
<td>116.487</td></tr>
<tr class="a">
<td><a href="#com.browserstack.benchmark.saucelabs.TestSuite2.verifyControlKeyDownTest0"><img src="images/icon_error_sml.gif" alt="" /></a></td>
<td><a name="TC_com.browserstack.benchmark.saucelabs.TestSuite2.verifyControlKeyDownTest0"></a><a href="#com.browserstack.benchmark.saucelabs.TestSuite2.verifyControlKeyDownTest0">verifyControlKeyDownTest[0]</a>
<div class="detailToggle" style="display:inline"><a href="javascript:toggleDisplay(&apos;com.browserstack.benchmark.saucelabs.TestSuite2.verifyControlKeyDownTest0&apos;);"><span style="display:inline;" id="com.browserstack.benchmark.saucelabs.TestSuite2.verifyControlKeyDownTest0off"> + </span><span style="display:none;" id="com.browserstack.benchmark.saucelabs.TestSuite2.verifyControlKeyDownTest0on"> - </span>[ Detail ]</a></div></td>
<td>130.597</td></tr>
<tr class="b">
<td></td>
<td></td>
<td></td></tr>
<tr class="a">
<td></td>
<td>
<div id="com.browserstack.benchmark.saucelabs.TestSuite2.verifyControlKeyDownTest0error" style="display:none;">
<div>
<pre>java.lang.AssertionError
	at com.browserstack.benchmark.saucelabs.TestSuite2.verifyControlKeyDownTest(TestSuite2.java:1039)</pre></div></div></td>
<td></td></tr>
<tr class="b">
<td><img src="images/icon_success_sml.gif" alt="" /></td>
<td><a name="TC_com.browserstack.benchmark.saucelabs.TestSuite2.verifyWindowPositionTest0"></a>verifyWindowPositionTest[0]</td>
<td>439.132</td></tr>
<tr class="a">
<td><a href="#com.browserstack.benchmark.saucelabs.TestSuite2.verifyHoldAndReleaseTest0"><img src="images/icon_error_sml.gif" alt="" /></a></td>
<td><a name="TC_com.browserstack.benchmark.saucelabs.TestSuite2.verifyHoldAndReleaseTest0"></a><a href="#com.browserstack.benchmark.saucelabs.TestSuite2.verifyHoldAndReleaseTest0">verifyHoldAndReleaseTest[0]</a>
<div class="detailToggle" style="display:inline"><a href="javascript:toggleDisplay(&apos;com.browserstack.benchmark.saucelabs.TestSuite2.verifyHoldAndReleaseTest0&apos;);"><span style="display:inline;" id="com.browserstack.benchmark.saucelabs.TestSuite2.verifyHoldAndReleaseTest0off"> + </span><span style="display:none;" id="com.browserstack.benchmark.saucelabs.TestSuite2.verifyHoldAndReleaseTest0on"> - </span>[ Detail ]</a></div></td>
<td>451.121</td></tr>
<tr class="b">
<td></td>
<td></td>
<td></td></tr>
<tr class="a">
<td></td>
<td>
<div id="com.browserstack.benchmark.saucelabs.TestSuite2.verifyHoldAndReleaseTest0error" style="display:none;">
<div>
<pre>java.lang.AssertionError
	at com.browserstack.benchmark.saucelabs.TestSuite2.verifyHoldAndReleaseTest(TestSuite2.java:706)</pre></div></div></td>
<td></td></tr>
<tr class="b">
<td><img src="images/icon_success_sml.gif" alt="" /></td>
<td><a name="TC_com.browserstack.benchmark.saucelabs.TestSuite2.verifyActionSendKeysTest0"></a>verifyActionSendKeysTest[0]</td>
<td>461.78</td></tr>
<tr class="a">
<td><img src="images/icon_success_sml.gif" alt="" /></td>
<td><a name="TC_com.browserstack.benchmark.saucelabs.TestSuite2.verifyFileUploadTest0"></a>verifyFileUploadTest[0]</td>
<td>480.457</td></tr>
<tr class="b">
<td><img src="images/icon_success_sml.gif" alt="" /></td>
<td><a name="TC_com.browserstack.benchmark.saucelabs.TestSuite2.verifyGetElementByPartialLinkTest0"></a>verifyGetElementByPartialLinkTest[0]</td>
<td>483.377</td></tr>
<tr class="a">
<td><img src="images/icon_success_sml.gif" alt="" /></td>
<td><a name="TC_com.browserstack.benchmark.saucelabs.TestSuite2.verifyIsEnabledTest0"></a>verifyIsEnabledTest[0]</td>
<td>491.137</td></tr>
<tr class="b">
<td><img src="images/icon_success_sml.gif" alt="" /></td>
<td><a name="TC_com.browserstack.benchmark.saucelabs.TestSuite2.verifyPageSourceTest0"></a>verifyPageSourceTest[0]</td>
<td>493.865</td></tr>
<tr class="a">
<td><a href="#com.browserstack.benchmark.saucelabs.TestSuite2.verifyGetLocalStorageSizeTest0"><img src="images/icon_error_sml.gif" alt="" /></a></td>
<td><a name="TC_com.browserstack.benchmark.saucelabs.TestSuite2.verifyGetLocalStorageSizeTest0"></a><a href="#com.browserstack.benchmark.saucelabs.TestSuite2.verifyGetLocalStorageSizeTest0">verifyGetLocalStorageSizeTest[0]</a>
<div class="detailToggle" style="display:inline"><a href="javascript:toggleDisplay(&apos;com.browserstack.benchmark.saucelabs.TestSuite2.verifyGetLocalStorageSizeTest0&apos;);"><span style="display:inline;" id="com.browserstack.benchmark.saucelabs.TestSuite2.verifyGetLocalStorageSizeTest0off"> + </span><span style="display:none;" id="com.browserstack.benchmark.saucelabs.TestSuite2.verifyGetLocalStorageSizeTest0on"> - </span>[ Detail ]</a></div></td>
<td>507.965</td></tr>
<tr class="b">
<td></td>
<td></td>
<td></td></tr>
<tr class="a">
<td></td>
<td>
<div id="com.browserstack.benchmark.saucelabs.TestSuite2.verifyGetLocalStorageSizeTest0error" style="display:none;">
<div>
<pre>java.lang.NullPointerException
	at com.browserstack.benchmark.saucelabs.TestSuite2.verifyGetLocalStorageSizeTest(TestSuite2.java:992)</pre></div></div></td>
<td></td></tr>
<tr class="b">
<td><img src="images/icon_success_sml.gif" alt="" /></td>
<td><a name="TC_com.browserstack.benchmark.saucelabs.TestSuite2.verifyElementLocationTest0"></a>verifyElementLocationTest[0]</td>
<td>511.242</td></tr>
<tr class="a">
<td><img src="images/icon_success_sml.gif" alt="" /></td>
<td><a name="TC_com.browserstack.benchmark.saucelabs.TestSuite2.verifySendKeysClearTest0"></a>verifySendKeysClearTest[0]</td>
<td>518.473</td></tr>
<tr class="b">
<td><img src="images/icon_success_sml.gif" alt="" /></td>
<td><a name="TC_com.browserstack.benchmark.saucelabs.TestSuite2.verifyElementMoveTest0"></a>verifyElementMoveTest[0]</td>
<td>12.921</td></tr>
<tr class="a">
<td><a href="#com.browserstack.benchmark.saucelabs.TestSuite2.verifyAlertDismissTest0"><img src="images/icon_error_sml.gif" alt="" /></a></td>
<td><a name="TC_com.browserstack.benchmark.saucelabs.TestSuite2.verifyAlertDismissTest0"></a><a href="#com.browserstack.benchmark.saucelabs.TestSuite2.verifyAlertDismissTest0">verifyAlertDismissTest[0]</a>
<div class="detailToggle" style="display:inline"><a href="javascript:toggleDisplay(&apos;com.browserstack.benchmark.saucelabs.TestSuite2.verifyAlertDismissTest0&apos;);"><span style="display:inline;" id="com.browserstack.benchmark.saucelabs.TestSuite2.verifyAlertDismissTest0off"> + </span><span style="display:none;" id="com.browserstack.benchmark.saucelabs.TestSuite2.verifyAlertDismissTest0on"> - </span>[ Detail ]</a></div></td>
<td>352.079</td></tr>
<tr class="b">
<td></td>
<td>Due to a previous error, this job has already finished. You can learn more at https://saucelabs.com/jobs/2019179d73be4defb39799a6fde2654a (WARNING: The server did not provide any stacktrace information)
Command duration or timeout: 304.80 seconds
Build info: version: '3.4.0', revision: 'unknown', time: 'unknown'
System info: host: 'JYOTHIN-MBP.local', ip: 'fe80:0:0:0:c6b3:1ff:fec2:cb65%en0', os.name: 'Mac OS X', os.arch: 'x86_64', os.version: '10.11.6', java.version: '1.8.0_131'
Driver info: org.openqa.selenium.remote.RemoteWebDriver
Capabilities [{enablePersistentHover=true, ie.fileUploadDialogTimeout=3000.0, platform=WINDOWS, ie.ensureCleanSession=false, ie.browserCommandLineSwitches=, requireWindowFocus=false, takesScreenshot=true, browserName=internet explorer, javascriptEnabled=true, unexpectedAlertBehaviour=dismiss, browserAttachTimeout=0.0, ie.enableFullPageScreenshot=true, ie.forceCreateProcessApi=false, ie.forceShellWindowsApi=false, pageLoadStrategy=normal, ignoreZoomSetting=false, hasMetadata=true, version=11, nativeEvents=true, elementScrollBehavior=0.0, webdriver.remote.sessionid=2019179d73be4defb39799a6fde2654a, initialBrowserUrl=about:blank, ignoreProtectedModeSettings=false, enableElementCacheCleanup=true, cssSelectorsEnabled=true}]
Session ID: 2019179d73be4defb39799a6fde2654a</td>
<td></td></tr>
<tr class="a">
<td></td>
<td>
<div id="com.browserstack.benchmark.saucelabs.TestSuite2.verifyAlertDismissTest0error" style="display:none;">
<div>
<pre>org.openqa.selenium.WebDriverException: 
Due to a previous error, this job has already finished. You can learn more at https://saucelabs.com/jobs/2019179d73be4defb39799a6fde2654a (WARNING: The server did not provide any stacktrace information)
Command duration or timeout: 304.80 seconds
Build info: version: '3.4.0', revision: 'unknown', time: 'unknown'
System info: host: 'JYOTHIN-MBP.local', ip: 'fe80:0:0:0:c6b3:1ff:fec2:cb65%en0', os.name: 'Mac OS X', os.arch: 'x86_64', os.version: '10.11.6', java.version: '1.8.0_131'
Driver info: org.openqa.selenium.remote.RemoteWebDriver
Capabilities [{enablePersistentHover=true, ie.fileUploadDialogTimeout=3000.0, platform=WINDOWS, ie.ensureCleanSession=false, ie.browserCommandLineSwitches=, requireWindowFocus=false, takesScreenshot=true, browserName=internet explorer, javascriptEnabled=true, unexpectedAlertBehaviour=dismiss, browserAttachTimeout=0.0, ie.enableFullPageScreenshot=true, ie.forceCreateProcessApi=false, ie.forceShellWindowsApi=false, pageLoadStrategy=normal, ignoreZoomSetting=false, hasMetadata=true, version=11, nativeEvents=true, elementScrollBehavior=0.0, webdriver.remote.sessionid=2019179d73be4defb39799a6fde2654a, initialBrowserUrl=about:blank, ignoreProtectedModeSettings=false, enableElementCacheCleanup=true, cssSelectorsEnabled=true}]
Session ID: 2019179d73be4defb39799a6fde2654a
	at com.browserstack.benchmark.saucelabs.TestSuite2.verifyAlertDismissTest(TestSuite2.java:400)</pre></div></div></td>
<td></td></tr>
<tr class="b">
<td><a href="#com.browserstack.benchmark.saucelabs.TestSuite2.verifyAlertDismissTest0"><img src="images/icon_error_sml.gif" alt="" /></a></td>
<td><a name="TC_com.browserstack.benchmark.saucelabs.TestSuite2.verifyAlertDismissTest0"></a><a href="#com.browserstack.benchmark.saucelabs.TestSuite2.verifyAlertDismissTest0">verifyAlertDismissTest[0]</a>
<div class="detailToggle" style="display:inline"><a href="javascript:toggleDisplay(&apos;com.browserstack.benchmark.saucelabs.TestSuite2.verifyAlertDismissTest0&apos;);"><span style="display:inline;" id="com.browserstack.benchmark.saucelabs.TestSuite2.verifyAlertDismissTest0off"> + </span><span style="display:none;" id="com.browserstack.benchmark.saucelabs.TestSuite2.verifyAlertDismissTest0on"> - </span>[ Detail ]</a></div></td>
<td>0</td></tr>
<tr class="a">
<td></td>
<td>Due to a previous error, this job has already finished. You can learn more at https://saucelabs.com/jobs/2019179d73be4defb39799a6fde2654a (WARNING: The server did not provide any stacktrace information)
Command duration or timeout: 351 milliseconds
Build info: version: '3.4.0', revision: 'unknown', time: 'unknown'
System info: host: 'JYOTHIN-MBP.local', ip: 'fe80:0:0:0:c6b3:1ff:fec2:cb65%en0', os.name: 'Mac OS X', os.arch: 'x86_64', os.version: '10.11.6', java.version: '1.8.0_131'
Driver info: org.openqa.selenium.remote.RemoteWebDriver
Capabilities [{enablePersistentHover=true, ie.fileUploadDialogTimeout=3000.0, platform=WINDOWS, ie.ensureCleanSession=false, ie.browserCommandLineSwitches=, requireWindowFocus=false, takesScreenshot=true, browserName=internet explorer, javascriptEnabled=true, unexpectedAlertBehaviour=dismiss, browserAttachTimeout=0.0, ie.enableFullPageScreenshot=true, ie.forceCreateProcessApi=false, ie.forceShellWindowsApi=false, pageLoadStrategy=normal, ignoreZoomSetting=false, hasMetadata=true, version=11, nativeEvents=true, elementScrollBehavior=0.0, webdriver.remote.sessionid=2019179d73be4defb39799a6fde2654a, initialBrowserUrl=about:blank, ignoreProtectedModeSettings=false, enableElementCacheCleanup=true, cssSelectorsEnabled=true}]
Session ID: 2019179d73be4defb39799a6fde2654a</td>
<td></td></tr>
<tr class="b">
<td></td>
<td>
<div id="com.browserstack.benchmark.saucelabs.TestSuite2.verifyAlertDismissTest0error" style="display:none;">
<div>
<pre>org.openqa.selenium.WebDriverException: 
Due to a previous error, this job has already finished. You can learn more at https://saucelabs.com/jobs/2019179d73be4defb39799a6fde2654a (WARNING: The server did not provide any stacktrace information)
Command duration or timeout: 351 milliseconds
Build info: version: '3.4.0', revision: 'unknown', time: 'unknown'
System info: host: 'JYOTHIN-MBP.local', ip: 'fe80:0:0:0:c6b3:1ff:fec2:cb65%en0', os.name: 'Mac OS X', os.arch: 'x86_64', os.version: '10.11.6', java.version: '1.8.0_131'
Driver info: org.openqa.selenium.remote.RemoteWebDriver
Capabilities [{enablePersistentHover=true, ie.fileUploadDialogTimeout=3000.0, platform=WINDOWS, ie.ensureCleanSession=false, ie.browserCommandLineSwitches=, requireWindowFocus=false, takesScreenshot=true, browserName=internet explorer, javascriptEnabled=true, unexpectedAlertBehaviour=dismiss, browserAttachTimeout=0.0, ie.enableFullPageScreenshot=true, ie.forceCreateProcessApi=false, ie.forceShellWindowsApi=false, pageLoadStrategy=normal, ignoreZoomSetting=false, hasMetadata=true, version=11, nativeEvents=true, elementScrollBehavior=0.0, webdriver.remote.sessionid=2019179d73be4defb39799a6fde2654a, initialBrowserUrl=about:blank, ignoreProtectedModeSettings=false, enableElementCacheCleanup=true, cssSelectorsEnabled=true}]
Session ID: 2019179d73be4defb39799a6fde2654a</pre></div></div></td>
<td></td></tr>
<tr class="a">
<td><img src="images/icon_success_sml.gif" alt="" /></td>
<td><a name="TC_com.browserstack.benchmark.saucelabs.TestSuite2.verifyDeleteCookieTest0"></a>verifyDeleteCookieTest[0]</td>
<td>33.16</td></tr>
<tr class="b">
<td><img src="images/icon_success_sml.gif" alt="" /></td>
<td><a name="TC_com.browserstack.benchmark.saucelabs.TestSuite2.verifyGetElementByXpathTest0"></a>verifyGetElementByXpathTest[0]</td>
<td>495.037</td></tr>
<tr class="a">
<td><img src="images/icon_success_sml.gif" alt="" /></td>
<td><a name="TC_com.browserstack.benchmark.saucelabs.TestSuite2.verifyIsSelectedTest0"></a>verifyIsSelectedTest[0]</td>
<td>499.708</td></tr>
<tr class="b">
<td><img src="images/icon_success_sml.gif" alt="" /></td>
<td><a name="TC_com.browserstack.benchmark.saucelabs.TestSuite2.verifyGetElementElementsTest0"></a>verifyGetElementElementsTest[0]</td>
<td>508.966</td></tr>
<tr class="a">
<td><a href="#com.browserstack.benchmark.saucelabs.TestSuite2.verifyActionClickTest0"><img src="images/icon_error_sml.gif" alt="" /></a></td>
<td><a name="TC_com.browserstack.benchmark.saucelabs.TestSuite2.verifyActionClickTest0"></a><a href="#com.browserstack.benchmark.saucelabs.TestSuite2.verifyActionClickTest0">verifyActionClickTest[0]</a>
<div class="detailToggle" style="display:inline"><a href="javascript:toggleDisplay(&apos;com.browserstack.benchmark.saucelabs.TestSuite2.verifyActionClickTest0&apos;);"><span style="display:inline;" id="com.browserstack.benchmark.saucelabs.TestSuite2.verifyActionClickTest0off"> + </span><span style="display:none;" id="com.browserstack.benchmark.saucelabs.TestSuite2.verifyActionClickTest0on"> - </span>[ Detail ]</a></div></td>
<td>521.636</td></tr>
<tr class="b">
<td></td>
<td>Expected condition failed: waiting for title to be &quot;Google&quot;. Current title: &quot;Selenium playground&quot; (tried for 10 second(s) with 500 MILLISECONDS interval)
Build info: version: '3.4.0', revision: 'unknown', time: 'unknown'
System info: host: 'JYOTHIN-MBP.local', ip: 'fe80:0:0:0:c6b3:1ff:fec2:cb65%en0', os.name: 'Mac OS X', os.arch: 'x86_64', os.version: '10.11.6', java.version: '1.8.0_131'
Driver info: org.openqa.selenium.remote.RemoteWebDriver
Capabilities [{enablePersistentHover=true, ie.fileUploadDialogTimeout=3000.0, platform=WINDOWS, ie.ensureCleanSession=false, ie.browserCommandLineSwitches=, requireWindowFocus=false, takesScreenshot=true, browserName=internet explorer, javascriptEnabled=true, unexpectedAlertBehaviour=dismiss, browserAttachTimeout=0.0, ie.enableFullPageScreenshot=true, ie.forceCreateProcessApi=false, ie.forceShellWindowsApi=false, pageLoadStrategy=normal, ignoreZoomSetting=false, hasMetadata=true, version=11, nativeEvents=true, elementScrollBehavior=0.0, webdriver.remote.sessionid=6b6b09d8518042de827934efe3973728, initialBrowserUrl=about:blank, ignoreProtectedModeSettings=false, enableElementCacheCleanup=true, cssSelectorsEnabled=true}]
Session ID: 6b6b09d8518042de827934efe3973728</td>
<td></td></tr>
<tr class="a">
<td></td>
<td>
<div id="com.browserstack.benchmark.saucelabs.TestSuite2.verifyActionClickTest0error" style="display:none;">
<div>
<pre>org.openqa.selenium.TimeoutException: 
Expected condition failed: waiting for title to be &quot;Google&quot;. Current title: &quot;Selenium playground&quot; (tried for 10 second(s) with 500 MILLISECONDS interval)
Build info: version: '3.4.0', revision: 'unknown', time: 'unknown'
System info: host: 'JYOTHIN-MBP.local', ip: 'fe80:0:0:0:c6b3:1ff:fec2:cb65%en0', os.name: 'Mac OS X', os.arch: 'x86_64', os.version: '10.11.6', java.version: '1.8.0_131'
Driver info: org.openqa.selenium.remote.RemoteWebDriver
Capabilities [{enablePersistentHover=true, ie.fileUploadDialogTimeout=3000.0, platform=WINDOWS, ie.ensureCleanSession=false, ie.browserCommandLineSwitches=, requireWindowFocus=false, takesScreenshot=true, browserName=internet explorer, javascriptEnabled=true, unexpectedAlertBehaviour=dismiss, browserAttachTimeout=0.0, ie.enableFullPageScreenshot=true, ie.forceCreateProcessApi=false, ie.forceShellWindowsApi=false, pageLoadStrategy=normal, ignoreZoomSetting=false, hasMetadata=true, version=11, nativeEvents=true, elementScrollBehavior=0.0, webdriver.remote.sessionid=6b6b09d8518042de827934efe3973728, initialBrowserUrl=about:blank, ignoreProtectedModeSettings=false, enableElementCacheCleanup=true, cssSelectorsEnabled=true}]
Session ID: 6b6b09d8518042de827934efe3973728
	at com.browserstack.benchmark.saucelabs.TestSuite2.verifyActionClickTest(TestSuite2.java:633)</pre></div></div></td>
<td></td></tr>
<tr class="b">
<td><img src="images/icon_success_sml.gif" alt="" /></td>
<td><a name="TC_com.browserstack.benchmark.saucelabs.TestSuite2.verifyGetCookiesTest0"></a>verifyGetCookiesTest[0]</td>
<td>234.059</td></tr>
<tr class="a">
<td><img src="images/icon_success_sml.gif" alt="" /></td>
<td><a name="TC_com.browserstack.benchmark.saucelabs.TestSuite2.verifyDoubleClickTest0"></a>verifyDoubleClickTest[0]</td>
<td>231.983</td></tr>
<tr class="b">
<td><a href="#com.browserstack.benchmark.saucelabs.TestSuite2.verifyBackForwardTest0"><img src="images/icon_warning_sml.gif" alt="" /></a></td>
<td><a name="TC_com.browserstack.benchmark.saucelabs.TestSuite2.verifyBackForwardTest0"></a><a href="#com.browserstack.benchmark.saucelabs.TestSuite2.verifyBackForwardTest0">verifyBackForwardTest[0]</a>
<div class="detailToggle" style="display:inline"><a href="javascript:toggleDisplay(&apos;com.browserstack.benchmark.saucelabs.TestSuite2.verifyBackForwardTest0&apos;);"><span style="display:inline;" id="com.browserstack.benchmark.saucelabs.TestSuite2.verifyBackForwardTest0off"> + </span><span style="display:none;" id="com.browserstack.benchmark.saucelabs.TestSuite2.verifyBackForwardTest0on"> - </span>[ Detail ]</a></div></td>
<td>0</td></tr>
<tr class="a">
<td></td>
<td>Error in test</td>
<td></td></tr>
<tr class="b">
<td><img src="images/icon_success_sml.gif" alt="" /></td>
<td><a name="TC_com.browserstack.benchmark.saucelabs.TestSuite2.verifyPrintLocalStorageTest0"></a>verifyPrintLocalStorageTest[0]</td>
<td>229.2</td></tr>
<tr class="a">
<td><a href="#com.browserstack.benchmark.saucelabs.TestSuite2.verifyImplicitWaitTest0"><img src="images/icon_error_sml.gif" alt="" /></a></td>
<td><a name="TC_com.browserstack.benchmark.saucelabs.TestSuite2.verifyImplicitWaitTest0"></a><a href="#com.browserstack.benchmark.saucelabs.TestSuite2.verifyImplicitWaitTest0">verifyImplicitWaitTest[0]</a>
<div class="detailToggle" style="display:inline"><a href="javascript:toggleDisplay(&apos;com.browserstack.benchmark.saucelabs.TestSuite2.verifyImplicitWaitTest0&apos;);"><span style="display:inline;" id="com.browserstack.benchmark.saucelabs.TestSuite2.verifyImplicitWaitTest0off"> + </span><span style="display:none;" id="com.browserstack.benchmark.saucelabs.TestSuite2.verifyImplicitWaitTest0on"> - </span>[ Detail ]</a></div></td>
<td>209.035</td></tr>
<tr class="b">
<td></td>
<td></td>
<td></td></tr>
<tr class="a">
<td></td>
<td>
<div id="com.browserstack.benchmark.saucelabs.TestSuite2.verifyImplicitWaitTest0error" style="display:none;">
<div>
<pre>java.lang.AssertionError
	at com.browserstack.benchmark.saucelabs.TestSuite2.verifyImplicitWaitTest(TestSuite2.java:789)</pre></div></div></td>
<td></td></tr>
<tr class="b">
<td><img src="images/icon_success_sml.gif" alt="" /></td>
<td><a name="TC_com.browserstack.benchmark.saucelabs.TestSuite2.verifyWindowHandleTest0"></a>verifyWindowHandleTest[0]</td>
<td>199.58</td></tr>
<tr class="a">
<td><img src="images/icon_success_sml.gif" alt="" /></td>
<td><a name="TC_com.browserstack.benchmark.saucelabs.TestSuite2.verifyAddCookieAndGetCookieTest0"></a>verifyAddCookieAndGetCookieTest[0]</td>
<td>188.164</td></tr>
<tr class="b">
<td><img src="images/icon_success_sml.gif" alt="" /></td>
<td><a name="TC_com.browserstack.benchmark.saucelabs.TestSuite2.verifyElementSizeTest0"></a>verifyElementSizeTest[0]</td>
<td>188.517</td></tr>
<tr class="a">
<td><img src="images/icon_success_sml.gif" alt="" /></td>
<td><a name="TC_com.browserstack.benchmark.saucelabs.TestSuite2.verifyGetElementByTagNameTest0"></a>verifyGetElementByTagNameTest[0]</td>
<td>178.959</td></tr>
<tr class="b">
<td><a href="#com.browserstack.benchmark.saucelabs.TestSuite2.verifyElementMoveInTest0"><img src="images/icon_error_sml.gif" alt="" /></a></td>
<td><a name="TC_com.browserstack.benchmark.saucelabs.TestSuite2.verifyElementMoveInTest0"></a><a href="#com.browserstack.benchmark.saucelabs.TestSuite2.verifyElementMoveInTest0">verifyElementMoveInTest[0]</a>
<div class="detailToggle" style="display:inline"><a href="javascript:toggleDisplay(&apos;com.browserstack.benchmark.saucelabs.TestSuite2.verifyElementMoveInTest0&apos;);"><span style="display:inline;" id="com.browserstack.benchmark.saucelabs.TestSuite2.verifyElementMoveInTest0off"> + </span><span style="display:none;" id="com.browserstack.benchmark.saucelabs.TestSuite2.verifyElementMoveInTest0on"> - </span>[ Detail ]</a></div></td>
<td>174.594</td></tr>
<tr class="a">
<td></td>
<td>expected:&lt;[Hover in]&gt; but was:&lt;[]&gt;</td>
<td></td></tr>
<tr class="b">
<td></td>
<td>
<div id="com.browserstack.benchmark.saucelabs.TestSuite2.verifyElementMoveInTest0error" style="display:none;">
<div>
<pre>org.junit.ComparisonFailure: expected:&lt;[Hover in]&gt; but was:&lt;[]&gt;
	at com.browserstack.benchmark.saucelabs.TestSuite2.verifyElementMoveInTest(TestSuite2.java:594)</pre></div></div></td>
<td></td></tr>
<tr class="a">
<td><img src="images/icon_success_sml.gif" alt="" /></td>
<td><a name="TC_com.browserstack.benchmark.saucelabs.TestSuite2.verifyGetElementsTest0"></a>verifyGetElementsTest[0]</td>
<td>161.454</td></tr>
<tr class="b">
<td><img src="images/icon_success_sml.gif" alt="" /></td>
<td><a name="TC_com.browserstack.benchmark.saucelabs.TestSuite2.verifyGetCssValueTest0"></a>verifyGetCssValueTest[0]</td>
<td>156.836</td></tr>
<tr class="a">
<td><img src="images/icon_success_sml.gif" alt="" /></td>
<td><a name="TC_com.browserstack.benchmark.saucelabs.TestSuite2.verifyWindowSizeAndMaximizeTest0"></a>verifyWindowSizeAndMaximizeTest[0]</td>
<td>144.177</td></tr>
<tr class="b">
<td><img src="images/icon_success_sml.gif" alt="" /></td>
<td><a name="TC_com.browserstack.benchmark.saucelabs.TestSuite2.verifyCurrentUrlTest0"></a>verifyCurrentUrlTest[0]</td>
<td>135.35</td></tr>
<tr class="a">
<td><img src="images/icon_success_sml.gif" alt="" /></td>
<td><a name="TC_com.browserstack.benchmark.saucelabs.TestSuite2.verifyGetElementByClassNameTest0"></a>verifyGetElementByClassNameTest[0]</td>
<td>125.312</td></tr>
<tr class="b">
<td><a href="#com.browserstack.benchmark.saucelabs.TestSuite2.verifyClearLocalStorageTest0"><img src="images/icon_error_sml.gif" alt="" /></a></td>
<td><a name="TC_com.browserstack.benchmark.saucelabs.TestSuite2.verifyClearLocalStorageTest0"></a><a href="#com.browserstack.benchmark.saucelabs.TestSuite2.verifyClearLocalStorageTest0">verifyClearLocalStorageTest[0]</a>
<div class="detailToggle" style="display:inline"><a href="javascript:toggleDisplay(&apos;com.browserstack.benchmark.saucelabs.TestSuite2.verifyClearLocalStorageTest0&apos;);"><span style="display:inline;" id="com.browserstack.benchmark.saucelabs.TestSuite2.verifyClearLocalStorageTest0off"> + </span><span style="display:none;" id="com.browserstack.benchmark.saucelabs.TestSuite2.verifyClearLocalStorageTest0on"> - </span>[ Detail ]</a></div></td>
<td>105.84</td></tr>
<tr class="a">
<td></td>
<td></td>
<td></td></tr>
<tr class="b">
<td></td>
<td>
<div id="com.browserstack.benchmark.saucelabs.TestSuite2.verifyClearLocalStorageTest0error" style="display:none;">
<div>
<pre>java.lang.NullPointerException
	at com.browserstack.benchmark.saucelabs.TestSuite2.verifyClearLocalStorageTest(TestSuite2.java:979)</pre></div></div></td>
<td></td></tr>
<tr class="a">
<td><img src="images/icon_success_sml.gif" alt="" /></td>
<td><a name="TC_com.browserstack.benchmark.saucelabs.TestSuite2.verifyWindowHandlesTest0"></a>verifyWindowHandlesTest[0]</td>
<td>105.061</td></tr>
<tr class="b">
<td><img src="images/icon_success_sml.gif" alt="" /></td>
<td><a name="TC_com.browserstack.benchmark.saucelabs.TestSuite2.verifySwitchToDefaultContentTest0"></a>verifySwitchToDefaultContentTest[0]</td>
<td>95.214</td></tr>
<tr class="a">
<td><img src="images/icon_success_sml.gif" alt="" /></td>
<td><a name="TC_com.browserstack.benchmark.saucelabs.TestSuite2.verifyGetElementByCssTest0"></a>verifyGetElementByCssTest[0]</td>
<td>98.157</td></tr>
<tr class="b">
<td><a href="#com.browserstack.benchmark.saucelabs.TestSuite2.verifyLocalStorageKeyTest0"><img src="images/icon_error_sml.gif" alt="" /></a></td>
<td><a name="TC_com.browserstack.benchmark.saucelabs.TestSuite2.verifyLocalStorageKeyTest0"></a><a href="#com.browserstack.benchmark.saucelabs.TestSuite2.verifyLocalStorageKeyTest0">verifyLocalStorageKeyTest[0]</a>
<div class="detailToggle" style="display:inline"><a href="javascript:toggleDisplay(&apos;com.browserstack.benchmark.saucelabs.TestSuite2.verifyLocalStorageKeyTest0&apos;);"><span style="display:inline;" id="com.browserstack.benchmark.saucelabs.TestSuite2.verifyLocalStorageKeyTest0off"> + </span><span style="display:none;" id="com.browserstack.benchmark.saucelabs.TestSuite2.verifyLocalStorageKeyTest0on"> - </span>[ Detail ]</a></div></td>
<td>105.691</td></tr>
<tr class="a">
<td></td>
<td></td>
<td></td></tr>
<tr class="b">
<td></td>
<td>
<div id="com.browserstack.benchmark.saucelabs.TestSuite2.verifyLocalStorageKeyTest0error" style="display:none;">
<div>
<pre>java.lang.NullPointerException
	at com.browserstack.benchmark.saucelabs.TestSuite2.verifyLocalStorageKeyTest(TestSuite2.java:964)</pre></div></div></td>
<td></td></tr>
<tr class="a">
<td><img src="images/icon_success_sml.gif" alt="" /></td>
<td><a name="TC_com.browserstack.benchmark.saucelabs.TestSuite2.verifyDeleteCookiesTest0"></a>verifyDeleteCookiesTest[0]</td>
<td>98.679</td></tr>
<tr class="b">
<td><img src="images/icon_success_sml.gif" alt="" /></td>
<td><a name="TC_com.browserstack.benchmark.saucelabs.TestSuite2.verifyDisplayTest0"></a>verifyDisplayTest[0]</td>
<td>98.335</td></tr>
<tr class="a">
<td><img src="images/icon_success_sml.gif" alt="" /></td>
<td><a name="TC_com.browserstack.benchmark.saucelabs.TestSuite2.verifyActiveElementTest0"></a>verifyActiveElementTest[0]</td>
<td>105.53</td></tr>
<tr class="b">
<td><img src="images/icon_success_sml.gif" alt="" /></td>
<td><a name="TC_com.browserstack.benchmark.saucelabs.TestSuite2.verifyWaitForElementVisibilityTest0"></a>verifyWaitForElementVisibilityTest[0]</td>
<td>109.408</td></tr>
<tr class="a">
<td><img src="images/icon_success_sml.gif" alt="" /></td>
<td><a name="TC_com.browserstack.benchmark.saucelabs.TestSuite2.verifyChangeTitleTest0"></a>verifyChangeTitleTest[0]</td>
<td>114.917</td></tr>
<tr class="b">
<td><img src="images/icon_success_sml.gif" alt="" /></td>
<td><a name="TC_com.browserstack.benchmark.saucelabs.TestSuite2.verifyDeleteCookieNamedTest0"></a>verifyDeleteCookieNamedTest[0]</td>
<td>105.348</td></tr>
<tr class="a">
<td><img src="images/icon_success_sml.gif" alt="" /></td>
<td><a name="TC_com.browserstack.benchmark.saucelabs.TestSuite2.verifyGetElementByLinkTest0"></a>verifyGetElementByLinkTest[0]</td>
<td>112.197</td></tr>
<tr class="b">
<td><a href="#com.browserstack.benchmark.saucelabs.TestSuite2.verifyAlertAcceptTest0"><img src="images/icon_error_sml.gif" alt="" /></a></td>
<td><a name="TC_com.browserstack.benchmark.saucelabs.TestSuite2.verifyAlertAcceptTest0"></a><a href="#com.browserstack.benchmark.saucelabs.TestSuite2.verifyAlertAcceptTest0">verifyAlertAcceptTest[0]</a>
<div class="detailToggle" style="display:inline"><a href="javascript:toggleDisplay(&apos;com.browserstack.benchmark.saucelabs.TestSuite2.verifyAlertAcceptTest0&apos;);"><span style="display:inline;" id="com.browserstack.benchmark.saucelabs.TestSuite2.verifyAlertAcceptTest0off"> + </span><span style="display:none;" id="com.browserstack.benchmark.saucelabs.TestSuite2.verifyAlertAcceptTest0on"> - </span>[ Detail ]</a></div></td>
<td>410.675</td></tr>
<tr class="a">
<td></td>
<td>Due to a previous error, this job has already finished. You can learn more at https://saucelabs.com/jobs/1893736943634164a9ad6f61750b6aba (WARNING: The server did not provide any stacktrace information)
Command duration or timeout: 305.16 seconds
Build info: version: '3.4.0', revision: 'unknown', time: 'unknown'
System info: host: 'JYOTHIN-MBP.local', ip: 'fe80:0:0:0:c6b3:1ff:fec2:cb65%en0', os.name: 'Mac OS X', os.arch: 'x86_64', os.version: '10.11.6', java.version: '1.8.0_131'
Driver info: org.openqa.selenium.remote.RemoteWebDriver
Capabilities [{enablePersistentHover=true, ie.fileUploadDialogTimeout=3000.0, platform=WINDOWS, ie.ensureCleanSession=false, ie.browserCommandLineSwitches=, requireWindowFocus=false, takesScreenshot=true, browserName=internet explorer, javascriptEnabled=true, unexpectedAlertBehaviour=dismiss, browserAttachTimeout=0.0, ie.enableFullPageScreenshot=true, ie.forceCreateProcessApi=false, ie.forceShellWindowsApi=false, pageLoadStrategy=normal, ignoreZoomSetting=false, hasMetadata=true, version=11, nativeEvents=true, elementScrollBehavior=0.0, webdriver.remote.sessionid=1893736943634164a9ad6f61750b6aba, initialBrowserUrl=about:blank, ignoreProtectedModeSettings=false, enableElementCacheCleanup=true, cssSelectorsEnabled=true}]
Session ID: 1893736943634164a9ad6f61750b6aba</td>
<td></td></tr>
<tr class="b">
<td></td>
<td>
<div id="com.browserstack.benchmark.saucelabs.TestSuite2.verifyAlertAcceptTest0error" style="display:none;">
<div>
<pre>org.openqa.selenium.WebDriverException: 
Due to a previous error, this job has already finished. You can learn more at https://saucelabs.com/jobs/1893736943634164a9ad6f61750b6aba (WARNING: The server did not provide any stacktrace information)
Command duration or timeout: 305.16 seconds
Build info: version: '3.4.0', revision: 'unknown', time: 'unknown'
System info: host: 'JYOTHIN-MBP.local', ip: 'fe80:0:0:0:c6b3:1ff:fec2:cb65%en0', os.name: 'Mac OS X', os.arch: 'x86_64', os.version: '10.11.6', java.version: '1.8.0_131'
Driver info: org.openqa.selenium.remote.RemoteWebDriver
Capabilities [{enablePersistentHover=true, ie.fileUploadDialogTimeout=3000.0, platform=WINDOWS, ie.ensureCleanSession=false, ie.browserCommandLineSwitches=, requireWindowFocus=false, takesScreenshot=true, browserName=internet explorer, javascriptEnabled=true, unexpectedAlertBehaviour=dismiss, browserAttachTimeout=0.0, ie.enableFullPageScreenshot=true, ie.forceCreateProcessApi=false, ie.forceShellWindowsApi=false, pageLoadStrategy=normal, ignoreZoomSetting=false, hasMetadata=true, version=11, nativeEvents=true, elementScrollBehavior=0.0, webdriver.remote.sessionid=1893736943634164a9ad6f61750b6aba, initialBrowserUrl=about:blank, ignoreProtectedModeSettings=false, enableElementCacheCleanup=true, cssSelectorsEnabled=true}]
Session ID: 1893736943634164a9ad6f61750b6aba
	at com.browserstack.benchmark.saucelabs.TestSuite2.verifyAlertAcceptTest(TestSuite2.java:388)</pre></div></div></td>
<td></td></tr>
<tr class="a">
<td><a href="#com.browserstack.benchmark.saucelabs.TestSuite2.verifyAlertAcceptTest0"><img src="images/icon_error_sml.gif" alt="" /></a></td>
<td><a name="TC_com.browserstack.benchmark.saucelabs.TestSuite2.verifyAlertAcceptTest0"></a><a href="#com.browserstack.benchmark.saucelabs.TestSuite2.verifyAlertAcceptTest0">verifyAlertAcceptTest[0]</a>
<div class="detailToggle" style="display:inline"><a href="javascript:toggleDisplay(&apos;com.browserstack.benchmark.saucelabs.TestSuite2.verifyAlertAcceptTest0&apos;);"><span style="display:inline;" id="com.browserstack.benchmark.saucelabs.TestSuite2.verifyAlertAcceptTest0off"> + </span><span style="display:none;" id="com.browserstack.benchmark.saucelabs.TestSuite2.verifyAlertAcceptTest0on"> - </span>[ Detail ]</a></div></td>
<td>0</td></tr>
<tr class="b">
<td></td>
<td>Due to a previous error, this job has already finished. You can learn more at https://saucelabs.com/jobs/1893736943634164a9ad6f61750b6aba (WARNING: The server did not provide any stacktrace information)
Command duration or timeout: 296 milliseconds
Build info: version: '3.4.0', revision: 'unknown', time: 'unknown'
System info: host: 'JYOTHIN-MBP.local', ip: 'fe80:0:0:0:c6b3:1ff:fec2:cb65%en0', os.name: 'Mac OS X', os.arch: 'x86_64', os.version: '10.11.6', java.version: '1.8.0_131'
Driver info: org.openqa.selenium.remote.RemoteWebDriver
Capabilities [{enablePersistentHover=true, ie.fileUploadDialogTimeout=3000.0, platform=WINDOWS, ie.ensureCleanSession=false, ie.browserCommandLineSwitches=, requireWindowFocus=false, takesScreenshot=true, browserName=internet explorer, javascriptEnabled=true, unexpectedAlertBehaviour=dismiss, browserAttachTimeout=0.0, ie.enableFullPageScreenshot=true, ie.forceCreateProcessApi=false, ie.forceShellWindowsApi=false, pageLoadStrategy=normal, ignoreZoomSetting=false, hasMetadata=true, version=11, nativeEvents=true, elementScrollBehavior=0.0, webdriver.remote.sessionid=1893736943634164a9ad6f61750b6aba, initialBrowserUrl=about:blank, ignoreProtectedModeSettings=false, enableElementCacheCleanup=true, cssSelectorsEnabled=true}]
Session ID: 1893736943634164a9ad6f61750b6aba</td>
<td></td></tr>
<tr class="a">
<td></td>
<td>
<div id="com.browserstack.benchmark.saucelabs.TestSuite2.verifyAlertAcceptTest0error" style="display:none;">
<div>
<pre>org.openqa.selenium.WebDriverException: 
Due to a previous error, this job has already finished. You can learn more at https://saucelabs.com/jobs/1893736943634164a9ad6f61750b6aba (WARNING: The server did not provide any stacktrace information)
Command duration or timeout: 296 milliseconds
Build info: version: '3.4.0', revision: 'unknown', time: 'unknown'
System info: host: 'JYOTHIN-MBP.local', ip: 'fe80:0:0:0:c6b3:1ff:fec2:cb65%en0', os.name: 'Mac OS X', os.arch: 'x86_64', os.version: '10.11.6', java.version: '1.8.0_131'
Driver info: org.openqa.selenium.remote.RemoteWebDriver
Capabilities [{enablePersistentHover=true, ie.fileUploadDialogTimeout=3000.0, platform=WINDOWS, ie.ensureCleanSession=false, ie.browserCommandLineSwitches=, requireWindowFocus=false, takesScreenshot=true, browserName=internet explorer, javascriptEnabled=true, unexpectedAlertBehaviour=dismiss, browserAttachTimeout=0.0, ie.enableFullPageScreenshot=true, ie.forceCreateProcessApi=false, ie.forceShellWindowsApi=false, pageLoadStrategy=normal, ignoreZoomSetting=false, hasMetadata=true, version=11, nativeEvents=true, elementScrollBehavior=0.0, webdriver.remote.sessionid=1893736943634164a9ad6f61750b6aba, initialBrowserUrl=about:blank, ignoreProtectedModeSettings=false, enableElementCacheCleanup=true, cssSelectorsEnabled=true}]
Session ID: 1893736943634164a9ad6f61750b6aba</pre></div></div></td>
<td></td></tr>
<tr class="b">
<td><a href="#com.browserstack.benchmark.saucelabs.TestSuite2.verifyExplicitWaitTest0"><img src="images/icon_error_sml.gif" alt="" /></a></td>
<td><a name="TC_com.browserstack.benchmark.saucelabs.TestSuite2.verifyExplicitWaitTest0"></a><a href="#com.browserstack.benchmark.saucelabs.TestSuite2.verifyExplicitWaitTest0">verifyExplicitWaitTest[0]</a>
<div class="detailToggle" style="display:inline"><a href="javascript:toggleDisplay(&apos;com.browserstack.benchmark.saucelabs.TestSuite2.verifyExplicitWaitTest0&apos;);"><span style="display:inline;" id="com.browserstack.benchmark.saucelabs.TestSuite2.verifyExplicitWaitTest0off"> + </span><span style="display:none;" id="com.browserstack.benchmark.saucelabs.TestSuite2.verifyExplicitWaitTest0on"> - </span>[ Detail ]</a></div></td>
<td>109.468</td></tr>
<tr class="a">
<td></td>
<td></td>
<td></td></tr>
<tr class="b">
<td></td>
<td>
<div id="com.browserstack.benchmark.saucelabs.TestSuite2.verifyExplicitWaitTest0error" style="display:none;">
<div>
<pre>java.lang.AssertionError
	at com.browserstack.benchmark.saucelabs.TestSuite2.verifyExplicitWaitTest(TestSuite2.java:808)</pre></div></div></td>
<td></td></tr>
<tr class="a">
<td><img src="images/icon_success_sml.gif" alt="" /></td>
<td><a name="TC_com.browserstack.benchmark.saucelabs.TestSuite2.verifyGetElementElementTest0"></a>verifyGetElementElementTest[0]</td>
<td>115.23</td></tr></table></div>
<div class="section">
<h3>TestSuite3<a name="TestSuite3"></a></h3><a name="com.browserstack.benchmark.saucelabsTestSuite3"></a>
<table border="1" class="bodyTable">
<tr class="a">
<td><a href="#com.browserstack.benchmark.saucelabs.TestSuite3.octaneTests0"><img src="images/icon_error_sml.gif" alt="" /></a></td>
<td><a name="TC_com.browserstack.benchmark.saucelabs.TestSuite3.octaneTests0"></a><a href="#com.browserstack.benchmark.saucelabs.TestSuite3.octaneTests0">octaneTests[0]</a>
<div class="detailToggle" style="display:inline"><a href="javascript:toggleDisplay(&apos;com.browserstack.benchmark.saucelabs.TestSuite3.octaneTests0&apos;);"><span style="display:inline;" id="com.browserstack.benchmark.saucelabs.TestSuite3.octaneTests0off"> + </span><span style="display:none;" id="com.browserstack.benchmark.saucelabs.TestSuite3.octaneTests0on"> - </span>[ Detail ]</a></div></td>
<td>74.754</td></tr>
<tr class="b">
<td></td>
<td>String index out of range: -1</td>
<td></td></tr>
<tr class="a">
<td></td>
<td>
<div id="com.browserstack.benchmark.saucelabs.TestSuite3.octaneTests0error" style="display:none;">
<div>
<pre>java.lang.StringIndexOutOfBoundsException: String index out of range: -1
	at com.browserstack.benchmark.saucelabs.TestSuite3.octaneTests(TestSuite3.java:41)</pre></div></div></td>
<td></td></tr>
<tr class="b">
<td><img src="images/icon_success_sml.gif" alt="" /></td>
<td><a name="TC_com.browserstack.benchmark.saucelabs.TestSuite3.octaneTests1"></a>octaneTests[1]</td>
<td>76.187</td></tr>
<tr class="a">
<td><a href="#com.browserstack.benchmark.saucelabs.TestSuite3.octaneTests2"><img src="images/icon_error_sml.gif" alt="" /></a></td>
<td><a name="TC_com.browserstack.benchmark.saucelabs.TestSuite3.octaneTests2"></a><a href="#com.browserstack.benchmark.saucelabs.TestSuite3.octaneTests2">octaneTests[2]</a>
<div class="detailToggle" style="display:inline"><a href="javascript:toggleDisplay(&apos;com.browserstack.benchmark.saucelabs.TestSuite3.octaneTests2&apos;);"><span style="display:inline;" id="com.browserstack.benchmark.saucelabs.TestSuite3.octaneTests2off"> + </span><span style="display:none;" id="com.browserstack.benchmark.saucelabs.TestSuite3.octaneTests2on"> - </span>[ Detail ]</a></div></td>
<td>66.049</td></tr>
<tr class="b">
<td></td>
<td>POST /session/XXXXXXXX-XXXX-XXXX-XXXX-XXXX087f556b/log did not match a known command
Build info: version: '3.4.0', revision: 'unknown', time: 'unknown'
System info: host: 'itako40045.prod.miso', ip: 'fe80:0:0:0:1c71:80ef:855:2ab9%en0', os.name: 'Mac OS X', os.arch: 'x86_64', os.version: '10.12.1', java.version: '1.8.0_112'
Driver info: org.openqa.selenium.firefox.FirefoxDriver
Capabilities [{moz:profile=/tmp/rust_mozprofile.W9PE5VSIwHOT, rotatable=false, timeouts={implicit=0.0, pageLoad=300000.0, script=30000.0}, pageLoadStrategy=normal, platform=ANY, specificationLevel=0.0, moz:accessibilityChecks=false, acceptInsecureCerts=false, browserVersion=53.0, platformVersion=16.1.0, moz:processID=1464.0, browserName=firefox, javascriptEnabled=true, platformName=darwin}]
Session ID: XXXXXXXX-XXXX-XXXX-XXXX-XXXX087f556b
Command duration or timeout: 439 milliseconds</td>
<td></td></tr>
<tr class="a">
<td></td>
<td>
<div id="com.browserstack.benchmark.saucelabs.TestSuite3.octaneTests2error" style="display:none;">
<div>
<pre>org.openqa.selenium.UnsupportedCommandException: 
POST /session/XXXXXXXX-XXXX-XXXX-XXXX-XXXX087f556b/log did not match a known command
Build info: version: '3.4.0', revision: 'unknown', time: 'unknown'
System info: host: 'itako40045.prod.miso', ip: 'fe80:0:0:0:1c71:80ef:855:2ab9%en0', os.name: 'Mac OS X', os.arch: 'x86_64', os.version: '10.12.1', java.version: '1.8.0_112'
Driver info: org.openqa.selenium.firefox.FirefoxDriver
Capabilities [{moz:profile=/tmp/rust_mozprofile.W9PE5VSIwHOT, rotatable=false, timeouts={implicit=0.0, pageLoad=300000.0, script=30000.0}, pageLoadStrategy=normal, platform=ANY, specificationLevel=0.0, moz:accessibilityChecks=false, acceptInsecureCerts=false, browserVersion=53.0, platformVersion=16.1.0, moz:processID=1464.0, browserName=firefox, javascriptEnabled=true, platformName=darwin}]
Session ID: XXXXXXXX-XXXX-XXXX-XXXX-XXXX087f556b
Command duration or timeout: 439 milliseconds
	at com.browserstack.benchmark.saucelabs.TestSuite3.octaneTests(TestSuite3.java:34)
Caused by: org.openqa.selenium.UnsupportedCommandException: 
POST /session/XXXXXXXX-XXXX-XXXX-XXXX-XXXX087f556b/log did not match a known command
Build info: version: '3.4.0', revision: 'unknown', time: 'unknown'
System info: host: 'itako40045.prod.miso', ip: 'fe80:0:0:0:1c71:80ef:855:2ab9%en0', os.name: 'Mac OS X', os.arch: 'x86_64', os.version: '10.12.1', java.version: '1.8.0_112'
Driver info: org.openqa.selenium.firefox.FirefoxDriver
Capabilities [{moz:profile=/tmp/rust_mozprofile.W9PE5VSIwHOT, rotatable=false, timeouts={implicit=0.0, pageLoad=300000.0, script=30000.0}, pageLoadStrategy=normal, platform=ANY, specificationLevel=0.0, moz:accessibilityChecks=false, acceptInsecureCerts=false, browserVersion=53.0, platformVersion=16.1.0, moz:processID=1464.0, browserName=firefox, javascriptEnabled=true, platformName=darwin}]
Session ID: XXXXXXXX-XXXX-XXXX-XXXX-XXXX087f556b
Build info: version: '3.4.0', revision: 'unknown', time: 'unknown'
System info: host: 'JYOTHIN-MBP.local', ip: 'fe80:0:0:0:c6b3:1ff:fec2:cb65%en0', os.name: 'Mac OS X', os.arch: 'x86_64', os.version: '10.11.6', java.version: '1.8.0_131'
Driver info: driver.version: RemoteWebDriver</pre></div></div></td>
<td></td></tr>
<tr class="b">
<td><a href="#com.browserstack.benchmark.saucelabs.TestSuite3.octaneTests3"><img src="images/icon_error_sml.gif" alt="" /></a></td>
<td><a name="TC_com.browserstack.benchmark.saucelabs.TestSuite3.octaneTests3"></a><a href="#com.browserstack.benchmark.saucelabs.TestSuite3.octaneTests3">octaneTests[3]</a>
<div class="detailToggle" style="display:inline"><a href="javascript:toggleDisplay(&apos;com.browserstack.benchmark.saucelabs.TestSuite3.octaneTests3&apos;);"><span style="display:inline;" id="com.browserstack.benchmark.saucelabs.TestSuite3.octaneTests3off"> + </span><span style="display:none;" id="com.browserstack.benchmark.saucelabs.TestSuite3.octaneTests3on"> - </span>[ Detail ]</a></div></td>
<td>69.49</td></tr>
<tr class="a">
<td></td>
<td>Not implemented (WARNING: The server did not provide any stacktrace information)
Command duration or timeout: 16 milliseconds
Build info: version: '2.52.0', revision: '4c2593c', time: '2016-02-11 19:06:42'
System info: host: 'sauce-win10', ip: '172.20.59.139', os.name: 'Windows 10', os.arch: 'amd64', os.version: '10.0', java.version: '1.8.0_131'
Driver info: org.openqa.selenium.edge.EdgeDriver
Capabilities [{applicationCacheEnabled=true, acceptSslCerts=true, browserVersion=40.15063.0.0, platformVersion=10, locationContextEnabled=true, webStorageEnabled=true, browserName=MicrosoftEdge, takesScreenshot=true, pageLoadStrategy=normal, takesElementScreenshot=true, platformName=windows, platform=ANY}]
Session ID: XXXXXXXX-XXXX-XXXX-XXXX-XXXX619D57DA
Command duration or timeout: 631 milliseconds</td>
<td></td></tr>
<tr class="b">
<td></td>
<td>
<div id="com.browserstack.benchmark.saucelabs.TestSuite3.octaneTests3error" style="display:none;">
<div>
<pre>org.openqa.selenium.WebDriverException: 
Not implemented (WARNING: The server did not provide any stacktrace information)
Command duration or timeout: 16 milliseconds
Build info: version: '2.52.0', revision: '4c2593c', time: '2016-02-11 19:06:42'
System info: host: 'sauce-win10', ip: '172.20.59.139', os.name: 'Windows 10', os.arch: 'amd64', os.version: '10.0', java.version: '1.8.0_131'
Driver info: org.openqa.selenium.edge.EdgeDriver
Capabilities [{applicationCacheEnabled=true, acceptSslCerts=true, browserVersion=40.15063.0.0, platformVersion=10, locationContextEnabled=true, webStorageEnabled=true, browserName=MicrosoftEdge, takesScreenshot=true, pageLoadStrategy=normal, takesElementScreenshot=true, platformName=windows, platform=ANY}]
Session ID: XXXXXXXX-XXXX-XXXX-XXXX-XXXX619D57DA
Command duration or timeout: 631 milliseconds
	at com.browserstack.benchmark.saucelabs.TestSuite3.octaneTests(TestSuite3.java:34)
Caused by: org.openqa.selenium.WebDriverException: 
Not implemented (WARNING: The server did not provide any stacktrace information)
Command duration or timeout: 16 milliseconds
Build info: version: '2.52.0', revision: '4c2593c', time: '2016-02-11 19:06:42'
System info: host: 'sauce-win10', ip: '172.20.59.139', os.name: 'Windows 10', os.arch: 'amd64', os.version: '10.0', java.version: '1.8.0_131'
Driver info: org.openqa.selenium.edge.EdgeDriver
Capabilities [{applicationCacheEnabled=true, acceptSslCerts=true, browserVersion=40.15063.0.0, platformVersion=10, locationContextEnabled=true, webStorageEnabled=true, browserName=MicrosoftEdge, takesScreenshot=true, pageLoadStrategy=normal, takesElementScreenshot=true, platformName=windows, platform=ANY}]
Session ID: XXXXXXXX-XXXX-XXXX-XXXX-XXXX619D57DA
Build info: version: '3.4.0', revision: 'unknown', time: 'unknown'
System info: host: 'JYOTHIN-MBP.local', ip: 'fe80:0:0:0:c6b3:1ff:fec2:cb65%en0', os.name: 'Mac OS X', os.arch: 'x86_64', os.version: '10.11.6', java.version: '1.8.0_131'
Driver info: driver.version: RemoteWebDriver</pre></div></div></td>
<td></td></tr>
<tr class="a">
<td><img src="images/icon_success_sml.gif" alt="" /></td>
<td><a name="TC_com.browserstack.benchmark.saucelabs.TestSuite3.octaneTests4"></a>octaneTests[4]</td>
<td>51.356</td></tr>
<tr class="b">
<td><a href="#com.browserstack.benchmark.saucelabs.TestSuite3.octaneTests5"><img src="images/icon_error_sml.gif" alt="" /></a></td>
<td><a name="TC_com.browserstack.benchmark.saucelabs.TestSuite3.octaneTests5"></a><a href="#com.browserstack.benchmark.saucelabs.TestSuite3.octaneTests5">octaneTests[5]</a>
<div class="detailToggle" style="display:inline"><a href="javascript:toggleDisplay(&apos;com.browserstack.benchmark.saucelabs.TestSuite3.octaneTests5&apos;);"><span style="display:inline;" id="com.browserstack.benchmark.saucelabs.TestSuite3.octaneTests5off"> + </span><span style="display:none;" id="com.browserstack.benchmark.saucelabs.TestSuite3.octaneTests5on"> - </span>[ Detail ]</a></div></td>
<td>60.926</td></tr>
<tr class="a">
<td></td>
<td>POST /session/XXXXXXXX-XXXX-XXXX-XXXX-XXXX77222709/log did not match a known command
Build info: version: '3.4.0', revision: 'unknown', time: 'unknown'
System info: host: 'WIN-SB3ER6JQ6ME', ip: '172.20.40.117', os.name: 'Windows 10', os.arch: 'x86', os.version: '10.0', java.version: '1.8.0_91'
Driver info: org.openqa.selenium.firefox.FirefoxDriver
Capabilities [{moz:profile=C:\Users\ADMINI~1\AppData\Local\Temp\rust_mozprofile.17vxKlhsn9O6, rotatable=false, timeouts={implicit=0.0, pageLoad=300000.0, script=30000.0}, pageLoadStrategy=normal, platform=ANY, specificationLevel=0.0, moz:accessibilityChecks=false, acceptInsecureCerts=false, browserVersion=53.0, platformVersion=10.0, moz:processID=2940.0, browserName=firefox, javascriptEnabled=true, platformName=windows_nt}]
Session ID: XXXXXXXX-XXXX-XXXX-XXXX-XXXX77222709
Command duration or timeout: 434 milliseconds</td>
<td></td></tr>
<tr class="b">
<td></td>
<td>
<div id="com.browserstack.benchmark.saucelabs.TestSuite3.octaneTests5error" style="display:none;">
<div>
<pre>org.openqa.selenium.UnsupportedCommandException: 
POST /session/XXXXXXXX-XXXX-XXXX-XXXX-XXXX77222709/log did not match a known command
Build info: version: '3.4.0', revision: 'unknown', time: 'unknown'
System info: host: 'WIN-SB3ER6JQ6ME', ip: '172.20.40.117', os.name: 'Windows 10', os.arch: 'x86', os.version: '10.0', java.version: '1.8.0_91'
Driver info: org.openqa.selenium.firefox.FirefoxDriver
Capabilities [{moz:profile=C:\Users\ADMINI~1\AppData\Local\Temp\rust_mozprofile.17vxKlhsn9O6, rotatable=false, timeouts={implicit=0.0, pageLoad=300000.0, script=30000.0}, pageLoadStrategy=normal, platform=ANY, specificationLevel=0.0, moz:accessibilityChecks=false, acceptInsecureCerts=false, browserVersion=53.0, platformVersion=10.0, moz:processID=2940.0, browserName=firefox, javascriptEnabled=true, platformName=windows_nt}]
Session ID: XXXXXXXX-XXXX-XXXX-XXXX-XXXX77222709
Command duration or timeout: 434 milliseconds
	at com.browserstack.benchmark.saucelabs.TestSuite3.octaneTests(TestSuite3.java:34)
Caused by: org.openqa.selenium.UnsupportedCommandException: 
POST /session/XXXXXXXX-XXXX-XXXX-XXXX-XXXX77222709/log did not match a known command
Build info: version: '3.4.0', revision: 'unknown', time: 'unknown'
System info: host: 'WIN-SB3ER6JQ6ME', ip: '172.20.40.117', os.name: 'Windows 10', os.arch: 'x86', os.version: '10.0', java.version: '1.8.0_91'
Driver info: org.openqa.selenium.firefox.FirefoxDriver
Capabilities [{moz:profile=C:\Users\ADMINI~1\AppData\Local\Temp\rust_mozprofile.17vxKlhsn9O6, rotatable=false, timeouts={implicit=0.0, pageLoad=300000.0, script=30000.0}, pageLoadStrategy=normal, platform=ANY, specificationLevel=0.0, moz:accessibilityChecks=false, acceptInsecureCerts=false, browserVersion=53.0, platformVersion=10.0, moz:processID=2940.0, browserName=firefox, javascriptEnabled=true, platformName=windows_nt}]
Session ID: XXXXXXXX-XXXX-XXXX-XXXX-XXXX77222709
Build info: version: '3.4.0', revision: 'unknown', time: 'unknown'
System info: host: 'JYOTHIN-MBP.local', ip: 'fe80:0:0:0:c6b3:1ff:fec2:cb65%en0', os.name: 'Mac OS X', os.arch: 'x86_64', os.version: '10.11.6', java.version: '1.8.0_131'
Driver info: driver.version: RemoteWebDriver</pre></div></div></td>
<td></td></tr>
<tr class="a">
<td><a href="#com.browserstack.benchmark.saucelabs.TestSuite3.octaneTests6"><img src="images/icon_error_sml.gif" alt="" /></a></td>
<td><a name="TC_com.browserstack.benchmark.saucelabs.TestSuite3.octaneTests6"></a><a href="#com.browserstack.benchmark.saucelabs.TestSuite3.octaneTests6">octaneTests[6]</a>
<div class="detailToggle" style="display:inline"><a href="javascript:toggleDisplay(&apos;com.browserstack.benchmark.saucelabs.TestSuite3.octaneTests6&apos;);"><span style="display:inline;" id="com.browserstack.benchmark.saucelabs.TestSuite3.octaneTests6off"> + </span><span style="display:none;" id="com.browserstack.benchmark.saucelabs.TestSuite3.octaneTests6on"> - </span>[ Detail ]</a></div></td>
<td>56.474</td></tr>
<tr class="b">
<td></td>
<td>Command not found: POST /session/XXXXXXXX-XXXX-XXXX-XXXX-XXXXe28af16f/log
Command duration or timeout: 0 milliseconds
Build info: version: '2.53.1', revision: 'a36b8b1', time: '2016-06-30 17:37:03'
System info: host: 'WIN-SB3ER6JQ6ME', ip: '172.20.112.229', os.name: 'Windows 10', os.arch: 'x86', os.version: '10.0', java.version: '1.8.0_91'
Driver info: org.openqa.selenium.ie.InternetExplorerDriver
Capabilities [{browserAttachTimeout=0, ie.enableFullPageScreenshot=true, enablePersistentHover=true, ie.forceCreateProcessApi=false, ie.forceShellWindowsApi=false, pageLoadStrategy=normal, ignoreZoomSetting=false, ie.fileUploadDialogTimeout=3000, version=11, platform=WINDOWS, nativeEvents=true, ie.ensureCleanSession=false, elementScrollBehavior=0, ie.browserCommandLineSwitches=, requireWindowFocus=false, browserName=internet explorer, initialBrowserUrl=about:blank, javascriptEnabled=true, ignoreProtectedModeSettings=false, enableElementCacheCleanup=true, unexpectedAlertBehaviour=dismiss}]
Session ID: XXXXXXXX-XXXX-XXXX-XXXX-XXXXe28af16f
Command duration or timeout: 425 milliseconds</td>
<td></td></tr>
<tr class="a">
<td></td>
<td>
<div id="com.browserstack.benchmark.saucelabs.TestSuite3.octaneTests6error" style="display:none;">
<div>
<pre>org.openqa.selenium.WebDriverException: 
Command not found: POST /session/XXXXXXXX-XXXX-XXXX-XXXX-XXXXe28af16f/log
Command duration or timeout: 0 milliseconds
Build info: version: '2.53.1', revision: 'a36b8b1', time: '2016-06-30 17:37:03'
System info: host: 'WIN-SB3ER6JQ6ME', ip: '172.20.112.229', os.name: 'Windows 10', os.arch: 'x86', os.version: '10.0', java.version: '1.8.0_91'
Driver info: org.openqa.selenium.ie.InternetExplorerDriver
Capabilities [{browserAttachTimeout=0, ie.enableFullPageScreenshot=true, enablePersistentHover=true, ie.forceCreateProcessApi=false, ie.forceShellWindowsApi=false, pageLoadStrategy=normal, ignoreZoomSetting=false, ie.fileUploadDialogTimeout=3000, version=11, platform=WINDOWS, nativeEvents=true, ie.ensureCleanSession=false, elementScrollBehavior=0, ie.browserCommandLineSwitches=, requireWindowFocus=false, browserName=internet explorer, initialBrowserUrl=about:blank, javascriptEnabled=true, ignoreProtectedModeSettings=false, enableElementCacheCleanup=true, unexpectedAlertBehaviour=dismiss}]
Session ID: XXXXXXXX-XXXX-XXXX-XXXX-XXXXe28af16f
Command duration or timeout: 425 milliseconds
	at com.browserstack.benchmark.saucelabs.TestSuite3.octaneTests(TestSuite3.java:34)
Caused by: org.openqa.selenium.WebDriverException: 
Command not found: POST /session/XXXXXXXX-XXXX-XXXX-XXXX-XXXXe28af16f/log
Command duration or timeout: 0 milliseconds
Build info: version: '2.53.1', revision: 'a36b8b1', time: '2016-06-30 17:37:03'
System info: host: 'WIN-SB3ER6JQ6ME', ip: '172.20.112.229', os.name: 'Windows 10', os.arch: 'x86', os.version: '10.0', java.version: '1.8.0_91'
Driver info: org.openqa.selenium.ie.InternetExplorerDriver
Capabilities [{browserAttachTimeout=0, ie.enableFullPageScreenshot=true, enablePersistentHover=true, ie.forceCreateProcessApi=false, ie.forceShellWindowsApi=false, pageLoadStrategy=normal, ignoreZoomSetting=false, ie.fileUploadDialogTimeout=3000, version=11, platform=WINDOWS, nativeEvents=true, ie.ensureCleanSession=false, elementScrollBehavior=0, ie.browserCommandLineSwitches=, requireWindowFocus=false, browserName=internet explorer, initialBrowserUrl=about:blank, javascriptEnabled=true, ignoreProtectedModeSettings=false, enableElementCacheCleanup=true, unexpectedAlertBehaviour=dismiss}]
Session ID: XXXXXXXX-XXXX-XXXX-XXXX-XXXXe28af16f
Build info: version: '3.4.0', revision: 'unknown', time: 'unknown'
System info: host: 'JYOTHIN-MBP.local', ip: 'fe80:0:0:0:c6b3:1ff:fec2:cb65%en0', os.name: 'Mac OS X', os.arch: 'x86_64', os.version: '10.11.6', java.version: '1.8.0_131'
Driver info: driver.version: RemoteWebDriver</pre></div></div></td>
<td></td></tr></table></div>
<div class="section">
<h3>TestSuite1<a name="TestSuite1"></a></h3><a name="com.browserstack.benchmark.browserstackTestSuite1"></a>
<table border="1" class="bodyTable">
<tr class="a">
<td><a href="#com.browserstack.benchmark.browserstack.TestSuite1.com.browserstack.benchmark.browserstack.TestSuite1"><img src="images/icon_warning_sml.gif" alt="" /></a></td>
<td><a name="TC_com.browserstack.benchmark.browserstack.TestSuite1.com.browserstack.benchmark.browserstack.TestSuite1"></a><a href="#com.browserstack.benchmark.browserstack.TestSuite1.com.browserstack.benchmark.browserstack.TestSuite1">com.browserstack.benchmark.browserstack.TestSuite1</a>
<div class="detailToggle" style="display:inline"><a href="javascript:toggleDisplay(&apos;com.browserstack.benchmark.browserstack.TestSuite1.com.browserstack.benchmark.browserstack.TestSuite1&apos;);"><span style="display:inline;" id="com.browserstack.benchmark.browserstack.TestSuite1.com.browserstack.benchmark.browserstack.TestSuite1off"> + </span><span style="display:none;" id="com.browserstack.benchmark.browserstack.TestSuite1.com.browserstack.benchmark.browserstack.TestSuite1on"> - </span>[ Detail ]</a></div></td>
<td>0</td></tr>
<tr class="b">
<td></td>
<td>skipped</td>
<td></td></tr></table></div>
<div class="section">
<h3>TestSuite2<a name="TestSuite2"></a></h3><a name="com.browserstack.benchmark.browserstackTestSuite2"></a>
<table border="1" class="bodyTable">
<tr class="a">
<td><a href="#com.browserstack.benchmark.browserstack.TestSuite2.com.browserstack.benchmark.browserstack.TestSuite2"><img src="images/icon_warning_sml.gif" alt="" /></a></td>
<td><a name="TC_com.browserstack.benchmark.browserstack.TestSuite2.com.browserstack.benchmark.browserstack.TestSuite2"></a><a href="#com.browserstack.benchmark.browserstack.TestSuite2.com.browserstack.benchmark.browserstack.TestSuite2">com.browserstack.benchmark.browserstack.TestSuite2</a>
<div class="detailToggle" style="display:inline"><a href="javascript:toggleDisplay(&apos;com.browserstack.benchmark.browserstack.TestSuite2.com.browserstack.benchmark.browserstack.TestSuite2&apos;);"><span style="display:inline;" id="com.browserstack.benchmark.browserstack.TestSuite2.com.browserstack.benchmark.browserstack.TestSuite2off"> + </span><span style="display:none;" id="com.browserstack.benchmark.browserstack.TestSuite2.com.browserstack.benchmark.browserstack.TestSuite2on"> - </span>[ Detail ]</a></div></td>
<td>0</td></tr>
<tr class="b">
<td></td>
<td>skipped</td>
<td></td></tr></table></div>
<div class="section">
<h3>TestSuite3<a name="TestSuite3"></a></h3><a name="com.browserstack.benchmark.browserstackTestSuite3"></a>
<table border="1" class="bodyTable">
<tr class="a">
<td><a href="#com.browserstack.benchmark.browserstack.TestSuite3.com.browserstack.benchmark.browserstack.TestSuite3"><img src="images/icon_warning_sml.gif" alt="" /></a></td>
<td><a name="TC_com.browserstack.benchmark.browserstack.TestSuite3.com.browserstack.benchmark.browserstack.TestSuite3"></a><a href="#com.browserstack.benchmark.browserstack.TestSuite3.com.browserstack.benchmark.browserstack.TestSuite3">com.browserstack.benchmark.browserstack.TestSuite3</a>
<div class="detailToggle" style="display:inline"><a href="javascript:toggleDisplay(&apos;com.browserstack.benchmark.browserstack.TestSuite3.com.browserstack.benchmark.browserstack.TestSuite3&apos;);"><span style="display:inline;" id="com.browserstack.benchmark.browserstack.TestSuite3.com.browserstack.benchmark.browserstack.TestSuite3off"> + </span><span style="display:none;" id="com.browserstack.benchmark.browserstack.TestSuite3.com.browserstack.benchmark.browserstack.TestSuite3on"> - </span>[ Detail ]</a></div></td>
<td>0</td></tr>
<tr class="b">
<td></td>
<td>skipped</td>
<td></td></tr></table></div>
<div class="section">
<h3>TestSuite1<a name="TestSuite1"></a></h3><a name="com.browserstack.benchmark.saucelabsTestSuite1"></a>
<table border="1" class="bodyTable">
<tr class="a">
<td><a href="#com.browserstack.benchmark.saucelabs.TestSuite1.com.browserstack.benchmark.saucelabs.TestSuite1"><img src="images/icon_warning_sml.gif" alt="" /></a></td>
<td><a name="TC_com.browserstack.benchmark.saucelabs.TestSuite1.com.browserstack.benchmark.saucelabs.TestSuite1"></a><a href="#com.browserstack.benchmark.saucelabs.TestSuite1.com.browserstack.benchmark.saucelabs.TestSuite1">com.browserstack.benchmark.saucelabs.TestSuite1</a>
<div class="detailToggle" style="display:inline"><a href="javascript:toggleDisplay(&apos;com.browserstack.benchmark.saucelabs.TestSuite1.com.browserstack.benchmark.saucelabs.TestSuite1&apos;);"><span style="display:inline;" id="com.browserstack.benchmark.saucelabs.TestSuite1.com.browserstack.benchmark.saucelabs.TestSuite1off"> + </span><span style="display:none;" id="com.browserstack.benchmark.saucelabs.TestSuite1.com.browserstack.benchmark.saucelabs.TestSuite1on"> - </span>[ Detail ]</a></div></td>
<td>0</td></tr>
<tr class="b">
<td></td>
<td>skipped</td>
<td></td></tr></table></div>
<div class="section">
<h3>TestSuite2<a name="TestSuite2"></a></h3><a name="com.browserstack.benchmark.saucelabsTestSuite2"></a>
<table border="1" class="bodyTable">
<tr class="a">
<td><a href="#com.browserstack.benchmark.saucelabs.TestSuite2.com.browserstack.benchmark.saucelabs.TestSuite2"><img src="images/icon_warning_sml.gif" alt="" /></a></td>
<td><a name="TC_com.browserstack.benchmark.saucelabs.TestSuite2.com.browserstack.benchmark.saucelabs.TestSuite2"></a><a href="#com.browserstack.benchmark.saucelabs.TestSuite2.com.browserstack.benchmark.saucelabs.TestSuite2">com.browserstack.benchmark.saucelabs.TestSuite2</a>
<div class="detailToggle" style="display:inline"><a href="javascript:toggleDisplay(&apos;com.browserstack.benchmark.saucelabs.TestSuite2.com.browserstack.benchmark.saucelabs.TestSuite2&apos;);"><span style="display:inline;" id="com.browserstack.benchmark.saucelabs.TestSuite2.com.browserstack.benchmark.saucelabs.TestSuite2off"> + </span><span style="display:none;" id="com.browserstack.benchmark.saucelabs.TestSuite2.com.browserstack.benchmark.saucelabs.TestSuite2on"> - </span>[ Detail ]</a></div></td>
<td>0</td></tr>
<tr class="b">
<td></td>
<td>skipped</td>
<td></td></tr></table></div>
<div class="section">
<h3>TestSuite3<a name="TestSuite3"></a></h3><a name="com.browserstack.benchmark.saucelabsTestSuite3"></a>
<table border="1" class="bodyTable">
<tr class="a">
<td><a href="#com.browserstack.benchmark.saucelabs.TestSuite3.com.browserstack.benchmark.saucelabs.TestSuite3"><img src="images/icon_warning_sml.gif" alt="" /></a></td>
<td><a name="TC_com.browserstack.benchmark.saucelabs.TestSuite3.com.browserstack.benchmark.saucelabs.TestSuite3"></a><a href="#com.browserstack.benchmark.saucelabs.TestSuite3.com.browserstack.benchmark.saucelabs.TestSuite3">com.browserstack.benchmark.saucelabs.TestSuite3</a>
<div class="detailToggle" style="display:inline"><a href="javascript:toggleDisplay(&apos;com.browserstack.benchmark.saucelabs.TestSuite3.com.browserstack.benchmark.saucelabs.TestSuite3&apos;);"><span style="display:inline;" id="com.browserstack.benchmark.saucelabs.TestSuite3.com.browserstack.benchmark.saucelabs.TestSuite3off"> + </span><span style="display:none;" id="com.browserstack.benchmark.saucelabs.TestSuite3.com.browserstack.benchmark.saucelabs.TestSuite3on"> - </span>[ Detail ]</a></div></td>
<td>0</td></tr>
<tr class="b">
<td></td>
<td>skipped</td>
<td></td></tr></table></div><br /></div>
<div class="section">
<h2>Failure Details<a name="Failure_Details"></a></h2><a name="Failure_Details"></a>
<p>[<a href="#Summary">Summary</a>] [<a href="#Package_List">Package List</a>] [<a href="#Test_Cases">Test Cases</a>]</p><br />
<table border="1" class="bodyTable">
<tr class="a">
<td><img src="images/icon_error_sml.gif" alt="" /></td>
<td><a name="com.browserstack.benchmark.saucelabs.TestSuite2.verifyScreenshotTest0"></a>verifyScreenshotTest[0]</td></tr>
<tr class="b">
<td></td>
<td>java.lang.AssertionError</td></tr>
<tr class="a">
<td></td>
<td>
<div id="verifyScreenshotTest[0]error">com.browserstack.benchmark.saucelabs.TestSuite2:772</div></td></tr>
<tr class="b">
<td><img src="images/icon_error_sml.gif" alt="" /></td>
<td><a name="com.browserstack.benchmark.saucelabs.TestSuite2.verifyCloseCurrentWindowTest0"></a>verifyCloseCurrentWindowTest[0]</td></tr>
<tr class="a">
<td></td>
<td>java.lang.AssertionError</td></tr>
<tr class="b">
<td></td>
<td>
<div id="verifyCloseCurrentWindowTest[0]error">com.browserstack.benchmark.saucelabs.TestSuite2:942</div></td></tr>
<tr class="a">
<td><img src="images/icon_error_sml.gif" alt="" /></td>
<td><a name="com.browserstack.benchmark.saucelabs.TestSuite2.verifyKeyDownAndUpTest0"></a>verifyKeyDownAndUpTest[0]</td></tr>
<tr class="b">
<td></td>
<td>java.lang.AssertionError</td></tr>
<tr class="a">
<td></td>
<td>
<div id="verifyKeyDownAndUpTest[0]error">com.browserstack.benchmark.saucelabs.TestSuite2:693</div></td></tr>
<tr class="b">
<td><img src="images/icon_error_sml.gif" alt="" /></td>
<td><a name="com.browserstack.benchmark.saucelabs.TestSuite2.verifyAlertTextTest0"></a>verifyAlertTextTest[0]</td></tr>
<tr class="a">
<td></td>
<td>org.openqa.selenium.remote.UnreachableBrowserException: Error communicating with the remote browser. It may have died.
Build info: version: '3.4.0', revision: 'unknown', time: 'unknown'
System info: host: 'JYOTHIN-MBP.local', ip: 'fe80:0:0:0:c6b3:1ff:fec2:cb65%en0', os.name: 'Mac OS X', os.arch: 'x86_64', os.version: '10.11.6', java.version: '1.8.0_131'
Driver info: driver.version: RemoteWebDriver
Capabilities [{enablePersistentHover=true, ie.fileUploadDialogTimeout=3000.0, platform=WINDOWS, ie.ensureCleanSession=false, ie.browserCommandLineSwitches=, requireWindowFocus=false, takesScreenshot=true, browserName=internet explorer, javascriptEnabled=true, unexpectedAlertBehaviour=dismiss, browserAttachTimeout=0.0, ie.enableFullPageScreenshot=true, ie.forceCreateProcessApi=false, ie.forceShellWindowsApi=false, pageLoadStrategy=normal, ignoreZoomSetting=false, hasMetadata=true, version=11, nativeEvents=true, elementScrollBehavior=0.0, webdriver.remote.sessionid=fc1d34baec6141128563d22d1a56cb8b, initialBrowserUrl=about:blank, ignoreProtectedModeSettings=false, enableElementCacheCleanup=true, cssSelectorsEnabled=true}]
Session ID: fc1d34baec6141128563d22d1a56cb8b</td></tr>
<tr class="b">
<td></td>
<td>
<div id="verifyAlertTextTest[0]error">com.browserstack.benchmark.saucelabs.TestSuite2:375</div></td></tr>
<tr class="a">
<td><img src="images/icon_error_sml.gif" alt="" /></td>
<td><a name="com.browserstack.benchmark.saucelabs.TestSuite2.verifyDragAndDropTest0"></a>verifyDragAndDropTest[0]</td></tr>
<tr class="b">
<td></td>
<td>java.lang.AssertionError: Values should be different. Actual: 9</td></tr>
<tr class="a">
<td></td>
<td>
<div id="verifyDragAndDropTest[0]error">com.browserstack.benchmark.saucelabs.TestSuite2:653</div></td></tr>
<tr class="b">
<td><img src="images/icon_error_sml.gif" alt="" /></td>
<td><a name="com.browserstack.benchmark.saucelabs.TestSuite2.verifyControlKeyDownTest0"></a>verifyControlKeyDownTest[0]</td></tr>
<tr class="a">
<td></td>
<td>java.lang.AssertionError</td></tr>
<tr class="b">
<td></td>
<td>
<div id="verifyControlKeyDownTest[0]error">com.browserstack.benchmark.saucelabs.TestSuite2:1039</div></td></tr>
<tr class="a">
<td><img src="images/icon_error_sml.gif" alt="" /></td>
<td><a name="com.browserstack.benchmark.saucelabs.TestSuite2.verifyHoldAndReleaseTest0"></a>verifyHoldAndReleaseTest[0]</td></tr>
<tr class="b">
<td></td>
<td>java.lang.AssertionError</td></tr>
<tr class="a">
<td></td>
<td>
<div id="verifyHoldAndReleaseTest[0]error">com.browserstack.benchmark.saucelabs.TestSuite2:706</div></td></tr>
<tr class="b">
<td><img src="images/icon_error_sml.gif" alt="" /></td>
<td><a name="com.browserstack.benchmark.saucelabs.TestSuite2.verifyGetLocalStorageSizeTest0"></a>verifyGetLocalStorageSizeTest[0]</td></tr>
<tr class="a">
<td></td>
<td>java.lang.NullPointerException</td></tr>
<tr class="b">
<td></td>
<td>
<div id="verifyGetLocalStorageSizeTest[0]error">com.browserstack.benchmark.saucelabs.TestSuite2:992</div></td></tr>
<tr class="a">
<td><img src="images/icon_error_sml.gif" alt="" /></td>
<td><a name="com.browserstack.benchmark.saucelabs.TestSuite2.verifyAlertDismissTest0"></a>verifyAlertDismissTest[0]</td></tr>
<tr class="b">
<td></td>
<td>org.openqa.selenium.WebDriverException: Due to a previous error, this job has already finished. You can learn more at https://saucelabs.com/jobs/2019179d73be4defb39799a6fde2654a (WARNING: The server did not provide any stacktrace information)
Command duration or timeout: 304.80 seconds
Build info: version: '3.4.0', revision: 'unknown', time: 'unknown'
System info: host: 'JYOTHIN-MBP.local', ip: 'fe80:0:0:0:c6b3:1ff:fec2:cb65%en0', os.name: 'Mac OS X', os.arch: 'x86_64', os.version: '10.11.6', java.version: '1.8.0_131'
Driver info: org.openqa.selenium.remote.RemoteWebDriver
Capabilities [{enablePersistentHover=true, ie.fileUploadDialogTimeout=3000.0, platform=WINDOWS, ie.ensureCleanSession=false, ie.browserCommandLineSwitches=, requireWindowFocus=false, takesScreenshot=true, browserName=internet explorer, javascriptEnabled=true, unexpectedAlertBehaviour=dismiss, browserAttachTimeout=0.0, ie.enableFullPageScreenshot=true, ie.forceCreateProcessApi=false, ie.forceShellWindowsApi=false, pageLoadStrategy=normal, ignoreZoomSetting=false, hasMetadata=true, version=11, nativeEvents=true, elementScrollBehavior=0.0, webdriver.remote.sessionid=2019179d73be4defb39799a6fde2654a, initialBrowserUrl=about:blank, ignoreProtectedModeSettings=false, enableElementCacheCleanup=true, cssSelectorsEnabled=true}]
Session ID: 2019179d73be4defb39799a6fde2654a</td></tr>
<tr class="a">
<td></td>
<td>
<div id="verifyAlertDismissTest[0]error">com.browserstack.benchmark.saucelabs.TestSuite2:400</div></td></tr>
<tr class="b">
<td><img src="images/icon_error_sml.gif" alt="" /></td>
<td><a name="com.browserstack.benchmark.saucelabs.TestSuite2.verifyAlertDismissTest0"></a>verifyAlertDismissTest[0]</td></tr>
<tr class="a">
<td></td>
<td>org.openqa.selenium.WebDriverException: Due to a previous error, this job has already finished. You can learn more at https://saucelabs.com/jobs/2019179d73be4defb39799a6fde2654a (WARNING: The server did not provide any stacktrace information)
Command duration or timeout: 351 milliseconds
Build info: version: '3.4.0', revision: 'unknown', time: 'unknown'
System info: host: 'JYOTHIN-MBP.local', ip: 'fe80:0:0:0:c6b3:1ff:fec2:cb65%en0', os.name: 'Mac OS X', os.arch: 'x86_64', os.version: '10.11.6', java.version: '1.8.0_131'
Driver info: org.openqa.selenium.remote.RemoteWebDriver
Capabilities [{enablePersistentHover=true, ie.fileUploadDialogTimeout=3000.0, platform=WINDOWS, ie.ensureCleanSession=false, ie.browserCommandLineSwitches=, requireWindowFocus=false, takesScreenshot=true, browserName=internet explorer, javascriptEnabled=true, unexpectedAlertBehaviour=dismiss, browserAttachTimeout=0.0, ie.enableFullPageScreenshot=true, ie.forceCreateProcessApi=false, ie.forceShellWindowsApi=false, pageLoadStrategy=normal, ignoreZoomSetting=false, hasMetadata=true, version=11, nativeEvents=true, elementScrollBehavior=0.0, webdriver.remote.sessionid=2019179d73be4defb39799a6fde2654a, initialBrowserUrl=about:blank, ignoreProtectedModeSettings=false, enableElementCacheCleanup=true, cssSelectorsEnabled=true}]
Session ID: 2019179d73be4defb39799a6fde2654a</td></tr>
<tr class="b">
<td></td>
<td>
<div id="verifyAlertDismissTest[0]error">com.browserstack.benchmark.saucelabs.TestSuite2:</div></td></tr>
<tr class="a">
<td><img src="images/icon_error_sml.gif" alt="" /></td>
<td><a name="com.browserstack.benchmark.saucelabs.TestSuite2.verifyActionClickTest0"></a>verifyActionClickTest[0]</td></tr>
<tr class="b">
<td></td>
<td>org.openqa.selenium.TimeoutException: Expected condition failed: waiting for title to be &quot;Google&quot;. Current title: &quot;Selenium playground&quot; (tried for 10 second(s) with 500 MILLISECONDS interval)
Build info: version: '3.4.0', revision: 'unknown', time: 'unknown'
System info: host: 'JYOTHIN-MBP.local', ip: 'fe80:0:0:0:c6b3:1ff:fec2:cb65%en0', os.name: 'Mac OS X', os.arch: 'x86_64', os.version: '10.11.6', java.version: '1.8.0_131'
Driver info: org.openqa.selenium.remote.RemoteWebDriver
Capabilities [{enablePersistentHover=true, ie.fileUploadDialogTimeout=3000.0, platform=WINDOWS, ie.ensureCleanSession=false, ie.browserCommandLineSwitches=, requireWindowFocus=false, takesScreenshot=true, browserName=internet explorer, javascriptEnabled=true, unexpectedAlertBehaviour=dismiss, browserAttachTimeout=0.0, ie.enableFullPageScreenshot=true, ie.forceCreateProcessApi=false, ie.forceShellWindowsApi=false, pageLoadStrategy=normal, ignoreZoomSetting=false, hasMetadata=true, version=11, nativeEvents=true, elementScrollBehavior=0.0, webdriver.remote.sessionid=6b6b09d8518042de827934efe3973728, initialBrowserUrl=about:blank, ignoreProtectedModeSettings=false, enableElementCacheCleanup=true, cssSelectorsEnabled=true}]
Session ID: 6b6b09d8518042de827934efe3973728</td></tr>
<tr class="a">
<td></td>
<td>
<div id="verifyActionClickTest[0]error">com.browserstack.benchmark.saucelabs.TestSuite2:633</div></td></tr>
<tr class="b">
<td><img src="images/icon_warning_sml.gif" alt="" /></td>
<td><a name="com.browserstack.benchmark.saucelabs.TestSuite2.verifyBackForwardTest0"></a>verifyBackForwardTest[0]</td></tr>
<tr class="a">
<td></td>
<td>skipped: Error in test</td></tr>
<tr class="b">
<td><img src="images/icon_error_sml.gif" alt="" /></td>
<td><a name="com.browserstack.benchmark.saucelabs.TestSuite2.verifyImplicitWaitTest0"></a>verifyImplicitWaitTest[0]</td></tr>
<tr class="a">
<td></td>
<td>java.lang.AssertionError</td></tr>
<tr class="b">
<td></td>
<td>
<div id="verifyImplicitWaitTest[0]error">com.browserstack.benchmark.saucelabs.TestSuite2:789</div></td></tr>
<tr class="a">
<td><img src="images/icon_error_sml.gif" alt="" /></td>
<td><a name="com.browserstack.benchmark.saucelabs.TestSuite2.verifyElementMoveInTest0"></a>verifyElementMoveInTest[0]</td></tr>
<tr class="b">
<td></td>
<td>org.junit.ComparisonFailure: expected:&lt;[Hover in]&gt; but was:&lt;[]&gt;</td></tr>
<tr class="a">
<td></td>
<td>
<div id="verifyElementMoveInTest[0]error">com.browserstack.benchmark.saucelabs.TestSuite2:594</div></td></tr>
<tr class="b">
<td><img src="images/icon_error_sml.gif" alt="" /></td>
<td><a name="com.browserstack.benchmark.saucelabs.TestSuite2.verifyClearLocalStorageTest0"></a>verifyClearLocalStorageTest[0]</td></tr>
<tr class="a">
<td></td>
<td>java.lang.NullPointerException</td></tr>
<tr class="b">
<td></td>
<td>
<div id="verifyClearLocalStorageTest[0]error">com.browserstack.benchmark.saucelabs.TestSuite2:979</div></td></tr>
<tr class="a">
<td><img src="images/icon_error_sml.gif" alt="" /></td>
<td><a name="com.browserstack.benchmark.saucelabs.TestSuite2.verifyLocalStorageKeyTest0"></a>verifyLocalStorageKeyTest[0]</td></tr>
<tr class="b">
<td></td>
<td>java.lang.NullPointerException</td></tr>
<tr class="a">
<td></td>
<td>
<div id="verifyLocalStorageKeyTest[0]error">com.browserstack.benchmark.saucelabs.TestSuite2:964</div></td></tr>
<tr class="b">
<td><img src="images/icon_error_sml.gif" alt="" /></td>
<td><a name="com.browserstack.benchmark.saucelabs.TestSuite2.verifyAlertAcceptTest0"></a>verifyAlertAcceptTest[0]</td></tr>
<tr class="a">
<td></td>
<td>org.openqa.selenium.WebDriverException: Due to a previous error, this job has already finished. You can learn more at https://saucelabs.com/jobs/1893736943634164a9ad6f61750b6aba (WARNING: The server did not provide any stacktrace information)
Command duration or timeout: 305.16 seconds
Build info: version: '3.4.0', revision: 'unknown', time: 'unknown'
System info: host: 'JYOTHIN-MBP.local', ip: 'fe80:0:0:0:c6b3:1ff:fec2:cb65%en0', os.name: 'Mac OS X', os.arch: 'x86_64', os.version: '10.11.6', java.version: '1.8.0_131'
Driver info: org.openqa.selenium.remote.RemoteWebDriver
Capabilities [{enablePersistentHover=true, ie.fileUploadDialogTimeout=3000.0, platform=WINDOWS, ie.ensureCleanSession=false, ie.browserCommandLineSwitches=, requireWindowFocus=false, takesScreenshot=true, browserName=internet explorer, javascriptEnabled=true, unexpectedAlertBehaviour=dismiss, browserAttachTimeout=0.0, ie.enableFullPageScreenshot=true, ie.forceCreateProcessApi=false, ie.forceShellWindowsApi=false, pageLoadStrategy=normal, ignoreZoomSetting=false, hasMetadata=true, version=11, nativeEvents=true, elementScrollBehavior=0.0, webdriver.remote.sessionid=1893736943634164a9ad6f61750b6aba, initialBrowserUrl=about:blank, ignoreProtectedModeSettings=false, enableElementCacheCleanup=true, cssSelectorsEnabled=true}]
Session ID: 1893736943634164a9ad6f61750b6aba</td></tr>
<tr class="b">
<td></td>
<td>
<div id="verifyAlertAcceptTest[0]error">com.browserstack.benchmark.saucelabs.TestSuite2:388</div></td></tr>
<tr class="a">
<td><img src="images/icon_error_sml.gif" alt="" /></td>
<td><a name="com.browserstack.benchmark.saucelabs.TestSuite2.verifyAlertAcceptTest0"></a>verifyAlertAcceptTest[0]</td></tr>
<tr class="b">
<td></td>
<td>org.openqa.selenium.WebDriverException: Due to a previous error, this job has already finished. You can learn more at https://saucelabs.com/jobs/1893736943634164a9ad6f61750b6aba (WARNING: The server did not provide any stacktrace information)
Command duration or timeout: 296 milliseconds
Build info: version: '3.4.0', revision: 'unknown', time: 'unknown'
System info: host: 'JYOTHIN-MBP.local', ip: 'fe80:0:0:0:c6b3:1ff:fec2:cb65%en0', os.name: 'Mac OS X', os.arch: 'x86_64', os.version: '10.11.6', java.version: '1.8.0_131'
Driver info: org.openqa.selenium.remote.RemoteWebDriver
Capabilities [{enablePersistentHover=true, ie.fileUploadDialogTimeout=3000.0, platform=WINDOWS, ie.ensureCleanSession=false, ie.browserCommandLineSwitches=, requireWindowFocus=false, takesScreenshot=true, browserName=internet explorer, javascriptEnabled=true, unexpectedAlertBehaviour=dismiss, browserAttachTimeout=0.0, ie.enableFullPageScreenshot=true, ie.forceCreateProcessApi=false, ie.forceShellWindowsApi=false, pageLoadStrategy=normal, ignoreZoomSetting=false, hasMetadata=true, version=11, nativeEvents=true, elementScrollBehavior=0.0, webdriver.remote.sessionid=1893736943634164a9ad6f61750b6aba, initialBrowserUrl=about:blank, ignoreProtectedModeSettings=false, enableElementCacheCleanup=true, cssSelectorsEnabled=true}]
Session ID: 1893736943634164a9ad6f61750b6aba</td></tr>
<tr class="a">
<td></td>
<td>
<div id="verifyAlertAcceptTest[0]error">com.browserstack.benchmark.saucelabs.TestSuite2:</div></td></tr>
<tr class="b">
<td><img src="images/icon_error_sml.gif" alt="" /></td>
<td><a name="com.browserstack.benchmark.saucelabs.TestSuite2.verifyExplicitWaitTest0"></a>verifyExplicitWaitTest[0]</td></tr>
<tr class="a">
<td></td>
<td>java.lang.AssertionError</td></tr>
<tr class="b">
<td></td>
<td>
<div id="verifyExplicitWaitTest[0]error">com.browserstack.benchmark.saucelabs.TestSuite2:808</div></td></tr>
<tr class="a">
<td><img src="images/icon_error_sml.gif" alt="" /></td>
<td><a name="com.browserstack.benchmark.saucelabs.TestSuite3.octaneTests0"></a>octaneTests[0]</td></tr>
<tr class="b">
<td></td>
<td>java.lang.StringIndexOutOfBoundsException: String index out of range: -1</td></tr>
<tr class="a">
<td></td>
<td>
<div id="octaneTests[0]error">com.browserstack.benchmark.saucelabs.TestSuite3:41</div></td></tr>
<tr class="b">
<td><img src="images/icon_error_sml.gif" alt="" /></td>
<td><a name="com.browserstack.benchmark.saucelabs.TestSuite3.octaneTests2"></a>octaneTests[2]</td></tr>
<tr class="a">
<td></td>
<td>org.openqa.selenium.UnsupportedCommandException: POST /session/XXXXXXXX-XXXX-XXXX-XXXX-XXXX087f556b/log did not match a known command
Build info: version: '3.4.0', revision: 'unknown', time: 'unknown'
System info: host: 'itako40045.prod.miso', ip: 'fe80:0:0:0:1c71:80ef:855:2ab9%en0', os.name: 'Mac OS X', os.arch: 'x86_64', os.version: '10.12.1', java.version: '1.8.0_112'
Driver info: org.openqa.selenium.firefox.FirefoxDriver
Capabilities [{moz:profile=/tmp/rust_mozprofile.W9PE5VSIwHOT, rotatable=false, timeouts={implicit=0.0, pageLoad=300000.0, script=30000.0}, pageLoadStrategy=normal, platform=ANY, specificationLevel=0.0, moz:accessibilityChecks=false, acceptInsecureCerts=false, browserVersion=53.0, platformVersion=16.1.0, moz:processID=1464.0, browserName=firefox, javascriptEnabled=true, platformName=darwin}]
Session ID: XXXXXXXX-XXXX-XXXX-XXXX-XXXX087f556b
Command duration or timeout: 439 milliseconds</td></tr>
<tr class="b">
<td></td>
<td>
<div id="octaneTests[2]error">com.browserstack.benchmark.saucelabs.TestSuite3:34</div></td></tr>
<tr class="a">
<td><img src="images/icon_error_sml.gif" alt="" /></td>
<td><a name="com.browserstack.benchmark.saucelabs.TestSuite3.octaneTests3"></a>octaneTests[3]</td></tr>
<tr class="b">
<td></td>
<td>org.openqa.selenium.WebDriverException: Not implemented (WARNING: The server did not provide any stacktrace information)
Command duration or timeout: 16 milliseconds
Build info: version: '2.52.0', revision: '4c2593c', time: '2016-02-11 19:06:42'
System info: host: 'sauce-win10', ip: '172.20.59.139', os.name: 'Windows 10', os.arch: 'amd64', os.version: '10.0', java.version: '1.8.0_131'
Driver info: org.openqa.selenium.edge.EdgeDriver
Capabilities [{applicationCacheEnabled=true, acceptSslCerts=true, browserVersion=40.15063.0.0, platformVersion=10, locationContextEnabled=true, webStorageEnabled=true, browserName=MicrosoftEdge, takesScreenshot=true, pageLoadStrategy=normal, takesElementScreenshot=true, platformName=windows, platform=ANY}]
Session ID: XXXXXXXX-XXXX-XXXX-XXXX-XXXX619D57DA
Command duration or timeout: 631 milliseconds</td></tr>
<tr class="a">
<td></td>
<td>
<div id="octaneTests[3]error">com.browserstack.benchmark.saucelabs.TestSuite3:34</div></td></tr>
<tr class="b">
<td><img src="images/icon_error_sml.gif" alt="" /></td>
<td><a name="com.browserstack.benchmark.saucelabs.TestSuite3.octaneTests5"></a>octaneTests[5]</td></tr>
<tr class="a">
<td></td>
<td>org.openqa.selenium.UnsupportedCommandException: POST /session/XXXXXXXX-XXXX-XXXX-XXXX-XXXX77222709/log did not match a known command
Build info: version: '3.4.0', revision: 'unknown', time: 'unknown'
System info: host: 'WIN-SB3ER6JQ6ME', ip: '172.20.40.117', os.name: 'Windows 10', os.arch: 'x86', os.version: '10.0', java.version: '1.8.0_91'
Driver info: org.openqa.selenium.firefox.FirefoxDriver
Capabilities [{moz:profile=C:\Users\ADMINI~1\AppData\Local\Temp\rust_mozprofile.17vxKlhsn9O6, rotatable=false, timeouts={implicit=0.0, pageLoad=300000.0, script=30000.0}, pageLoadStrategy=normal, platform=ANY, specificationLevel=0.0, moz:accessibilityChecks=false, acceptInsecureCerts=false, browserVersion=53.0, platformVersion=10.0, moz:processID=2940.0, browserName=firefox, javascriptEnabled=true, platformName=windows_nt}]
Session ID: XXXXXXXX-XXXX-XXXX-XXXX-XXXX77222709
Command duration or timeout: 434 milliseconds</td></tr>
<tr class="b">
<td></td>
<td>
<div id="octaneTests[5]error">com.browserstack.benchmark.saucelabs.TestSuite3:34</div></td></tr>
<tr class="a">
<td><img src="images/icon_error_sml.gif" alt="" /></td>
<td><a name="com.browserstack.benchmark.saucelabs.TestSuite3.octaneTests6"></a>octaneTests[6]</td></tr>
<tr class="b">
<td></td>
<td>org.openqa.selenium.WebDriverException: Command not found: POST /session/XXXXXXXX-XXXX-XXXX-XXXX-XXXXe28af16f/log
Command duration or timeout: 0 milliseconds
Build info: version: '2.53.1', revision: 'a36b8b1', time: '2016-06-30 17:37:03'
System info: host: 'WIN-SB3ER6JQ6ME', ip: '172.20.112.229', os.name: 'Windows 10', os.arch: 'x86', os.version: '10.0', java.version: '1.8.0_91'
Driver info: org.openqa.selenium.ie.InternetExplorerDriver
Capabilities [{browserAttachTimeout=0, ie.enableFullPageScreenshot=true, enablePersistentHover=true, ie.forceCreateProcessApi=false, ie.forceShellWindowsApi=false, pageLoadStrategy=normal, ignoreZoomSetting=false, ie.fileUploadDialogTimeout=3000, version=11, platform=WINDOWS, nativeEvents=true, ie.ensureCleanSession=false, elementScrollBehavior=0, ie.browserCommandLineSwitches=, requireWindowFocus=false, browserName=internet explorer, initialBrowserUrl=about:blank, javascriptEnabled=true, ignoreProtectedModeSettings=false, enableElementCacheCleanup=true, unexpectedAlertBehaviour=dismiss}]
Session ID: XXXXXXXX-XXXX-XXXX-XXXX-XXXXe28af16f
Command duration or timeout: 425 milliseconds</td></tr>
<tr class="a">
<td></td>
<td>
<div id="octaneTests[6]error">com.browserstack.benchmark.saucelabs.TestSuite3:34</div></td></tr>
<tr class="b">
<td><img src="images/icon_warning_sml.gif" alt="" /></td>
<td><a name="com.browserstack.benchmark.browserstack.TestSuite1.com.browserstack.benchmark.browserstack.TestSuite1"></a>com.browserstack.benchmark.browserstack.TestSuite1</td></tr>
<tr class="a">
<td></td>
<td>skipped: skipped</td></tr>
<tr class="b">
<td><img src="images/icon_warning_sml.gif" alt="" /></td>
<td><a name="com.browserstack.benchmark.browserstack.TestSuite2.com.browserstack.benchmark.browserstack.TestSuite2"></a>com.browserstack.benchmark.browserstack.TestSuite2</td></tr>
<tr class="a">
<td></td>
<td>skipped: skipped</td></tr>
<tr class="b">
<td><img src="images/icon_warning_sml.gif" alt="" /></td>
<td><a name="com.browserstack.benchmark.browserstack.TestSuite3.com.browserstack.benchmark.browserstack.TestSuite3"></a>com.browserstack.benchmark.browserstack.TestSuite3</td></tr>
<tr class="a">
<td></td>
<td>skipped: skipped</td></tr>
<tr class="b">
<td><img src="images/icon_warning_sml.gif" alt="" /></td>
<td><a name="com.browserstack.benchmark.saucelabs.TestSuite1.com.browserstack.benchmark.saucelabs.TestSuite1"></a>com.browserstack.benchmark.saucelabs.TestSuite1</td></tr>
<tr class="a">
<td></td>
<td>skipped: skipped</td></tr>
<tr class="b">
<td><img src="images/icon_warning_sml.gif" alt="" /></td>
<td><a name="com.browserstack.benchmark.saucelabs.TestSuite2.com.browserstack.benchmark.saucelabs.TestSuite2"></a>com.browserstack.benchmark.saucelabs.TestSuite2</td></tr>
<tr class="a">
<td></td>
<td>skipped: skipped</td></tr>
<tr class="b">
<td><img src="images/icon_warning_sml.gif" alt="" /></td>
<td><a name="com.browserstack.benchmark.saucelabs.TestSuite3.com.browserstack.benchmark.saucelabs.TestSuite3"></a>com.browserstack.benchmark.saucelabs.TestSuite3</td></tr>
<tr class="a">
<td></td>
<td>skipped: skipped</td></tr></table><br /></div>
      </div>
    </div>
    <div class="clear">
      <hr/>
    </div>
    <div id="footer">
      <div class="xright">
              Copyright &#169;                    2017
                        <a href="www.browserstack.com">Browserstack</a>.
            All Rights Reserved.      
                    
                  </div>
      <div class="clear">
        <hr/>
      </div>
    </div>
  </body>
</html>
